<?xml version="1.0" encoding="UTF-8"?>
<testsuites>
  <testsuite name="expt-ds.dataFrame" timestamp="2026-05-16T00:36:56Z" hostname="runnervmrw5os" tests="172" skipped="0" failures="0" errors="0" time="100.342">
    <testcase time="7.311" classname="expt_ds.dataFrame" name="numeric_data"/>
    <testcase time="0.0259999999999998" classname="expt_ds.dataFrame" name="numeric_data"/>
    <testcase time="0.00900000000000034" classname="expt_ds.dataFrame" name="numeric_data"/>
    <testcase time="0.535" classname="expt_ds.dataFrame" name="numeric_data"/>
    <testcase time="0.00500000000000078" classname="expt_ds.dataFrame" name="numeric_data"/>
    <testcase time="0.00300000000000011" classname="expt_ds.dataFrame" name="numeric_data"/>
    <testcase time="0.564" classname="expt_ds.dataFrame" name="numeric_data"/>
    <testcase time="0.00300000000000011" classname="expt_ds.dataFrame" name="numeric_data"/>
    <testcase time="0.000999999999999446" classname="expt_ds.dataFrame" name="numeric_data"/>
    <testcase time="0.503" classname="expt_ds.dataFrame" name="numeric_data"/>
    <testcase time="0.00300000000000011" classname="expt_ds.dataFrame" name="numeric_data"/>
    <testcase time="0.000999999999999446" classname="expt_ds.dataFrame" name="numeric_data"/>
    <testcase time="0.500999999999999" classname="expt_ds.dataFrame" name="numeric_data"/>
    <testcase time="0.00300000000000011" classname="expt_ds.dataFrame" name="numeric_data"/>
    <testcase time="0.00200000000000067" classname="expt_ds.dataFrame" name="numeric_data"/>
    <testcase time="0.545" classname="expt_ds.dataFrame" name="numeric_data"/>
    <testcase time="0.00300000000000011" classname="expt_ds.dataFrame" name="numeric_data"/>
    <testcase time="0.00200000000000067" classname="expt_ds.dataFrame" name="numeric_data"/>
    <testcase time="0.542999999999999" classname="expt_ds.dataFrame" name="numeric_data"/>
    <testcase time="0.00300000000000011" classname="expt_ds.dataFrame" name="numeric_data"/>
    <testcase time="0.00200000000000067" classname="expt_ds.dataFrame" name="numeric_data"/>
    <testcase time="0.491999999999999" classname="expt_ds.dataFrame" name="numeric_data"/>
    <testcase time="0.00300000000000011" classname="expt_ds.dataFrame" name="numeric_data"/>
    <testcase time="0.000999999999999446" classname="expt_ds.dataFrame" name="numeric_data"/>
    <testcase time="3.193" classname="expt_ds.dataFrame" name="numeric_data"/>
    <testcase time="0.00300000000000011" classname="expt_ds.dataFrame" name="numeric_data"/>
    <testcase time="0.00100000000000122" classname="expt_ds.dataFrame" name="numeric_data"/>
    <testcase time="0.00199999999999889" classname="expt_ds.dataFrame" name="numeric_data"/>
    <testcase time="0.00100000000000122" classname="expt_ds.dataFrame" name="numeric_data"/>
    <testcase time="0.00199999999999889" classname="expt_ds.dataFrame" name="numeric_data"/>
    <testcase time="0.785" classname="expt_ds.dataFrame" name="numeric_data"/>
    <testcase time="0.00300000000000011" classname="expt_ds.dataFrame" name="numeric_data"/>
    <testcase time="0.00199999999999889" classname="expt_ds.dataFrame" name="numeric_data"/>
    <testcase time="0.00100000000000122" classname="expt_ds.dataFrame" name="numeric_data"/>
    <testcase time="0.00199999999999889" classname="expt_ds.dataFrame" name="numeric_data"/>
    <testcase time="0.00100000000000122" classname="expt_ds.dataFrame" name="numeric_data"/>
    <testcase time="7.535" classname="expt_ds.dataFrame" name="numeric_data"/>
    <testcase time="0.00300000000000011" classname="expt_ds.dataFrame" name="numeric_data"/>
    <testcase time="0.00300000000000011" classname="expt_ds.dataFrame" name="numeric_data"/>
    <testcase time="0.00300000000000011" classname="expt_ds.dataFrame" name="numeric_data"/>
    <testcase time="0.00199999999999889" classname="expt_ds.dataFrame" name="numeric_data"/>
    <testcase time="1.689" classname="expt_ds.dataFrame" name="numeric_data"/>
    <testcase time="0.00300000000000011" classname="expt_ds.dataFrame" name="numeric_data"/>
    <testcase time="0.00300000000000011" classname="expt_ds.dataFrame" name="numeric_data"/>
    <testcase time="0.00300000000000011" classname="expt_ds.dataFrame" name="numeric_data"/>
    <testcase time="0.00199999999999889" classname="expt_ds.dataFrame" name="numeric_data"/>
    <testcase time="1.487" classname="expt_ds.dataFrame" name="numeric_data"/>
    <testcase time="0.00300000000000011" classname="expt_ds.dataFrame" name="numeric_data"/>
    <testcase time="0.00300000000000011" classname="expt_ds.dataFrame" name="numeric_data"/>
    <testcase time="0.00199999999999889" classname="expt_ds.dataFrame" name="numeric_data"/>
    <testcase time="0.00199999999999889" classname="expt_ds.dataFrame" name="numeric_data"/>
    <testcase time="1.472" classname="expt_ds.dataFrame" name="numeric_data"/>
    <testcase time="0.00300000000000011" classname="expt_ds.dataFrame" name="numeric_data"/>
    <testcase time="0.00300000000000011" classname="expt_ds.dataFrame" name="numeric_data"/>
    <testcase time="0.00300000000000011" classname="expt_ds.dataFrame" name="numeric_data"/>
    <testcase time="0.00100000000000122" classname="expt_ds.dataFrame" name="numeric_data"/>
    <testcase time="1.44" classname="expt_ds.dataFrame" name="numeric_data"/>
    <testcase time="0.00300000000000011" classname="expt_ds.dataFrame" name="numeric_data"/>
    <testcase time="0.00300000000000011" classname="expt_ds.dataFrame" name="numeric_data"/>
    <testcase time="0.00300000000000011" classname="expt_ds.dataFrame" name="numeric_data"/>
    <testcase time="0.00200000000000244" classname="expt_ds.dataFrame" name="numeric_data"/>
    <testcase time="1.531" classname="expt_ds.dataFrame" name="numeric_data"/>
    <testcase time="0.00300000000000011" classname="expt_ds.dataFrame" name="numeric_data"/>
    <testcase time="0.00300000000000011" classname="expt_ds.dataFrame" name="numeric_data"/>
    <testcase time="0.00300000000000011" classname="expt_ds.dataFrame" name="numeric_data"/>
    <testcase time="0.00100000000000477" classname="expt_ds.dataFrame" name="numeric_data"/>
    <testcase time="1.437" classname="expt_ds.dataFrame" name="numeric_data"/>
    <testcase time="0.00500000000000256" classname="expt_ds.dataFrame" name="numeric_data"/>
    <testcase time="0.00499999999999545" classname="expt_ds.dataFrame" name="numeric_data"/>
    <testcase time="0.00500000000000256" classname="expt_ds.dataFrame" name="numeric_data"/>
    <testcase time="0.000999999999997669" classname="expt_ds.dataFrame" name="numeric_data"/>
    <testcase time="1.44" classname="expt_ds.dataFrame" name="numeric_data"/>
    <testcase time="0.00300000000000011" classname="expt_ds.dataFrame" name="numeric_data"/>
    <testcase time="0.00300000000000011" classname="expt_ds.dataFrame" name="numeric_data"/>
    <testcase time="0.00300000000000011" classname="expt_ds.dataFrame" name="numeric_data"/>
    <testcase time="0.00199999999999534" classname="expt_ds.dataFrame" name="numeric_data"/>
    <testcase time="8" classname="expt_ds.dataFrame" name="numeric_data"/>
    <testcase time="0.00400000000000489" classname="expt_ds.dataFrame" name="numeric_data"/>
    <testcase time="0.00300000000000011" classname="expt_ds.dataFrame" name="numeric_data"/>
    <testcase time="0.00300000000000011" classname="expt_ds.dataFrame" name="numeric_data"/>
    <testcase time="0.00199999999999534" classname="expt_ds.dataFrame" name="numeric_data"/>
    <testcase time="0.00200000000000244" classname="expt_ds.dataFrame" name="numeric_data"/>
    <testcase time="0.000999999999997669" classname="expt_ds.dataFrame" name="numeric_data"/>
    <testcase time="0.00200000000000244" classname="expt_ds.dataFrame" name="numeric_data"/>
    <testcase time="2.419" classname="expt_ds.dataFrame" name="numeric_data"/>
    <testcase time="0.00400000000000489" classname="expt_ds.dataFrame" name="numeric_data"/>
    <testcase time="0.00300000000000011" classname="expt_ds.dataFrame" name="numeric_data"/>
    <testcase time="0.00300000000000011" classname="expt_ds.dataFrame" name="numeric_data"/>
    <testcase time="0.000999999999997669" classname="expt_ds.dataFrame" name="numeric_data"/>
    <testcase time="0.00200000000000244" classname="expt_ds.dataFrame" name="numeric_data"/>
    <testcase time="0.00199999999999534" classname="expt_ds.dataFrame" name="numeric_data"/>
    <testcase time="0.00100000000000477" classname="expt_ds.dataFrame" name="numeric_data"/>
    <testcase time="3.057" classname="expt_ds.dataFrame" name="numeric_data"/>
    <testcase time="0.00300000000000011" classname="expt_ds.dataFrame" name="numeric_data"/>
    <testcase time="0.826999999999998" classname="expt_ds.dataFrame" name="numeric_data"/>
    <testcase time="0.00300000000000011" classname="expt_ds.dataFrame" name="numeric_data"/>
    <testcase time="0.630000000000003" classname="expt_ds.dataFrame" name="numeric_data"/>
    <testcase time="0.00300000000000011" classname="expt_ds.dataFrame" name="numeric_data"/>
    <testcase time="0.657000000000004" classname="expt_ds.dataFrame" name="numeric_data"/>
    <testcase time="0.00399999999999778" classname="expt_ds.dataFrame" name="numeric_data"/>
    <testcase time="0.659999999999997" classname="expt_ds.dataFrame" name="numeric_data"/>
    <testcase time="0.00300000000000011" classname="expt_ds.dataFrame" name="numeric_data"/>
    <testcase time="0.628" classname="expt_ds.dataFrame" name="numeric_data"/>
    <testcase time="0.00400000000000489" classname="expt_ds.dataFrame" name="numeric_data"/>
    <testcase time="0.659999999999997" classname="expt_ds.dataFrame" name="numeric_data"/>
    <testcase time="0.00399999999999778" classname="expt_ds.dataFrame" name="numeric_data"/>
    <testcase time="0.655000000000001" classname="expt_ds.dataFrame" name="numeric_data"/>
    <testcase time="0.00400000000000489" classname="expt_ds.dataFrame" name="numeric_data"/>
    <testcase time="8.062" classname="expt_ds.dataFrame" name="numeric_data"/>
    <testcase time="0.00399999999999778" classname="expt_ds.dataFrame" name="numeric_data"/>
    <testcase time="0.00300000000000011" classname="expt_ds.dataFrame" name="numeric_data"/>
    <testcase time="0.00300000000000011" classname="expt_ds.dataFrame" name="numeric_data"/>
    <testcase time="2.441" classname="expt_ds.dataFrame" name="numeric_data"/>
    <testcase time="0.00400000000000489" classname="expt_ds.dataFrame" name="numeric_data"/>
    <testcase time="0.00300000000000011" classname="expt_ds.dataFrame" name="numeric_data"/>
    <testcase time="0.00300000000000011" classname="expt_ds.dataFrame" name="numeric_data"/>
    <testcase time="1.961" classname="expt_ds.dataFrame" name="numeric_data"/>
    <testcase time="0.00300000000000011" classname="expt_ds.dataFrame" name="numeric_data"/>
    <testcase time="0.00300000000000011" classname="expt_ds.dataFrame" name="numeric_data"/>
    <testcase time="0.00399999999999068" classname="expt_ds.dataFrame" name="numeric_data"/>
    <testcase time="1.95700000000001" classname="expt_ds.dataFrame" name="numeric_data"/>
    <testcase time="0.00300000000000011" classname="expt_ds.dataFrame" name="numeric_data"/>
    <testcase time="0.00399999999999068" classname="expt_ds.dataFrame" name="numeric_data"/>
    <testcase time="0.00300000000000011" classname="expt_ds.dataFrame" name="numeric_data"/>
    <testcase time="1.95200000000001" classname="expt_ds.dataFrame" name="numeric_data"/>
    <testcase time="0.00399999999999068" classname="expt_ds.dataFrame" name="numeric_data"/>
    <testcase time="0.00300000000000011" classname="expt_ds.dataFrame" name="numeric_data"/>
    <testcase time="0.00400000000000489" classname="expt_ds.dataFrame" name="numeric_data"/>
    <testcase time="1.929" classname="expt_ds.dataFrame" name="numeric_data"/>
    <testcase time="0.00300000000000011" classname="expt_ds.dataFrame" name="numeric_data"/>
    <testcase time="0.00300000000000011" classname="expt_ds.dataFrame" name="numeric_data"/>
    <testcase time="0.00399999999999068" classname="expt_ds.dataFrame" name="numeric_data"/>
    <testcase time="1.855" classname="expt_ds.dataFrame" name="numeric_data"/>
    <testcase time="0.00300000000000011" classname="expt_ds.dataFrame" name="numeric_data"/>
    <testcase time="0.00400000000000489" classname="expt_ds.dataFrame" name="numeric_data"/>
    <testcase time="0.00300000000000011" classname="expt_ds.dataFrame" name="numeric_data"/>
    <testcase time="1.92399999999999" classname="expt_ds.dataFrame" name="numeric_data"/>
    <testcase time="0.00400000000000489" classname="expt_ds.dataFrame" name="numeric_data"/>
    <testcase time="0.00300000000000011" classname="expt_ds.dataFrame" name="numeric_data"/>
    <testcase time="0.00300000000000011" classname="expt_ds.dataFrame" name="numeric_data"/>
    <testcase time="8.65300000000001" classname="expt_ds.dataFrame" name="several_objects"/>
    <testcase time="0.00399999999999068" classname="expt_ds.dataFrame" name="several_objects"/>
    <testcase time="0.00300000000000011" classname="expt_ds.dataFrame" name="several_objects"/>
    <testcase time="0.00300000000000011" classname="expt_ds.dataFrame" name="several_objects"/>
    <testcase time="7.77200000000001" classname="expt_ds.dataFrame" name="non_numeric"/>
    <testcase time="0.00300000000000011" classname="expt_ds.dataFrame" name="non_numeric"/>
    <testcase time="0.00300000000000011" classname="expt_ds.dataFrame" name="non_numeric"/>
    <testcase time="0.00300000000000011" classname="expt_ds.dataFrame" name="non_numeric"/>
    <testcase time="0.00200000000000955" classname="expt_ds.dataFrame" name="non_numeric"/>
    <testcase time="1.654" classname="expt_ds.dataFrame" name="non_numeric"/>
    <testcase time="0.00400000000000489" classname="expt_ds.dataFrame" name="non_numeric"/>
    <testcase time="0.00300000000000011" classname="expt_ds.dataFrame" name="non_numeric"/>
    <testcase time="0.00399999999999068" classname="expt_ds.dataFrame" name="non_numeric"/>
    <testcase time="0.00200000000000955" classname="expt_ds.dataFrame" name="non_numeric"/>
    <testcase time="1.898" classname="expt_ds.dataFrame" name="non_numeric"/>
    <testcase time="0.00400000000000489" classname="expt_ds.dataFrame" name="non_numeric"/>
    <testcase time="0.00300000000000011" classname="expt_ds.dataFrame" name="non_numeric"/>
    <testcase time="0.00300000000000011" classname="expt_ds.dataFrame" name="non_numeric"/>
    <testcase time="1.90799999999999" classname="expt_ds.dataFrame" name="non_numeric"/>
    <testcase time="0.00400000000000489" classname="expt_ds.dataFrame" name="non_numeric"/>
    <testcase time="0.00300000000000011" classname="expt_ds.dataFrame" name="non_numeric"/>
    <testcase time="0.00300000000000011" classname="expt_ds.dataFrame" name="non_numeric"/>
    <testcase time="2.872" classname="expt_ds.dataFrame" name="_unnamed_"/>
    <testcase time="0.00400000000000489" classname="expt_ds.dataFrame" name="_unnamed_"/>
    <testcase time="0.00199999999999534" classname="expt_ds.dataFrame" name="_unnamed_"/>
    <testcase time="0.608999999999995" classname="expt_ds.dataFrame" name="_unnamed_"/>
    <testcase time="0.00400000000000489" classname="expt_ds.dataFrame" name="_unnamed_"/>
    <testcase time="0.00199999999999534" classname="expt_ds.dataFrame" name="_unnamed_"/>
    <testcase time="0.63600000000001" classname="expt_ds.dataFrame" name="_unnamed_"/>
    <testcase time="0.00300000000000011" classname="expt_ds.dataFrame" name="_unnamed_"/>
    <testcase time="0.670999999999992" classname="expt_ds.dataFrame" name="_unnamed_"/>
    <testcase time="0.00300000000000011" classname="expt_ds.dataFrame" name="_unnamed_"/>
  </testsuite>
  <testsuite name="expt-ds.glmerSLMA" timestamp="2026-05-16T00:38:36Z" hostname="runnervmrw5os" tests="4" skipped="0" failures="0" errors="0" time="7.68">
    <testcase time="5.867" classname="expt_ds.glmerSLMA" name="setup"/>
    <testcase time="0.00100000000000477" classname="expt_ds.glmerSLMA" name="setup"/>
    <testcase time="0.00199999999999534" classname="expt_ds.glmerSLMA" name="setup"/>
    <testcase time="1.81" classname="expt_ds.glmerSLMA" name="linear_mixed_model_with_2_levels_of_hierarchy"/>
  </testsuite>
  <testsuite name="expt-ds.lmerSLMA" timestamp="2026-05-16T00:38:44Z" hostname="runnervmrw5os" tests="4" skipped="0" failures="0" errors="0" time="6.831">
    <testcase time="6.163" classname="expt_ds.lmerSLMA" name="setup"/>
    <testcase time="0.00300000000000011" classname="expt_ds.lmerSLMA" name="setup"/>
    <testcase time="0.000999999999990564" classname="expt_ds.lmerSLMA" name="setup"/>
    <testcase time="0.664000000000001" classname="expt_ds.lmerSLMA" name="linear_mixed_model_with_2_levels_of_hierarchy"/>
  </testsuite>
  <testsuite name="expt-ds.mean" timestamp="2026-05-16T00:38:51Z" hostname="runnervmrw5os" tests="56" skipped="0" failures="0" errors="0" time="39.727">
    <testcase time="6.35900000000001" classname="expt_ds.mean" name="combined_data_set"/>
    <testcase time="0.361999999999995" classname="expt_ds.mean" name="combined_data_set"/>
    <testcase time="0.313000000000002" classname="expt_ds.mean" name="combined_data_set"/>
    <testcase time="0.364000000000004" classname="expt_ds.mean" name="combined_data_set"/>
    <testcase time="0.35499999999999" classname="expt_ds.mean" name="combined_data_set"/>
    <testcase time="0.368000000000009" classname="expt_ds.mean" name="combined_data_set"/>
    <testcase time="0.369" classname="expt_ds.mean" name="combined_data_set"/>
    <testcase time="0.356999999999999" classname="expt_ds.mean" name="combined_data_set"/>
    <testcase time="6.23699999999999" classname="expt_ds.mean" name="split_data_set"/>
    <testcase time="0.00200000000000955" classname="expt_ds.mean" name="split_data_set"/>
    <testcase time="0.00100000000000477" classname="expt_ds.mean" name="split_data_set"/>
    <testcase time="0.320999999999998" classname="expt_ds.mean" name="split_data_set"/>
    <testcase time="0.000999999999976353" classname="expt_ds.mean" name="split_data_set"/>
    <testcase time="0.00200000000000955" classname="expt_ds.mean" name="split_data_set"/>
    <testcase time="0.36099999999999" classname="expt_ds.mean" name="split_data_set"/>
    <testcase time="0.00200000000000955" classname="expt_ds.mean" name="split_data_set"/>
    <testcase time="0.00100000000000477" classname="expt_ds.mean" name="split_data_set"/>
    <testcase time="0.363" classname="expt_ds.mean" name="split_data_set"/>
    <testcase time="0.00100000000000477" classname="expt_ds.mean" name="split_data_set"/>
    <testcase time="0.00199999999998113" classname="expt_ds.mean" name="split_data_set"/>
    <testcase time="0.359000000000009" classname="expt_ds.mean" name="split_data_set"/>
    <testcase time="0.00200000000000955" classname="expt_ds.mean" name="split_data_set"/>
    <testcase time="0.00199999999998113" classname="expt_ds.mean" name="split_data_set"/>
    <testcase time="0.319000000000017" classname="expt_ds.mean" name="split_data_set"/>
    <testcase time="0.00200000000000955" classname="expt_ds.mean" name="split_data_set"/>
    <testcase time="0.000999999999976353" classname="expt_ds.mean" name="split_data_set"/>
    <testcase time="0.359000000000009" classname="expt_ds.mean" name="split_data_set"/>
    <testcase time="0.00200000000000955" classname="expt_ds.mean" name="split_data_set"/>
    <testcase time="0.00100000000000477" classname="expt_ds.mean" name="split_data_set"/>
    <testcase time="0.36099999999999" classname="expt_ds.mean" name="split_data_set"/>
    <testcase time="0.00100000000000477" classname="expt_ds.mean" name="split_data_set"/>
    <testcase time="0.000999999999976353" classname="expt_ds.mean" name="split_data_set"/>
    <testcase time="2.51500000000001" classname="expt_ds.mean" name="combined_data_set"/>
    <testcase time="0.119" classname="expt_ds.mean" name="combined_data_set"/>
    <testcase time="0.0799999999999841" classname="expt_ds.mean" name="combined_data_set"/>
    <testcase time="0.119" classname="expt_ds.mean" name="combined_data_set"/>
    <testcase time="0.121000000000009" classname="expt_ds.mean" name="combined_data_set"/>
    <testcase time="0.131" classname="expt_ds.mean" name="combined_data_set"/>
    <testcase time="0.134999999999991" classname="expt_ds.mean" name="combined_data_set"/>
    <testcase time="0.123000000000019" classname="expt_ds.mean" name="combined_data_set"/>
    <testcase time="2.702" classname="expt_ds.mean" name="combined_data_set"/>
    <testcase time="0.338999999999999" classname="expt_ds.mean" name="combined_data_set"/>
    <testcase time="0.293000000000006" classname="expt_ds.mean" name="combined_data_set"/>
    <testcase time="0.447999999999979" classname="expt_ds.mean" name="combined_data_set"/>
    <testcase time="0.336000000000013" classname="expt_ds.mean" name="combined_data_set"/>
    <testcase time="0.290999999999997" classname="expt_ds.mean" name="combined_data_set"/>
    <testcase time="0.329000000000008" classname="expt_ds.mean" name="combined_data_set"/>
    <testcase time="0.288999999999987" classname="expt_ds.mean" name="combined_data_set"/>
    <testcase time="6.74100000000001" classname="expt_ds.mean" name="combined_data_set"/>
    <testcase time="0.942999999999984" classname="expt_ds.mean" name="combined_data_set"/>
    <testcase time="0.979000000000013" classname="expt_ds.mean" name="combined_data_set"/>
    <testcase time="1.221" classname="expt_ds.mean" name="combined_data_set"/>
    <testcase time="0.977000000000004" classname="expt_ds.mean" name="combined_data_set"/>
    <testcase time="0.994" classname="expt_ds.mean" name="combined_data_set"/>
    <testcase time="0.971000000000004" classname="expt_ds.mean" name="combined_data_set"/>
    <testcase time="0.97999999999999" classname="expt_ds.mean" name="combined_data_set"/>
  </testsuite>
  <testsuite name="expt-ds.reshape" timestamp="2026-05-16T00:39:30Z" hostname="runnervmrw5os" tests="1" skipped="1" failures="0" errors="0" time="0.483">
    <testcase time="0.483000000000004" classname="expt_ds.reshape" name="copy_and_transform">
      <skipped message="Reason: empty test ('test-expt-ds.reshape.R:18:1')"/>
    </testcase>
  </testsuite>
  <testsuite name="expt-ds.skewness" timestamp="2026-05-16T00:39:31Z" hostname="runnervmrw5os" tests="40" skipped="0" failures="0" errors="0" time="22.886">
    <testcase time="6.45499999999998" classname="expt_ds.skewness" name="combined_data_set"/>
    <testcase time="0.521000000000015" classname="expt_ds.skewness" name="combined_data_set"/>
    <testcase time="0.526999999999987" classname="expt_ds.skewness" name="combined_data_set"/>
    <testcase time="0.513000000000005" classname="expt_ds.skewness" name="combined_data_set"/>
    <testcase time="0.515000000000015" classname="expt_ds.skewness" name="combined_data_set"/>
    <testcase time="0.474999999999994" classname="expt_ds.skewness" name="combined_data_set"/>
    <testcase time="0.518000000000001" classname="expt_ds.skewness" name="combined_data_set"/>
    <testcase time="0.679999999999978" classname="expt_ds.skewness" name="combined_data_set"/>
    <testcase time="6.22900000000001" classname="expt_ds.skewness" name="split_data_set"/>
    <testcase time="0.00100000000000477" classname="expt_ds.skewness" name="split_data_set"/>
    <testcase time="0.00199999999998113" classname="expt_ds.skewness" name="split_data_set"/>
    <testcase time="0.350000000000023" classname="expt_ds.skewness" name="split_data_set"/>
    <testcase time="0.00199999999998113" classname="expt_ds.skewness" name="split_data_set"/>
    <testcase time="0.00100000000000477" classname="expt_ds.skewness" name="split_data_set"/>
    <testcase time="0.350999999999999" classname="expt_ds.skewness" name="split_data_set"/>
    <testcase time="0.00100000000000477" classname="expt_ds.skewness" name="split_data_set"/>
    <testcase time="0.00200000000000955" classname="expt_ds.skewness" name="split_data_set"/>
    <testcase time="0.358000000000004" classname="expt_ds.skewness" name="split_data_set"/>
    <testcase time="0.000999999999976353" classname="expt_ds.skewness" name="split_data_set"/>
    <testcase time="0.00100000000000477" classname="expt_ds.skewness" name="split_data_set"/>
    <testcase time="0.350999999999999" classname="expt_ds.skewness" name="split_data_set"/>
    <testcase time="0.00300000000001432" classname="expt_ds.skewness" name="split_data_set"/>
    <testcase time="0.000999999999976353" classname="expt_ds.skewness" name="split_data_set"/>
    <testcase time="0.352000000000004" classname="expt_ds.skewness" name="split_data_set"/>
    <testcase time="0.00200000000000955" classname="expt_ds.skewness" name="split_data_set"/>
    <testcase time="0.00100000000000477" classname="expt_ds.skewness" name="split_data_set"/>
    <testcase time="0.365999999999985" classname="expt_ds.skewness" name="split_data_set"/>
    <testcase time="0.00200000000000955" classname="expt_ds.skewness" name="split_data_set"/>
    <testcase time="0.0029999999999859" classname="expt_ds.skewness" name="split_data_set"/>
    <testcase time="0.347000000000008" classname="expt_ds.skewness" name="split_data_set"/>
    <testcase time="0.00100000000000477" classname="expt_ds.skewness" name="split_data_set"/>
    <testcase time="0.00200000000000955" classname="expt_ds.skewness" name="split_data_set"/>
    <testcase time="2.57399999999998" classname="expt_ds.skewness" name="combined_data_set"/>
    <testcase time="0.183999999999997" classname="expt_ds.skewness" name="combined_data_set"/>
    <testcase time="0.177999999999997" classname="expt_ds.skewness" name="combined_data_set"/>
    <testcase time="0.177000000000021" classname="expt_ds.skewness" name="combined_data_set"/>
    <testcase time="0.175999999999988" classname="expt_ds.skewness" name="combined_data_set"/>
    <testcase time="0.181000000000012" classname="expt_ds.skewness" name="combined_data_set"/>
    <testcase time="0.179000000000002" classname="expt_ds.skewness" name="combined_data_set"/>
    <testcase time="0.302999999999997" classname="expt_ds.skewness" name="combined_data_set"/>
  </testsuite>
  <testsuite name="expt-ds.var" timestamp="2026-05-16T00:39:53Z" hostname="runnervmrw5os" tests="48" skipped="0" failures="0" errors="0" time="40.979">
    <testcase time="6.41499999999999" classname="expt_ds.var" name="combined_data_set"/>
    <testcase time="0.47399999999999" classname="expt_ds.var" name="combined_data_set"/>
    <testcase time="0.518000000000001" classname="expt_ds.var" name="combined_data_set"/>
    <testcase time="0.519000000000005" classname="expt_ds.var" name="combined_data_set"/>
    <testcase time="0.532999999999987" classname="expt_ds.var" name="combined_data_set"/>
    <testcase time="0.542000000000002" classname="expt_ds.var" name="combined_data_set"/>
    <testcase time="0.539000000000016" classname="expt_ds.var" name="combined_data_set"/>
    <testcase time="0.531999999999982" classname="expt_ds.var" name="combined_data_set"/>
    <testcase time="6.38500000000002" classname="expt_ds.var" name="split_data_set"/>
    <testcase time="0.00100000000000477" classname="expt_ds.var" name="split_data_set"/>
    <testcase time="0.00199999999998113" classname="expt_ds.var" name="split_data_set"/>
    <testcase time="0.481999999999999" classname="expt_ds.var" name="split_data_set"/>
    <testcase time="0.00200000000000955" classname="expt_ds.var" name="split_data_set"/>
    <testcase time="0.0029999999999859" classname="expt_ds.var" name="split_data_set"/>
    <testcase time="0.524000000000001" classname="expt_ds.var" name="split_data_set"/>
    <testcase time="0.00200000000000955" classname="expt_ds.var" name="split_data_set"/>
    <testcase time="0.00200000000000955" classname="expt_ds.var" name="split_data_set"/>
    <testcase time="0.530999999999977" classname="expt_ds.var" name="split_data_set"/>
    <testcase time="0.00100000000000477" classname="expt_ds.var" name="split_data_set"/>
    <testcase time="0.00200000000000955" classname="expt_ds.var" name="split_data_set"/>
    <testcase time="0.526999999999987" classname="expt_ds.var" name="split_data_set"/>
    <testcase time="0.00200000000000955" classname="expt_ds.var" name="split_data_set"/>
    <testcase time="0.00200000000000955" classname="expt_ds.var" name="split_data_set"/>
    <testcase time="0.531999999999982" classname="expt_ds.var" name="split_data_set"/>
    <testcase time="0.00100000000000477" classname="expt_ds.var" name="split_data_set"/>
    <testcase time="0.00200000000000955" classname="expt_ds.var" name="split_data_set"/>
    <testcase time="0.534999999999997" classname="expt_ds.var" name="split_data_set"/>
    <testcase time="0.00100000000000477" classname="expt_ds.var" name="split_data_set"/>
    <testcase time="0.00199999999998113" classname="expt_ds.var" name="split_data_set"/>
    <testcase time="0.533000000000015" classname="expt_ds.var" name="split_data_set"/>
    <testcase time="0.00200000000000955" classname="expt_ds.var" name="split_data_set"/>
    <testcase time="0.000999999999976353" classname="expt_ds.var" name="split_data_set"/>
    <testcase time="7.14700000000002" classname="expt_ds.var" name="large_values"/>
    <testcase time="1.11099999999999" classname="expt_ds.var" name="large_values"/>
    <testcase time="1.108" classname="expt_ds.var" name="large_values"/>
    <testcase time="1.345" classname="expt_ds.var" name="large_values"/>
    <testcase time="1.12" classname="expt_ds.var" name="large_values"/>
    <testcase time="1.137" classname="expt_ds.var" name="large_values"/>
    <testcase time="1.12899999999999" classname="expt_ds.var" name="large_values"/>
    <testcase time="1.166" classname="expt_ds.var" name="large_values"/>
    <testcase time="2.77700000000002" classname="expt_ds.var" name="large_values"/>
    <testcase time="0.385999999999996" classname="expt_ds.var" name="large_values"/>
    <testcase time="0.388999999999982" classname="expt_ds.var" name="large_values"/>
    <testcase time="0.50200000000001" classname="expt_ds.var" name="large_values"/>
    <testcase time="0.391999999999996" classname="expt_ds.var" name="large_values"/>
    <testcase time="0.344999999999999" classname="expt_ds.var" name="large_values"/>
    <testcase time="0.38900000000001" classname="expt_ds.var" name="large_values"/>
    <testcase time="0.387" classname="expt_ds.var" name="large_values"/>
  </testsuite>
  <testsuite name="smk_expt-ds.mean" timestamp="2026-05-16T00:40:34Z" hostname="runnervmrw5os" tests="33" skipped="3" failures="0" errors="0" time="24.454">
    <testcase time="5.84099999999998" classname="smk_expt_ds.mean" name="mean_values_combine_"/>
    <testcase time="0.170000000000016" classname="smk_expt_ds.mean" name="mean_values_split_"/>
    <testcase time="0.170999999999992" classname="smk_expt_ds.mean" name="mean_values_both_"/>
    <testcase time="0.00300000000001432" classname="smk_expt_ds.mean" name="mean_values_combine_">
      <skipped message="Reason: empty test ('test-smk_expt-ds.mean.R:44:1')"/>
    </testcase>
    <testcase time="0.0209999999999866" classname="smk_expt_ds.mean" name="mean_values_split_">
      <skipped message="Reason: empty test ('test-smk_expt-ds.mean.R:51:1')"/>
    </testcase>
    <testcase time="0.0200000000000102" classname="smk_expt_ds.mean" name="mean_values_both_">
      <skipped message="Reason: empty test ('test-smk_expt-ds.mean.R:58:1')"/>
    </testcase>
    <testcase time="0.179000000000002" classname="smk_expt_ds.mean" name="mean_values_combine_"/>
    <testcase time="0.175999999999988" classname="smk_expt_ds.mean" name="mean_values_split_"/>
    <testcase time="0.171999999999997" classname="smk_expt_ds.mean" name="mean_values_both_"/>
    <testcase time="0.171000000000021" classname="smk_expt_ds.mean" name="mean_values_combine_"/>
    <testcase time="0.172999999999973" classname="smk_expt_ds.mean" name="mean_values_split_"/>
    <testcase time="0.181000000000012" classname="smk_expt_ds.mean" name="mean_values_both_"/>
    <testcase time="0.170999999999992" classname="smk_expt_ds.mean" name="mean_values_combine_"/>
    <testcase time="0.169000000000011" classname="smk_expt_ds.mean" name="mean_values_split_"/>
    <testcase time="0.173000000000002" classname="smk_expt_ds.mean" name="mean_values_both_"/>
    <testcase time="0.930999999999983" classname="smk_expt_ds.mean" name="mean_values_combine_"/>
    <testcase time="0.922000000000025" classname="smk_expt_ds.mean" name="mean_values_split_"/>
    <testcase time="0.926999999999992" classname="smk_expt_ds.mean" name="mean_values_both_"/>
    <testcase time="0.882000000000005" classname="smk_expt_ds.mean" name="mean_values_combine_"/>
    <testcase time="0.918999999999983" classname="smk_expt_ds.mean" name="mean_values_split_"/>
    <testcase time="0.955000000000013" classname="smk_expt_ds.mean" name="mean_values_both_"/>
    <testcase time="0.836999999999989" classname="smk_expt_ds.mean" name="mean_values_combine_"/>
    <testcase time="0.968000000000018" classname="smk_expt_ds.mean" name="mean_values_split_"/>
    <testcase time="0.870999999999981" classname="smk_expt_ds.mean" name="mean_values_both_"/>
    <testcase time="0.927000000000021" classname="smk_expt_ds.mean" name="mean_values_combine_"/>
    <testcase time="0.926999999999992" classname="smk_expt_ds.mean" name="mean_values_split_"/>
    <testcase time="0.873999999999995" classname="smk_expt_ds.mean" name="mean_values_both_"/>
    <testcase time="1.00200000000001" classname="smk_expt_ds.mean" name="mean_values_combine_"/>
    <testcase time="0.977000000000004" classname="smk_expt_ds.mean" name="mean_values_split_"/>
    <testcase time="0.924999999999983" classname="smk_expt_ds.mean" name="mean_values_both_"/>
    <testcase time="0.914000000000016" classname="smk_expt_ds.mean" name="mean_values_combine_"/>
    <testcase time="0.927999999999997" classname="smk_expt_ds.mean" name="mean_values_split_"/>
    <testcase time="0.977000000000004" classname="smk_expt_ds.mean" name="mean_values_both_"/>
  </testsuite>
  <testsuite name="smk_expt-ds.ranksSecure" timestamp="2026-05-16T00:40:59Z" hostname="runnervmrw5os" tests="20" skipped="0" failures="0" errors="0" time="43.83">
    <testcase time="6.09799999999998" classname="smk_expt_ds.ranksSecure" name="setup"/>
    <testcase time="0.00200000000000955" classname="smk_expt_ds.ranksSecure" name="setup"/>
    <testcase time="0.00100000000000477" classname="smk_expt_ds.ranksSecure" name="setup"/>
    <testcase time="0.762999999999977" classname="smk_expt_ds.ranksSecure" name="continous_without_NAs_all_positive"/>
    <testcase time="0.359000000000009" classname="smk_expt_ds.ranksSecure" name="continous_without_NAs_all_positive"/>
    <testcase time="0.00300000000001432" classname="smk_expt_ds.ranksSecure" name="continous_without_NAs_all_positive"/>
    <testcase time="0.00199999999998113" classname="smk_expt_ds.ranksSecure" name="continous_without_NAs_all_positive"/>
    <testcase time="0.00200000000000955" classname="smk_expt_ds.ranksSecure" name="continous_without_NAs_all_positive"/>
    <testcase time="9.18800000000002" classname="smk_expt_ds.ranksSecure" name="continous_without_NAs_all_positive"/>
    <testcase time="0.790999999999997" classname="smk_expt_ds.ranksSecure" name="continous_without_NAs_with_negative"/>
    <testcase time="0.326999999999998" classname="smk_expt_ds.ranksSecure" name="continous_without_NAs_with_negative"/>
    <testcase time="0.00200000000000955" classname="smk_expt_ds.ranksSecure" name="continous_without_NAs_with_negative"/>
    <testcase time="0.00199999999995271" classname="smk_expt_ds.ranksSecure" name="continous_without_NAs_with_negative"/>
    <testcase time="0.0010000000000332" classname="smk_expt_ds.ranksSecure" name="continous_without_NAs_with_negative"/>
    <testcase time="8.60300000000001" classname="smk_expt_ds.ranksSecure" name="continous_without_NAs_with_negative"/>
    <testcase time="8.76999999999998" classname="smk_expt_ds.ranksSecure" name="continous_with_NAs_all_positive"/>
    <testcase time="8.786" classname="smk_expt_ds.ranksSecure" name="continous_with_NAs_with_negative"/>
    <testcase time="0.12700000000001" classname="smk_expt_ds.ranksSecure" name="setup"/>
    <testcase time="0.00200000000000955" classname="smk_expt_ds.ranksSecure" name="setup"/>
    <testcase time="0.000999999999976353" classname="smk_expt_ds.ranksSecure" name="setup"/>
  </testsuite>
</testsuites>
