<?xml version="1.0" encoding="UTF-8"?>
<testsuites>
  <testsuite name="arg-ds.asCharacter" timestamp="2026-02-21T16:24:26Z" hostname="runnervmwffz4" tests="0" skipped="0" failures="0" errors="0" time="0"/>
  <testsuite name="ds.asCharacter::arg::test errors" timestamp="2026-02-21T16:24:36Z" hostname="runnervmwffz4" tests="1" skipped="0" failures="0" errors="0" time="10.292">
    <testcase time="10.292" classname="ds.asCharacter_arg_test_errors" name="asCharacter_erros"/>
  </testsuite>
  <testsuite name="arg-ds.asDataMatrix" timestamp="2026-02-21T16:24:36Z" hostname="runnervmwffz4" tests="0" skipped="0" failures="0" errors="0" time="0"/>
  <testsuite name="ds.asDataMatrix::arg::test errors" timestamp="2026-02-21T16:24:44Z" hostname="runnervmwffz4" tests="1" skipped="0" failures="0" errors="0" time="7.585">
    <testcase time="7.585" classname="ds.asDataMatrix_arg_test_errors" name="asDataMatrix_erros"/>
  </testsuite>
  <testsuite name="arg-ds.asFactor" timestamp="2026-02-21T16:24:44Z" hostname="runnervmwffz4" tests="0" skipped="0" failures="0" errors="0" time="0"/>
  <testsuite name="ds.asFactor::arg::test errors" timestamp="2026-02-21T16:24:51Z" hostname="runnervmwffz4" tests="3" skipped="0" failures="0" errors="0" time="7.498">
    <testcase time="7.488" classname="ds.asFactor_arg_test_errors" name="asFactor_erros"/>
    <testcase time="0.00499999999999901" classname="ds.asFactor_arg_test_errors" name="asFactor_erros"/>
    <testcase time="0.00499999999999901" classname="ds.asFactor_arg_test_errors" name="asFactor_erros"/>
  </testsuite>
  <testsuite name="arg-ds.asInteger" timestamp="2026-02-21T16:24:51Z" hostname="runnervmwffz4" tests="0" skipped="0" failures="0" errors="0" time="0"/>
  <testsuite name="ds.asInteger::arg::test errors" timestamp="2026-02-21T16:24:59Z" hostname="runnervmwffz4" tests="1" skipped="0" failures="0" errors="0" time="7.434">
    <testcase time="7.434" classname="ds.asInteger_arg_test_errors" name="asInteger_erros"/>
  </testsuite>
  <testsuite name="arg-ds.asList" timestamp="2026-02-21T16:24:59Z" hostname="runnervmwffz4" tests="0" skipped="0" failures="0" errors="0" time="0"/>
  <testsuite name="ds.asList::arg::test errors" timestamp="2026-02-21T16:25:06Z" hostname="runnervmwffz4" tests="1" skipped="0" failures="0" errors="0" time="7.244">
    <testcase time="7.244" classname="ds.asList_arg_test_errors" name="asList_erros"/>
  </testsuite>
  <testsuite name="arg-ds.asLogical" timestamp="2026-02-21T16:25:06Z" hostname="runnervmwffz4" tests="0" skipped="0" failures="0" errors="0" time="0"/>
  <testsuite name="ds.asLogical::arg::test errors" timestamp="2026-02-21T16:25:13Z" hostname="runnervmwffz4" tests="1" skipped="0" failures="0" errors="0" time="7.409">
    <testcase time="7.409" classname="ds.asLogical_arg_test_errors" name="asLogical_erros"/>
  </testsuite>
  <testsuite name="arg-ds.asMatrix" timestamp="2026-02-21T16:25:13Z" hostname="runnervmwffz4" tests="0" skipped="0" failures="0" errors="0" time="0"/>
  <testsuite name="ds.asMatrix::arg::test errors" timestamp="2026-02-21T16:25:21Z" hostname="runnervmwffz4" tests="1" skipped="0" failures="0" errors="0" time="7.352">
    <testcase time="7.352" classname="ds.asMatrix_arg_test_errors" name="asMatrix_erros"/>
  </testsuite>
  <testsuite name="arg-ds.asNumeric" timestamp="2026-02-21T16:25:21Z" hostname="runnervmwffz4" tests="0" skipped="0" failures="0" errors="0" time="0"/>
  <testsuite name="ds.asNumeric::arg::test errors" timestamp="2026-02-21T16:25:28Z" hostname="runnervmwffz4" tests="1" skipped="0" failures="0" errors="0" time="7.229">
    <testcase time="7.22899999999999" classname="ds.asNumeric_arg_test_errors" name="asNumeric_erros"/>
  </testsuite>
  <testsuite name="arg-ds.assign" timestamp="2026-02-21T16:25:28Z" hostname="runnervmwffz4" tests="0" skipped="0" failures="0" errors="0" time="0"/>
  <testsuite name="ds.assign::arg::test errors" timestamp="2026-02-21T16:25:35Z" hostname="runnervmwffz4" tests="1" skipped="0" failures="0" errors="0" time="7.488">
    <testcase time="7.488" classname="ds.assign_arg_test_errors" name="assign_erros"/>
  </testsuite>
  <testsuite name="arg-ds.auc" timestamp="2026-02-21T16:25:36Z" hostname="runnervmwffz4" tests="0" skipped="0" failures="0" errors="0" time="0"/>
  <testsuite name="ds.auc::arg::setup" timestamp="2026-02-21T16:25:36Z" hostname="runnervmwffz4" tests="0" skipped="0" failures="0" errors="0" time="0"/>
  <testsuite name="ds.auc::arg::test errors" timestamp="2026-02-21T16:25:36Z" hostname="runnervmwffz4" tests="2" skipped="0" failures="0" errors="0" time="0.208">
    <testcase time="0.204000000000008" classname="ds.auc_arg_test_errors" name="ds.auc_errors_for_null_pred_or_y"/>
    <testcase time="0.00400000000000489" classname="ds.auc_arg_test_errors" name="ds.auc_errors_for_null_pred_or_y"/>
  </testsuite>
  <testsuite name="ds.auc::arg::shutdown" timestamp="2026-02-21T16:25:36Z" hostname="runnervmwffz4" tests="0" skipped="0" failures="0" errors="0" time="0"/>
  <testsuite name="ds.auc::arg::done" timestamp="2026-02-21T16:25:36Z" hostname="runnervmwffz4" tests="0" skipped="0" failures="0" errors="0" time="0"/>
  <testsuite name="arg-ds.Boole" timestamp="2026-02-21T16:25:36Z" hostname="runnervmwffz4" tests="0" skipped="0" failures="0" errors="0" time="0"/>
  <testsuite name="ds.Boole::arg::test errors" timestamp="2026-02-21T16:25:43Z" hostname="runnervmwffz4" tests="5" skipped="0" failures="0" errors="0" time="7.184">
    <testcase time="7.16499999999999" classname="ds.Boole_arg_test_errors" name="Boole_erros"/>
    <testcase time="0.00499999999999545" classname="ds.Boole_arg_test_errors" name="Boole_erros"/>
    <testcase time="0.00500000000000966" classname="ds.Boole_arg_test_errors" name="Boole_erros"/>
    <testcase time="0.00399999999999068" classname="ds.Boole_arg_test_errors" name="Boole_erros"/>
    <testcase time="0.00500000000000966" classname="ds.Boole_arg_test_errors" name="Boole_erros"/>
  </testsuite>
  <testsuite name="arg-ds.c" timestamp="2026-02-21T16:25:43Z" hostname="runnervmwffz4" tests="0" skipped="0" failures="0" errors="0" time="0"/>
  <testsuite name="ds.c::arg::test errors" timestamp="2026-02-21T16:25:50Z" hostname="runnervmwffz4" tests="1" skipped="0" failures="0" errors="0" time="7.281">
    <testcase time="7.28099999999999" classname="ds.c_arg_test_errors" name="simple_c_errors"/>
  </testsuite>
  <testsuite name="arg-ds.cbind" timestamp="2026-02-21T16:25:50Z" hostname="runnervmwffz4" tests="0" skipped="0" failures="0" errors="0" time="0"/>
  <testsuite name="ds.cbind::arg::test errors" timestamp="2026-02-21T16:25:58Z" hostname="runnervmwffz4" tests="2" skipped="0" failures="0" errors="0" time="10.829">
    <testcase time="10.725" classname="ds.cbind_arg_test_errors" name="cbind_erros"/>
    <testcase time="0.103999999999999" classname="ds.cbind_arg_test_errors" name="cbind_erros"/>
  </testsuite>
  <testsuite name="arg-ds.changeRefGroup" timestamp="2026-02-21T16:26:01Z" hostname="runnervmwffz4" tests="0" skipped="0" failures="0" errors="0" time="0"/>
  <testsuite name="ds.changeRefGroup::arg::test errors" timestamp="2026-02-21T16:26:08Z" hostname="runnervmwffz4" tests="3" skipped="0" failures="0" errors="0" time="7.426">
    <testcase time="7.291" classname="ds.changeRefGroup_arg_test_errors" name="changeRefGroup_erros"/>
    <testcase time="0.00499999999999545" classname="ds.changeRefGroup_arg_test_errors" name="changeRefGroup_erros"/>
    <testcase time="0.13000000000001" classname="ds.changeRefGroup_arg_test_errors" name="changeRefGroup_erros"/>
  </testsuite>
  <testsuite name="arg-ds.class" timestamp="2026-02-21T16:26:08Z" hostname="runnervmwffz4" tests="0" skipped="0" failures="0" errors="0" time="0"/>
  <testsuite name="ds.class::arg::test errors" timestamp="2026-02-21T16:26:16Z" hostname="runnervmwffz4" tests="1" skipped="0" failures="0" errors="0" time="7.445">
    <testcase time="7.44499999999999" classname="ds.class_arg_test_errors" name="class_erros"/>
  </testsuite>
  <testsuite name="arg-ds.colnames" timestamp="2026-02-21T16:26:16Z" hostname="runnervmwffz4" tests="0" skipped="0" failures="0" errors="0" time="0"/>
  <testsuite name="ds.colnames::arg::test errors" timestamp="2026-02-21T16:26:23Z" hostname="runnervmwffz4" tests="1" skipped="0" failures="0" errors="0" time="7.406">
    <testcase time="7.40600000000001" classname="ds.colnames_arg_test_errors" name="simple_colnames_errors"/>
  </testsuite>
  <testsuite name="arg-ds.completeCases" timestamp="2026-02-21T16:26:23Z" hostname="runnervmwffz4" tests="0" skipped="0" failures="0" errors="0" time="0"/>
  <testsuite name="ds.completeCases::arg::test errors" timestamp="2026-02-21T16:26:31Z" hostname="runnervmwffz4" tests="1" skipped="0" failures="0" errors="0" time="7.412">
    <testcase time="7.41200000000001" classname="ds.completeCases_arg_test_errors" name="completeCases_errors"/>
  </testsuite>
  <testsuite name="arg-ds.cor" timestamp="2026-02-21T16:26:31Z" hostname="runnervmwffz4" tests="0" skipped="0" failures="0" errors="0" time="0"/>
  <testsuite name="ds.cor::arg::test errors" timestamp="2026-02-21T16:26:38Z" hostname="runnervmwffz4" tests="3" skipped="0" failures="0" errors="0" time="8.023">
    <testcase time="7.58799999999999" classname="ds.cor_arg_test_errors" name="cor_erros"/>
    <testcase time="0.108000000000004" classname="ds.cor_arg_test_errors" name="cor_erros"/>
    <testcase time="0.326999999999998" classname="ds.cor_arg_test_errors" name="cor_erros"/>
  </testsuite>
  <testsuite name="arg-ds.corTest" timestamp="2026-02-21T16:26:39Z" hostname="runnervmwffz4" tests="0" skipped="0" failures="0" errors="0" time="0"/>
  <testsuite name="ds.corTest::arg" timestamp="2026-02-21T16:26:46Z" hostname="runnervmwffz4" tests="2" skipped="0" failures="0" errors="0" time="7.431">
    <testcase time="7.42600000000002" classname="ds.corTest_arg" name="simple_arg_test"/>
    <testcase time="0.00499999999999545" classname="ds.corTest_arg" name="simple_arg_test"/>
  </testsuite>
  <testsuite name="arg-ds.cov" timestamp="2026-02-21T16:26:46Z" hostname="runnervmwffz4" tests="0" skipped="0" failures="0" errors="0" time="0"/>
  <testsuite name="ds.cov::arg::test errors" timestamp="2026-02-21T16:26:53Z" hostname="runnervmwffz4" tests="3" skipped="0" failures="0" errors="0" time="7.793">
    <testcase time="7.374" classname="ds.cov_arg_test_errors" name="cov_erros"/>
    <testcase time="0.0840000000000032" classname="ds.cov_arg_test_errors" name="cov_erros"/>
    <testcase time="0.335000000000008" classname="ds.cov_arg_test_errors" name="cov_erros"/>
  </testsuite>
  <testsuite name="arg-ds.dataFrame" timestamp="2026-02-21T16:26:54Z" hostname="runnervmwffz4" tests="0" skipped="0" failures="0" errors="0" time="0"/>
  <testsuite name="ds.dataFrame::arg::test errors" timestamp="2026-02-21T16:27:01Z" hostname="runnervmwffz4" tests="2" skipped="0" failures="0" errors="0" time="7.515">
    <testcase time="7.309" classname="ds.dataFrame_arg_test_errors" name="dataframe_erros"/>
    <testcase time="0.205999999999989" classname="ds.dataFrame_arg_test_errors" name="dataframe_erros"/>
  </testsuite>
  <testsuite name="arg-ds.dataFrameFill" timestamp="2026-02-21T16:27:01Z" hostname="runnervmwffz4" tests="0" skipped="0" failures="0" errors="0" time="0"/>
  <testsuite name="ds.dataFrameFill::arg::test errors" timestamp="2026-02-21T16:27:09Z" hostname="runnervmwffz4" tests="3" skipped="0" failures="0" errors="0" time="7.386">
    <testcase time="7.24199999999999" classname="ds.dataFrameFill_arg_test_errors" name="dataFrameFill_erros"/>
    <testcase time="0.0550000000000068" classname="ds.dataFrameFill_arg_test_errors" name="dataFrameFill_erros"/>
    <testcase time="0.0889999999999986" classname="ds.dataFrameFill_arg_test_errors" name="dataFrameFill_erros"/>
  </testsuite>
  <testsuite name="arg-ds.dataFrameSort" timestamp="2026-02-21T16:27:09Z" hostname="runnervmwffz4" tests="0" skipped="0" failures="0" errors="0" time="0"/>
  <testsuite name="ds.dataFrameSort::arg::no args" timestamp="2026-02-21T16:27:16Z" hostname="runnervmwffz4" tests="5" skipped="0" failures="0" errors="0" time="7.604">
    <testcase time="7.58799999999999" classname="ds.dataFrameSort_arg_no_args" name="dataFrameSort_noargs"/>
    <testcase time="0.0120000000000005" classname="ds.dataFrameSort_arg_no_args" name="dataFrameSort_noargs"/>
    <testcase time="0.00100000000000477" classname="ds.dataFrameSort_arg_no_args" name="dataFrameSort_noargs"/>
    <testcase time="0.00200000000000955" classname="ds.dataFrameSort_arg_no_args" name="dataFrameSort_noargs"/>
    <testcase time="0.00100000000000477" classname="ds.dataFrameSort_arg_no_args" name="dataFrameSort_noargs"/>
  </testsuite>
  <testsuite name="ds.dataFrameSort::arg::sorted dataframe, of factors" timestamp="2026-02-21T16:27:16Z" hostname="runnervmwffz4" tests="5" skipped="0" failures="0" errors="0" time="0.354">
    <testcase time="0.347999999999985" classname="ds.dataFrameSort_arg_sorted_dataframe_of_factors" name="dataFrameSort_factors"/>
    <testcase time="0.00200000000000955" classname="ds.dataFrameSort_arg_sorted_dataframe_of_factors" name="dataFrameSort_factors"/>
    <testcase time="0.00100000000000477" classname="ds.dataFrameSort_arg_sorted_dataframe_of_factors" name="dataFrameSort_factors"/>
    <testcase time="0.00100000000000477" classname="ds.dataFrameSort_arg_sorted_dataframe_of_factors" name="dataFrameSort_factors"/>
    <testcase time="0.00199999999998113" classname="ds.dataFrameSort_arg_sorted_dataframe_of_factors" name="dataFrameSort_factors"/>
  </testsuite>
  <testsuite name="arg-ds.dataFrameSubset" timestamp="2026-02-21T16:27:17Z" hostname="runnervmwffz4" tests="0" skipped="0" failures="0" errors="0" time="0"/>
  <testsuite name="ds.dataFrameSubset::arg::setup" timestamp="2026-02-21T16:27:17Z" hostname="runnervmwffz4" tests="3" skipped="0" failures="0" errors="0" time="7.243">
    <testcase time="7.24000000000001" classname="ds.dataFrameSubset_arg_setup" name="setup"/>
    <testcase time="0.00200000000000955" classname="ds.dataFrameSubset_arg_setup" name="setup"/>
    <testcase time="0.000999999999976353" classname="ds.dataFrameSubset_arg_setup" name="setup"/>
  </testsuite>
  <testsuite name="ds.dataFrameSubset::arg::missing 'ds.name' arg errors" timestamp="2026-02-21T16:27:24Z" hostname="runnervmwffz4" tests="1" skipped="0" failures="0" errors="0" time="0.009">
    <testcase time="0.00900000000001455" classname="ds.dataFrameSubset_arg_missing_ds.name_arg_errors" name="dataFrameSubset_erros"/>
  </testsuite>
  <testsuite name="ds.dataFrameSubset::arg::missing 'V1' arg error" timestamp="2026-02-21T16:27:24Z" hostname="runnervmwffz4" tests="1" skipped="0" failures="0" errors="0" time="0.009">
    <testcase time="0.00899999999998613" classname="ds.dataFrameSubset_arg_missing_V1_arg_error" name="dataFrameSubset_erros"/>
  </testsuite>
  <testsuite name="ds.dataFrameSubset::arg::missing 'V2' arg error" timestamp="2026-02-21T16:27:24Z" hostname="runnervmwffz4" tests="1" skipped="0" failures="0" errors="0" time="0.008">
    <testcase time="0.00800000000000978" classname="ds.dataFrameSubset_arg_missing_V2_arg_error" name="dataFrameSubset_erros"/>
  </testsuite>
  <testsuite name="ds.dataFrameSubset::arg::missing 'Boolean.operator' arg error" timestamp="2026-02-21T16:27:24Z" hostname="runnervmwffz4" tests="1" skipped="0" failures="0" errors="0" time="0.008">
    <testcase time="0.00800000000000978" classname="ds.dataFrameSubset_arg_missing_Boolean.operator_arg_error" name="dataFrameSubset_erros"/>
  </testsuite>
  <testsuite name="ds.dataFrameSubset::arg::missing 'df.name' value server-side" timestamp="2026-02-21T16:27:24Z" hostname="runnervmwffz4" tests="5" skipped="0" failures="0" errors="0" time="0.086">
    <testcase time="0.0799999999999841" classname="ds.dataFrameSubset_arg_missing_df.name_value_server_side" name="dataFrameSubset_erros"/>
    <testcase time="0.00200000000000955" classname="ds.dataFrameSubset_arg_missing_df.name_value_server_side" name="dataFrameSubset_erros"/>
    <testcase time="0.00100000000000477" classname="ds.dataFrameSubset_arg_missing_df.name_value_server_side" name="dataFrameSubset_erros"/>
    <testcase time="0.00100000000000477" classname="ds.dataFrameSubset_arg_missing_df.name_value_server_side" name="dataFrameSubset_erros"/>
    <testcase time="0.00199999999998113" classname="ds.dataFrameSubset_arg_missing_df.name_value_server_side" name="dataFrameSubset_erros"/>
  </testsuite>
  <testsuite name="ds.dataFrameSubset::arg::missing 'V1' value server-side" timestamp="2026-02-21T16:27:24Z" hostname="runnervmwffz4" tests="5" skipped="0" failures="0" errors="0" time="0.086">
    <testcase time="0.0800000000000125" classname="ds.dataFrameSubset_arg_missing_V1_value_server_side" name="dataFrameSubset_erros"/>
    <testcase time="0.00199999999998113" classname="ds.dataFrameSubset_arg_missing_V1_value_server_side" name="dataFrameSubset_erros"/>
    <testcase time="0.00100000000000477" classname="ds.dataFrameSubset_arg_missing_V1_value_server_side" name="dataFrameSubset_erros"/>
    <testcase time="0.00200000000000955" classname="ds.dataFrameSubset_arg_missing_V1_value_server_side" name="dataFrameSubset_erros"/>
    <testcase time="0.00100000000000477" classname="ds.dataFrameSubset_arg_missing_V1_value_server_side" name="dataFrameSubset_erros"/>
  </testsuite>
  <testsuite name="ds.dataFrameSubset::arg::missing 'V2' value server-side" timestamp="2026-02-21T16:27:24Z" hostname="runnervmwffz4" tests="5" skipped="0" failures="0" errors="0" time="0.093">
    <testcase time="0.0869999999999891" classname="ds.dataFrameSubset_arg_missing_V2_value_server_side" name="dataFrameSubset_erros"/>
    <testcase time="0.00200000000000955" classname="ds.dataFrameSubset_arg_missing_V2_value_server_side" name="dataFrameSubset_erros"/>
    <testcase time="0.00100000000000477" classname="ds.dataFrameSubset_arg_missing_V2_value_server_side" name="dataFrameSubset_erros"/>
    <testcase time="0.000999999999976353" classname="ds.dataFrameSubset_arg_missing_V2_value_server_side" name="dataFrameSubset_erros"/>
    <testcase time="0.00200000000000955" classname="ds.dataFrameSubset_arg_missing_V2_value_server_side" name="dataFrameSubset_erros"/>
  </testsuite>
  <testsuite name="ds.dataFrameSubset::arg::invalid 'Boolean.operator' value server-side" timestamp="2026-02-21T16:27:24Z" hostname="runnervmwffz4" tests="5" skipped="0" failures="0" errors="0" time="0.085">
    <testcase time="0.0800000000000125" classname="ds.dataFrameSubset_arg_invalid_Boolean.operator_value_server_side" name="dataFrameSubset_erros"/>
    <testcase time="0.00100000000000477" classname="ds.dataFrameSubset_arg_invalid_Boolean.operator_value_server_side" name="dataFrameSubset_erros"/>
    <testcase time="0.00199999999998113" classname="ds.dataFrameSubset_arg_invalid_Boolean.operator_value_server_side" name="dataFrameSubset_erros"/>
    <testcase time="0.00100000000000477" classname="ds.dataFrameSubset_arg_invalid_Boolean.operator_value_server_side" name="dataFrameSubset_erros"/>
    <testcase time="0.00100000000000477" classname="ds.dataFrameSubset_arg_invalid_Boolean.operator_value_server_side" name="dataFrameSubset_erros"/>
  </testsuite>
  <testsuite name="ds.dataFrameSubset::arg::shutdown" timestamp="2026-02-21T16:27:24Z" hostname="runnervmwffz4" tests="3" skipped="0" failures="0" errors="0" time="0.058">
    <testcase time="0.0550000000000068" classname="ds.dataFrameSubset_arg_shutdown" name="shutdown"/>
    <testcase time="0.000999999999976353" classname="ds.dataFrameSubset_arg_shutdown" name="shutdown"/>
    <testcase time="0.00200000000000955" classname="ds.dataFrameSubset_arg_shutdown" name="shutdown"/>
  </testsuite>
  <testsuite name="ds.dataFrameSubset::arg::done" timestamp="2026-02-21T16:27:24Z" hostname="runnervmwffz4" tests="0" skipped="0" failures="0" errors="0" time="0"/>
  <testsuite name="arg-ds.dim" timestamp="2026-02-21T16:27:24Z" hostname="runnervmwffz4" tests="0" skipped="0" failures="0" errors="0" time="0"/>
  <testsuite name="ds.dim::arg::test errors" timestamp="2026-02-21T16:27:32Z" hostname="runnervmwffz4" tests="3" skipped="0" failures="0" errors="0" time="7.504">
    <testcase time="7.35300000000001" classname="ds.dim_arg_test_errors" name="dim_erros"/>
    <testcase time="0.0949999999999989" classname="ds.dim_arg_test_errors" name="dim_erros"/>
    <testcase time="0.0559999999999832" classname="ds.dim_arg_test_errors" name="dim_erros"/>
  </testsuite>
  <testsuite name="arg-ds.exists" timestamp="2026-02-21T16:27:32Z" hostname="runnervmwffz4" tests="0" skipped="0" failures="0" errors="0" time="0"/>
  <testsuite name="ds.exists::arg::test errors" timestamp="2026-02-21T16:27:39Z" hostname="runnervmwffz4" tests="1" skipped="0" failures="0" errors="0" time="7.286">
    <testcase time="7.286" classname="ds.exists_arg_test_errors" name="simple_exists_errors"/>
  </testsuite>
  <testsuite name="arg-ds.exp" timestamp="2026-02-21T16:27:39Z" hostname="runnervmwffz4" tests="0" skipped="0" failures="0" errors="0" time="0"/>
  <testsuite name="ds.exp::arg::test errors" timestamp="2026-02-21T16:27:46Z" hostname="runnervmwffz4" tests="1" skipped="0" failures="0" errors="0" time="7.238">
    <testcase time="7.238" classname="ds.exp_arg_test_errors" name="exp_erros"/>
  </testsuite>
  <testsuite name="arg-ds.foobar" timestamp="2026-02-21T16:27:47Z" hostname="runnervmwffz4" tests="0" skipped="0" failures="0" errors="0" time="0"/>
  <testsuite name="ds.foobar::arg::setup" timestamp="2026-02-21T16:27:47Z" hostname="runnervmwffz4" tests="3" skipped="0" failures="0" errors="0" time="7.177">
    <testcase time="7.17500000000001" classname="ds.foobar_arg_setup" name="setup"/>
    <testcase time="0.00100000000000477" classname="ds.foobar_arg_setup" name="setup"/>
    <testcase time="0.00100000000000477" classname="ds.foobar_arg_setup" name="setup"/>
  </testsuite>
  <testsuite name="ds.foobar::arg::aggregate" timestamp="2026-02-21T16:27:54Z" hostname="runnervmwffz4" tests="2" skipped="0" failures="1" errors="0" time="0.033">
    <testcase time="0.0130000000000052" classname="ds.foobar_arg_aggregate" name="NULL_connections">
      <failure type="failure" message="`datashield.aggregate(conns = NULL, expr = calltext)` threw an error with unexpected message. ('test-arg-ds.foobar.R:31:9')">`datashield.aggregate(conns = NULL, expr = calltext)` threw an error with unexpected message.
Expected match: "no applicable method for `@` applied to an object of class \"NULL\""
Actual message: "unable to find an inherited method for function 'dsIsAsync' for signature 'conn = \"NULL\"'"
Backtrace:
    x
 1. +-testthat::expect_error(...) at test-arg-ds.foobar.R:31:9
 2. | \-testthat:::quasi_capture(...)
 3. |   +-testthat (local) .capture(...)
 4. |   | \-base::withCallingHandlers(...)
 5. |   \-rlang::eval_bare(quo_get_expr(.quo), quo_get_env(.quo))
 6. \-DSI::datashield.aggregate(conns = NULL, expr = calltext)
 7.   \-DSI::datashield.sessions(conns)
 8.     \-DSI::dsIsAsync(conns)
 9.       \-methods (local) `&lt;fn&gt;`(`&lt;list&gt;`, `&lt;stndrdGn&gt;`, `&lt;env&gt;`)</failure>
    </testcase>
    <testcase time="0.0199999999999818" classname="ds.foobar_arg_aggregate" name="NULL_connections"/>
  </testsuite>
  <testsuite name="ds.foobar::arg::aggregate" timestamp="2026-02-21T16:27:54Z" hostname="runnervmwffz4" tests="2" skipped="0" failures="0" errors="0" time="0.036">
    <testcase time="0.0349999999999966" classname="ds.foobar_arg_aggregate" name="NULL_expr"/>
    <testcase time="0.00100000000000477" classname="ds.foobar_arg_aggregate" name="NULL_expr"/>
  </testsuite>
  <testsuite name="ds.foobar::arg::aggregate" timestamp="2026-02-21T16:27:54Z" hostname="runnervmwffz4" tests="8" skipped="0" failures="0" errors="0" time="0.063">
    <testcase time="0.0500000000000114" classname="ds.foobar_arg_aggregate" name="non_existent_aggregate_foobarDS"/>
    <testcase time="0.00100000000000477" classname="ds.foobar_arg_aggregate" name="non_existent_aggregate_foobarDS"/>
    <testcase time="0.000999999999976353" classname="ds.foobar_arg_aggregate" name="non_existent_aggregate_foobarDS"/>
    <testcase time="0.00300000000001432" classname="ds.foobar_arg_aggregate" name="non_existent_aggregate_foobarDS"/>
    <testcase time="0.00200000000000955" classname="ds.foobar_arg_aggregate" name="non_existent_aggregate_foobarDS"/>
    <testcase time="0.00199999999998113" classname="ds.foobar_arg_aggregate" name="non_existent_aggregate_foobarDS"/>
    <testcase time="0.00200000000000955" classname="ds.foobar_arg_aggregate" name="non_existent_aggregate_foobarDS"/>
    <testcase time="0.00200000000000955" classname="ds.foobar_arg_aggregate" name="non_existent_aggregate_foobarDS"/>
  </testsuite>
  <testsuite name="ds.foobar::arg::assign" timestamp="2026-02-21T16:27:54Z" hostname="runnervmwffz4" tests="2" skipped="0" failures="1" errors="0" time="0.029">
    <testcase time="0.0110000000000241" classname="ds.foobar_arg_assign" name="NULL_connections">
      <failure type="failure" message="`datashield.assign(conns = NULL, symbol = &quot;new_obj&quot;, value = calltext)` threw an error with unexpected message. ('test-arg-ds.foobar.R:72:9')">`datashield.assign(conns = NULL, symbol = "new_obj", value = calltext)` threw an error with unexpected message.
Expected match: "no applicable method for `@` applied to an object of class \"NULL\""
Actual message: "unable to find an inherited method for function 'dsIsAsync' for signature 'conn = \"NULL\"'"
Backtrace:
     x
  1. +-testthat::expect_error(...) at test-arg-ds.foobar.R:72:9
  2. | \-testthat:::quasi_capture(...)
  3. |   +-testthat (local) .capture(...)
  4. |   | \-base::withCallingHandlers(...)
  5. |   \-rlang::eval_bare(quo_get_expr(.quo), quo_get_env(.quo))
  6. \-DSI::datashield.assign(conns = NULL, symbol = "new_obj", value = calltext)
  7.   \-DSI::datashield.assign.expr(...)
  8.     \-DSI::datashield.sessions(conns)
  9.       \-DSI::dsIsAsync(conns)
 10.         \-methods (local) `&lt;fn&gt;`(`&lt;list&gt;`, `&lt;stndrdGn&gt;`, `&lt;env&gt;`)</failure>
    </testcase>
    <testcase time="0.0179999999999723" classname="ds.foobar_arg_assign" name="NULL_connections"/>
  </testsuite>
  <testsuite name="ds.foobar::arg::assign" timestamp="2026-02-21T16:27:54Z" hostname="runnervmwffz4" tests="2" skipped="0" failures="0" errors="0" time="0.031">
    <testcase time="0.0300000000000011" classname="ds.foobar_arg_assign" name="NULL_value"/>
    <testcase time="0.00100000000000477" classname="ds.foobar_arg_assign" name="NULL_value"/>
  </testsuite>
  <testsuite name="ds.foobar::arg::assign" timestamp="2026-02-21T16:27:54Z" hostname="runnervmwffz4" tests="8" skipped="0" failures="0" errors="0" time="0.055">
    <testcase time="0.0409999999999968" classname="ds.foobar_arg_assign" name="non_existent_assign_foobarDS"/>
    <testcase time="0.00200000000000955" classname="ds.foobar_arg_assign" name="non_existent_assign_foobarDS"/>
    <testcase time="0.00100000000000477" classname="ds.foobar_arg_assign" name="non_existent_assign_foobarDS"/>
    <testcase time="0.0029999999999859" classname="ds.foobar_arg_assign" name="non_existent_assign_foobarDS"/>
    <testcase time="0.00100000000000477" classname="ds.foobar_arg_assign" name="non_existent_assign_foobarDS"/>
    <testcase time="0.00300000000001432" classname="ds.foobar_arg_assign" name="non_existent_assign_foobarDS"/>
    <testcase time="0.00100000000000477" classname="ds.foobar_arg_assign" name="non_existent_assign_foobarDS"/>
    <testcase time="0.0029999999999859" classname="ds.foobar_arg_assign" name="non_existent_assign_foobarDS"/>
  </testsuite>
  <testsuite name="ds.foobar::arg::shutdown" timestamp="2026-02-21T16:27:54Z" hostname="runnervmwffz4" tests="3" skipped="0" failures="0" errors="0" time="0.055">
    <testcase time="0.0529999999999973" classname="ds.foobar_arg_shutdown" name="shutdown"/>
    <testcase time="0.00100000000000477" classname="ds.foobar_arg_shutdown" name="shutdown"/>
    <testcase time="0.00100000000000477" classname="ds.foobar_arg_shutdown" name="shutdown"/>
  </testsuite>
  <testsuite name="ds.foobar::arg::done" timestamp="2026-02-21T16:27:54Z" hostname="runnervmwffz4" tests="0" skipped="0" failures="0" errors="0" time="0"/>
  <testsuite name="arg-ds.gamlss" timestamp="2026-02-21T16:27:54Z" hostname="runnervmwffz4" tests="0" skipped="0" failures="0" errors="0" time="0"/>
  <testsuite name="ds.gamlss::arg::test errors" timestamp="2026-02-21T16:28:01Z" hostname="runnervmwffz4" tests="3" skipped="0" failures="0" errors="0" time="7.151">
    <testcase time="7.14099999999999" classname="ds.gamlss_arg_test_errors" name="gamlss_errors"/>
    <testcase time="0.00499999999999545" classname="ds.gamlss_arg_test_errors" name="gamlss_errors"/>
    <testcase time="0.00499999999999545" classname="ds.gamlss_arg_test_errors" name="gamlss_errors"/>
  </testsuite>
  <testsuite name="arg-ds.glm" timestamp="2026-02-21T16:28:01Z" hostname="runnervmwffz4" tests="0" skipped="0" failures="0" errors="0" time="0"/>
  <testsuite name="ds.glm::arg::test errors" timestamp="2026-02-21T16:28:08Z" hostname="runnervmwffz4" tests="2" skipped="0" failures="0" errors="0" time="7.107">
    <testcase time="7.102" classname="ds.glm_arg_test_errors" name="glm_errors"/>
    <testcase time="0.00499999999999545" classname="ds.glm_arg_test_errors" name="glm_errors"/>
  </testsuite>
  <testsuite name="arg-ds.glmerSLMA" timestamp="2026-02-21T16:28:08Z" hostname="runnervmwffz4" tests="0" skipped="0" failures="0" errors="0" time="0"/>
  <testsuite name="ds.glmerSLMA::arg::setup" timestamp="2026-02-21T16:28:08Z" hostname="runnervmwffz4" tests="3" skipped="0" failures="0" errors="0" time="7.231">
    <testcase time="7.22800000000001" classname="ds.glmerSLMA_arg_setup" name="setup"/>
    <testcase time="0.00100000000000477" classname="ds.glmerSLMA_arg_setup" name="setup"/>
    <testcase time="0.00200000000000955" classname="ds.glmerSLMA_arg_setup" name="setup"/>
  </testsuite>
  <testsuite name="ds.glmerSLMA::arg::testing" timestamp="2026-02-21T16:28:15Z" hostname="runnervmwffz4" tests="13" skipped="0" failures="0" errors="0" time="0.393">
    <testcase time="0.00899999999998613" classname="ds.glmerSLMA_arg_testing" name="simple_glmerSLMA_tesing_mis_use_of_arguments"/>
    <testcase time="0.121999999999986" classname="ds.glmerSLMA_arg_testing" name="simple_glmerSLMA_tesing_mis_use_of_arguments"/>
    <testcase time="0.00200000000000955" classname="ds.glmerSLMA_arg_testing" name="simple_glmerSLMA_tesing_mis_use_of_arguments"/>
    <testcase time="0.00100000000000477" classname="ds.glmerSLMA_arg_testing" name="simple_glmerSLMA_tesing_mis_use_of_arguments"/>
    <testcase time="0.00100000000000477" classname="ds.glmerSLMA_arg_testing" name="simple_glmerSLMA_tesing_mis_use_of_arguments"/>
    <testcase time="0.00199999999998113" classname="ds.glmerSLMA_arg_testing" name="simple_glmerSLMA_tesing_mis_use_of_arguments"/>
    <testcase time="0.0430000000000064" classname="ds.glmerSLMA_arg_testing" name="simple_glmerSLMA_tesing_mis_use_of_arguments"/>
    <testcase time="0.203000000000003" classname="ds.glmerSLMA_arg_testing" name="simple_glmerSLMA_tesing_mis_use_of_arguments"/>
    <testcase time="0.00200000000000955" classname="ds.glmerSLMA_arg_testing" name="simple_glmerSLMA_tesing_mis_use_of_arguments"/>
    <testcase time="0.00100000000000477" classname="ds.glmerSLMA_arg_testing" name="simple_glmerSLMA_tesing_mis_use_of_arguments"/>
    <testcase time="0.000999999999976353" classname="ds.glmerSLMA_arg_testing" name="simple_glmerSLMA_tesing_mis_use_of_arguments"/>
    <testcase time="0.00100000000000477" classname="ds.glmerSLMA_arg_testing" name="simple_glmerSLMA_tesing_mis_use_of_arguments"/>
    <testcase time="0.00499999999999545" classname="ds.glmerSLMA_arg_testing" name="simple_glmerSLMA_tesing_mis_use_of_arguments"/>
  </testsuite>
  <testsuite name="ds.glmerSLMA::arg::shutdown" timestamp="2026-02-21T16:28:16Z" hostname="runnervmwffz4" tests="3" skipped="0" failures="0" errors="0" time="0.05">
    <testcase time="0.0470000000000255" classname="ds.glmerSLMA_arg_shutdown" name="setup"/>
    <testcase time="0.000999999999976353" classname="ds.glmerSLMA_arg_shutdown" name="setup"/>
    <testcase time="0.00200000000000955" classname="ds.glmerSLMA_arg_shutdown" name="setup"/>
  </testsuite>
  <testsuite name="ds.glmerSLMA::arg::done" timestamp="2026-02-21T16:28:16Z" hostname="runnervmwffz4" tests="0" skipped="0" failures="0" errors="0" time="0"/>
  <testsuite name="arg-ds.glmPredict" timestamp="2026-02-21T16:28:16Z" hostname="runnervmwffz4" tests="0" skipped="0" failures="0" errors="0" time="0"/>
  <testsuite name="ds.glmPredict::arg::test _glmname_ arg is correct object" timestamp="2026-02-21T16:28:23Z" hostname="runnervmwffz4" tests="2" skipped="0" failures="0" errors="0" time="7.302">
    <testcase time="7.245" classname="ds.glmPredict_arg_test__glmname__arg_is_correct_object" name="glmPredict_errors"/>
    <testcase time="0.0569999999999879" classname="ds.glmPredict_arg_test__glmname__arg_is_correct_object" name="glmPredict_errors"/>
  </testsuite>
  <testsuite name="ds.glmPredict::arg::setting up glm obj for further testing" timestamp="2026-02-21T16:28:23Z" hostname="runnervmwffz4" tests="4" skipped="0" failures="0" errors="0" time="0.44">
    <testcase time="0.435000000000002" classname="ds.glmPredict_arg_setting_up_glm_obj_for_further_testing" name="glmPredict_errors"/>
    <testcase time="0.00200000000000955" classname="ds.glmPredict_arg_setting_up_glm_obj_for_further_testing" name="glmPredict_errors"/>
    <testcase time="0.00100000000000477" classname="ds.glmPredict_arg_setting_up_glm_obj_for_further_testing" name="glmPredict_errors"/>
    <testcase time="0.00199999999998113" classname="ds.glmPredict_arg_setting_up_glm_obj_for_further_testing" name="glmPredict_errors"/>
  </testsuite>
  <testsuite name="ds.glmPredict::arg::test _newdataname_ arg is correct object" timestamp="2026-02-21T16:28:23Z" hostname="runnervmwffz4" tests="4" skipped="0" failures="0" errors="0" time="0.137">
    <testcase time="0.131" classname="ds.glmPredict_arg_test__newdataname__arg_is_correct_object" name="glmPredict_errors"/>
    <testcase time="0.00200000000000955" classname="ds.glmPredict_arg_test__newdataname__arg_is_correct_object" name="glmPredict_errors"/>
    <testcase time="0.00100000000000477" classname="ds.glmPredict_arg_test__newdataname__arg_is_correct_object" name="glmPredict_errors"/>
    <testcase time="0.0029999999999859" classname="ds.glmPredict_arg_test__newdataname__arg_is_correct_object" name="glmPredict_errors"/>
  </testsuite>
  <testsuite name="ds.glmPredict::arg::test _output.type_ arg is correct object" timestamp="2026-02-21T16:28:24Z" hostname="runnervmwffz4" tests="2" skipped="0" failures="0" errors="0" time="0.11">
    <testcase time="0.0600000000000023" classname="ds.glmPredict_arg_test__output.type__arg_is_correct_object" name="glmPredict_errors"/>
    <testcase time="0.0500000000000114" classname="ds.glmPredict_arg_test__output.type__arg_is_correct_object" name="glmPredict_errors"/>
  </testsuite>
  <testsuite name="ds.glmPredict::arg::test _se.fit_ arg is correct object" timestamp="2026-02-21T16:28:24Z" hostname="runnervmwffz4" tests="4" skipped="0" failures="0" errors="0" time="0.131">
    <testcase time="0.121000000000009" classname="ds.glmPredict_arg_test__se.fit__arg_is_correct_object" name="glmPredict_errors"/>
    <testcase time="0.000999999999976353" classname="ds.glmPredict_arg_test__se.fit__arg_is_correct_object" name="glmPredict_errors"/>
    <testcase time="0.00200000000000955" classname="ds.glmPredict_arg_test__se.fit__arg_is_correct_object" name="glmPredict_errors"/>
    <testcase time="0.007000000000005" classname="ds.glmPredict_arg_test__se.fit__arg_is_correct_object" name="glmPredict_errors"/>
  </testsuite>
  <testsuite name="ds.glmPredict::arg::test _terms_ arg is correct object" timestamp="2026-02-21T16:28:24Z" hostname="runnervmwffz4" tests="1" skipped="0" failures="0" errors="0" time="0.123">
    <testcase time="0.12299999999999" classname="ds.glmPredict_arg_test__terms__arg_is_correct_object" name="glmPredict_errors"/>
  </testsuite>
  <testsuite name="ds.glmPredict::arg::test _na.action_ arg is correct object" timestamp="2026-02-21T16:28:24Z" hostname="runnervmwffz4" tests="1" skipped="0" failures="0" errors="0" time="0.053">
    <testcase time="0.0529999999999973" classname="ds.glmPredict_arg_test__na.action__arg_is_correct_object" name="glmPredict_errors"/>
  </testsuite>
  <testsuite name="arg-ds.glmSLMA" timestamp="2026-02-21T16:28:24Z" hostname="runnervmwffz4" tests="0" skipped="0" failures="0" errors="0" time="0"/>
  <testsuite name="ds.glmSLMA::arg::test errors" timestamp="2026-02-21T16:28:31Z" hostname="runnervmwffz4" tests="6" skipped="0" failures="0" errors="0" time="7.248">
    <testcase time="7.154" classname="ds.glmSLMA_arg_test_errors" name="glmSLMA_errors"/>
    <testcase time="0.0880000000000223" classname="ds.glmSLMA_arg_test_errors" name="glmSLMA_errors"/>
    <testcase time="0.00199999999998113" classname="ds.glmSLMA_arg_test_errors" name="glmSLMA_errors"/>
    <testcase time="0.00100000000000477" classname="ds.glmSLMA_arg_test_errors" name="glmSLMA_errors"/>
    <testcase time="0.00100000000000477" classname="ds.glmSLMA_arg_test_errors" name="glmSLMA_errors"/>
    <testcase time="0.00200000000000955" classname="ds.glmSLMA_arg_test_errors" name="glmSLMA_errors"/>
  </testsuite>
  <testsuite name="arg-ds.isNA" timestamp="2026-02-21T16:28:31Z" hostname="runnervmwffz4" tests="0" skipped="0" failures="0" errors="0" time="0"/>
  <testsuite name="ds.isNA::arg::errors" timestamp="2026-02-21T16:28:38Z" hostname="runnervmwffz4" tests="1" skipped="0" failures="0" errors="0" time="7.077">
    <testcase time="7.077" classname="ds.isNA_arg_errors" name="isNA_errors"/>
  </testsuite>
  <testsuite name="arg-ds.isValid" timestamp="2026-02-21T16:28:39Z" hostname="runnervmwffz4" tests="0" skipped="0" failures="0" errors="0" time="0"/>
  <testsuite name="ds.isValid::arg::errors" timestamp="2026-02-21T16:28:45Z" hostname="runnervmwffz4" tests="2" skipped="0" failures="0" errors="0" time="7.152">
    <testcase time="7.10599999999999" classname="ds.isValid_arg_errors" name="isValid_errors"/>
    <testcase time="0.0459999999999923" classname="ds.isValid_arg_errors" name="isValid_errors"/>
  </testsuite>
  <testsuite name="arg-ds.kurtosis" timestamp="2026-02-21T16:28:46Z" hostname="runnervmwffz4" tests="0" skipped="0" failures="0" errors="0" time="0"/>
  <testsuite name="ds.kurtosis::arg::setup" timestamp="2026-02-21T16:28:46Z" hostname="runnervmwffz4" tests="3" skipped="0" failures="0" errors="0" time="7.121">
    <testcase time="7.11799999999999" classname="ds.kurtosis_arg_setup" name="setup"/>
    <testcase time="0.00200000000000955" classname="ds.kurtosis_arg_setup" name="setup"/>
    <testcase time="0.000999999999976353" classname="ds.kurtosis_arg_setup" name="setup"/>
  </testsuite>
  <testsuite name="ds.kurtosis::arg::test errors" timestamp="2026-02-21T16:28:53Z" hostname="runnervmwffz4" tests="4" skipped="0" failures="0" errors="0" time="0.024">
    <testcase time="0.0100000000000477" classname="ds.kurtosis_arg_test_errors" name="kurtosis_erros"/>
    <testcase time="0.00499999999999545" classname="ds.kurtosis_arg_test_errors" name="kurtosis_erros"/>
    <testcase time="0.00499999999999545" classname="ds.kurtosis_arg_test_errors" name="kurtosis_erros"/>
    <testcase time="0.00399999999996226" classname="ds.kurtosis_arg_test_errors" name="kurtosis_erros"/>
  </testsuite>
  <testsuite name="ds.kurtosis::arg::shutdown" timestamp="2026-02-21T16:28:53Z" hostname="runnervmwffz4" tests="3" skipped="0" failures="0" errors="0" time="0.062">
    <testcase time="0.0580000000000496" classname="ds.kurtosis_arg_shutdown" name="shutdown"/>
    <testcase time="0.00199999999995271" classname="ds.kurtosis_arg_shutdown" name="shutdown"/>
    <testcase time="0.00200000000000955" classname="ds.kurtosis_arg_shutdown" name="shutdown"/>
  </testsuite>
  <testsuite name="ds.kurtosis::arg::done" timestamp="2026-02-21T16:28:53Z" hostname="runnervmwffz4" tests="0" skipped="0" failures="0" errors="0" time="0"/>
  <testsuite name="arg-ds.length" timestamp="2026-02-21T16:28:53Z" hostname="runnervmwffz4" tests="0" skipped="0" failures="0" errors="0" time="0"/>
  <testsuite name="ds.length::arg::test errors" timestamp="2026-02-21T16:29:00Z" hostname="runnervmwffz4" tests="5" skipped="0" failures="0" errors="0" time="7.572">
    <testcase time="7.41300000000001" classname="ds.length_arg_test_errors" name="length_erros"/>
    <testcase time="0.0040000000000191" classname="ds.length_arg_test_errors" name="length_erros"/>
    <testcase time="0.00499999999999545" classname="ds.length_arg_test_errors" name="length_erros"/>
    <testcase time="0.0740000000000123" classname="ds.length_arg_test_errors" name="length_erros"/>
    <testcase time="0.075999999999965" classname="ds.length_arg_test_errors" name="length_erros"/>
  </testsuite>
  <testsuite name="arg-ds.levels" timestamp="2026-02-21T16:29:00Z" hostname="runnervmwffz4" tests="0" skipped="0" failures="0" errors="0" time="0"/>
  <testsuite name="ds.levels::arg" timestamp="2026-02-21T16:29:07Z" hostname="runnervmwffz4" tests="2" skipped="0" failures="0" errors="0" time="7.108">
    <testcase time="7.05900000000003" classname="ds.levels_arg" name="simple_levels"/>
    <testcase time="0.0489999999999782" classname="ds.levels_arg" name="simple_levels"/>
  </testsuite>
  <testsuite name="arg-ds.lexis" timestamp="2026-02-21T16:29:08Z" hostname="runnervmwffz4" tests="0" skipped="0" failures="0" errors="0" time="0"/>
  <testsuite name="ds.lexis::arg::test errors" timestamp="2026-02-21T16:29:15Z" hostname="runnervmwffz4" tests="1" skipped="0" failures="0" errors="0" time="7.228">
    <testcase time="7.22800000000001" classname="ds.lexis_arg_test_errors" name="lexis_erros"/>
  </testsuite>
  <testsuite name="ds.lexis::arg::test intervalWidth" timestamp="2026-02-21T16:29:15Z" hostname="runnervmwffz4" tests="6" skipped="0" failures="0" errors="0" time="0.033">
    <testcase time="0.00900000000001455" classname="ds.lexis_arg_test_intervalWidth" name="simple_lexis"/>
    <testcase time="0.00399999999996226" classname="ds.lexis_arg_test_intervalWidth" name="simple_lexis"/>
    <testcase time="0.00499999999999545" classname="ds.lexis_arg_test_intervalWidth" name="simple_lexis"/>
    <testcase time="0.0050000000000523" classname="ds.lexis_arg_test_intervalWidth" name="simple_lexis"/>
    <testcase time="0.00499999999999545" classname="ds.lexis_arg_test_intervalWidth" name="simple_lexis"/>
    <testcase time="0.00499999999999545" classname="ds.lexis_arg_test_intervalWidth" name="simple_lexis"/>
  </testsuite>
  <testsuite name="arg-ds.list" timestamp="2026-02-21T16:29:15Z" hostname="runnervmwffz4" tests="0" skipped="0" failures="0" errors="0" time="0"/>
  <testsuite name="ds.list::arg::test errors" timestamp="2026-02-21T16:29:22Z" hostname="runnervmwffz4" tests="1" skipped="0" failures="0" errors="0" time="7.026">
    <testcase time="7.02600000000001" classname="ds.list_arg_test_errors" name="simple_ds.list_errors"/>
  </testsuite>
  <testsuite name="arg-ds.lmerSLMA" timestamp="2026-02-21T16:29:22Z" hostname="runnervmwffz4" tests="0" skipped="0" failures="0" errors="0" time="0"/>
  <testsuite name="ds.lmerSLMA::arg::setup" timestamp="2026-02-21T16:29:22Z" hostname="runnervmwffz4" tests="3" skipped="0" failures="0" errors="0" time="7.164">
    <testcase time="7.16099999999994" classname="ds.lmerSLMA_arg_setup" name="setup"/>
    <testcase time="0.0010000000000332" classname="ds.lmerSLMA_arg_setup" name="setup"/>
    <testcase time="0.00200000000000955" classname="ds.lmerSLMA_arg_setup" name="setup"/>
  </testsuite>
  <testsuite name="ds.lmerSLMA::arg" timestamp="2026-02-21T16:29:29Z" hostname="runnervmwffz4" tests="8" skipped="0" failures="0" errors="0" time="0.367">
    <testcase time="0.168000000000006" classname="ds.lmerSLMA_arg" name="simple_lmerSLMA_tesing_mis_use_of_arguments"/>
    <testcase time="0.129999999999995" classname="ds.lmerSLMA_arg" name="simple_lmerSLMA_tesing_mis_use_of_arguments"/>
    <testcase time="0.000999999999976353" classname="ds.lmerSLMA_arg" name="simple_lmerSLMA_tesing_mis_use_of_arguments"/>
    <testcase time="0.00200000000000955" classname="ds.lmerSLMA_arg" name="simple_lmerSLMA_tesing_mis_use_of_arguments"/>
    <testcase time="0.000999999999976353" classname="ds.lmerSLMA_arg" name="simple_lmerSLMA_tesing_mis_use_of_arguments"/>
    <testcase time="0.0010000000000332" classname="ds.lmerSLMA_arg" name="simple_lmerSLMA_tesing_mis_use_of_arguments"/>
    <testcase time="0.0550000000000068" classname="ds.lmerSLMA_arg" name="simple_lmerSLMA_tesing_mis_use_of_arguments"/>
    <testcase time="0.00899999999995771" classname="ds.lmerSLMA_arg" name="simple_lmerSLMA_tesing_mis_use_of_arguments"/>
  </testsuite>
  <testsuite name="ds.lmerSLMA::arg::shutdown" timestamp="2026-02-21T16:29:29Z" hostname="runnervmwffz4" tests="3" skipped="0" failures="0" errors="0" time="0.058">
    <testcase time="0.0550000000000068" classname="ds.lmerSLMA_arg_shutdown" name="shutdown"/>
    <testcase time="0.0010000000000332" classname="ds.lmerSLMA_arg_shutdown" name="shutdown"/>
    <testcase time="0.00200000000000955" classname="ds.lmerSLMA_arg_shutdown" name="shutdown"/>
  </testsuite>
  <testsuite name="ds.lmerSLMA::arg::done" timestamp="2026-02-21T16:29:29Z" hostname="runnervmwffz4" tests="0" skipped="0" failures="0" errors="0" time="0"/>
  <testsuite name="arg-ds.log" timestamp="2026-02-21T16:29:29Z" hostname="runnervmwffz4" tests="0" skipped="0" failures="0" errors="0" time="0"/>
  <testsuite name="ds.log::arg::test errors" timestamp="2026-02-21T16:29:36Z" hostname="runnervmwffz4" tests="1" skipped="0" failures="0" errors="0" time="7.177">
    <testcase time="7.17699999999996" classname="ds.log_arg_test_errors" name="log_erros"/>
  </testsuite>
  <testsuite name="arg-ds.look" timestamp="2026-02-21T16:29:37Z" hostname="runnervmwffz4" tests="0" skipped="0" failures="0" errors="0" time="0"/>
  <testsuite name="ds.look::arg::test errors" timestamp="2026-02-21T16:29:44Z" hostname="runnervmwffz4" tests="1" skipped="0" failures="0" errors="0" time="7.219">
    <testcase time="7.21899999999999" classname="ds.look_arg_test_errors" name="look_erros"/>
  </testsuite>
  <testsuite name="arg-ds.ls" timestamp="2026-02-21T16:29:44Z" hostname="runnervmwffz4" tests="0" skipped="0" failures="0" errors="0" time="0"/>
  <testsuite name="ds.ls::arg::setup" timestamp="2026-02-21T16:29:44Z" hostname="runnervmwffz4" tests="3" skipped="0" failures="0" errors="0" time="7.337">
    <testcase time="7.334" classname="ds.ls_arg_setup" name="setup"/>
    <testcase time="0.00200000000000955" classname="ds.ls_arg_setup" name="setup"/>
    <testcase time="0.000999999999976353" classname="ds.ls_arg_setup" name="setup"/>
  </testsuite>
  <testsuite name="ds.ls::arg" timestamp="2026-02-21T16:29:51Z" hostname="runnervmwffz4" tests="6" skipped="0" failures="0" errors="0" time="0.012">
    <testcase time="0.0050000000000523" classname="ds.ls_arg" name="containing_escape_sequence"/>
    <testcase time="0.00199999999995271" classname="ds.ls_arg" name="containing_escape_sequence"/>
    <testcase time="0.0010000000000332" classname="ds.ls_arg" name="containing_escape_sequence"/>
    <testcase time="0.000999999999976353" classname="ds.ls_arg" name="containing_escape_sequence"/>
    <testcase time="0.00200000000000955" classname="ds.ls_arg" name="containing_escape_sequence"/>
    <testcase time="0.000999999999976353" classname="ds.ls_arg" name="containing_escape_sequence"/>
  </testsuite>
  <testsuite name="ds.ls::arg::shutdown" timestamp="2026-02-21T16:29:51Z" hostname="runnervmwffz4" tests="3" skipped="0" failures="0" errors="0" time="0.052">
    <testcase time="0.049000000000035" classname="ds.ls_arg_shutdown" name="shutdown"/>
    <testcase time="0.00200000000000955" classname="ds.ls_arg_shutdown" name="shutdown"/>
    <testcase time="0.000999999999976353" classname="ds.ls_arg_shutdown" name="shutdown"/>
  </testsuite>
  <testsuite name="ds.ls::arg::done" timestamp="2026-02-21T16:29:51Z" hostname="runnervmwffz4" tests="0" skipped="0" failures="0" errors="0" time="0"/>
  <testsuite name="arg-ds.make" timestamp="2026-02-21T16:29:51Z" hostname="runnervmwffz4" tests="0" skipped="0" failures="0" errors="0" time="0"/>
  <testsuite name="ds.make::arg::test errors" timestamp="2026-02-21T16:29:59Z" hostname="runnervmwffz4" tests="1" skipped="0" failures="0" errors="0" time="7.573">
    <testcase time="7.57299999999998" classname="ds.make_arg_test_errors" name="make_erros"/>
  </testsuite>
  <testsuite name="arg-ds.matrix" timestamp="2026-02-21T16:29:59Z" hostname="runnervmwffz4" tests="0" skipped="0" failures="0" errors="0" time="0"/>
  <testsuite name="ds.matrix::arg::test errors" timestamp="2026-02-21T16:30:06Z" hostname="runnervmwffz4" tests="1" skipped="0" failures="0" errors="0" time="7.515">
    <testcase time="7.51499999999999" classname="ds.matrix_arg_test_errors" name="matrix_erros"/>
  </testsuite>
  <testsuite name="arg-ds.matrixDet" timestamp="2026-02-21T16:30:06Z" hostname="runnervmwffz4" tests="0" skipped="0" failures="0" errors="0" time="0"/>
  <testsuite name="ds.matrixDet::arg::test errors" timestamp="2026-02-21T16:30:14Z" hostname="runnervmwffz4" tests="1" skipped="0" failures="0" errors="0" time="7.462">
    <testcase time="7.46199999999999" classname="ds.matrixDet_arg_test_errors" name="matrixDet_erros"/>
  </testsuite>
  <testsuite name="arg-ds.matrixDet.report" timestamp="2026-02-21T16:30:14Z" hostname="runnervmwffz4" tests="0" skipped="0" failures="0" errors="0" time="0"/>
  <testsuite name="ds.matrixDet.report::arg::test errors" timestamp="2026-02-21T16:30:21Z" hostname="runnervmwffz4" tests="1" skipped="0" failures="0" errors="0" time="7.198">
    <testcase time="7.19800000000004" classname="ds.matrixDet.report_arg_test_errors" name="ds.matixDet.report_erros"/>
  </testsuite>
  <testsuite name="arg-ds.matrixDiag" timestamp="2026-02-21T16:30:21Z" hostname="runnervmwffz4" tests="0" skipped="0" failures="0" errors="0" time="0"/>
  <testsuite name="ds.matrixDiag::arg::test errors" timestamp="2026-02-21T16:30:28Z" hostname="runnervmwffz4" tests="2" skipped="0" failures="0" errors="0" time="7.14">
    <testcase time="7.13900000000001" classname="ds.matrixDiag_arg_test_errors" name="matrixDiag_erros"/>
    <testcase time="0.000999999999976353" classname="ds.matrixDiag_arg_test_errors" name="matrixDiag_erros"/>
  </testsuite>
  <testsuite name="arg-ds.matrixDimnames" timestamp="2026-02-21T16:30:28Z" hostname="runnervmwffz4" tests="0" skipped="0" failures="0" errors="0" time="0"/>
  <testsuite name="ds.matrixDimnames::arg::test errors" timestamp="2026-02-21T16:30:35Z" hostname="runnervmwffz4" tests="1" skipped="0" failures="0" errors="0" time="7.279">
    <testcase time="7.279" classname="ds.matrixDimnames_arg_test_errors" name="matrixDimnames_erros"/>
  </testsuite>
  <testsuite name="arg-ds.matrixInvert" timestamp="2026-02-21T16:30:35Z" hostname="runnervmwffz4" tests="0" skipped="0" failures="0" errors="0" time="0"/>
  <testsuite name="ds.matrixInvert::arg::test errors" timestamp="2026-02-21T16:30:42Z" hostname="runnervmwffz4" tests="1" skipped="0" failures="0" errors="0" time="7.261">
    <testcase time="7.26100000000002" classname="ds.matrixInvert_arg_test_errors" name="matrixInvert_erros"/>
  </testsuite>
  <testsuite name="arg-ds.matrixMult" timestamp="2026-02-21T16:30:43Z" hostname="runnervmwffz4" tests="0" skipped="0" failures="0" errors="0" time="0"/>
  <testsuite name="ds.matrixMult::arg::test errors" timestamp="2026-02-21T16:30:50Z" hostname="runnervmwffz4" tests="1" skipped="0" failures="0" errors="0" time="7.183">
    <testcase time="7.18299999999999" classname="ds.matrixMult_arg_test_errors" name="matrixMult_erros"/>
  </testsuite>
  <testsuite name="arg-ds.matrixTranspose" timestamp="2026-02-21T16:30:50Z" hostname="runnervmwffz4" tests="0" skipped="0" failures="0" errors="0" time="0"/>
  <testsuite name="ds.matrixTranspose::arg::test errors" timestamp="2026-02-21T16:30:57Z" hostname="runnervmwffz4" tests="1" skipped="0" failures="0" errors="0" time="7.091">
    <testcase time="7.09100000000001" classname="ds.matrixTranspose_arg_test_errors" name="matrixTranspose_erros"/>
  </testsuite>
  <testsuite name="arg-ds.mean" timestamp="2026-02-21T16:30:57Z" hostname="runnervmwffz4" tests="0" skipped="0" failures="0" errors="0" time="0"/>
  <testsuite name="ds.mean::arg::test errors" timestamp="2026-02-21T16:31:04Z" hostname="runnervmwffz4" tests="3" skipped="0" failures="0" errors="0" time="7.361">
    <testcase time="7.26799999999997" classname="ds.mean_arg_test_errors" name="mean_erros"/>
    <testcase time="0.00499999999999545" classname="ds.mean_arg_test_errors" name="mean_erros"/>
    <testcase time="0.0880000000000223" classname="ds.mean_arg_test_errors" name="mean_erros"/>
  </testsuite>
  <testsuite name="arg-ds.meanByClass" timestamp="2026-02-21T16:31:04Z" hostname="runnervmwffz4" tests="0" skipped="0" failures="0" errors="0" time="0"/>
  <testsuite name="ds.meanByClass::arg::test errors" timestamp="2026-02-21T16:31:11Z" hostname="runnervmwffz4" tests="4" skipped="0" failures="0" errors="0" time="7.979">
    <testcase time="7.71199999999999" classname="ds.meanByClass_arg_test_errors" name="meanByClass_erros"/>
    <testcase time="0.112000000000023" classname="ds.meanByClass_arg_test_errors" name="meanByClass_erros"/>
    <testcase time="0.149000000000001" classname="ds.meanByClass_arg_test_errors" name="meanByClass_erros"/>
    <testcase time="0.00599999999997181" classname="ds.meanByClass_arg_test_errors" name="meanByClass_erros"/>
  </testsuite>
  <testsuite name="arg-ds.meanSdGp" timestamp="2026-02-21T16:31:12Z" hostname="runnervmwffz4" tests="0" skipped="0" failures="0" errors="0" time="0"/>
  <testsuite name="ds.meanSdGp::arg::test errors" timestamp="2026-02-21T16:31:19Z" hostname="runnervmwffz4" tests="1" skipped="0" failures="0" errors="0" time="7.193">
    <testcase time="7.19299999999998" classname="ds.meanSdGp_arg_test_errors" name="meanSdGp_erros"/>
  </testsuite>
  <testsuite name="arg-ds.merge" timestamp="2026-02-21T16:31:19Z" hostname="runnervmwffz4" tests="0" skipped="0" failures="0" errors="0" time="0"/>
  <testsuite name="ds.merge::arg::test errors" timestamp="2026-02-21T16:31:26Z" hostname="runnervmwffz4" tests="5" skipped="0" failures="0" errors="0" time="7.394">
    <testcase time="7.14000000000004" classname="ds.merge_arg_test_errors" name="merge_erros"/>
    <testcase time="0.00499999999999545" classname="ds.merge_arg_test_errors" name="merge_erros"/>
    <testcase time="0.0840000000000032" classname="ds.merge_arg_test_errors" name="merge_erros"/>
    <testcase time="0.08299999999997" classname="ds.merge_arg_test_errors" name="merge_erros"/>
    <testcase time="0.0819999999999936" classname="ds.merge_arg_test_errors" name="merge_erros"/>
  </testsuite>
  <testsuite name="arg-ds.message" timestamp="2026-02-21T16:31:27Z" hostname="runnervmwffz4" tests="0" skipped="0" failures="0" errors="0" time="0"/>
  <testsuite name="ds.message::arg" timestamp="2026-02-21T16:31:34Z" hostname="runnervmwffz4" tests="1" skipped="0" failures="0" errors="0" time="7.332">
    <testcase time="7.33199999999999" classname="ds.message_arg" name="request_message_for_NULL"/>
  </testsuite>
  <testsuite name="arg-ds.metadata" timestamp="2026-02-21T16:31:34Z" hostname="runnervmwffz4" tests="0" skipped="0" failures="0" errors="0" time="0"/>
  <testsuite name="ds.metadata::arg::setup" timestamp="2026-02-21T16:31:34Z" hostname="runnervmwffz4" tests="3" skipped="0" failures="0" errors="0" time="7.293">
    <testcase time="7.29000000000002" classname="ds.metadata_arg_setup" name="setup"/>
    <testcase time="0.00200000000000955" classname="ds.metadata_arg_setup" name="setup"/>
    <testcase time="0.000999999999976353" classname="ds.metadata_arg_setup" name="setup"/>
  </testsuite>
  <testsuite name="ds.metadata::arg" timestamp="2026-02-21T16:31:41Z" hostname="runnervmwffz4" tests="2" skipped="0" failures="0" errors="0" time="0.097">
    <testcase time="0.049000000000035" classname="ds.metadata_arg" name="missing_variable"/>
    <testcase time="0.0480000000000018" classname="ds.metadata_arg" name="missing_column"/>
  </testsuite>
  <testsuite name="ds.metadata::arg::shutdown" timestamp="2026-02-21T16:31:41Z" hostname="runnervmwffz4" tests="3" skipped="0" failures="0" errors="0" time="0.048">
    <testcase time="0.0459999999999923" classname="ds.metadata_arg_shutdown" name="shutdown"/>
    <testcase time="0.0010000000000332" classname="ds.metadata_arg_shutdown" name="shutdown"/>
    <testcase time="0.000999999999976353" classname="ds.metadata_arg_shutdown" name="shutdown"/>
  </testsuite>
  <testsuite name="ds.metadata::arg::done" timestamp="2026-02-21T16:31:42Z" hostname="runnervmwffz4" tests="0" skipped="0" failures="0" errors="0" time="0"/>
  <testsuite name="arg-ds.mice" timestamp="2026-02-21T16:31:42Z" hostname="runnervmwffz4" tests="0" skipped="0" failures="0" errors="0" time="0"/>
  <testsuite name="ds.mice::arg::test errors" timestamp="2026-02-21T16:31:49Z" hostname="runnervmwffz4" tests="1" skipped="0" failures="0" errors="0" time="7.137">
    <testcase time="7.137" classname="ds.mice_arg_test_errors" name="mice_errors"/>
  </testsuite>
  <testsuite name="arg-ds.names" timestamp="2026-02-21T16:31:49Z" hostname="runnervmwffz4" tests="0" skipped="0" failures="0" errors="0" time="0"/>
  <testsuite name="ds.names::arg::test errors" timestamp="2026-02-21T16:31:56Z" hostname="runnervmwffz4" tests="7" skipped="0" failures="0" errors="0" time="7.378">
    <testcase time="7.23599999999999" classname="ds.names_arg_test_errors" name="simple_ds.names_errors"/>
    <testcase time="0.0010000000000332" classname="ds.names_arg_test_errors" name="simple_ds.names_errors"/>
    <testcase time="0.134999999999991" classname="ds.names_arg_test_errors" name="simple_ds.names_errors"/>
    <testcase time="0.00200000000000955" classname="ds.names_arg_test_errors" name="simple_ds.names_errors"/>
    <testcase time="0.00199999999995271" classname="ds.names_arg_test_errors" name="simple_ds.names_errors"/>
    <testcase time="0.0010000000000332" classname="ds.names_arg_test_errors" name="simple_ds.names_errors"/>
    <testcase time="0.000999999999976353" classname="ds.names_arg_test_errors" name="simple_ds.names_errors"/>
  </testsuite>
  <testsuite name="arg-ds.ns" timestamp="2026-02-21T16:31:56Z" hostname="runnervmwffz4" tests="0" skipped="0" failures="0" errors="0" time="0"/>
  <testsuite name="ds.ns::arg::setup" timestamp="2026-02-21T16:31:56Z" hostname="runnervmwffz4" tests="3" skipped="0" failures="0" errors="0" time="7.247">
    <testcase time="7.24399999999997" classname="ds.ns_arg_setup" name="setup"/>
    <testcase time="0.00200000000000955" classname="ds.ns_arg_setup" name="setup"/>
    <testcase time="0.000999999999976353" classname="ds.ns_arg_setup" name="setup"/>
  </testsuite>
  <testsuite name="ds.ns::arg::test errors" timestamp="2026-02-21T16:32:03Z" hostname="runnervmwffz4" tests="2" skipped="0" failures="0" errors="0" time="0.014">
    <testcase time="0.00900000000001455" classname="ds.ns_arg_test_errors" name="ns_errors"/>
    <testcase time="0.00499999999999545" classname="ds.ns_arg_test_errors" name="ns_errors"/>
  </testsuite>
  <testsuite name="ds.ns::arg::shutdown" timestamp="2026-02-21T16:32:03Z" hostname="runnervmwffz4" tests="3" skipped="0" failures="0" errors="0" time="0.06">
    <testcase time="0.0550000000000068" classname="ds.ns_arg_shutdown" name="shutdown"/>
    <testcase time="0.00200000000000955" classname="ds.ns_arg_shutdown" name="shutdown"/>
    <testcase time="0.0029999999999859" classname="ds.ns_arg_shutdown" name="shutdown"/>
  </testsuite>
  <testsuite name="ds.ns::arg::done" timestamp="2026-02-21T16:32:04Z" hostname="runnervmwffz4" tests="0" skipped="0" failures="0" errors="0" time="0"/>
  <testsuite name="arg-ds.numNA" timestamp="2026-02-21T16:32:04Z" hostname="runnervmwffz4" tests="0" skipped="0" failures="0" errors="0" time="0"/>
  <testsuite name="ds.numNA::arg::test errors" timestamp="2026-02-21T16:32:11Z" hostname="runnervmwffz4" tests="1" skipped="0" failures="0" errors="0" time="7.199">
    <testcase time="7.19900000000001" classname="ds.numNA_arg_test_errors" name="simple_ds.numNA_errors"/>
  </testsuite>
  <testsuite name="arg-ds.qlspline" timestamp="2026-02-21T16:32:11Z" hostname="runnervmwffz4" tests="0" skipped="0" failures="0" errors="0" time="0"/>
  <testsuite name="ds.qlspline::arg::setup" timestamp="2026-02-21T16:32:11Z" hostname="runnervmwffz4" tests="3" skipped="0" failures="0" errors="0" time="7.51">
    <testcase time="7.50599999999997" classname="ds.qlspline_arg_setup" name="setup"/>
    <testcase time="0.00200000000000955" classname="ds.qlspline_arg_setup" name="setup"/>
    <testcase time="0.00200000000000955" classname="ds.qlspline_arg_setup" name="setup"/>
  </testsuite>
  <testsuite name="ds.qlspline::arg::test errors" timestamp="2026-02-21T16:32:18Z" hostname="runnervmwffz4" tests="4" skipped="0" failures="0" errors="0" time="0.11">
    <testcase time="0.00900000000001455" classname="ds.qlspline_arg_test_errors" name="qlspline_errors"/>
    <testcase time="0.00499999999999545" classname="ds.qlspline_arg_test_errors" name="qlspline_errors"/>
    <testcase time="0.0480000000000018" classname="ds.qlspline_arg_test_errors" name="qlspline_errors"/>
    <testcase time="0.0480000000000018" classname="ds.qlspline_arg_test_errors" name="qlspline_errors"/>
  </testsuite>
  <testsuite name="ds.qlspline::arg::shutdown" timestamp="2026-02-21T16:32:18Z" hostname="runnervmwffz4" tests="3" skipped="0" failures="0" errors="0" time="0.051">
    <testcase time="0.0489999999999782" classname="ds.qlspline_arg_shutdown" name="shutdown"/>
    <testcase time="0.0010000000000332" classname="ds.qlspline_arg_shutdown" name="shutdown"/>
    <testcase time="0.000999999999976353" classname="ds.qlspline_arg_shutdown" name="shutdown"/>
  </testsuite>
  <testsuite name="ds.qlspline::arg::done" timestamp="2026-02-21T16:32:18Z" hostname="runnervmwffz4" tests="0" skipped="0" failures="0" errors="0" time="0"/>
  <testsuite name="arg-ds.quantileMean" timestamp="2026-02-21T16:32:18Z" hostname="runnervmwffz4" tests="0" skipped="0" failures="0" errors="0" time="0"/>
  <testsuite name="ds.quantileMean::arg::test errors" timestamp="2026-02-21T16:32:26Z" hostname="runnervmwffz4" tests="3" skipped="0" failures="0" errors="0" time="7.791">
    <testcase time="7.70999999999998" classname="ds.quantileMean_arg_test_errors" name="quantileMean_erros"/>
    <testcase time="0.0050000000000523" classname="ds.quantileMean_arg_test_errors" name="quantileMean_erros"/>
    <testcase time="0.075999999999965" classname="ds.quantileMean_arg_test_errors" name="quantileMean_erros"/>
  </testsuite>
  <testsuite name="arg-ds.ranksSecure" timestamp="2026-02-21T16:32:26Z" hostname="runnervmwffz4" tests="0" skipped="0" failures="0" errors="0" time="0"/>
  <testsuite name="ds.ranksSecure::arg::setup" timestamp="2026-02-21T16:32:26Z" hostname="runnervmwffz4" tests="3" skipped="0" failures="0" errors="0" time="7.812">
    <testcase time="7.80900000000003" classname="ds.ranksSecure_arg_setup" name="setup"/>
    <testcase time="0.00200000000000955" classname="ds.ranksSecure_arg_setup" name="setup"/>
    <testcase time="0.000999999999976353" classname="ds.ranksSecure_arg_setup" name="setup"/>
  </testsuite>
  <testsuite name="ds.ranksSecure::arg::missing variable" timestamp="2026-02-21T16:32:34Z" hostname="runnervmwffz4" tests="5" skipped="0" failures="0" errors="0" time="0.127">
    <testcase time="0.122000000000014" classname="ds.ranksSecure_arg_missing_variable" name="missing_variable"/>
    <testcase time="0.000999999999976353" classname="ds.ranksSecure_arg_missing_variable" name="missing_variable"/>
    <testcase time="0.0010000000000332" classname="ds.ranksSecure_arg_missing_variable" name="missing_variable"/>
    <testcase time="0.00199999999995271" classname="ds.ranksSecure_arg_missing_variable" name="missing_variable"/>
    <testcase time="0.0010000000000332" classname="ds.ranksSecure_arg_missing_variable" name="missing_variable"/>
  </testsuite>
  <testsuite name="ds.ranksSecure::arg::NULL variable" timestamp="2026-02-21T16:32:34Z" hostname="runnervmwffz4" tests="9" skipped="0" failures="0" errors="0" time="0.559">
    <testcase time="0.152999999999963" classname="ds.ranksSecure_arg_NULL_variable" name="NULL_variable"/>
    <testcase time="0.00200000000000955" classname="ds.ranksSecure_arg_NULL_variable" name="NULL_variable"/>
    <testcase time="0.0010000000000332" classname="ds.ranksSecure_arg_NULL_variable" name="NULL_variable"/>
    <testcase time="0.000999999999976353" classname="ds.ranksSecure_arg_NULL_variable" name="NULL_variable"/>
    <testcase time="0.396000000000015" classname="ds.ranksSecure_arg_NULL_variable" name="NULL_variable"/>
    <testcase time="0.00200000000000955" classname="ds.ranksSecure_arg_NULL_variable" name="NULL_variable"/>
    <testcase time="0.000999999999976353" classname="ds.ranksSecure_arg_NULL_variable" name="NULL_variable"/>
    <testcase time="0.00200000000000955" classname="ds.ranksSecure_arg_NULL_variable" name="NULL_variable"/>
    <testcase time="0.000999999999976353" classname="ds.ranksSecure_arg_NULL_variable" name="NULL_variable"/>
  </testsuite>
  <testsuite name="ds.ranksSecure::arg::'text' variable" timestamp="2026-02-21T16:32:34Z" hostname="runnervmwffz4" tests="5" skipped="0" failures="0" errors="0" time="0.14">
    <testcase time="0.134999999999991" classname="ds.ranksSecure_arg_text_variable" name="_text_variable"/>
    <testcase time="0.0010000000000332" classname="ds.ranksSecure_arg_text_variable" name="_text_variable"/>
    <testcase time="0.00200000000000955" classname="ds.ranksSecure_arg_text_variable" name="_text_variable"/>
    <testcase time="0.000999999999976353" classname="ds.ranksSecure_arg_text_variable" name="_text_variable"/>
    <testcase time="0.0010000000000332" classname="ds.ranksSecure_arg_text_variable" name="_text_variable"/>
  </testsuite>
  <testsuite name="ds.ranksSecure::arg::'logical' variable" timestamp="2026-02-21T16:32:35Z" hostname="runnervmwffz4" tests="1" skipped="0" failures="0" errors="0" time="1.755">
    <testcase time="1.755" classname="ds.ranksSecure_arg_logical_variable" name="_logical_variable"/>
  </testsuite>
  <testsuite name="ds.ranksSecure::arg::'integer factor' variable" timestamp="2026-02-21T16:32:36Z" hostname="runnervmwffz4" tests="5" skipped="0" failures="0" errors="0" time="0.32">
    <testcase time="0.314999999999998" classname="ds.ranksSecure_arg_integer_factor_variable" name="_integer_factor_variable"/>
    <testcase time="0.000999999999976353" classname="ds.ranksSecure_arg_integer_factor_variable" name="_integer_factor_variable"/>
    <testcase time="0.00200000000000955" classname="ds.ranksSecure_arg_integer_factor_variable" name="_integer_factor_variable"/>
    <testcase time="0.000999999999976353" classname="ds.ranksSecure_arg_integer_factor_variable" name="_integer_factor_variable"/>
    <testcase time="0.0010000000000332" classname="ds.ranksSecure_arg_integer_factor_variable" name="_integer_factor_variable"/>
  </testsuite>
  <testsuite name="ds.ranksSecure::arg::shutdown" timestamp="2026-02-21T16:32:37Z" hostname="runnervmwffz4" tests="3" skipped="0" failures="0" errors="0" time="0.049">
    <testcase time="0.0459999999999923" classname="ds.ranksSecure_arg_shutdown" name="setup"/>
    <testcase time="0.000999999999976353" classname="ds.ranksSecure_arg_shutdown" name="setup"/>
    <testcase time="0.00200000000000955" classname="ds.ranksSecure_arg_shutdown" name="setup"/>
  </testsuite>
  <testsuite name="ds.ranksSecure::arg::done" timestamp="2026-02-21T16:32:37Z" hostname="runnervmwffz4" tests="0" skipped="0" failures="0" errors="0" time="0"/>
  <testsuite name="arg-ds.rbind" timestamp="2026-02-21T16:32:37Z" hostname="runnervmwffz4" tests="0" skipped="0" failures="0" errors="0" time="0"/>
  <testsuite name="ds.rbind::arg::test errors" timestamp="2026-02-21T16:32:44Z" hostname="runnervmwffz4" tests="1" skipped="0" failures="0" errors="0" time="7.182">
    <testcase time="7.18200000000002" classname="ds.rbind_arg_test_errors" name="rbind_erros"/>
  </testsuite>
  <testsuite name="arg-ds.rBinom" timestamp="2026-02-21T16:32:44Z" hostname="runnervmwffz4" tests="0" skipped="0" failures="0" errors="0" time="0"/>
  <testsuite name="ds.rBinom::arg::test errors" timestamp="2026-02-21T16:32:51Z" hostname="runnervmwffz4" tests="2" skipped="0" failures="0" errors="0" time="7.088">
    <testcase time="7.08600000000001" classname="ds.rBinom_arg_test_errors" name="rBinom_erros"/>
    <testcase time="0.00199999999995271" classname="ds.rBinom_arg_test_errors" name="rBinom_erros"/>
  </testsuite>
  <testsuite name="arg-ds.recodeLevels" timestamp="2026-02-21T16:32:51Z" hostname="runnervmwffz4" tests="0" skipped="0" failures="0" errors="0" time="0"/>
  <testsuite name="ds.recodeLevels::arg::test errors" timestamp="2026-02-21T16:32:58Z" hostname="runnervmwffz4" tests="4" skipped="0" failures="0" errors="0" time="7.595">
    <testcase time="7.24399999999997" classname="ds.recodeLevels_arg_test_errors" name="recodeLevels_erros"/>
    <testcase time="0.00500000000010914" classname="ds.recodeLevels_arg_test_errors" name="recodeLevels_erros"/>
    <testcase time="0.0720000000000027" classname="ds.recodeLevels_arg_test_errors" name="recodeLevels_erros"/>
    <testcase time="0.273999999999887" classname="ds.recodeLevels_arg_test_errors" name="recodeLevels_erros"/>
  </testsuite>
  <testsuite name="arg-ds.recodeValues" timestamp="2026-02-21T16:32:59Z" hostname="runnervmwffz4" tests="0" skipped="0" failures="0" errors="0" time="0"/>
  <testsuite name="ds.recodeValues::arg::test errors" timestamp="2026-02-21T16:33:06Z" hostname="runnervmwffz4" tests="7" skipped="0" failures="0" errors="0" time="7.459">
    <testcase time="7.18900000000008" classname="ds.recodeValues_arg_test_errors" name="recodeValues_erros"/>
    <testcase time="0.0430000000000064" classname="ds.recodeValues_arg_test_errors" name="recodeValues_erros"/>
    <testcase time="0.0430000000000064" classname="ds.recodeValues_arg_test_errors" name="recodeValues_erros"/>
    <testcase time="0.0449999999999591" classname="ds.recodeValues_arg_test_errors" name="recodeValues_erros"/>
    <testcase time="0.0439999999999827" classname="ds.recodeValues_arg_test_errors" name="recodeValues_erros"/>
    <testcase time="0.0460000000000491" classname="ds.recodeValues_arg_test_errors" name="recodeValues_erros"/>
    <testcase time="0.0489999999999782" classname="ds.recodeValues_arg_test_errors" name="recodeValues_erros"/>
  </testsuite>
  <testsuite name="arg-ds.rep" timestamp="2026-02-21T16:33:06Z" hostname="runnervmwffz4" tests="0" skipped="0" failures="0" errors="0" time="0"/>
  <testsuite name="ds.rep::arg::setup" timestamp="2026-02-21T16:33:06Z" hostname="runnervmwffz4" tests="0" skipped="0" failures="0" errors="0" time="0"/>
  <testsuite name="ds.rep::arg::test errors" timestamp="2026-02-21T16:33:13Z" hostname="runnervmwffz4" tests="1" skipped="0" failures="0" errors="0" time="7.218">
    <testcase time="7.21800000000007" classname="ds.rep_arg_test_errors" name="ds.rep_erros"/>
  </testsuite>
  <testsuite name="ds.rep::arg::shutdown" timestamp="2026-02-21T16:33:13Z" hostname="runnervmwffz4" tests="0" skipped="0" failures="0" errors="0" time="0"/>
  <testsuite name="ds.rep::arg::done" timestamp="2026-02-21T16:33:13Z" hostname="runnervmwffz4" tests="0" skipped="0" failures="0" errors="0" time="0"/>
  <testsuite name="arg-ds.replaceNA" timestamp="2026-02-21T16:33:13Z" hostname="runnervmwffz4" tests="0" skipped="0" failures="0" errors="0" time="0"/>
  <testsuite name="ds.replaceNA::arg::test errors" timestamp="2026-02-21T16:33:21Z" hostname="runnervmwffz4" tests="2" skipped="0" failures="0" errors="0" time="7.422">
    <testcase time="7.38" classname="ds.replaceNA_arg_test_errors" name="simple_ds.replaceNA_errors"/>
    <testcase time="0.0419999999999163" classname="ds.replaceNA_arg_test_errors" name="simple_ds.replaceNA_errors"/>
  </testsuite>
  <testsuite name="arg-ds.reShape" timestamp="2026-02-21T16:33:21Z" hostname="runnervmwffz4" tests="0" skipped="0" failures="0" errors="0" time="0"/>
  <testsuite name="ds.reShape::arg::test errors" timestamp="2026-02-21T16:33:28Z" hostname="runnervmwffz4" tests="4" skipped="0" failures="0" errors="0" time="7.231">
    <testcase time="7.21699999999998" classname="ds.reShape_arg_test_errors" name="reShape_erros"/>
    <testcase time="0.00499999999999545" classname="ds.reShape_arg_test_errors" name="reShape_erros"/>
    <testcase time="0.00500000000010914" classname="ds.reShape_arg_test_errors" name="reShape_erros"/>
    <testcase time="0.00399999999990541" classname="ds.reShape_arg_test_errors" name="reShape_erros"/>
  </testsuite>
  <testsuite name="arg-ds.rm" timestamp="2026-02-21T16:33:28Z" hostname="runnervmwffz4" tests="0" skipped="0" failures="0" errors="0" time="0"/>
  <testsuite name="ds.rm::arg::test errors" timestamp="2026-02-21T16:33:35Z" hostname="runnervmwffz4" tests="1" skipped="0" failures="0" errors="0" time="7.377">
    <testcase time="7.37700000000007" classname="ds.rm_arg_test_errors" name="ds.rm_erros"/>
  </testsuite>
  <testsuite name="arg-ds.rNorm" timestamp="2026-02-21T16:33:36Z" hostname="runnervmwffz4" tests="0" skipped="0" failures="0" errors="0" time="0"/>
  <testsuite name="ds.rNorm::arg::test errors" timestamp="2026-02-21T16:33:43Z" hostname="runnervmwffz4" tests="2" skipped="0" failures="0" errors="0" time="7.393">
    <testcase time="7.39199999999994" classname="ds.rNorm_arg_test_errors" name="rNorm_erros"/>
    <testcase time="0.00100000000009004" classname="ds.rNorm_arg_test_errors" name="rNorm_erros"/>
  </testsuite>
  <testsuite name="arg-ds.rowColCalc" timestamp="2026-02-21T16:33:43Z" hostname="runnervmwffz4" tests="0" skipped="0" failures="0" errors="0" time="0"/>
  <testsuite name="ds.rowColCalc::arg::test errors" timestamp="2026-02-21T16:33:50Z" hostname="runnervmwffz4" tests="3" skipped="0" failures="0" errors="0" time="7.671">
    <testcase time="7.17199999999991" classname="ds.rowColCalc_arg_test_errors" name="rowColCalc_errors"/>
    <testcase time="0.25" classname="ds.rowColCalc_arg_test_errors" name="rowColCalc_errors"/>
    <testcase time="0.249000000000024" classname="ds.rowColCalc_arg_test_errors" name="rowColCalc_errors"/>
  </testsuite>
  <testsuite name="arg-ds.rPois" timestamp="2026-02-21T16:33:51Z" hostname="runnervmwffz4" tests="0" skipped="0" failures="0" errors="0" time="0"/>
  <testsuite name="ds.rPois::arg::test errors" timestamp="2026-02-21T16:33:57Z" hostname="runnervmwffz4" tests="2" skipped="0" failures="0" errors="0" time="7.118">
    <testcase time="7.11699999999996" classname="ds.rPois_arg_test_errors" name="rPois_erros"/>
    <testcase time="0.00100000000009004" classname="ds.rPois_arg_test_errors" name="rPois_erros"/>
  </testsuite>
  <testsuite name="arg-ds.rUnif" timestamp="2026-02-21T16:33:58Z" hostname="runnervmwffz4" tests="0" skipped="0" failures="0" errors="0" time="0"/>
  <testsuite name="ds.rUnif::arg::test errors" timestamp="2026-02-21T16:34:05Z" hostname="runnervmwffz4" tests="2" skipped="0" failures="0" errors="0" time="7.124">
    <testcase time="7.12299999999993" classname="ds.rUnif_arg_test_errors" name="rUnif_erros"/>
    <testcase time="0.000999999999976353" classname="ds.rUnif_arg_test_errors" name="rUnif_erros"/>
  </testsuite>
  <testsuite name="arg-ds.sample" timestamp="2026-02-21T16:34:05Z" hostname="runnervmwffz4" tests="0" skipped="0" failures="0" errors="0" time="0"/>
  <testsuite name="ds.sample::arg::setup" timestamp="2026-02-21T16:34:05Z" hostname="runnervmwffz4" tests="0" skipped="0" failures="0" errors="0" time="0"/>
  <testsuite name="ds.sample::arg::test errors" timestamp="2026-02-21T16:34:12Z" hostname="runnervmwffz4" tests="3" skipped="0" failures="0" errors="0" time="7.119">
    <testcase time="7.1160000000001" classname="ds.sample_arg_test_errors" name="cov_erros"/>
    <testcase time="0.000999999999976353" classname="ds.sample_arg_test_errors" name="cov_erros"/>
    <testcase time="0.00199999999995271" classname="ds.sample_arg_test_errors" name="cov_erros"/>
  </testsuite>
  <testsuite name="ds.sample::arg::shutdown" timestamp="2026-02-21T16:34:12Z" hostname="runnervmwffz4" tests="0" skipped="0" failures="0" errors="0" time="0"/>
  <testsuite name="ds.sample::arg::done" timestamp="2026-02-21T16:34:12Z" hostname="runnervmwffz4" tests="0" skipped="0" failures="0" errors="0" time="0"/>
  <testsuite name="arg-ds.seq" timestamp="2026-02-21T16:34:12Z" hostname="runnervmwffz4" tests="0" skipped="0" failures="0" errors="0" time="0"/>
  <testsuite name="ds.seq::arg::test errors" timestamp="2026-02-21T16:34:19Z" hostname="runnervmwffz4" tests="1" skipped="0" failures="0" errors="0" time="7.111">
    <testcase time="7.11099999999999" classname="ds.seq_arg_test_errors" name="seq_erros"/>
  </testsuite>
  <testsuite name="arg-ds.setSeed" timestamp="2026-02-21T16:34:19Z" hostname="runnervmwffz4" tests="0" skipped="0" failures="0" errors="0" time="0"/>
  <testsuite name="ds.setSeed::arg::test errors" timestamp="2026-02-21T16:34:26Z" hostname="runnervmwffz4" tests="1" skipped="0" failures="0" errors="0" time="7.056">
    <testcase time="7.05600000000004" classname="ds.setSeed_arg_test_errors" name="setSeed_erros"/>
  </testsuite>
  <testsuite name="arg-ds.skewness" timestamp="2026-02-21T16:34:26Z" hostname="runnervmwffz4" tests="0" skipped="0" failures="0" errors="0" time="0"/>
  <testsuite name="ds.skewness::arg::setup" timestamp="2026-02-21T16:34:26Z" hostname="runnervmwffz4" tests="3" skipped="0" failures="0" errors="0" time="7.244">
    <testcase time="7.24099999999999" classname="ds.skewness_arg_setup" name="setup"/>
    <testcase time="0.00199999999995271" classname="ds.skewness_arg_setup" name="setup"/>
    <testcase time="0.00100000000009004" classname="ds.skewness_arg_setup" name="setup"/>
  </testsuite>
  <testsuite name="ds.skewness::arg::test errors" timestamp="2026-02-21T16:34:33Z" hostname="runnervmwffz4" tests="4" skipped="0" failures="0" errors="0" time="0.024">
    <testcase time="0.00999999999999091" classname="ds.skewness_arg_test_errors" name="skewness_erros"/>
    <testcase time="0.0040000000000191" classname="ds.skewness_arg_test_errors" name="skewness_erros"/>
    <testcase time="0.00499999999999545" classname="ds.skewness_arg_test_errors" name="skewness_erros"/>
    <testcase time="0.00499999999999545" classname="ds.skewness_arg_test_errors" name="skewness_erros"/>
  </testsuite>
  <testsuite name="ds.skewness::arg::shutdown" timestamp="2026-02-21T16:34:33Z" hostname="runnervmwffz4" tests="3" skipped="0" failures="0" errors="0" time="0.048">
    <testcase time="0.0449999999999591" classname="ds.skewness_arg_shutdown" name="shutdown"/>
    <testcase time="0.00199999999995271" classname="ds.skewness_arg_shutdown" name="shutdown"/>
    <testcase time="0.00100000000009004" classname="ds.skewness_arg_shutdown" name="shutdown"/>
  </testsuite>
  <testsuite name="ds.skewness::arg::done" timestamp="2026-02-21T16:34:33Z" hostname="runnervmwffz4" tests="0" skipped="0" failures="0" errors="0" time="0"/>
  <testsuite name="arg-ds.subset" timestamp="2026-02-21T16:34:33Z" hostname="runnervmwffz4" tests="0" skipped="0" failures="0" errors="0" time="0"/>
  <testsuite name="ds.subset::arg::test errors" timestamp="2026-02-21T16:34:40Z" hostname="runnervmwffz4" tests="1" skipped="0" failures="0" errors="0" time="7.141">
    <testcase time="7.14099999999996" classname="ds.subset_arg_test_errors" name="subset_erros"/>
  </testsuite>
  <testsuite name="arg-ds.subsetByClass" timestamp="2026-02-21T16:34:41Z" hostname="runnervmwffz4" tests="0" skipped="0" failures="0" errors="0" time="0"/>
  <testsuite name="ds.subsetByClass::arg::test errors" timestamp="2026-02-21T16:34:48Z" hostname="runnervmwffz4" tests="2" skipped="0" failures="0" errors="0" time="7.225">
    <testcase time="7.15700000000004" classname="ds.subsetByClass_arg_test_errors" name="subsetByClass_erros"/>
    <testcase time="0.0679999999999836" classname="ds.subsetByClass_arg_test_errors" name="subsetByClass_erros"/>
  </testsuite>
  <testsuite name="arg-ds.summary" timestamp="2026-02-21T16:34:48Z" hostname="runnervmwffz4" tests="0" skipped="0" failures="0" errors="0" time="0"/>
  <testsuite name="ds.summary::arg::test errors" timestamp="2026-02-21T16:34:55Z" hostname="runnervmwffz4" tests="1" skipped="0" failures="0" errors="0" time="7.148">
    <testcase time="7.14800000000002" classname="ds.summary_arg_test_errors" name="summary_erros"/>
  </testsuite>
  <testsuite name="arg-ds.table" timestamp="2026-02-21T16:34:55Z" hostname="runnervmwffz4" tests="0" skipped="0" failures="0" errors="0" time="0"/>
  <testsuite name="ds.table::arg::test rvar has value" timestamp="2026-02-21T16:35:02Z" hostname="runnervmwffz4" tests="1" skipped="0" failures="0" errors="0" time="7.081">
    <testcase time="7.0809999999999" classname="ds.table_arg_test_rvar_has_value" name="table_rvar_has_value"/>
  </testsuite>
  <testsuite name="ds.table::arg::test rvar is not a variable" timestamp="2026-02-21T16:35:02Z" hostname="runnervmwffz4" tests="2" skipped="0" failures="0" errors="0" time="0.048">
    <testcase time="0.0460000000000491" classname="ds.table_arg_test_rvar_is_not_a_variable" name="table_rvar_is_not_a_variable"/>
    <testcase time="0.00199999999995271" classname="ds.table_arg_test_rvar_is_not_a_variable" name="table_rvar_is_not_a_variable"/>
  </testsuite>
  <testsuite name="ds.table::arg::test cvar has value" timestamp="2026-02-21T16:35:02Z" hostname="runnervmwffz4" tests="1" skipped="0" failures="0" errors="0" time="0.044">
    <testcase time="0.0440000000000964" classname="ds.table_arg_test_cvar_has_value" name="table_cvar_has_value"/>
  </testsuite>
  <testsuite name="ds.table::arg::test cvar is not a variable" timestamp="2026-02-21T16:35:02Z" hostname="runnervmwffz4" tests="2" skipped="0" failures="0" errors="0" time="0.091">
    <testcase time="0.0899999999999181" classname="ds.table_arg_test_cvar_is_not_a_variable" name="table_cvar_is_not_a_variable"/>
    <testcase time="0.000999999999976353" classname="ds.table_arg_test_cvar_is_not_a_variable" name="table_cvar_is_not_a_variable"/>
  </testsuite>
  <testsuite name="ds.table::arg::test stvar has value" timestamp="2026-02-21T16:35:02Z" hostname="runnervmwffz4" tests="1" skipped="0" failures="0" errors="0" time="0.05">
    <testcase time="0.0500000000000682" classname="ds.table_arg_test_stvar_has_value" name="table_stvar_has_value"/>
  </testsuite>
  <testsuite name="ds.table::arg::test stvar is not a variable" timestamp="2026-02-21T16:35:02Z" hostname="runnervmwffz4" tests="2" skipped="0" failures="0" errors="0" time="0.156">
    <testcase time="0.154999999999973" classname="ds.table_arg_test_stvar_is_not_a_variable" name="table_stvar_is_not_a_variable"/>
    <testcase time="0.000999999999976353" classname="ds.table_arg_test_stvar_is_not_a_variable" name="table_stvar_is_not_a_variable"/>
  </testsuite>
  <testsuite name="ds.table::arg::test stvar has CORRECT value" timestamp="2026-02-21T16:35:02Z" hostname="runnervmwffz4" tests="1" skipped="0" failures="0" errors="0" time="0.054">
    <testcase time="0.0540000000000873" classname="ds.table_arg_test_stvar_has_CORRECT_value" name="table_useNA_has_value"/>
  </testsuite>
  <testsuite name="ds.table::arg::test force.nfilter has value" timestamp="2026-02-21T16:35:02Z" hostname="runnervmwffz4" tests="1" skipped="0" failures="0" errors="0" time="0.05">
    <testcase time="0.0499999999999545" classname="ds.table_arg_test_force.nfilter_has_value" name="table_force.nfilter_has_value"/>
  </testsuite>
  <testsuite name="arg-ds.table1D" timestamp="2026-02-21T16:35:03Z" hostname="runnervmwffz4" tests="0" skipped="0" failures="0" errors="0" time="0"/>
  <testsuite name="ds.table1D::arg::test errors" timestamp="2026-02-21T16:35:09Z" hostname="runnervmwffz4" tests="2" skipped="0" failures="0" errors="0" time="7.209">
    <testcase time="7.08399999999995" classname="ds.table1D_arg_test_errors" name="table1D_erros"/>
    <testcase time="0.125" classname="ds.table1D_arg_test_errors" name="table1D_erros"/>
  </testsuite>
  <testsuite name="arg-ds.table2D" timestamp="2026-02-21T16:35:10Z" hostname="runnervmwffz4" tests="0" skipped="0" failures="0" errors="0" time="0"/>
  <testsuite name="ds.table2D::arg::test errors" timestamp="2026-02-21T16:35:17Z" hostname="runnervmwffz4" tests="1" skipped="0" failures="0" errors="0" time="7.109">
    <testcase time="7.10900000000004" classname="ds.table2D_arg_test_errors" name="table2D_erros"/>
  </testsuite>
  <testsuite name="arg-ds.tapply.assign" timestamp="2026-02-21T16:35:17Z" hostname="runnervmwffz4" tests="0" skipped="0" failures="0" errors="0" time="0"/>
  <testsuite name="ds.tapply.assign::arg::test errors" timestamp="2026-02-21T16:35:24Z" hostname="runnervmwffz4" tests="8" skipped="0" failures="0" errors="0" time="7.255">
    <testcase time="7.10900000000004" classname="ds.tapply.assign_arg_test_errors" name="tapply_erros"/>
    <testcase time="0.000999999999976353" classname="ds.tapply.assign_arg_test_errors" name="tapply_erros"/>
    <testcase time="0.0439999999999827" classname="ds.tapply.assign_arg_test_errors" name="tapply_erros"/>
    <testcase time="0.000999999999976353" classname="ds.tapply.assign_arg_test_errors" name="tapply_erros"/>
    <testcase time="0.00100000000009004" classname="ds.tapply.assign_arg_test_errors" name="tapply_erros"/>
    <testcase time="0.000999999999976353" classname="ds.tapply.assign_arg_test_errors" name="tapply_erros"/>
    <testcase time="0.0960000000000036" classname="ds.tapply.assign_arg_test_errors" name="tapply_erros"/>
    <testcase time="0.00199999999995271" classname="ds.tapply.assign_arg_test_errors" name="tapply_erros"/>
  </testsuite>
  <testsuite name="arg-ds.tapply" timestamp="2026-02-21T16:35:24Z" hostname="runnervmwffz4" tests="0" skipped="0" failures="0" errors="0" time="0"/>
  <testsuite name="ds.tapply::arg::test errors" timestamp="2026-02-21T16:35:31Z" hostname="runnervmwffz4" tests="8" skipped="0" failures="0" errors="0" time="7.213">
    <testcase time="7.08800000000008" classname="ds.tapply_arg_test_errors" name="tapply_erros"/>
    <testcase time="0.000999999999976353" classname="ds.tapply_arg_test_errors" name="tapply_erros"/>
    <testcase time="0.0380000000000109" classname="ds.tapply_arg_test_errors" name="tapply_erros"/>
    <testcase time="0.00199999999995271" classname="ds.tapply_arg_test_errors" name="tapply_erros"/>
    <testcase time="0.000999999999976353" classname="ds.tapply_arg_test_errors" name="tapply_erros"/>
    <testcase time="0.00200000000006639" classname="ds.tapply_arg_test_errors" name="tapply_erros"/>
    <testcase time="0.0789999999999509" classname="ds.tapply_arg_test_errors" name="tapply_erros"/>
    <testcase time="0.00200000000006639" classname="ds.tapply_arg_test_errors" name="tapply_erros"/>
  </testsuite>
  <testsuite name="arg-ds.testObjExists" timestamp="2026-02-21T16:35:31Z" hostname="runnervmwffz4" tests="0" skipped="0" failures="0" errors="0" time="0"/>
  <testsuite name="ds.testObjExists::arg::test errors" timestamp="2026-02-21T16:35:38Z" hostname="runnervmwffz4" tests="1" skipped="0" failures="0" errors="0" time="7.09">
    <testcase time="7.08999999999992" classname="ds.testObjExists_arg_test_errors" name="testObjExists_erros"/>
  </testsuite>
  <testsuite name="arg-ds.unique" timestamp="2026-02-21T16:35:38Z" hostname="runnervmwffz4" tests="0" skipped="0" failures="0" errors="0" time="0"/>
  <testsuite name="ds.unique::arg::no arguments" timestamp="2026-02-21T16:35:45Z" hostname="runnervmwffz4" tests="1" skipped="0" failures="0" errors="0" time="7.117">
    <testcase time="7.11700000000008" classname="ds.unique_arg_no_arguments" name="simple_ds.unique_no_arguments"/>
  </testsuite>
  <testsuite name="ds.unique::arg::NULL arguments" timestamp="2026-02-21T16:35:45Z" hostname="runnervmwffz4" tests="1" skipped="0" failures="0" errors="0" time="0.009">
    <testcase time="0.00900000000001455" classname="ds.unique_arg_NULL_arguments" name="simple_ds.unique_NULL_arguments"/>
  </testsuite>
  <testsuite name="arg-ds.unList" timestamp="2026-02-21T16:35:46Z" hostname="runnervmwffz4" tests="0" skipped="0" failures="0" errors="0" time="0"/>
  <testsuite name="ds.unList::arg::test errors" timestamp="2026-02-21T16:35:52Z" hostname="runnervmwffz4" tests="1" skipped="0" failures="0" errors="0" time="7.11">
    <testcase time="7.1099999999999" classname="ds.unList_arg_test_errors" name="unList_erros"/>
  </testsuite>
  <testsuite name="arg-ds.var" timestamp="2026-02-21T16:35:53Z" hostname="runnervmwffz4" tests="0" skipped="0" failures="0" errors="0" time="0"/>
  <testsuite name="ds.var::arg::test errors" timestamp="2026-02-21T16:36:00Z" hostname="runnervmwffz4" tests="2" skipped="0" failures="0" errors="0" time="7.491">
    <testcase time="7.37400000000002" classname="ds.var_arg_test_errors" name="var_erros"/>
    <testcase time="0.117000000000075" classname="ds.var_arg_test_errors" name="var_erros"/>
  </testsuite>
  <testsuite name="arg-ds.vectorCalc" timestamp="2026-02-21T16:36:00Z" hostname="runnervmwffz4" tests="0" skipped="0" failures="0" errors="0" time="0"/>
  <testsuite name="ds.vectorCalc::arg::test errors" timestamp="2026-02-21T16:36:07Z" hostname="runnervmwffz4" tests="1" skipped="0" failures="0" errors="0" time="7.165">
    <testcase time="7.16499999999996" classname="ds.vectorCalc_arg_test_errors" name="ds.vectorCalc_erros"/>
  </testsuite>
</testsuites>
