<?xml version="1.0" encoding="UTF-8"?>
<testsuites>
  <testsuite name="expt-ds.dataFrame" timestamp="2026-03-14T01:00:57Z" hostname="runnervm46oaq" tests="172" skipped="0" failures="0" errors="0" time="100.405">
    <testcase time="7.405" classname="expt_ds.dataFrame" name="numeric_data"/>
    <testcase time="0.0260000000000016" classname="expt_ds.dataFrame" name="numeric_data"/>
    <testcase time="0.00999999999999979" classname="expt_ds.dataFrame" name="numeric_data"/>
    <testcase time="0.606999999999999" classname="expt_ds.dataFrame" name="numeric_data"/>
    <testcase time="0.00300000000000011" classname="expt_ds.dataFrame" name="numeric_data"/>
    <testcase time="0.00200000000000067" classname="expt_ds.dataFrame" name="numeric_data"/>
    <testcase time="0.579000000000001" classname="expt_ds.dataFrame" name="numeric_data"/>
    <testcase time="0.00299999999999834" classname="expt_ds.dataFrame" name="numeric_data"/>
    <testcase time="0.00200000000000067" classname="expt_ds.dataFrame" name="numeric_data"/>
    <testcase time="0.528" classname="expt_ds.dataFrame" name="numeric_data"/>
    <testcase time="0.00300000000000011" classname="expt_ds.dataFrame" name="numeric_data"/>
    <testcase time="0.000999999999999446" classname="expt_ds.dataFrame" name="numeric_data"/>
    <testcase time="0.586" classname="expt_ds.dataFrame" name="numeric_data"/>
    <testcase time="0.00300000000000011" classname="expt_ds.dataFrame" name="numeric_data"/>
    <testcase time="0.000999999999999446" classname="expt_ds.dataFrame" name="numeric_data"/>
    <testcase time="0.495000000000001" classname="expt_ds.dataFrame" name="numeric_data"/>
    <testcase time="0.00300000000000011" classname="expt_ds.dataFrame" name="numeric_data"/>
    <testcase time="0.00199999999999889" classname="expt_ds.dataFrame" name="numeric_data"/>
    <testcase time="0.613" classname="expt_ds.dataFrame" name="numeric_data"/>
    <testcase time="0.00300000000000011" classname="expt_ds.dataFrame" name="numeric_data"/>
    <testcase time="0.00200000000000067" classname="expt_ds.dataFrame" name="numeric_data"/>
    <testcase time="0.525" classname="expt_ds.dataFrame" name="numeric_data"/>
    <testcase time="0.00300000000000011" classname="expt_ds.dataFrame" name="numeric_data"/>
    <testcase time="0.00199999999999889" classname="expt_ds.dataFrame" name="numeric_data"/>
    <testcase time="3.349" classname="expt_ds.dataFrame" name="numeric_data"/>
    <testcase time="0.00300000000000011" classname="expt_ds.dataFrame" name="numeric_data"/>
    <testcase time="0.00199999999999889" classname="expt_ds.dataFrame" name="numeric_data"/>
    <testcase time="0.00100000000000122" classname="expt_ds.dataFrame" name="numeric_data"/>
    <testcase time="0.00199999999999889" classname="expt_ds.dataFrame" name="numeric_data"/>
    <testcase time="0.00100000000000122" classname="expt_ds.dataFrame" name="numeric_data"/>
    <testcase time="0.689" classname="expt_ds.dataFrame" name="numeric_data"/>
    <testcase time="0.00300000000000011" classname="expt_ds.dataFrame" name="numeric_data"/>
    <testcase time="0.00199999999999889" classname="expt_ds.dataFrame" name="numeric_data"/>
    <testcase time="0.000999999999997669" classname="expt_ds.dataFrame" name="numeric_data"/>
    <testcase time="0.00200000000000244" classname="expt_ds.dataFrame" name="numeric_data"/>
    <testcase time="0.000999999999997669" classname="expt_ds.dataFrame" name="numeric_data"/>
    <testcase time="7.747" classname="expt_ds.dataFrame" name="numeric_data"/>
    <testcase time="0.00300000000000011" classname="expt_ds.dataFrame" name="numeric_data"/>
    <testcase time="0.00299999999999656" classname="expt_ds.dataFrame" name="numeric_data"/>
    <testcase time="0.00300000000000011" classname="expt_ds.dataFrame" name="numeric_data"/>
    <testcase time="0.00200000000000244" classname="expt_ds.dataFrame" name="numeric_data"/>
    <testcase time="1.552" classname="expt_ds.dataFrame" name="numeric_data"/>
    <testcase time="0.00300000000000011" classname="expt_ds.dataFrame" name="numeric_data"/>
    <testcase time="0.00300000000000011" classname="expt_ds.dataFrame" name="numeric_data"/>
    <testcase time="0.00300000000000011" classname="expt_ds.dataFrame" name="numeric_data"/>
    <testcase time="0.000999999999997669" classname="expt_ds.dataFrame" name="numeric_data"/>
    <testcase time="1.493" classname="expt_ds.dataFrame" name="numeric_data"/>
    <testcase time="0.00300000000000011" classname="expt_ds.dataFrame" name="numeric_data"/>
    <testcase time="0.00199999999999889" classname="expt_ds.dataFrame" name="numeric_data"/>
    <testcase time="0.00199999999999889" classname="expt_ds.dataFrame" name="numeric_data"/>
    <testcase time="0.00199999999999889" classname="expt_ds.dataFrame" name="numeric_data"/>
    <testcase time="1.496" classname="expt_ds.dataFrame" name="numeric_data"/>
    <testcase time="0.00300000000000011" classname="expt_ds.dataFrame" name="numeric_data"/>
    <testcase time="0.00199999999999889" classname="expt_ds.dataFrame" name="numeric_data"/>
    <testcase time="0.00300000000000011" classname="expt_ds.dataFrame" name="numeric_data"/>
    <testcase time="0.00199999999999889" classname="expt_ds.dataFrame" name="numeric_data"/>
    <testcase time="1.482" classname="expt_ds.dataFrame" name="numeric_data"/>
    <testcase time="0.00300000000000011" classname="expt_ds.dataFrame" name="numeric_data"/>
    <testcase time="0.00299999999999656" classname="expt_ds.dataFrame" name="numeric_data"/>
    <testcase time="0.00200000000000244" classname="expt_ds.dataFrame" name="numeric_data"/>
    <testcase time="0.00199999999999889" classname="expt_ds.dataFrame" name="numeric_data"/>
    <testcase time="1.493" classname="expt_ds.dataFrame" name="numeric_data"/>
    <testcase time="0.00300000000000011" classname="expt_ds.dataFrame" name="numeric_data"/>
    <testcase time="0.00300000000000011" classname="expt_ds.dataFrame" name="numeric_data"/>
    <testcase time="0.00300000000000011" classname="expt_ds.dataFrame" name="numeric_data"/>
    <testcase time="0.00100000000000477" classname="expt_ds.dataFrame" name="numeric_data"/>
    <testcase time="1.48699999999999" classname="expt_ds.dataFrame" name="numeric_data"/>
    <testcase time="0.00300000000000011" classname="expt_ds.dataFrame" name="numeric_data"/>
    <testcase time="0.00300000000000011" classname="expt_ds.dataFrame" name="numeric_data"/>
    <testcase time="0.00300000000000011" classname="expt_ds.dataFrame" name="numeric_data"/>
    <testcase time="0.00200000000000244" classname="expt_ds.dataFrame" name="numeric_data"/>
    <testcase time="1.461" classname="expt_ds.dataFrame" name="numeric_data"/>
    <testcase time="0.00300000000000011" classname="expt_ds.dataFrame" name="numeric_data"/>
    <testcase time="0.00300000000000011" classname="expt_ds.dataFrame" name="numeric_data"/>
    <testcase time="0.00300000000000011" classname="expt_ds.dataFrame" name="numeric_data"/>
    <testcase time="0.000999999999997669" classname="expt_ds.dataFrame" name="numeric_data"/>
    <testcase time="8.218" classname="expt_ds.dataFrame" name="numeric_data"/>
    <testcase time="0.00300000000000011" classname="expt_ds.dataFrame" name="numeric_data"/>
    <testcase time="0.00300000000000011" classname="expt_ds.dataFrame" name="numeric_data"/>
    <testcase time="0.00300000000000011" classname="expt_ds.dataFrame" name="numeric_data"/>
    <testcase time="0.00200000000000244" classname="expt_ds.dataFrame" name="numeric_data"/>
    <testcase time="0.000999999999997669" classname="expt_ds.dataFrame" name="numeric_data"/>
    <testcase time="0.00200000000000244" classname="expt_ds.dataFrame" name="numeric_data"/>
    <testcase time="0.000999999999997669" classname="expt_ds.dataFrame" name="numeric_data"/>
    <testcase time="1.998" classname="expt_ds.dataFrame" name="numeric_data"/>
    <testcase time="0.00300000000000011" classname="expt_ds.dataFrame" name="numeric_data"/>
    <testcase time="0.00300000000000011" classname="expt_ds.dataFrame" name="numeric_data"/>
    <testcase time="0.00300000000000011" classname="expt_ds.dataFrame" name="numeric_data"/>
    <testcase time="0.00200000000000244" classname="expt_ds.dataFrame" name="numeric_data"/>
    <testcase time="0.000999999999997669" classname="expt_ds.dataFrame" name="numeric_data"/>
    <testcase time="0.00200000000000244" classname="expt_ds.dataFrame" name="numeric_data"/>
    <testcase time="0.00199999999999534" classname="expt_ds.dataFrame" name="numeric_data"/>
    <testcase time="3.201" classname="expt_ds.dataFrame" name="numeric_data"/>
    <testcase time="0.00300000000000011" classname="expt_ds.dataFrame" name="numeric_data"/>
    <testcase time="0.685000000000002" classname="expt_ds.dataFrame" name="numeric_data"/>
    <testcase time="0.00399999999999778" classname="expt_ds.dataFrame" name="numeric_data"/>
    <testcase time="0.633000000000003" classname="expt_ds.dataFrame" name="numeric_data"/>
    <testcase time="0.00300000000000011" classname="expt_ds.dataFrame" name="numeric_data"/>
    <testcase time="0.658999999999999" classname="expt_ds.dataFrame" name="numeric_data"/>
    <testcase time="0.00300000000000011" classname="expt_ds.dataFrame" name="numeric_data"/>
    <testcase time="0.667000000000002" classname="expt_ds.dataFrame" name="numeric_data"/>
    <testcase time="0.00300000000000011" classname="expt_ds.dataFrame" name="numeric_data"/>
    <testcase time="0.674999999999997" classname="expt_ds.dataFrame" name="numeric_data"/>
    <testcase time="0.00400000000000489" classname="expt_ds.dataFrame" name="numeric_data"/>
    <testcase time="0.619" classname="expt_ds.dataFrame" name="numeric_data"/>
    <testcase time="0.00300000000000011" classname="expt_ds.dataFrame" name="numeric_data"/>
    <testcase time="0.658999999999999" classname="expt_ds.dataFrame" name="numeric_data"/>
    <testcase time="0.00300000000000011" classname="expt_ds.dataFrame" name="numeric_data"/>
    <testcase time="8.152" classname="expt_ds.dataFrame" name="numeric_data"/>
    <testcase time="0.00300000000000011" classname="expt_ds.dataFrame" name="numeric_data"/>
    <testcase time="0.00300000000000011" classname="expt_ds.dataFrame" name="numeric_data"/>
    <testcase time="0.00300000000000011" classname="expt_ds.dataFrame" name="numeric_data"/>
    <testcase time="1.931" classname="expt_ds.dataFrame" name="numeric_data"/>
    <testcase time="0.00300000000000011" classname="expt_ds.dataFrame" name="numeric_data"/>
    <testcase time="0.00300000000000011" classname="expt_ds.dataFrame" name="numeric_data"/>
    <testcase time="0.00300000000000011" classname="expt_ds.dataFrame" name="numeric_data"/>
    <testcase time="1.878" classname="expt_ds.dataFrame" name="numeric_data"/>
    <testcase time="0.00300000000000011" classname="expt_ds.dataFrame" name="numeric_data"/>
    <testcase time="0.00300000000000011" classname="expt_ds.dataFrame" name="numeric_data"/>
    <testcase time="0.00300000000000011" classname="expt_ds.dataFrame" name="numeric_data"/>
    <testcase time="1.973" classname="expt_ds.dataFrame" name="numeric_data"/>
    <testcase time="0.00300000000000011" classname="expt_ds.dataFrame" name="numeric_data"/>
    <testcase time="0.00300000000000011" classname="expt_ds.dataFrame" name="numeric_data"/>
    <testcase time="0.00300000000000011" classname="expt_ds.dataFrame" name="numeric_data"/>
    <testcase time="1.916" classname="expt_ds.dataFrame" name="numeric_data"/>
    <testcase time="0.00400000000000489" classname="expt_ds.dataFrame" name="numeric_data"/>
    <testcase time="0.00300000000000011" classname="expt_ds.dataFrame" name="numeric_data"/>
    <testcase time="0.00300000000000011" classname="expt_ds.dataFrame" name="numeric_data"/>
    <testcase time="1.949" classname="expt_ds.dataFrame" name="numeric_data"/>
    <testcase time="0.00300000000000011" classname="expt_ds.dataFrame" name="numeric_data"/>
    <testcase time="0.00300000000000011" classname="expt_ds.dataFrame" name="numeric_data"/>
    <testcase time="0.00300000000000011" classname="expt_ds.dataFrame" name="numeric_data"/>
    <testcase time="1.92699999999999" classname="expt_ds.dataFrame" name="numeric_data"/>
    <testcase time="0.00300000000000011" classname="expt_ds.dataFrame" name="numeric_data"/>
    <testcase time="0.00400000000000489" classname="expt_ds.dataFrame" name="numeric_data"/>
    <testcase time="0.00300000000000011" classname="expt_ds.dataFrame" name="numeric_data"/>
    <testcase time="1.928" classname="expt_ds.dataFrame" name="numeric_data"/>
    <testcase time="0.00300000000000011" classname="expt_ds.dataFrame" name="numeric_data"/>
    <testcase time="0.00300000000000011" classname="expt_ds.dataFrame" name="numeric_data"/>
    <testcase time="0.00300000000000011" classname="expt_ds.dataFrame" name="numeric_data"/>
    <testcase time="8.866" classname="expt_ds.dataFrame" name="several_objects"/>
    <testcase time="0.00400000000000489" classname="expt_ds.dataFrame" name="several_objects"/>
    <testcase time="0.00300000000000011" classname="expt_ds.dataFrame" name="several_objects"/>
    <testcase time="0.00300000000000011" classname="expt_ds.dataFrame" name="several_objects"/>
    <testcase time="7.63200000000001" classname="expt_ds.dataFrame" name="non_numeric"/>
    <testcase time="0.00300000000000011" classname="expt_ds.dataFrame" name="non_numeric"/>
    <testcase time="0.00300000000000011" classname="expt_ds.dataFrame" name="non_numeric"/>
    <testcase time="0.00399999999999068" classname="expt_ds.dataFrame" name="non_numeric"/>
    <testcase time="0.00600000000000023" classname="expt_ds.dataFrame" name="non_numeric"/>
    <testcase time="1.504" classname="expt_ds.dataFrame" name="non_numeric"/>
    <testcase time="0.00300000000000011" classname="expt_ds.dataFrame" name="non_numeric"/>
    <testcase time="0.00300000000000011" classname="expt_ds.dataFrame" name="non_numeric"/>
    <testcase time="0.00300000000000011" classname="expt_ds.dataFrame" name="non_numeric"/>
    <testcase time="0.00199999999999534" classname="expt_ds.dataFrame" name="non_numeric"/>
    <testcase time="1.93300000000001" classname="expt_ds.dataFrame" name="non_numeric"/>
    <testcase time="0.00300000000000011" classname="expt_ds.dataFrame" name="non_numeric"/>
    <testcase time="0.00300000000000011" classname="expt_ds.dataFrame" name="non_numeric"/>
    <testcase time="0.00300000000000011" classname="expt_ds.dataFrame" name="non_numeric"/>
    <testcase time="1.938" classname="expt_ds.dataFrame" name="non_numeric"/>
    <testcase time="0.00300000000000011" classname="expt_ds.dataFrame" name="non_numeric"/>
    <testcase time="0.00399999999999068" classname="expt_ds.dataFrame" name="non_numeric"/>
    <testcase time="0.00300000000000011" classname="expt_ds.dataFrame" name="non_numeric"/>
    <testcase time="3.096" classname="expt_ds.dataFrame" name="_unnamed_"/>
    <testcase time="0.00300000000000011" classname="expt_ds.dataFrame" name="_unnamed_"/>
    <testcase time="0.00199999999999534" classname="expt_ds.dataFrame" name="_unnamed_"/>
    <testcase time="0.507000000000005" classname="expt_ds.dataFrame" name="_unnamed_"/>
    <testcase time="0.00399999999999068" classname="expt_ds.dataFrame" name="_unnamed_"/>
    <testcase time="0.00200000000000955" classname="expt_ds.dataFrame" name="_unnamed_"/>
    <testcase time="0.631999999999991" classname="expt_ds.dataFrame" name="_unnamed_"/>
    <testcase time="0.00400000000000489" classname="expt_ds.dataFrame" name="_unnamed_"/>
    <testcase time="0.667999999999992" classname="expt_ds.dataFrame" name="_unnamed_"/>
    <testcase time="0.00400000000000489" classname="expt_ds.dataFrame" name="_unnamed_"/>
  </testsuite>
  <testsuite name="expt-ds.glmerSLMA" timestamp="2026-03-14T01:02:38Z" hostname="runnervm46oaq" tests="4" skipped="0" failures="0" errors="0" time="7.95">
    <testcase time="6.191" classname="expt_ds.glmerSLMA" name="setup"/>
    <testcase time="0.00100000000000477" classname="expt_ds.glmerSLMA" name="setup"/>
    <testcase time="0.00199999999999534" classname="expt_ds.glmerSLMA" name="setup"/>
    <testcase time="1.756" classname="expt_ds.glmerSLMA" name="linear_mixed_model_with_2_levels_of_hierarchy"/>
  </testsuite>
  <testsuite name="expt-ds.lmerSLMA" timestamp="2026-03-14T01:02:46Z" hostname="runnervm46oaq" tests="4" skipped="0" failures="0" errors="0" time="6.971">
    <testcase time="6.371" classname="expt_ds.lmerSLMA" name="setup"/>
    <testcase time="0.00100000000000477" classname="expt_ds.lmerSLMA" name="setup"/>
    <testcase time="0.00199999999999534" classname="expt_ds.lmerSLMA" name="setup"/>
    <testcase time="0.597000000000008" classname="expt_ds.lmerSLMA" name="linear_mixed_model_with_2_levels_of_hierarchy"/>
  </testsuite>
  <testsuite name="expt-ds.mean" timestamp="2026-03-14T01:02:53Z" hostname="runnervm46oaq" tests="56" skipped="0" failures="0" errors="0" time="42.037">
    <testcase time="6.91" classname="expt_ds.mean" name="combined_data_set"/>
    <testcase time="0.331999999999994" classname="expt_ds.mean" name="combined_data_set"/>
    <testcase time="0.374000000000009" classname="expt_ds.mean" name="combined_data_set"/>
    <testcase time="0.372" classname="expt_ds.mean" name="combined_data_set"/>
    <testcase time="0.364999999999995" classname="expt_ds.mean" name="combined_data_set"/>
    <testcase time="0.367000000000004" classname="expt_ds.mean" name="combined_data_set"/>
    <testcase time="0.376999999999995" classname="expt_ds.mean" name="combined_data_set"/>
    <testcase time="0.379999999999995" classname="expt_ds.mean" name="combined_data_set"/>
    <testcase time="6.696" classname="expt_ds.mean" name="split_data_set"/>
    <testcase time="0.00200000000000955" classname="expt_ds.mean" name="split_data_set"/>
    <testcase time="0.00100000000000477" classname="expt_ds.mean" name="split_data_set"/>
    <testcase time="0.376000000000005" classname="expt_ds.mean" name="split_data_set"/>
    <testcase time="0.00199999999998113" classname="expt_ds.mean" name="split_data_set"/>
    <testcase time="0.00100000000000477" classname="expt_ds.mean" name="split_data_set"/>
    <testcase time="0.385999999999996" classname="expt_ds.mean" name="split_data_set"/>
    <testcase time="0.00300000000001432" classname="expt_ds.mean" name="split_data_set"/>
    <testcase time="0.00199999999998113" classname="expt_ds.mean" name="split_data_set"/>
    <testcase time="0.371000000000009" classname="expt_ds.mean" name="split_data_set"/>
    <testcase time="0.00100000000000477" classname="expt_ds.mean" name="split_data_set"/>
    <testcase time="0.00199999999998113" classname="expt_ds.mean" name="split_data_set"/>
    <testcase time="0.332000000000022" classname="expt_ds.mean" name="split_data_set"/>
    <testcase time="0.000999999999976353" classname="expt_ds.mean" name="split_data_set"/>
    <testcase time="0.00200000000000955" classname="expt_ds.mean" name="split_data_set"/>
    <testcase time="0.373999999999995" classname="expt_ds.mean" name="split_data_set"/>
    <testcase time="0.00200000000000955" classname="expt_ds.mean" name="split_data_set"/>
    <testcase time="0.00100000000000477" classname="expt_ds.mean" name="split_data_set"/>
    <testcase time="0.36699999999999" classname="expt_ds.mean" name="split_data_set"/>
    <testcase time="0.00600000000000023" classname="expt_ds.mean" name="split_data_set"/>
    <testcase time="0.00200000000000955" classname="expt_ds.mean" name="split_data_set"/>
    <testcase time="0.365999999999985" classname="expt_ds.mean" name="split_data_set"/>
    <testcase time="0.00200000000000955" classname="expt_ds.mean" name="split_data_set"/>
    <testcase time="0.00100000000000477" classname="expt_ds.mean" name="split_data_set"/>
    <testcase time="2.71799999999999" classname="expt_ds.mean" name="combined_data_set"/>
    <testcase time="0.123999999999995" classname="expt_ds.mean" name="combined_data_set"/>
    <testcase time="0.124000000000024" classname="expt_ds.mean" name="combined_data_set"/>
    <testcase time="0.126999999999981" classname="expt_ds.mean" name="combined_data_set"/>
    <testcase time="0.131" classname="expt_ds.mean" name="combined_data_set"/>
    <testcase time="0.12700000000001" classname="expt_ds.mean" name="combined_data_set"/>
    <testcase time="0.125" classname="expt_ds.mean" name="combined_data_set"/>
    <testcase time="0.129999999999995" classname="expt_ds.mean" name="combined_data_set"/>
    <testcase time="2.93100000000001" classname="expt_ds.mean" name="combined_data_set"/>
    <testcase time="0.313999999999993" classname="expt_ds.mean" name="combined_data_set"/>
    <testcase time="0.343999999999994" classname="expt_ds.mean" name="combined_data_set"/>
    <testcase time="0.341000000000008" classname="expt_ds.mean" name="combined_data_set"/>
    <testcase time="0.342999999999989" classname="expt_ds.mean" name="combined_data_set"/>
    <testcase time="0.337999999999994" classname="expt_ds.mean" name="combined_data_set"/>
    <testcase time="0.299000000000007" classname="expt_ds.mean" name="combined_data_set"/>
    <testcase time="0.344999999999999" classname="expt_ds.mean" name="combined_data_set"/>
    <testcase time="7.28800000000001" classname="expt_ds.mean" name="combined_data_set"/>
    <testcase time="1.03899999999999" classname="expt_ds.mean" name="combined_data_set"/>
    <testcase time="0.968000000000018" classname="expt_ds.mean" name="combined_data_set"/>
    <testcase time="1.02499999999998" classname="expt_ds.mean" name="combined_data_set"/>
    <testcase time="1.03200000000001" classname="expt_ds.mean" name="combined_data_set"/>
    <testcase time="1.024" classname="expt_ds.mean" name="combined_data_set"/>
    <testcase time="1.01599999999999" classname="expt_ds.mean" name="combined_data_set"/>
    <testcase time="1.00800000000001" classname="expt_ds.mean" name="combined_data_set"/>
  </testsuite>
  <testsuite name="expt-ds.reshape" timestamp="2026-03-14T01:03:35Z" hostname="runnervm46oaq" tests="1" skipped="1" failures="0" errors="0" time="0.472">
    <testcase time="0.472000000000008" classname="expt_ds.reshape" name="copy_and_transform">
      <skipped message="Reason: empty test ('test-expt-ds.reshape.R:18:1')"/>
    </testcase>
  </testsuite>
  <testsuite name="expt-ds.skewness" timestamp="2026-03-14T01:03:35Z" hostname="runnervm46oaq" tests="40" skipped="0" failures="0" errors="0" time="23.678">
    <testcase time="6.78" classname="expt_ds.skewness" name="combined_data_set"/>
    <testcase time="0.542999999999978" classname="expt_ds.skewness" name="combined_data_set"/>
    <testcase time="0.532000000000011" classname="expt_ds.skewness" name="combined_data_set"/>
    <testcase time="0.531000000000006" classname="expt_ds.skewness" name="combined_data_set"/>
    <testcase time="0.539999999999992" classname="expt_ds.skewness" name="combined_data_set"/>
    <testcase time="0.534999999999997" classname="expt_ds.skewness" name="combined_data_set"/>
    <testcase time="0.538000000000011" classname="expt_ds.skewness" name="combined_data_set"/>
    <testcase time="0.530000000000001" classname="expt_ds.skewness" name="combined_data_set"/>
    <testcase time="6.54599999999999" classname="expt_ds.skewness" name="split_data_set"/>
    <testcase time="0.00100000000000477" classname="expt_ds.skewness" name="split_data_set"/>
    <testcase time="0.00200000000000955" classname="expt_ds.skewness" name="split_data_set"/>
    <testcase time="0.324999999999989" classname="expt_ds.skewness" name="split_data_set"/>
    <testcase time="0.00100000000000477" classname="expt_ds.skewness" name="split_data_set"/>
    <testcase time="0.00199999999998113" classname="expt_ds.skewness" name="split_data_set"/>
    <testcase time="0.37700000000001" classname="expt_ds.skewness" name="split_data_set"/>
    <testcase time="0.00200000000000955" classname="expt_ds.skewness" name="split_data_set"/>
    <testcase time="0.00100000000000477" classname="expt_ds.skewness" name="split_data_set"/>
    <testcase time="0.363" classname="expt_ds.skewness" name="split_data_set"/>
    <testcase time="0.000999999999976353" classname="expt_ds.skewness" name="split_data_set"/>
    <testcase time="0.00200000000000955" classname="expt_ds.skewness" name="split_data_set"/>
    <testcase time="0.365000000000009" classname="expt_ds.skewness" name="split_data_set"/>
    <testcase time="0.00199999999998113" classname="expt_ds.skewness" name="split_data_set"/>
    <testcase time="0.00100000000000477" classname="expt_ds.skewness" name="split_data_set"/>
    <testcase time="0.363" classname="expt_ds.skewness" name="split_data_set"/>
    <testcase time="0.00200000000000955" classname="expt_ds.skewness" name="split_data_set"/>
    <testcase time="0.00100000000000477" classname="expt_ds.skewness" name="split_data_set"/>
    <testcase time="0.367999999999995" classname="expt_ds.skewness" name="split_data_set"/>
    <testcase time="0.00100000000000477" classname="expt_ds.skewness" name="split_data_set"/>
    <testcase time="0.00199999999998113" classname="expt_ds.skewness" name="split_data_set"/>
    <testcase time="0.366000000000014" classname="expt_ds.skewness" name="split_data_set"/>
    <testcase time="0.00200000000000955" classname="expt_ds.skewness" name="split_data_set"/>
    <testcase time="0.00100000000000477" classname="expt_ds.skewness" name="split_data_set"/>
    <testcase time="2.81699999999998" classname="expt_ds.skewness" name="combined_data_set"/>
    <testcase time="0.182000000000016" classname="expt_ds.skewness" name="combined_data_set"/>
    <testcase time="0.143000000000001" classname="expt_ds.skewness" name="combined_data_set"/>
    <testcase time="0.180999999999983" classname="expt_ds.skewness" name="combined_data_set"/>
    <testcase time="0.182000000000016" classname="expt_ds.skewness" name="combined_data_set"/>
    <testcase time="0.179999999999978" classname="expt_ds.skewness" name="combined_data_set"/>
    <testcase time="0.180000000000007" classname="expt_ds.skewness" name="combined_data_set"/>
    <testcase time="0.187000000000012" classname="expt_ds.skewness" name="combined_data_set"/>
  </testsuite>
  <testsuite name="expt-ds.var" timestamp="2026-03-14T01:03:59Z" hostname="runnervm46oaq" tests="48" skipped="0" failures="0" errors="0" time="41.867">
    <testcase time="6.61599999999999" classname="expt_ds.var" name="combined_data_set"/>
    <testcase time="0.52600000000001" classname="expt_ds.var" name="combined_data_set"/>
    <testcase time="0.524000000000001" classname="expt_ds.var" name="combined_data_set"/>
    <testcase time="0.49799999999999" classname="expt_ds.var" name="combined_data_set"/>
    <testcase time="0.543000000000006" classname="expt_ds.var" name="combined_data_set"/>
    <testcase time="0.542000000000002" classname="expt_ds.var" name="combined_data_set"/>
    <testcase time="0.495999999999981" classname="expt_ds.var" name="combined_data_set"/>
    <testcase time="0.555000000000007" classname="expt_ds.var" name="combined_data_set"/>
    <testcase time="6.666" classname="expt_ds.var" name="split_data_set"/>
    <testcase time="0.00200000000000955" classname="expt_ds.var" name="split_data_set"/>
    <testcase time="0.00100000000000477" classname="expt_ds.var" name="split_data_set"/>
    <testcase time="0.543000000000006" classname="expt_ds.var" name="split_data_set"/>
    <testcase time="0.00699999999997658" classname="expt_ds.var" name="split_data_set"/>
    <testcase time="0.00100000000000477" classname="expt_ds.var" name="split_data_set"/>
    <testcase time="0.551000000000016" classname="expt_ds.var" name="split_data_set"/>
    <testcase time="0.00100000000000477" classname="expt_ds.var" name="split_data_set"/>
    <testcase time="0.00199999999998113" classname="expt_ds.var" name="split_data_set"/>
    <testcase time="0.534999999999997" classname="expt_ds.var" name="split_data_set"/>
    <testcase time="0.00200000000000955" classname="expt_ds.var" name="split_data_set"/>
    <testcase time="0.00100000000000477" classname="expt_ds.var" name="split_data_set"/>
    <testcase time="0.528999999999996" classname="expt_ds.var" name="split_data_set"/>
    <testcase time="0.00100000000000477" classname="expt_ds.var" name="split_data_set"/>
    <testcase time="0.00199999999998113" classname="expt_ds.var" name="split_data_set"/>
    <testcase time="0.528999999999996" classname="expt_ds.var" name="split_data_set"/>
    <testcase time="0.00100000000000477" classname="expt_ds.var" name="split_data_set"/>
    <testcase time="0.00200000000000955" classname="expt_ds.var" name="split_data_set"/>
    <testcase time="0.533999999999992" classname="expt_ds.var" name="split_data_set"/>
    <testcase time="0.00200000000000955" classname="expt_ds.var" name="split_data_set"/>
    <testcase time="0.00200000000000955" classname="expt_ds.var" name="split_data_set"/>
    <testcase time="0.537999999999982" classname="expt_ds.var" name="split_data_set"/>
    <testcase time="0.00100000000000477" classname="expt_ds.var" name="split_data_set"/>
    <testcase time="0.00100000000000477" classname="expt_ds.var" name="split_data_set"/>
    <testcase time="7.35799999999998" classname="expt_ds.var" name="large_values"/>
    <testcase time="1.143" classname="expt_ds.var" name="large_values"/>
    <testcase time="1.11800000000002" classname="expt_ds.var" name="large_values"/>
    <testcase time="1.15599999999998" classname="expt_ds.var" name="large_values"/>
    <testcase time="1.12700000000001" classname="expt_ds.var" name="large_values"/>
    <testcase time="1.16499999999999" classname="expt_ds.var" name="large_values"/>
    <testcase time="1.172" classname="expt_ds.var" name="large_values"/>
    <testcase time="1.16600000000003" classname="expt_ds.var" name="large_values"/>
    <testcase time="3.03199999999998" classname="expt_ds.var" name="large_values"/>
    <testcase time="0.39100000000002" classname="expt_ds.var" name="large_values"/>
    <testcase time="0.395999999999987" classname="expt_ds.var" name="large_values"/>
    <testcase time="0.353000000000009" classname="expt_ds.var" name="large_values"/>
    <testcase time="0.397999999999996" classname="expt_ds.var" name="large_values"/>
    <testcase time="0.395999999999987" classname="expt_ds.var" name="large_values"/>
    <testcase time="0.39100000000002" classname="expt_ds.var" name="large_values"/>
    <testcase time="0.350999999999999" classname="expt_ds.var" name="large_values"/>
  </testsuite>
  <testsuite name="smk_expt-ds.mean" timestamp="2026-03-14T01:04:41Z" hostname="runnervm46oaq" tests="33" skipped="3" failures="0" errors="0" time="25.238">
    <testcase time="6.16899999999998" classname="smk_expt_ds.mean" name="mean_values_combine_"/>
    <testcase time="0.171000000000021" classname="smk_expt_ds.mean" name="mean_values_split_"/>
    <testcase time="0.170999999999992" classname="smk_expt_ds.mean" name="mean_values_both_"/>
    <testcase time="0.0029999999999859" classname="smk_expt_ds.mean" name="mean_values_combine_">
      <skipped message="Reason: empty test ('test-smk_expt-ds.mean.R:44:1')"/>
    </testcase>
    <testcase time="0.0200000000000102" classname="smk_expt_ds.mean" name="mean_values_split_">
      <skipped message="Reason: empty test ('test-smk_expt-ds.mean.R:51:1')"/>
    </testcase>
    <testcase time="0.0190000000000055" classname="smk_expt_ds.mean" name="mean_values_both_">
      <skipped message="Reason: empty test ('test-smk_expt-ds.mean.R:58:1')"/>
    </testcase>
    <testcase time="0.180999999999983" classname="smk_expt_ds.mean" name="mean_values_combine_"/>
    <testcase time="0.176000000000016" classname="smk_expt_ds.mean" name="mean_values_split_"/>
    <testcase time="0.171999999999997" classname="smk_expt_ds.mean" name="mean_values_both_"/>
    <testcase time="0.168999999999983" classname="smk_expt_ds.mean" name="mean_values_combine_"/>
    <testcase time="0.170000000000016" classname="smk_expt_ds.mean" name="mean_values_split_"/>
    <testcase time="0.167000000000002" classname="smk_expt_ds.mean" name="mean_values_both_"/>
    <testcase time="0.168000000000006" classname="smk_expt_ds.mean" name="mean_values_combine_"/>
    <testcase time="0.167000000000002" classname="smk_expt_ds.mean" name="mean_values_split_"/>
    <testcase time="0.169999999999987" classname="smk_expt_ds.mean" name="mean_values_both_"/>
    <testcase time="0.968999999999994" classname="smk_expt_ds.mean" name="mean_values_combine_"/>
    <testcase time="0.926000000000016" classname="smk_expt_ds.mean" name="mean_values_split_"/>
    <testcase time="0.886999999999972" classname="smk_expt_ds.mean" name="mean_values_both_"/>
    <testcase time="0.930000000000007" classname="smk_expt_ds.mean" name="mean_values_combine_"/>
    <testcase time="0.937000000000012" classname="smk_expt_ds.mean" name="mean_values_split_"/>
    <testcase time="0.890999999999991" classname="smk_expt_ds.mean" name="mean_values_both_"/>
    <testcase time="0.965000000000003" classname="smk_expt_ds.mean" name="mean_values_combine_"/>
    <testcase time="0.931999999999988" classname="smk_expt_ds.mean" name="mean_values_split_"/>
    <testcase time="0.958000000000027" classname="smk_expt_ds.mean" name="mean_values_both_"/>
    <testcase time="0.930999999999983" classname="smk_expt_ds.mean" name="mean_values_combine_"/>
    <testcase time="0.99199999999999" classname="smk_expt_ds.mean" name="mean_values_split_"/>
    <testcase time="0.937000000000012" classname="smk_expt_ds.mean" name="mean_values_both_"/>
    <testcase time="0.972000000000008" classname="smk_expt_ds.mean" name="mean_values_combine_"/>
    <testcase time="0.995000000000005" classname="smk_expt_ds.mean" name="mean_values_split_"/>
    <testcase time="0.887999999999977" classname="smk_expt_ds.mean" name="mean_values_both_"/>
    <testcase time="0.927000000000021" classname="smk_expt_ds.mean" name="mean_values_combine_"/>
    <testcase time="0.967999999999989" classname="smk_expt_ds.mean" name="mean_values_split_"/>
    <testcase time="1.14000000000001" classname="smk_expt_ds.mean" name="mean_values_both_"/>
  </testsuite>
  <testsuite name="smk_expt-ds.ranksSecure" timestamp="2026-03-14T01:05:06Z" hostname="runnervm46oaq" tests="20" skipped="0" failures="0" errors="0" time="44.521">
    <testcase time="6.16699999999997" classname="smk_expt_ds.ranksSecure" name="setup"/>
    <testcase time="0.00200000000000955" classname="smk_expt_ds.ranksSecure" name="setup"/>
    <testcase time="0.000999999999976353" classname="smk_expt_ds.ranksSecure" name="setup"/>
    <testcase time="0.801000000000045" classname="smk_expt_ds.ranksSecure" name="continous_without_NAs_all_positive"/>
    <testcase time="0.355999999999995" classname="smk_expt_ds.ranksSecure" name="continous_without_NAs_all_positive"/>
    <testcase time="0.00200000000000955" classname="smk_expt_ds.ranksSecure" name="continous_without_NAs_all_positive"/>
    <testcase time="0.000999999999976353" classname="smk_expt_ds.ranksSecure" name="continous_without_NAs_all_positive"/>
    <testcase time="0.00200000000000955" classname="smk_expt_ds.ranksSecure" name="continous_without_NAs_all_positive"/>
    <testcase time="9.05099999999999" classname="smk_expt_ds.ranksSecure" name="continous_without_NAs_all_positive"/>
    <testcase time="0.822000000000003" classname="smk_expt_ds.ranksSecure" name="continous_without_NAs_with_negative"/>
    <testcase time="0.360000000000014" classname="smk_expt_ds.ranksSecure" name="continous_without_NAs_with_negative"/>
    <testcase time="0.0010000000000332" classname="smk_expt_ds.ranksSecure" name="continous_without_NAs_with_negative"/>
    <testcase time="0.00199999999995271" classname="smk_expt_ds.ranksSecure" name="continous_without_NAs_with_negative"/>
    <testcase time="0.00200000000000955" classname="smk_expt_ds.ranksSecure" name="continous_without_NAs_with_negative"/>
    <testcase time="8.97000000000003" classname="smk_expt_ds.ranksSecure" name="continous_without_NAs_with_negative"/>
    <testcase time="8.83199999999999" classname="smk_expt_ds.ranksSecure" name="continous_with_NAs_all_positive"/>
    <testcase time="8.97699999999998" classname="smk_expt_ds.ranksSecure" name="continous_with_NAs_with_negative"/>
    <testcase time="0.16900000000004" classname="smk_expt_ds.ranksSecure" name="setup"/>
    <testcase time="0.000999999999976353" classname="smk_expt_ds.ranksSecure" name="setup"/>
    <testcase time="0.00200000000000955" classname="smk_expt_ds.ranksSecure" name="setup"/>
  </testsuite>
</testsuites>
