<?xml version="1.0" encoding="UTF-8"?>
<testsuites>
  <testsuite name="datachk-ANTHRO" timestamp="2026-08-15T01:46:45Z" hostname="runnervmzvulz" tests="0" skipped="0" failures="0" errors="0" time="0"/>
  <testsuite name="ANTHRO::datachk::setup" timestamp="2026-08-15T01:46:45Z" hostname="runnervmzvulz" tests="3" skipped="0" failures="0" errors="0" time="12.024">
    <testcase time="11.998" classname="ANTHRO_datachk_setup" name="setup"/>
    <testcase time="0.0190000000000001" classname="ANTHRO_datachk_setup" name="setup"/>
    <testcase time="0.00700000000000145" classname="ANTHRO_datachk_setup" name="setup"/>
  </testsuite>
  <testsuite name="ANTHRO::datachk" timestamp="2026-08-15T01:46:57Z" hostname="runnervmzvulz" tests="102" skipped="0" failures="0" errors="0" time="3.309">
    <testcase time="0.340999999999999" classname="ANTHRO_datachk" name="Check_ANTHRO_dataset"/>
    <testcase time="0.00200000000000067" classname="ANTHRO_datachk" name="Check_ANTHRO_dataset"/>
    <testcase time="0.00399999999999956" classname="ANTHRO_datachk" name="Check_ANTHRO_dataset"/>
    <testcase time="0.00199999999999889" classname="ANTHRO_datachk" name="Check_ANTHRO_dataset"/>
    <testcase time="0.00300000000000011" classname="ANTHRO_datachk" name="Check_ANTHRO_dataset"/>
    <testcase time="0.00100000000000122" classname="ANTHRO_datachk" name="Check_ANTHRO_dataset"/>
    <testcase time="0.00300000000000011" classname="ANTHRO_datachk" name="Check_ANTHRO_dataset"/>
    <testcase time="0.186999999999999" classname="ANTHRO_datachk" name="Check_ANTHRO_dataset"/>
    <testcase time="0.000999999999999446" classname="ANTHRO_datachk" name="Check_ANTHRO_dataset"/>
    <testcase time="0.00200000000000067" classname="ANTHRO_datachk" name="Check_ANTHRO_dataset"/>
    <testcase time="0.000999999999999446" classname="ANTHRO_datachk" name="Check_ANTHRO_dataset"/>
    <testcase time="0.00100000000000122" classname="ANTHRO_datachk" name="Check_ANTHRO_dataset"/>
    <testcase time="0.000999999999999446" classname="ANTHRO_datachk" name="Check_ANTHRO_dataset"/>
    <testcase time="0.000999999999999446" classname="ANTHRO_datachk" name="Check_ANTHRO_dataset"/>
    <testcase time="0.00100000000000122" classname="ANTHRO_datachk" name="Check_ANTHRO_dataset"/>
    <testcase time="0.359999999999999" classname="ANTHRO_datachk" name="Check_ANTHRO_dataset"/>
    <testcase time="0.000999999999999446" classname="ANTHRO_datachk" name="Check_ANTHRO_dataset"/>
    <testcase time="0.00200000000000067" classname="ANTHRO_datachk" name="Check_ANTHRO_dataset"/>
    <testcase time="0.000999999999999446" classname="ANTHRO_datachk" name="Check_ANTHRO_dataset"/>
    <testcase time="0.000999999999999446" classname="ANTHRO_datachk" name="Check_ANTHRO_dataset"/>
    <testcase time="0.00100000000000122" classname="ANTHRO_datachk" name="Check_ANTHRO_dataset"/>
    <testcase time="0.000999999999999446" classname="ANTHRO_datachk" name="Check_ANTHRO_dataset"/>
    <testcase time="0.34" classname="ANTHRO_datachk" name="Check_ANTHRO_dataset"/>
    <testcase time="0.000999999999999446" classname="ANTHRO_datachk" name="Check_ANTHRO_dataset"/>
    <testcase time="0.00100000000000122" classname="ANTHRO_datachk" name="Check_ANTHRO_dataset"/>
    <testcase time="0.000999999999999446" classname="ANTHRO_datachk" name="Check_ANTHRO_dataset"/>
    <testcase time="0.000999999999999446" classname="ANTHRO_datachk" name="Check_ANTHRO_dataset"/>
    <testcase time="0.00100000000000122" classname="ANTHRO_datachk" name="Check_ANTHRO_dataset"/>
    <testcase time="0.000999999999999446" classname="ANTHRO_datachk" name="Check_ANTHRO_dataset"/>
    <testcase time="0.172000000000001" classname="ANTHRO_datachk" name="Check_ANTHRO_dataset"/>
    <testcase time="0.000999999999999446" classname="ANTHRO_datachk" name="Check_ANTHRO_dataset"/>
    <testcase time="0.000999999999999446" classname="ANTHRO_datachk" name="Check_ANTHRO_dataset"/>
    <testcase time="0.00100000000000122" classname="ANTHRO_datachk" name="Check_ANTHRO_dataset"/>
    <testcase time="0.000999999999999446" classname="ANTHRO_datachk" name="Check_ANTHRO_dataset"/>
    <testcase time="0.000999999999999446" classname="ANTHRO_datachk" name="Check_ANTHRO_dataset"/>
    <testcase time="0.00100000000000122" classname="ANTHRO_datachk" name="Check_ANTHRO_dataset"/>
    <testcase time="0.000999999999999446" classname="ANTHRO_datachk" name="Check_ANTHRO_dataset"/>
    <testcase time="0.000999999999999446" classname="ANTHRO_datachk" name="Check_ANTHRO_dataset"/>
    <testcase time="0.339" classname="ANTHRO_datachk" name="Check_ANTHRO_dataset"/>
    <testcase time="0.000999999999999446" classname="ANTHRO_datachk" name="Check_ANTHRO_dataset"/>
    <testcase time="0.00100000000000122" classname="ANTHRO_datachk" name="Check_ANTHRO_dataset"/>
    <testcase time="0.000999999999999446" classname="ANTHRO_datachk" name="Check_ANTHRO_dataset"/>
    <testcase time="0.000999999999999446" classname="ANTHRO_datachk" name="Check_ANTHRO_dataset"/>
    <testcase time="0.000999999999999446" classname="ANTHRO_datachk" name="Check_ANTHRO_dataset"/>
    <testcase time="0.00100000000000122" classname="ANTHRO_datachk" name="Check_ANTHRO_dataset"/>
    <testcase time="0.173" classname="ANTHRO_datachk" name="Check_ANTHRO_dataset"/>
    <testcase time="0.000999999999999446" classname="ANTHRO_datachk" name="Check_ANTHRO_dataset"/>
    <testcase time="0.000999999999999446" classname="ANTHRO_datachk" name="Check_ANTHRO_dataset"/>
    <testcase time="0.00100000000000122" classname="ANTHRO_datachk" name="Check_ANTHRO_dataset"/>
    <testcase time="0.000999999999999446" classname="ANTHRO_datachk" name="Check_ANTHRO_dataset"/>
    <testcase time="0.000999999999999446" classname="ANTHRO_datachk" name="Check_ANTHRO_dataset"/>
    <testcase time="0.00100000000000122" classname="ANTHRO_datachk" name="Check_ANTHRO_dataset"/>
    <testcase time="0.000999999999999446" classname="ANTHRO_datachk" name="Check_ANTHRO_dataset"/>
    <testcase time="0.000999999999999446" classname="ANTHRO_datachk" name="Check_ANTHRO_dataset"/>
    <testcase time="0.299999999999999" classname="ANTHRO_datachk" name="Check_ANTHRO_dataset"/>
    <testcase time="0.00100000000000122" classname="ANTHRO_datachk" name="Check_ANTHRO_dataset"/>
    <testcase time="0.00100000000000122" classname="ANTHRO_datachk" name="Check_ANTHRO_dataset"/>
    <testcase time="0.000999999999997669" classname="ANTHRO_datachk" name="Check_ANTHRO_dataset"/>
    <testcase time="0.00100000000000122" classname="ANTHRO_datachk" name="Check_ANTHRO_dataset"/>
    <testcase time="0.00100000000000122" classname="ANTHRO_datachk" name="Check_ANTHRO_dataset"/>
    <testcase time="0.000999999999997669" classname="ANTHRO_datachk" name="Check_ANTHRO_dataset"/>
    <testcase time="0.138000000000002" classname="ANTHRO_datachk" name="Check_ANTHRO_dataset"/>
    <testcase time="0.00100000000000122" classname="ANTHRO_datachk" name="Check_ANTHRO_dataset"/>
    <testcase time="0.000999999999997669" classname="ANTHRO_datachk" name="Check_ANTHRO_dataset"/>
    <testcase time="0.00100000000000122" classname="ANTHRO_datachk" name="Check_ANTHRO_dataset"/>
    <testcase time="0.00100000000000122" classname="ANTHRO_datachk" name="Check_ANTHRO_dataset"/>
    <testcase time="0.000999999999997669" classname="ANTHRO_datachk" name="Check_ANTHRO_dataset"/>
    <testcase time="0.00100000000000122" classname="ANTHRO_datachk" name="Check_ANTHRO_dataset"/>
    <testcase time="0.000999999999997669" classname="ANTHRO_datachk" name="Check_ANTHRO_dataset"/>
    <testcase time="0.00100000000000122" classname="ANTHRO_datachk" name="Check_ANTHRO_dataset"/>
    <testcase time="0.257000000000001" classname="ANTHRO_datachk" name="Check_ANTHRO_dataset"/>
    <testcase time="0.000999999999997669" classname="ANTHRO_datachk" name="Check_ANTHRO_dataset"/>
    <testcase time="0.00100000000000122" classname="ANTHRO_datachk" name="Check_ANTHRO_dataset"/>
    <testcase time="0.00100000000000122" classname="ANTHRO_datachk" name="Check_ANTHRO_dataset"/>
    <testcase time="0.000999999999997669" classname="ANTHRO_datachk" name="Check_ANTHRO_dataset"/>
    <testcase time="0.00100000000000122" classname="ANTHRO_datachk" name="Check_ANTHRO_dataset"/>
    <testcase time="0.00100000000000122" classname="ANTHRO_datachk" name="Check_ANTHRO_dataset"/>
    <testcase time="0.129999999999999" classname="ANTHRO_datachk" name="Check_ANTHRO_dataset"/>
    <testcase time="0.00100000000000122" classname="ANTHRO_datachk" name="Check_ANTHRO_dataset"/>
    <testcase time="0.000999999999997669" classname="ANTHRO_datachk" name="Check_ANTHRO_dataset"/>
    <testcase time="0.00100000000000122" classname="ANTHRO_datachk" name="Check_ANTHRO_dataset"/>
    <testcase time="0.00100000000000122" classname="ANTHRO_datachk" name="Check_ANTHRO_dataset"/>
    <testcase time="0.000999999999997669" classname="ANTHRO_datachk" name="Check_ANTHRO_dataset"/>
    <testcase time="0.00100000000000122" classname="ANTHRO_datachk" name="Check_ANTHRO_dataset"/>
    <testcase time="0.00100000000000122" classname="ANTHRO_datachk" name="Check_ANTHRO_dataset"/>
    <testcase time="0.000999999999997669" classname="ANTHRO_datachk" name="Check_ANTHRO_dataset"/>
    <testcase time="0.303000000000001" classname="ANTHRO_datachk" name="Check_ANTHRO_dataset"/>
    <testcase time="0.00100000000000122" classname="ANTHRO_datachk" name="Check_ANTHRO_dataset"/>
    <testcase time="0.000999999999997669" classname="ANTHRO_datachk" name="Check_ANTHRO_dataset"/>
    <testcase time="0.00100000000000122" classname="ANTHRO_datachk" name="Check_ANTHRO_dataset"/>
    <testcase time="0.00100000000000122" classname="ANTHRO_datachk" name="Check_ANTHRO_dataset"/>
    <testcase time="0.000999999999997669" classname="ANTHRO_datachk" name="Check_ANTHRO_dataset"/>
    <testcase time="0.00100000000000122" classname="ANTHRO_datachk" name="Check_ANTHRO_dataset"/>
    <testcase time="0.169999999999998" classname="ANTHRO_datachk" name="Check_ANTHRO_dataset"/>
    <testcase time="0.00100000000000122" classname="ANTHRO_datachk" name="Check_ANTHRO_dataset"/>
    <testcase time="0.00199999999999889" classname="ANTHRO_datachk" name="Check_ANTHRO_dataset"/>
    <testcase time="0.00100000000000122" classname="ANTHRO_datachk" name="Check_ANTHRO_dataset"/>
    <testcase time="0.00100000000000122" classname="ANTHRO_datachk" name="Check_ANTHRO_dataset"/>
    <testcase time="0" classname="ANTHRO_datachk" name="Check_ANTHRO_dataset"/>
    <testcase time="0.00100000000000122" classname="ANTHRO_datachk" name="Check_ANTHRO_dataset"/>
    <testcase time="0" classname="ANTHRO_datachk" name="Check_ANTHRO_dataset"/>
    <testcase time="0.00100000000000122" classname="ANTHRO_datachk" name="Check_ANTHRO_dataset"/>
  </testsuite>
  <testsuite name="ANTHRO::datachk::shutdown" timestamp="2026-08-15T01:47:01Z" hostname="runnervmzvulz" tests="3" skipped="0" failures="0" errors="0" time="0.18">
    <testcase time="0.177999999999997" classname="ANTHRO_datachk_shutdown" name="shutdown"/>
    <testcase time="0.00100000000000122" classname="ANTHRO_datachk_shutdown" name="shutdown"/>
    <testcase time="0.00100000000000122" classname="ANTHRO_datachk_shutdown" name="shutdown"/>
  </testsuite>
  <testsuite name="ANTHRO::datachk::done" timestamp="2026-08-15T01:47:01Z" hostname="runnervmzvulz" tests="0" skipped="0" failures="0" errors="0" time="0"/>
  <testsuite name="datachk-CLUSTER_INT" timestamp="2026-08-15T01:47:01Z" hostname="runnervmzvulz" tests="0" skipped="0" failures="0" errors="0" time="0"/>
  <testsuite name="CLUSTER_INT::datachk::setup" timestamp="2026-08-15T01:47:01Z" hostname="runnervmzvulz" tests="3" skipped="0" failures="0" errors="0" time="6.785">
    <testcase time="6.783" classname="CLUSTER_INT_datachk_setup" name="setup"/>
    <testcase time="0.00100000000000122" classname="CLUSTER_INT_datachk_setup" name="setup"/>
    <testcase time="0.00100000000000122" classname="CLUSTER_INT_datachk_setup" name="setup"/>
  </testsuite>
  <testsuite name="CLUSTER_INT::datachk" timestamp="2026-08-15T01:47:07Z" hostname="runnervmzvulz" tests="230" skipped="0" failures="0" errors="0" time="6.699">
    <testcase time="0.34" classname="CLUSTER_INT_datachk" name="Check_CLUSTER_INT_dataset"/>
    <testcase time="0.000999999999997669" classname="CLUSTER_INT_datachk" name="Check_CLUSTER_INT_dataset"/>
    <testcase time="0.00300000000000011" classname="CLUSTER_INT_datachk" name="Check_CLUSTER_INT_dataset"/>
    <testcase time="0.00100000000000122" classname="CLUSTER_INT_datachk" name="Check_CLUSTER_INT_dataset"/>
    <testcase time="0.00100000000000122" classname="CLUSTER_INT_datachk" name="Check_CLUSTER_INT_dataset"/>
    <testcase time="0.000999999999997669" classname="CLUSTER_INT_datachk" name="Check_CLUSTER_INT_dataset"/>
    <testcase time="0.00200000000000244" classname="CLUSTER_INT_datachk" name="Check_CLUSTER_INT_dataset"/>
    <testcase time="0.129999999999999" classname="CLUSTER_INT_datachk" name="Check_CLUSTER_INT_dataset"/>
    <testcase time="0.00100000000000122" classname="CLUSTER_INT_datachk" name="Check_CLUSTER_INT_dataset"/>
    <testcase time="0.000999999999997669" classname="CLUSTER_INT_datachk" name="Check_CLUSTER_INT_dataset"/>
    <testcase time="0.00100000000000122" classname="CLUSTER_INT_datachk" name="Check_CLUSTER_INT_dataset"/>
    <testcase time="0.00100000000000122" classname="CLUSTER_INT_datachk" name="Check_CLUSTER_INT_dataset"/>
    <testcase time="0.000999999999997669" classname="CLUSTER_INT_datachk" name="Check_CLUSTER_INT_dataset"/>
    <testcase time="0.00100000000000122" classname="CLUSTER_INT_datachk" name="Check_CLUSTER_INT_dataset"/>
    <testcase time="0.00100000000000122" classname="CLUSTER_INT_datachk" name="Check_CLUSTER_INT_dataset"/>
    <testcase time="0.247999999999998" classname="CLUSTER_INT_datachk" name="Check_CLUSTER_INT_dataset"/>
    <testcase time="0.00100000000000122" classname="CLUSTER_INT_datachk" name="Check_CLUSTER_INT_dataset"/>
    <testcase time="0.00199999999999889" classname="CLUSTER_INT_datachk" name="Check_CLUSTER_INT_dataset"/>
    <testcase time="0.00100000000000122" classname="CLUSTER_INT_datachk" name="Check_CLUSTER_INT_dataset"/>
    <testcase time="0.0069999999999979" classname="CLUSTER_INT_datachk" name="Check_CLUSTER_INT_dataset"/>
    <testcase time="0.00100000000000122" classname="CLUSTER_INT_datachk" name="Check_CLUSTER_INT_dataset"/>
    <testcase time="0.00199999999999889" classname="CLUSTER_INT_datachk" name="Check_CLUSTER_INT_dataset"/>
    <testcase time="0.329000000000001" classname="CLUSTER_INT_datachk" name="Check_CLUSTER_INT_dataset"/>
    <testcase time="0.00100000000000122" classname="CLUSTER_INT_datachk" name="Check_CLUSTER_INT_dataset"/>
    <testcase time="0.00100000000000122" classname="CLUSTER_INT_datachk" name="Check_CLUSTER_INT_dataset"/>
    <testcase time="0.000999999999997669" classname="CLUSTER_INT_datachk" name="Check_CLUSTER_INT_dataset"/>
    <testcase time="0.00100000000000122" classname="CLUSTER_INT_datachk" name="Check_CLUSTER_INT_dataset"/>
    <testcase time="0" classname="CLUSTER_INT_datachk" name="Check_CLUSTER_INT_dataset"/>
    <testcase time="0.00100000000000122" classname="CLUSTER_INT_datachk" name="Check_CLUSTER_INT_dataset"/>
    <testcase time="0.162999999999997" classname="CLUSTER_INT_datachk" name="Check_CLUSTER_INT_dataset"/>
    <testcase time="0.00100000000000122" classname="CLUSTER_INT_datachk" name="Check_CLUSTER_INT_dataset"/>
    <testcase time="0.00100000000000122" classname="CLUSTER_INT_datachk" name="Check_CLUSTER_INT_dataset"/>
    <testcase time="0.000999999999997669" classname="CLUSTER_INT_datachk" name="Check_CLUSTER_INT_dataset"/>
    <testcase time="0.00100000000000122" classname="CLUSTER_INT_datachk" name="Check_CLUSTER_INT_dataset"/>
    <testcase time="0.00100000000000122" classname="CLUSTER_INT_datachk" name="Check_CLUSTER_INT_dataset"/>
    <testcase time="0.000999999999997669" classname="CLUSTER_INT_datachk" name="Check_CLUSTER_INT_dataset"/>
    <testcase time="0.00100000000000122" classname="CLUSTER_INT_datachk" name="Check_CLUSTER_INT_dataset"/>
    <testcase time="0.00100000000000122" classname="CLUSTER_INT_datachk" name="Check_CLUSTER_INT_dataset"/>
    <testcase time="0.326999999999998" classname="CLUSTER_INT_datachk" name="Check_CLUSTER_INT_dataset"/>
    <testcase time="0.00100000000000122" classname="CLUSTER_INT_datachk" name="Check_CLUSTER_INT_dataset"/>
    <testcase time="0.00100000000000122" classname="CLUSTER_INT_datachk" name="Check_CLUSTER_INT_dataset"/>
    <testcase time="0.000999999999997669" classname="CLUSTER_INT_datachk" name="Check_CLUSTER_INT_dataset"/>
    <testcase time="0.00100000000000122" classname="CLUSTER_INT_datachk" name="Check_CLUSTER_INT_dataset"/>
    <testcase time="0.00100000000000122" classname="CLUSTER_INT_datachk" name="Check_CLUSTER_INT_dataset"/>
    <testcase time="0.000999999999997669" classname="CLUSTER_INT_datachk" name="Check_CLUSTER_INT_dataset"/>
    <testcase time="0.126999999999999" classname="CLUSTER_INT_datachk" name="Check_CLUSTER_INT_dataset"/>
    <testcase time="0.00200000000000244" classname="CLUSTER_INT_datachk" name="Check_CLUSTER_INT_dataset"/>
    <testcase time="0.000999999999997669" classname="CLUSTER_INT_datachk" name="Check_CLUSTER_INT_dataset"/>
    <testcase time="0.00100000000000122" classname="CLUSTER_INT_datachk" name="Check_CLUSTER_INT_dataset"/>
    <testcase time="0.00100000000000122" classname="CLUSTER_INT_datachk" name="Check_CLUSTER_INT_dataset"/>
    <testcase time="0.000999999999997669" classname="CLUSTER_INT_datachk" name="Check_CLUSTER_INT_dataset"/>
    <testcase time="0.00100000000000122" classname="CLUSTER_INT_datachk" name="Check_CLUSTER_INT_dataset"/>
    <testcase time="0" classname="CLUSTER_INT_datachk" name="Check_CLUSTER_INT_dataset"/>
    <testcase time="0.00100000000000122" classname="CLUSTER_INT_datachk" name="Check_CLUSTER_INT_dataset"/>
    <testcase time="0.25" classname="CLUSTER_INT_datachk" name="Check_CLUSTER_INT_dataset"/>
    <testcase time="0.00199999999999889" classname="CLUSTER_INT_datachk" name="Check_CLUSTER_INT_dataset"/>
    <testcase time="0.00100000000000122" classname="CLUSTER_INT_datachk" name="Check_CLUSTER_INT_dataset"/>
    <testcase time="0.000999999999997669" classname="CLUSTER_INT_datachk" name="Check_CLUSTER_INT_dataset"/>
    <testcase time="0" classname="CLUSTER_INT_datachk" name="Check_CLUSTER_INT_dataset"/>
    <testcase time="0.00100000000000122" classname="CLUSTER_INT_datachk" name="Check_CLUSTER_INT_dataset"/>
    <testcase time="0.00100000000000122" classname="CLUSTER_INT_datachk" name="Check_CLUSTER_INT_dataset"/>
    <testcase time="0.123999999999999" classname="CLUSTER_INT_datachk" name="Check_CLUSTER_INT_dataset"/>
    <testcase time="0.00100000000000122" classname="CLUSTER_INT_datachk" name="Check_CLUSTER_INT_dataset"/>
    <testcase time="0.000999999999997669" classname="CLUSTER_INT_datachk" name="Check_CLUSTER_INT_dataset"/>
    <testcase time="0.00100000000000122" classname="CLUSTER_INT_datachk" name="Check_CLUSTER_INT_dataset"/>
    <testcase time="0.00100000000000122" classname="CLUSTER_INT_datachk" name="Check_CLUSTER_INT_dataset"/>
    <testcase time="0.000999999999997669" classname="CLUSTER_INT_datachk" name="Check_CLUSTER_INT_dataset"/>
    <testcase time="0.00100000000000122" classname="CLUSTER_INT_datachk" name="Check_CLUSTER_INT_dataset"/>
    <testcase time="0.00100000000000122" classname="CLUSTER_INT_datachk" name="Check_CLUSTER_INT_dataset"/>
    <testcase time="0.000999999999997669" classname="CLUSTER_INT_datachk" name="Check_CLUSTER_INT_dataset"/>
    <testcase time="0.329000000000001" classname="CLUSTER_INT_datachk" name="Check_CLUSTER_INT_dataset"/>
    <testcase time="0.00199999999999889" classname="CLUSTER_INT_datachk" name="Check_CLUSTER_INT_dataset"/>
    <testcase time="0" classname="CLUSTER_INT_datachk" name="Check_CLUSTER_INT_dataset"/>
    <testcase time="0" classname="CLUSTER_INT_datachk" name="Check_CLUSTER_INT_dataset"/>
    <testcase time="0.00100000000000122" classname="CLUSTER_INT_datachk" name="Check_CLUSTER_INT_dataset"/>
    <testcase time="0.000999999999997669" classname="CLUSTER_INT_datachk" name="Check_CLUSTER_INT_dataset"/>
    <testcase time="0.00100000000000122" classname="CLUSTER_INT_datachk" name="Check_CLUSTER_INT_dataset"/>
    <testcase time="0.164999999999999" classname="CLUSTER_INT_datachk" name="Check_CLUSTER_INT_dataset"/>
    <testcase time="0.00200000000000244" classname="CLUSTER_INT_datachk" name="Check_CLUSTER_INT_dataset"/>
    <testcase time="0.000999999999997669" classname="CLUSTER_INT_datachk" name="Check_CLUSTER_INT_dataset"/>
    <testcase time="0.00100000000000122" classname="CLUSTER_INT_datachk" name="Check_CLUSTER_INT_dataset"/>
    <testcase time="0" classname="CLUSTER_INT_datachk" name="Check_CLUSTER_INT_dataset"/>
    <testcase time="0" classname="CLUSTER_INT_datachk" name="Check_CLUSTER_INT_dataset"/>
    <testcase time="0.000999999999997669" classname="CLUSTER_INT_datachk" name="Check_CLUSTER_INT_dataset"/>
    <testcase time="0.00100000000000122" classname="CLUSTER_INT_datachk" name="Check_CLUSTER_INT_dataset"/>
    <testcase time="0.00100000000000122" classname="CLUSTER_INT_datachk" name="Check_CLUSTER_INT_dataset"/>
    <testcase time="0.327999999999999" classname="CLUSTER_INT_datachk" name="Check_CLUSTER_INT_dataset"/>
    <testcase time="0.00199999999999889" classname="CLUSTER_INT_datachk" name="Check_CLUSTER_INT_dataset"/>
    <testcase time="0.00100000000000122" classname="CLUSTER_INT_datachk" name="Check_CLUSTER_INT_dataset"/>
    <testcase time="0.000999999999997669" classname="CLUSTER_INT_datachk" name="Check_CLUSTER_INT_dataset"/>
    <testcase time="0.00100000000000122" classname="CLUSTER_INT_datachk" name="Check_CLUSTER_INT_dataset"/>
    <testcase time="0" classname="CLUSTER_INT_datachk" name="Check_CLUSTER_INT_dataset"/>
    <testcase time="0.00100000000000122" classname="CLUSTER_INT_datachk" name="Check_CLUSTER_INT_dataset"/>
    <testcase time="0.122" classname="CLUSTER_INT_datachk" name="Check_CLUSTER_INT_dataset"/>
    <testcase time="0.000999999999997669" classname="CLUSTER_INT_datachk" name="Check_CLUSTER_INT_dataset"/>
    <testcase time="0.00100000000000122" classname="CLUSTER_INT_datachk" name="Check_CLUSTER_INT_dataset"/>
    <testcase time="0.00100000000000122" classname="CLUSTER_INT_datachk" name="Check_CLUSTER_INT_dataset"/>
    <testcase time="0.000999999999997669" classname="CLUSTER_INT_datachk" name="Check_CLUSTER_INT_dataset"/>
    <testcase time="0.00100000000000122" classname="CLUSTER_INT_datachk" name="Check_CLUSTER_INT_dataset"/>
    <testcase time="0.00100000000000122" classname="CLUSTER_INT_datachk" name="Check_CLUSTER_INT_dataset"/>
    <testcase time="0" classname="CLUSTER_INT_datachk" name="Check_CLUSTER_INT_dataset"/>
    <testcase time="0.000999999999997669" classname="CLUSTER_INT_datachk" name="Check_CLUSTER_INT_dataset"/>
    <testcase time="0.281000000000002" classname="CLUSTER_INT_datachk" name="Check_CLUSTER_INT_dataset"/>
    <testcase time="0.000999999999997669" classname="CLUSTER_INT_datachk" name="Check_CLUSTER_INT_dataset"/>
    <testcase time="0.00100000000000122" classname="CLUSTER_INT_datachk" name="Check_CLUSTER_INT_dataset"/>
    <testcase time="0.00100000000000122" classname="CLUSTER_INT_datachk" name="Check_CLUSTER_INT_dataset"/>
    <testcase time="0.000999999999997669" classname="CLUSTER_INT_datachk" name="Check_CLUSTER_INT_dataset"/>
    <testcase time="0.00100000000000122" classname="CLUSTER_INT_datachk" name="Check_CLUSTER_INT_dataset"/>
    <testcase time="0.00100000000000122" classname="CLUSTER_INT_datachk" name="Check_CLUSTER_INT_dataset"/>
    <testcase time="0.122" classname="CLUSTER_INT_datachk" name="Check_CLUSTER_INT_dataset"/>
    <testcase time="0.00199999999999889" classname="CLUSTER_INT_datachk" name="Check_CLUSTER_INT_dataset"/>
    <testcase time="0.00100000000000122" classname="CLUSTER_INT_datachk" name="Check_CLUSTER_INT_dataset"/>
    <testcase time="0.000999999999997669" classname="CLUSTER_INT_datachk" name="Check_CLUSTER_INT_dataset"/>
    <testcase time="0.00100000000000122" classname="CLUSTER_INT_datachk" name="Check_CLUSTER_INT_dataset"/>
    <testcase time="0" classname="CLUSTER_INT_datachk" name="Check_CLUSTER_INT_dataset"/>
    <testcase time="0.000999999999997669" classname="CLUSTER_INT_datachk" name="Check_CLUSTER_INT_dataset"/>
    <testcase time="0.00100000000000122" classname="CLUSTER_INT_datachk" name="Check_CLUSTER_INT_dataset"/>
    <testcase time="0.00100000000000122" classname="CLUSTER_INT_datachk" name="Check_CLUSTER_INT_dataset"/>
    <testcase time="0.320999999999998" classname="CLUSTER_INT_datachk" name="Check_CLUSTER_INT_dataset"/>
    <testcase time="0.00100000000000122" classname="CLUSTER_INT_datachk" name="Check_CLUSTER_INT_dataset"/>
    <testcase time="0.00100000000000122" classname="CLUSTER_INT_datachk" name="Check_CLUSTER_INT_dataset"/>
    <testcase time="0.000999999999997669" classname="CLUSTER_INT_datachk" name="Check_CLUSTER_INT_dataset"/>
    <testcase time="0.00100000000000122" classname="CLUSTER_INT_datachk" name="Check_CLUSTER_INT_dataset"/>
    <testcase time="0.00100000000000122" classname="CLUSTER_INT_datachk" name="Check_CLUSTER_INT_dataset"/>
    <testcase time="0.000999999999997669" classname="CLUSTER_INT_datachk" name="Check_CLUSTER_INT_dataset"/>
    <testcase time="0.168000000000003" classname="CLUSTER_INT_datachk" name="Check_CLUSTER_INT_dataset"/>
    <testcase time="0.00199999999999889" classname="CLUSTER_INT_datachk" name="Check_CLUSTER_INT_dataset"/>
    <testcase time="0.00199999999999889" classname="CLUSTER_INT_datachk" name="Check_CLUSTER_INT_dataset"/>
    <testcase time="0.00100000000000122" classname="CLUSTER_INT_datachk" name="Check_CLUSTER_INT_dataset"/>
    <testcase time="0.000999999999997669" classname="CLUSTER_INT_datachk" name="Check_CLUSTER_INT_dataset"/>
    <testcase time="0.00100000000000122" classname="CLUSTER_INT_datachk" name="Check_CLUSTER_INT_dataset"/>
    <testcase time="0" classname="CLUSTER_INT_datachk" name="Check_CLUSTER_INT_dataset"/>
    <testcase time="0.00100000000000122" classname="CLUSTER_INT_datachk" name="Check_CLUSTER_INT_dataset"/>
    <testcase time="0.000999999999997669" classname="CLUSTER_INT_datachk" name="Check_CLUSTER_INT_dataset"/>
    <testcase time="0.281000000000002" classname="CLUSTER_INT_datachk" name="Check_CLUSTER_INT_dataset"/>
    <testcase time="0.000999999999997669" classname="CLUSTER_INT_datachk" name="Check_CLUSTER_INT_dataset"/>
    <testcase time="0.00100000000000122" classname="CLUSTER_INT_datachk" name="Check_CLUSTER_INT_dataset"/>
    <testcase time="0.00100000000000122" classname="CLUSTER_INT_datachk" name="Check_CLUSTER_INT_dataset"/>
    <testcase time="0.000999999999997669" classname="CLUSTER_INT_datachk" name="Check_CLUSTER_INT_dataset"/>
    <testcase time="0.00100000000000122" classname="CLUSTER_INT_datachk" name="Check_CLUSTER_INT_dataset"/>
    <testcase time="0.00100000000000122" classname="CLUSTER_INT_datachk" name="Check_CLUSTER_INT_dataset"/>
    <testcase time="0.160999999999998" classname="CLUSTER_INT_datachk" name="Check_CLUSTER_INT_dataset"/>
    <testcase time="0.00100000000000122" classname="CLUSTER_INT_datachk" name="Check_CLUSTER_INT_dataset"/>
    <testcase time="0.00100000000000122" classname="CLUSTER_INT_datachk" name="Check_CLUSTER_INT_dataset"/>
    <testcase time="0.000999999999997669" classname="CLUSTER_INT_datachk" name="Check_CLUSTER_INT_dataset"/>
    <testcase time="0.00100000000000122" classname="CLUSTER_INT_datachk" name="Check_CLUSTER_INT_dataset"/>
    <testcase time="0.00100000000000122" classname="CLUSTER_INT_datachk" name="Check_CLUSTER_INT_dataset"/>
    <testcase time="0.000999999999997669" classname="CLUSTER_INT_datachk" name="Check_CLUSTER_INT_dataset"/>
    <testcase time="0.00100000000000122" classname="CLUSTER_INT_datachk" name="Check_CLUSTER_INT_dataset"/>
    <testcase time="0.00100000000000122" classname="CLUSTER_INT_datachk" name="Check_CLUSTER_INT_dataset"/>
    <testcase time="0.288" classname="CLUSTER_INT_datachk" name="Check_CLUSTER_INT_dataset"/>
    <testcase time="0.000999999999997669" classname="CLUSTER_INT_datachk" name="Check_CLUSTER_INT_dataset"/>
    <testcase time="0.00100000000000122" classname="CLUSTER_INT_datachk" name="Check_CLUSTER_INT_dataset"/>
    <testcase time="0.000999999999997669" classname="CLUSTER_INT_datachk" name="Check_CLUSTER_INT_dataset"/>
    <testcase time="0.00100000000000122" classname="CLUSTER_INT_datachk" name="Check_CLUSTER_INT_dataset"/>
    <testcase time="0.00100000000000122" classname="CLUSTER_INT_datachk" name="Check_CLUSTER_INT_dataset"/>
    <testcase time="0.000999999999997669" classname="CLUSTER_INT_datachk" name="Check_CLUSTER_INT_dataset"/>
    <testcase time="0.165000000000003" classname="CLUSTER_INT_datachk" name="Check_CLUSTER_INT_dataset"/>
    <testcase time="0.000999999999997669" classname="CLUSTER_INT_datachk" name="Check_CLUSTER_INT_dataset"/>
    <testcase time="0.00100000000000122" classname="CLUSTER_INT_datachk" name="Check_CLUSTER_INT_dataset"/>
    <testcase time="0.000999999999997669" classname="CLUSTER_INT_datachk" name="Check_CLUSTER_INT_dataset"/>
    <testcase time="0.00100000000000122" classname="CLUSTER_INT_datachk" name="Check_CLUSTER_INT_dataset"/>
    <testcase time="0" classname="CLUSTER_INT_datachk" name="Check_CLUSTER_INT_dataset"/>
    <testcase time="0.00100000000000122" classname="CLUSTER_INT_datachk" name="Check_CLUSTER_INT_dataset"/>
    <testcase time="0.000999999999997669" classname="CLUSTER_INT_datachk" name="Check_CLUSTER_INT_dataset"/>
    <testcase time="0.00100000000000122" classname="CLUSTER_INT_datachk" name="Check_CLUSTER_INT_dataset"/>
    <testcase time="0.248999999999999" classname="CLUSTER_INT_datachk" name="Check_CLUSTER_INT_dataset"/>
    <testcase time="0.00200000000000244" classname="CLUSTER_INT_datachk" name="Check_CLUSTER_INT_dataset"/>
    <testcase time="0.000999999999997669" classname="CLUSTER_INT_datachk" name="Check_CLUSTER_INT_dataset"/>
    <testcase time="0" classname="CLUSTER_INT_datachk" name="Check_CLUSTER_INT_dataset"/>
    <testcase time="0.00100000000000122" classname="CLUSTER_INT_datachk" name="Check_CLUSTER_INT_dataset"/>
    <testcase time="0.00100000000000122" classname="CLUSTER_INT_datachk" name="Check_CLUSTER_INT_dataset"/>
    <testcase time="0.000999999999997669" classname="CLUSTER_INT_datachk" name="Check_CLUSTER_INT_dataset"/>
    <testcase time="0.123000000000001" classname="CLUSTER_INT_datachk" name="Check_CLUSTER_INT_dataset"/>
    <testcase time="0.00100000000000122" classname="CLUSTER_INT_datachk" name="Check_CLUSTER_INT_dataset"/>
    <testcase time="0.000999999999997669" classname="CLUSTER_INT_datachk" name="Check_CLUSTER_INT_dataset"/>
    <testcase time="0.00100000000000122" classname="CLUSTER_INT_datachk" name="Check_CLUSTER_INT_dataset"/>
    <testcase time="0.00100000000000122" classname="CLUSTER_INT_datachk" name="Check_CLUSTER_INT_dataset"/>
    <testcase time="0.000999999999997669" classname="CLUSTER_INT_datachk" name="Check_CLUSTER_INT_dataset"/>
    <testcase time="0.00100000000000122" classname="CLUSTER_INT_datachk" name="Check_CLUSTER_INT_dataset"/>
    <testcase time="0.000999999999997669" classname="CLUSTER_INT_datachk" name="Check_CLUSTER_INT_dataset"/>
    <testcase time="0.00100000000000122" classname="CLUSTER_INT_datachk" name="Check_CLUSTER_INT_dataset"/>
    <testcase time="0.283999999999999" classname="CLUSTER_INT_datachk" name="Check_CLUSTER_INT_dataset"/>
    <testcase time="0.00100000000000122" classname="CLUSTER_INT_datachk" name="Check_CLUSTER_INT_dataset"/>
    <testcase time="0.00100000000000122" classname="CLUSTER_INT_datachk" name="Check_CLUSTER_INT_dataset"/>
    <testcase time="0.000999999999997669" classname="CLUSTER_INT_datachk" name="Check_CLUSTER_INT_dataset"/>
    <testcase time="0.00100000000000122" classname="CLUSTER_INT_datachk" name="Check_CLUSTER_INT_dataset"/>
    <testcase time="0.00100000000000122" classname="CLUSTER_INT_datachk" name="Check_CLUSTER_INT_dataset"/>
    <testcase time="0" classname="CLUSTER_INT_datachk" name="Check_CLUSTER_INT_dataset"/>
    <testcase time="0.164999999999999" classname="CLUSTER_INT_datachk" name="Check_CLUSTER_INT_dataset"/>
    <testcase time="0.00199999999999889" classname="CLUSTER_INT_datachk" name="Check_CLUSTER_INT_dataset"/>
    <testcase time="0.00100000000000122" classname="CLUSTER_INT_datachk" name="Check_CLUSTER_INT_dataset"/>
    <testcase time="0.00100000000000122" classname="CLUSTER_INT_datachk" name="Check_CLUSTER_INT_dataset"/>
    <testcase time="0.000999999999997669" classname="CLUSTER_INT_datachk" name="Check_CLUSTER_INT_dataset"/>
    <testcase time="0" classname="CLUSTER_INT_datachk" name="Check_CLUSTER_INT_dataset"/>
    <testcase time="0.00100000000000122" classname="CLUSTER_INT_datachk" name="Check_CLUSTER_INT_dataset"/>
    <testcase time="0.00100000000000122" classname="CLUSTER_INT_datachk" name="Check_CLUSTER_INT_dataset"/>
    <testcase time="0.000999999999997669" classname="CLUSTER_INT_datachk" name="Check_CLUSTER_INT_dataset"/>
    <testcase time="0.324999999999999" classname="CLUSTER_INT_datachk" name="Check_CLUSTER_INT_dataset"/>
    <testcase time="0.00100000000000122" classname="CLUSTER_INT_datachk" name="Check_CLUSTER_INT_dataset"/>
    <testcase time="0.00100000000000122" classname="CLUSTER_INT_datachk" name="Check_CLUSTER_INT_dataset"/>
    <testcase time="0.000999999999997669" classname="CLUSTER_INT_datachk" name="Check_CLUSTER_INT_dataset"/>
    <testcase time="0.00100000000000122" classname="CLUSTER_INT_datachk" name="Check_CLUSTER_INT_dataset"/>
    <testcase time="0.00100000000000122" classname="CLUSTER_INT_datachk" name="Check_CLUSTER_INT_dataset"/>
    <testcase time="0.000999999999997669" classname="CLUSTER_INT_datachk" name="Check_CLUSTER_INT_dataset"/>
    <testcase time="0.161000000000001" classname="CLUSTER_INT_datachk" name="Check_CLUSTER_INT_dataset"/>
    <testcase time="0.00199999999999889" classname="CLUSTER_INT_datachk" name="Check_CLUSTER_INT_dataset"/>
    <testcase time="0.00100000000000122" classname="CLUSTER_INT_datachk" name="Check_CLUSTER_INT_dataset"/>
    <testcase time="0.00100000000000122" classname="CLUSTER_INT_datachk" name="Check_CLUSTER_INT_dataset"/>
    <testcase time="0.000999999999997669" classname="CLUSTER_INT_datachk" name="Check_CLUSTER_INT_dataset"/>
    <testcase time="0" classname="CLUSTER_INT_datachk" name="Check_CLUSTER_INT_dataset"/>
    <testcase time="0.00100000000000122" classname="CLUSTER_INT_datachk" name="Check_CLUSTER_INT_dataset"/>
    <testcase time="0.00100000000000122" classname="CLUSTER_INT_datachk" name="Check_CLUSTER_INT_dataset"/>
    <testcase time="0.000999999999997669" classname="CLUSTER_INT_datachk" name="Check_CLUSTER_INT_dataset"/>
    <testcase time="0.291" classname="CLUSTER_INT_datachk" name="Check_CLUSTER_INT_dataset"/>
    <testcase time="0.00199999999999889" classname="CLUSTER_INT_datachk" name="Check_CLUSTER_INT_dataset"/>
    <testcase time="0.00100000000000122" classname="CLUSTER_INT_datachk" name="Check_CLUSTER_INT_dataset"/>
    <testcase time="0.00100000000000122" classname="CLUSTER_INT_datachk" name="Check_CLUSTER_INT_dataset"/>
    <testcase time="0.000999999999997669" classname="CLUSTER_INT_datachk" name="Check_CLUSTER_INT_dataset"/>
    <testcase time="0" classname="CLUSTER_INT_datachk" name="Check_CLUSTER_INT_dataset"/>
    <testcase time="0.00100000000000122" classname="CLUSTER_INT_datachk" name="Check_CLUSTER_INT_dataset"/>
    <testcase time="0.123999999999999" classname="CLUSTER_INT_datachk" name="Check_CLUSTER_INT_dataset"/>
    <testcase time="0.00200000000000244" classname="CLUSTER_INT_datachk" name="Check_CLUSTER_INT_dataset"/>
    <testcase time="0.000999999999997669" classname="CLUSTER_INT_datachk" name="Check_CLUSTER_INT_dataset"/>
    <testcase time="0.00100000000000122" classname="CLUSTER_INT_datachk" name="Check_CLUSTER_INT_dataset"/>
    <testcase time="0.00100000000000122" classname="CLUSTER_INT_datachk" name="Check_CLUSTER_INT_dataset"/>
    <testcase time="0.000999999999997669" classname="CLUSTER_INT_datachk" name="Check_CLUSTER_INT_dataset"/>
    <testcase time="0.00100000000000122" classname="CLUSTER_INT_datachk" name="Check_CLUSTER_INT_dataset"/>
    <testcase time="0.00100000000000122" classname="CLUSTER_INT_datachk" name="Check_CLUSTER_INT_dataset"/>
    <testcase time="0.000999999999997669" classname="CLUSTER_INT_datachk" name="Check_CLUSTER_INT_dataset"/>
  </testsuite>
  <testsuite name="CLUSTER_INT::datachk::shutdown" timestamp="2026-08-15T01:47:14Z" hostname="runnervmzvulz" tests="3" skipped="0" failures="0" errors="0" time="0.127">
    <testcase time="0.125" classname="CLUSTER_INT_datachk_shutdown" name="shutdown"/>
    <testcase time="0.00100000000000122" classname="CLUSTER_INT_datachk_shutdown" name="shutdown"/>
    <testcase time="0.00100000000000122" classname="CLUSTER_INT_datachk_shutdown" name="shutdown"/>
  </testsuite>
  <testsuite name="CLUSTER_INT::datachk::done" timestamp="2026-08-15T01:47:15Z" hostname="runnervmzvulz" tests="0" skipped="0" failures="0" errors="0" time="0"/>
  <testsuite name="datachk-CLUSTER_SLO" timestamp="2026-08-15T01:47:15Z" hostname="runnervmzvulz" tests="0" skipped="0" failures="0" errors="0" time="0"/>
  <testsuite name="CLUSTER_SLO::datachk::setup" timestamp="2026-08-15T01:47:15Z" hostname="runnervmzvulz" tests="3" skipped="0" failures="0" errors="0" time="6.807">
    <testcase time="6.804" classname="CLUSTER_SLO_datachk_setup" name="setup"/>
    <testcase time="0.00199999999999534" classname="CLUSTER_SLO_datachk_setup" name="setup"/>
    <testcase time="0.00100000000000477" classname="CLUSTER_SLO_datachk_setup" name="setup"/>
  </testsuite>
  <testsuite name="CLUSTER_SLO::datachk" timestamp="2026-08-15T01:47:21Z" hostname="runnervmzvulz" tests="230" skipped="0" failures="0" errors="0" time="6.88">
    <testcase time="0.321999999999996" classname="CLUSTER_SLO_datachk" name="Check_CLUSTER_SLO_dataset"/>
    <testcase time="0.000999999999997669" classname="CLUSTER_SLO_datachk" name="Check_CLUSTER_SLO_dataset"/>
    <testcase time="0.00200000000000244" classname="CLUSTER_SLO_datachk" name="Check_CLUSTER_SLO_dataset"/>
    <testcase time="0.000999999999997669" classname="CLUSTER_SLO_datachk" name="Check_CLUSTER_SLO_dataset"/>
    <testcase time="0.00200000000000244" classname="CLUSTER_SLO_datachk" name="Check_CLUSTER_SLO_dataset"/>
    <testcase time="0.000999999999997669" classname="CLUSTER_SLO_datachk" name="Check_CLUSTER_SLO_dataset"/>
    <testcase time="0.00200000000000244" classname="CLUSTER_SLO_datachk" name="Check_CLUSTER_SLO_dataset"/>
    <testcase time="0.163000000000004" classname="CLUSTER_SLO_datachk" name="Check_CLUSTER_SLO_dataset"/>
    <testcase time="0.00199999999999534" classname="CLUSTER_SLO_datachk" name="Check_CLUSTER_SLO_dataset"/>
    <testcase time="0.00200000000000244" classname="CLUSTER_SLO_datachk" name="Check_CLUSTER_SLO_dataset"/>
    <testcase time="0.000999999999997669" classname="CLUSTER_SLO_datachk" name="Check_CLUSTER_SLO_dataset"/>
    <testcase time="0.00100000000000477" classname="CLUSTER_SLO_datachk" name="Check_CLUSTER_SLO_dataset"/>
    <testcase time="0.000999999999997669" classname="CLUSTER_SLO_datachk" name="Check_CLUSTER_SLO_dataset"/>
    <testcase time="0.000999999999997669" classname="CLUSTER_SLO_datachk" name="Check_CLUSTER_SLO_dataset"/>
    <testcase time="0.00100000000000477" classname="CLUSTER_SLO_datachk" name="Check_CLUSTER_SLO_dataset"/>
    <testcase time="0.316999999999993" classname="CLUSTER_SLO_datachk" name="Check_CLUSTER_SLO_dataset"/>
    <testcase time="0.00200000000000244" classname="CLUSTER_SLO_datachk" name="Check_CLUSTER_SLO_dataset"/>
    <testcase time="0.00200000000000244" classname="CLUSTER_SLO_datachk" name="Check_CLUSTER_SLO_dataset"/>
    <testcase time="0.000999999999997669" classname="CLUSTER_SLO_datachk" name="Check_CLUSTER_SLO_dataset"/>
    <testcase time="0.00200000000000244" classname="CLUSTER_SLO_datachk" name="Check_CLUSTER_SLO_dataset"/>
    <testcase time="0.00199999999999534" classname="CLUSTER_SLO_datachk" name="Check_CLUSTER_SLO_dataset"/>
    <testcase time="0.00100000000000477" classname="CLUSTER_SLO_datachk" name="Check_CLUSTER_SLO_dataset"/>
    <testcase time="0.333999999999996" classname="CLUSTER_SLO_datachk" name="Check_CLUSTER_SLO_dataset"/>
    <testcase time="0.00200000000000244" classname="CLUSTER_SLO_datachk" name="Check_CLUSTER_SLO_dataset"/>
    <testcase time="0.000999999999997669" classname="CLUSTER_SLO_datachk" name="Check_CLUSTER_SLO_dataset"/>
    <testcase time="0.00100000000000477" classname="CLUSTER_SLO_datachk" name="Check_CLUSTER_SLO_dataset"/>
    <testcase time="0" classname="CLUSTER_SLO_datachk" name="Check_CLUSTER_SLO_dataset"/>
    <testcase time="0" classname="CLUSTER_SLO_datachk" name="Check_CLUSTER_SLO_dataset"/>
    <testcase time="0.000999999999997669" classname="CLUSTER_SLO_datachk" name="Check_CLUSTER_SLO_dataset"/>
    <testcase time="0.125" classname="CLUSTER_SLO_datachk" name="Check_CLUSTER_SLO_dataset"/>
    <testcase time="0.00100000000000477" classname="CLUSTER_SLO_datachk" name="Check_CLUSTER_SLO_dataset"/>
    <testcase time="0.000999999999997669" classname="CLUSTER_SLO_datachk" name="Check_CLUSTER_SLO_dataset"/>
    <testcase time="0.000999999999997669" classname="CLUSTER_SLO_datachk" name="Check_CLUSTER_SLO_dataset"/>
    <testcase time="0.00100000000000477" classname="CLUSTER_SLO_datachk" name="Check_CLUSTER_SLO_dataset"/>
    <testcase time="0.000999999999997669" classname="CLUSTER_SLO_datachk" name="Check_CLUSTER_SLO_dataset"/>
    <testcase time="0.000999999999997669" classname="CLUSTER_SLO_datachk" name="Check_CLUSTER_SLO_dataset"/>
    <testcase time="0.00100000000000477" classname="CLUSTER_SLO_datachk" name="Check_CLUSTER_SLO_dataset"/>
    <testcase time="0.000999999999997669" classname="CLUSTER_SLO_datachk" name="Check_CLUSTER_SLO_dataset"/>
    <testcase time="0.323" classname="CLUSTER_SLO_datachk" name="Check_CLUSTER_SLO_dataset"/>
    <testcase time="0.000999999999997669" classname="CLUSTER_SLO_datachk" name="Check_CLUSTER_SLO_dataset"/>
    <testcase time="0.00100000000000477" classname="CLUSTER_SLO_datachk" name="Check_CLUSTER_SLO_dataset"/>
    <testcase time="0.000999999999997669" classname="CLUSTER_SLO_datachk" name="Check_CLUSTER_SLO_dataset"/>
    <testcase time="0.000999999999997669" classname="CLUSTER_SLO_datachk" name="Check_CLUSTER_SLO_dataset"/>
    <testcase time="0.000999999999997669" classname="CLUSTER_SLO_datachk" name="Check_CLUSTER_SLO_dataset"/>
    <testcase time="0.00100000000000477" classname="CLUSTER_SLO_datachk" name="Check_CLUSTER_SLO_dataset"/>
    <testcase time="0.125" classname="CLUSTER_SLO_datachk" name="Check_CLUSTER_SLO_dataset"/>
    <testcase time="0.00199999999999534" classname="CLUSTER_SLO_datachk" name="Check_CLUSTER_SLO_dataset"/>
    <testcase time="0.00100000000000477" classname="CLUSTER_SLO_datachk" name="Check_CLUSTER_SLO_dataset"/>
    <testcase time="0.000999999999997669" classname="CLUSTER_SLO_datachk" name="Check_CLUSTER_SLO_dataset"/>
    <testcase time="0.000999999999997669" classname="CLUSTER_SLO_datachk" name="Check_CLUSTER_SLO_dataset"/>
    <testcase time="0" classname="CLUSTER_SLO_datachk" name="Check_CLUSTER_SLO_dataset"/>
    <testcase time="0.000999999999997669" classname="CLUSTER_SLO_datachk" name="Check_CLUSTER_SLO_dataset"/>
    <testcase time="0" classname="CLUSTER_SLO_datachk" name="Check_CLUSTER_SLO_dataset"/>
    <testcase time="0.000999999999997669" classname="CLUSTER_SLO_datachk" name="Check_CLUSTER_SLO_dataset"/>
    <testcase time="0.325000000000003" classname="CLUSTER_SLO_datachk" name="Check_CLUSTER_SLO_dataset"/>
    <testcase time="0.000999999999997669" classname="CLUSTER_SLO_datachk" name="Check_CLUSTER_SLO_dataset"/>
    <testcase time="0.00100000000000477" classname="CLUSTER_SLO_datachk" name="Check_CLUSTER_SLO_dataset"/>
    <testcase time="0.000999999999997669" classname="CLUSTER_SLO_datachk" name="Check_CLUSTER_SLO_dataset"/>
    <testcase time="0.000999999999997669" classname="CLUSTER_SLO_datachk" name="Check_CLUSTER_SLO_dataset"/>
    <testcase time="0.00100000000000477" classname="CLUSTER_SLO_datachk" name="Check_CLUSTER_SLO_dataset"/>
    <testcase time="0.000999999999997669" classname="CLUSTER_SLO_datachk" name="Check_CLUSTER_SLO_dataset"/>
    <testcase time="0.162999999999997" classname="CLUSTER_SLO_datachk" name="Check_CLUSTER_SLO_dataset"/>
    <testcase time="0.00200000000000244" classname="CLUSTER_SLO_datachk" name="Check_CLUSTER_SLO_dataset"/>
    <testcase time="0.000999999999997669" classname="CLUSTER_SLO_datachk" name="Check_CLUSTER_SLO_dataset"/>
    <testcase time="0.00100000000000477" classname="CLUSTER_SLO_datachk" name="Check_CLUSTER_SLO_dataset"/>
    <testcase time="0.000999999999997669" classname="CLUSTER_SLO_datachk" name="Check_CLUSTER_SLO_dataset"/>
    <testcase time="0.000999999999997669" classname="CLUSTER_SLO_datachk" name="Check_CLUSTER_SLO_dataset"/>
    <testcase time="0.00100000000000477" classname="CLUSTER_SLO_datachk" name="Check_CLUSTER_SLO_dataset"/>
    <testcase time="0" classname="CLUSTER_SLO_datachk" name="Check_CLUSTER_SLO_dataset"/>
    <testcase time="0.000999999999997669" classname="CLUSTER_SLO_datachk" name="Check_CLUSTER_SLO_dataset"/>
    <testcase time="0.261000000000003" classname="CLUSTER_SLO_datachk" name="Check_CLUSTER_SLO_dataset"/>
    <testcase time="0.000999999999997669" classname="CLUSTER_SLO_datachk" name="Check_CLUSTER_SLO_dataset"/>
    <testcase time="0.000999999999997669" classname="CLUSTER_SLO_datachk" name="Check_CLUSTER_SLO_dataset"/>
    <testcase time="0.00100000000000477" classname="CLUSTER_SLO_datachk" name="Check_CLUSTER_SLO_dataset"/>
    <testcase time="0.000999999999997669" classname="CLUSTER_SLO_datachk" name="Check_CLUSTER_SLO_dataset"/>
    <testcase time="0.000999999999997669" classname="CLUSTER_SLO_datachk" name="Check_CLUSTER_SLO_dataset"/>
    <testcase time="0.00100000000000477" classname="CLUSTER_SLO_datachk" name="Check_CLUSTER_SLO_dataset"/>
    <testcase time="0.161999999999999" classname="CLUSTER_SLO_datachk" name="Check_CLUSTER_SLO_dataset"/>
    <testcase time="0.000999999999997669" classname="CLUSTER_SLO_datachk" name="Check_CLUSTER_SLO_dataset"/>
    <testcase time="0.000999999999997669" classname="CLUSTER_SLO_datachk" name="Check_CLUSTER_SLO_dataset"/>
    <testcase time="0.00100000000000477" classname="CLUSTER_SLO_datachk" name="Check_CLUSTER_SLO_dataset"/>
    <testcase time="0.000999999999997669" classname="CLUSTER_SLO_datachk" name="Check_CLUSTER_SLO_dataset"/>
    <testcase time="0.000999999999997669" classname="CLUSTER_SLO_datachk" name="Check_CLUSTER_SLO_dataset"/>
    <testcase time="0.00100000000000477" classname="CLUSTER_SLO_datachk" name="Check_CLUSTER_SLO_dataset"/>
    <testcase time="0.000999999999997669" classname="CLUSTER_SLO_datachk" name="Check_CLUSTER_SLO_dataset"/>
    <testcase time="0.000999999999997669" classname="CLUSTER_SLO_datachk" name="Check_CLUSTER_SLO_dataset"/>
    <testcase time="0.318000000000005" classname="CLUSTER_SLO_datachk" name="Check_CLUSTER_SLO_dataset"/>
    <testcase time="0.000999999999997669" classname="CLUSTER_SLO_datachk" name="Check_CLUSTER_SLO_dataset"/>
    <testcase time="0.000999999999997669" classname="CLUSTER_SLO_datachk" name="Check_CLUSTER_SLO_dataset"/>
    <testcase time="0.00100000000000477" classname="CLUSTER_SLO_datachk" name="Check_CLUSTER_SLO_dataset"/>
    <testcase time="0.000999999999997669" classname="CLUSTER_SLO_datachk" name="Check_CLUSTER_SLO_dataset"/>
    <testcase time="0.000999999999997669" classname="CLUSTER_SLO_datachk" name="Check_CLUSTER_SLO_dataset"/>
    <testcase time="0.00100000000000477" classname="CLUSTER_SLO_datachk" name="Check_CLUSTER_SLO_dataset"/>
    <testcase time="0.156999999999996" classname="CLUSTER_SLO_datachk" name="Check_CLUSTER_SLO_dataset"/>
    <testcase time="0.00100000000000477" classname="CLUSTER_SLO_datachk" name="Check_CLUSTER_SLO_dataset"/>
    <testcase time="0.000999999999997669" classname="CLUSTER_SLO_datachk" name="Check_CLUSTER_SLO_dataset"/>
    <testcase time="0.000999999999997669" classname="CLUSTER_SLO_datachk" name="Check_CLUSTER_SLO_dataset"/>
    <testcase time="0.00100000000000477" classname="CLUSTER_SLO_datachk" name="Check_CLUSTER_SLO_dataset"/>
    <testcase time="0.000999999999997669" classname="CLUSTER_SLO_datachk" name="Check_CLUSTER_SLO_dataset"/>
    <testcase time="0.000999999999997669" classname="CLUSTER_SLO_datachk" name="Check_CLUSTER_SLO_dataset"/>
    <testcase time="0.00100000000000477" classname="CLUSTER_SLO_datachk" name="Check_CLUSTER_SLO_dataset"/>
    <testcase time="0.000999999999997669" classname="CLUSTER_SLO_datachk" name="Check_CLUSTER_SLO_dataset"/>
    <testcase time="0.314999999999998" classname="CLUSTER_SLO_datachk" name="Check_CLUSTER_SLO_dataset"/>
    <testcase time="0.000999999999997669" classname="CLUSTER_SLO_datachk" name="Check_CLUSTER_SLO_dataset"/>
    <testcase time="0.00100000000000477" classname="CLUSTER_SLO_datachk" name="Check_CLUSTER_SLO_dataset"/>
    <testcase time="0.000999999999997669" classname="CLUSTER_SLO_datachk" name="Check_CLUSTER_SLO_dataset"/>
    <testcase time="0.000999999999997669" classname="CLUSTER_SLO_datachk" name="Check_CLUSTER_SLO_dataset"/>
    <testcase time="0.00100000000000477" classname="CLUSTER_SLO_datachk" name="Check_CLUSTER_SLO_dataset"/>
    <testcase time="0.000999999999997669" classname="CLUSTER_SLO_datachk" name="Check_CLUSTER_SLO_dataset"/>
    <testcase time="0.161000000000001" classname="CLUSTER_SLO_datachk" name="Check_CLUSTER_SLO_dataset"/>
    <testcase time="0.000999999999997669" classname="CLUSTER_SLO_datachk" name="Check_CLUSTER_SLO_dataset"/>
    <testcase time="0.00100000000000477" classname="CLUSTER_SLO_datachk" name="Check_CLUSTER_SLO_dataset"/>
    <testcase time="0.000999999999997669" classname="CLUSTER_SLO_datachk" name="Check_CLUSTER_SLO_dataset"/>
    <testcase time="0.000999999999997669" classname="CLUSTER_SLO_datachk" name="Check_CLUSTER_SLO_dataset"/>
    <testcase time="0.00100000000000477" classname="CLUSTER_SLO_datachk" name="Check_CLUSTER_SLO_dataset"/>
    <testcase time="0.000999999999997669" classname="CLUSTER_SLO_datachk" name="Check_CLUSTER_SLO_dataset"/>
    <testcase time="0.000999999999997669" classname="CLUSTER_SLO_datachk" name="Check_CLUSTER_SLO_dataset"/>
    <testcase time="0.00100000000000477" classname="CLUSTER_SLO_datachk" name="Check_CLUSTER_SLO_dataset"/>
    <testcase time="0.233999999999995" classname="CLUSTER_SLO_datachk" name="Check_CLUSTER_SLO_dataset"/>
    <testcase time="0.00100000000000477" classname="CLUSTER_SLO_datachk" name="Check_CLUSTER_SLO_dataset"/>
    <testcase time="0.000999999999997669" classname="CLUSTER_SLO_datachk" name="Check_CLUSTER_SLO_dataset"/>
    <testcase time="0.000999999999997669" classname="CLUSTER_SLO_datachk" name="Check_CLUSTER_SLO_dataset"/>
    <testcase time="0.00100000000000477" classname="CLUSTER_SLO_datachk" name="Check_CLUSTER_SLO_dataset"/>
    <testcase time="0.000999999999997669" classname="CLUSTER_SLO_datachk" name="Check_CLUSTER_SLO_dataset"/>
    <testcase time="0.000999999999997669" classname="CLUSTER_SLO_datachk" name="Check_CLUSTER_SLO_dataset"/>
    <testcase time="0.124000000000002" classname="CLUSTER_SLO_datachk" name="Check_CLUSTER_SLO_dataset"/>
    <testcase time="0.000999999999997669" classname="CLUSTER_SLO_datachk" name="Check_CLUSTER_SLO_dataset"/>
    <testcase time="0.00100000000000477" classname="CLUSTER_SLO_datachk" name="Check_CLUSTER_SLO_dataset"/>
    <testcase time="0.000999999999997669" classname="CLUSTER_SLO_datachk" name="Check_CLUSTER_SLO_dataset"/>
    <testcase time="0.000999999999997669" classname="CLUSTER_SLO_datachk" name="Check_CLUSTER_SLO_dataset"/>
    <testcase time="0.00100000000000477" classname="CLUSTER_SLO_datachk" name="Check_CLUSTER_SLO_dataset"/>
    <testcase time="0.000999999999997669" classname="CLUSTER_SLO_datachk" name="Check_CLUSTER_SLO_dataset"/>
    <testcase time="0.000999999999997669" classname="CLUSTER_SLO_datachk" name="Check_CLUSTER_SLO_dataset"/>
    <testcase time="0.00100000000000477" classname="CLUSTER_SLO_datachk" name="Check_CLUSTER_SLO_dataset"/>
    <testcase time="0.317999999999998" classname="CLUSTER_SLO_datachk" name="Check_CLUSTER_SLO_dataset"/>
    <testcase time="0.000999999999997669" classname="CLUSTER_SLO_datachk" name="Check_CLUSTER_SLO_dataset"/>
    <testcase time="0.00100000000000477" classname="CLUSTER_SLO_datachk" name="Check_CLUSTER_SLO_dataset"/>
    <testcase time="0.000999999999997669" classname="CLUSTER_SLO_datachk" name="Check_CLUSTER_SLO_dataset"/>
    <testcase time="0.000999999999997669" classname="CLUSTER_SLO_datachk" name="Check_CLUSTER_SLO_dataset"/>
    <testcase time="0.00100000000000477" classname="CLUSTER_SLO_datachk" name="Check_CLUSTER_SLO_dataset"/>
    <testcase time="0.000999999999997669" classname="CLUSTER_SLO_datachk" name="Check_CLUSTER_SLO_dataset"/>
    <testcase time="0.161000000000001" classname="CLUSTER_SLO_datachk" name="Check_CLUSTER_SLO_dataset"/>
    <testcase time="0.000999999999997669" classname="CLUSTER_SLO_datachk" name="Check_CLUSTER_SLO_dataset"/>
    <testcase time="0.00200000000000244" classname="CLUSTER_SLO_datachk" name="Check_CLUSTER_SLO_dataset"/>
    <testcase time="0" classname="CLUSTER_SLO_datachk" name="Check_CLUSTER_SLO_dataset"/>
    <testcase time="0.000999999999997669" classname="CLUSTER_SLO_datachk" name="Check_CLUSTER_SLO_dataset"/>
    <testcase time="0.000999999999997669" classname="CLUSTER_SLO_datachk" name="Check_CLUSTER_SLO_dataset"/>
    <testcase time="0.00100000000000477" classname="CLUSTER_SLO_datachk" name="Check_CLUSTER_SLO_dataset"/>
    <testcase time="0.000999999999997669" classname="CLUSTER_SLO_datachk" name="Check_CLUSTER_SLO_dataset"/>
    <testcase time="0.000999999999997669" classname="CLUSTER_SLO_datachk" name="Check_CLUSTER_SLO_dataset"/>
    <testcase time="0.317" classname="CLUSTER_SLO_datachk" name="Check_CLUSTER_SLO_dataset"/>
    <testcase time="0.00100000000000477" classname="CLUSTER_SLO_datachk" name="Check_CLUSTER_SLO_dataset"/>
    <testcase time="0.000999999999997669" classname="CLUSTER_SLO_datachk" name="Check_CLUSTER_SLO_dataset"/>
    <testcase time="0.000999999999997669" classname="CLUSTER_SLO_datachk" name="Check_CLUSTER_SLO_dataset"/>
    <testcase time="0.00100000000000477" classname="CLUSTER_SLO_datachk" name="Check_CLUSTER_SLO_dataset"/>
    <testcase time="0.000999999999997669" classname="CLUSTER_SLO_datachk" name="Check_CLUSTER_SLO_dataset"/>
    <testcase time="0.000999999999997669" classname="CLUSTER_SLO_datachk" name="Check_CLUSTER_SLO_dataset"/>
    <testcase time="0.158999999999999" classname="CLUSTER_SLO_datachk" name="Check_CLUSTER_SLO_dataset"/>
    <testcase time="0.00100000000000477" classname="CLUSTER_SLO_datachk" name="Check_CLUSTER_SLO_dataset"/>
    <testcase time="0.000999999999997669" classname="CLUSTER_SLO_datachk" name="Check_CLUSTER_SLO_dataset"/>
    <testcase time="0.000999999999997669" classname="CLUSTER_SLO_datachk" name="Check_CLUSTER_SLO_dataset"/>
    <testcase time="0.00100000000000477" classname="CLUSTER_SLO_datachk" name="Check_CLUSTER_SLO_dataset"/>
    <testcase time="0.000999999999997669" classname="CLUSTER_SLO_datachk" name="Check_CLUSTER_SLO_dataset"/>
    <testcase time="0.000999999999997669" classname="CLUSTER_SLO_datachk" name="Check_CLUSTER_SLO_dataset"/>
    <testcase time="0.00100000000000477" classname="CLUSTER_SLO_datachk" name="Check_CLUSTER_SLO_dataset"/>
    <testcase time="0.000999999999997669" classname="CLUSTER_SLO_datachk" name="Check_CLUSTER_SLO_dataset"/>
    <testcase time="0.319000000000003" classname="CLUSTER_SLO_datachk" name="Check_CLUSTER_SLO_dataset"/>
    <testcase time="0.000999999999997669" classname="CLUSTER_SLO_datachk" name="Check_CLUSTER_SLO_dataset"/>
    <testcase time="0.000999999999997669" classname="CLUSTER_SLO_datachk" name="Check_CLUSTER_SLO_dataset"/>
    <testcase time="0.00100000000000477" classname="CLUSTER_SLO_datachk" name="Check_CLUSTER_SLO_dataset"/>
    <testcase time="0.000999999999997669" classname="CLUSTER_SLO_datachk" name="Check_CLUSTER_SLO_dataset"/>
    <testcase time="0.000999999999997669" classname="CLUSTER_SLO_datachk" name="Check_CLUSTER_SLO_dataset"/>
    <testcase time="0.00100000000000477" classname="CLUSTER_SLO_datachk" name="Check_CLUSTER_SLO_dataset"/>
    <testcase time="0.159999999999997" classname="CLUSTER_SLO_datachk" name="Check_CLUSTER_SLO_dataset"/>
    <testcase time="0.000999999999997669" classname="CLUSTER_SLO_datachk" name="Check_CLUSTER_SLO_dataset"/>
    <testcase time="0.00200000000000244" classname="CLUSTER_SLO_datachk" name="Check_CLUSTER_SLO_dataset"/>
    <testcase time="0.000999999999997669" classname="CLUSTER_SLO_datachk" name="Check_CLUSTER_SLO_dataset"/>
    <testcase time="0.00100000000000477" classname="CLUSTER_SLO_datachk" name="Check_CLUSTER_SLO_dataset"/>
    <testcase time="0" classname="CLUSTER_SLO_datachk" name="Check_CLUSTER_SLO_dataset"/>
    <testcase time="0.000999999999997669" classname="CLUSTER_SLO_datachk" name="Check_CLUSTER_SLO_dataset"/>
    <testcase time="0.000999999999997669" classname="CLUSTER_SLO_datachk" name="Check_CLUSTER_SLO_dataset"/>
    <testcase time="0.00100000000000477" classname="CLUSTER_SLO_datachk" name="Check_CLUSTER_SLO_dataset"/>
    <testcase time="0.25" classname="CLUSTER_SLO_datachk" name="Check_CLUSTER_SLO_dataset"/>
    <testcase time="0.000999999999997669" classname="CLUSTER_SLO_datachk" name="Check_CLUSTER_SLO_dataset"/>
    <testcase time="0.000999999999997669" classname="CLUSTER_SLO_datachk" name="Check_CLUSTER_SLO_dataset"/>
    <testcase time="0.00100000000000477" classname="CLUSTER_SLO_datachk" name="Check_CLUSTER_SLO_dataset"/>
    <testcase time="0.000999999999997669" classname="CLUSTER_SLO_datachk" name="Check_CLUSTER_SLO_dataset"/>
    <testcase time="0.000999999999997669" classname="CLUSTER_SLO_datachk" name="Check_CLUSTER_SLO_dataset"/>
    <testcase time="0" classname="CLUSTER_SLO_datachk" name="Check_CLUSTER_SLO_dataset"/>
    <testcase time="0.158000000000001" classname="CLUSTER_SLO_datachk" name="Check_CLUSTER_SLO_dataset"/>
    <testcase time="0.00100000000000477" classname="CLUSTER_SLO_datachk" name="Check_CLUSTER_SLO_dataset"/>
    <testcase time="0.000999999999997669" classname="CLUSTER_SLO_datachk" name="Check_CLUSTER_SLO_dataset"/>
    <testcase time="0.000999999999997669" classname="CLUSTER_SLO_datachk" name="Check_CLUSTER_SLO_dataset"/>
    <testcase time="0.000999999999997669" classname="CLUSTER_SLO_datachk" name="Check_CLUSTER_SLO_dataset"/>
    <testcase time="0.00100000000000477" classname="CLUSTER_SLO_datachk" name="Check_CLUSTER_SLO_dataset"/>
    <testcase time="0.000999999999997669" classname="CLUSTER_SLO_datachk" name="Check_CLUSTER_SLO_dataset"/>
    <testcase time="0.000999999999997669" classname="CLUSTER_SLO_datachk" name="Check_CLUSTER_SLO_dataset"/>
    <testcase time="0.00100000000000477" classname="CLUSTER_SLO_datachk" name="Check_CLUSTER_SLO_dataset"/>
    <testcase time="0.271999999999998" classname="CLUSTER_SLO_datachk" name="Check_CLUSTER_SLO_dataset"/>
    <testcase time="0.000999999999997669" classname="CLUSTER_SLO_datachk" name="Check_CLUSTER_SLO_dataset"/>
    <testcase time="0.00100000000000477" classname="CLUSTER_SLO_datachk" name="Check_CLUSTER_SLO_dataset"/>
    <testcase time="0.000999999999997669" classname="CLUSTER_SLO_datachk" name="Check_CLUSTER_SLO_dataset"/>
    <testcase time="0.000999999999997669" classname="CLUSTER_SLO_datachk" name="Check_CLUSTER_SLO_dataset"/>
    <testcase time="0.00100000000000477" classname="CLUSTER_SLO_datachk" name="Check_CLUSTER_SLO_dataset"/>
    <testcase time="0.000999999999997669" classname="CLUSTER_SLO_datachk" name="Check_CLUSTER_SLO_dataset"/>
    <testcase time="0.158000000000001" classname="CLUSTER_SLO_datachk" name="Check_CLUSTER_SLO_dataset"/>
    <testcase time="0.000999999999997669" classname="CLUSTER_SLO_datachk" name="Check_CLUSTER_SLO_dataset"/>
    <testcase time="0.000999999999997669" classname="CLUSTER_SLO_datachk" name="Check_CLUSTER_SLO_dataset"/>
    <testcase time="0.00100000000000477" classname="CLUSTER_SLO_datachk" name="Check_CLUSTER_SLO_dataset"/>
    <testcase time="0.000999999999997669" classname="CLUSTER_SLO_datachk" name="Check_CLUSTER_SLO_dataset"/>
    <testcase time="0.000999999999997669" classname="CLUSTER_SLO_datachk" name="Check_CLUSTER_SLO_dataset"/>
    <testcase time="0.00100000000000477" classname="CLUSTER_SLO_datachk" name="Check_CLUSTER_SLO_dataset"/>
    <testcase time="0.000999999999997669" classname="CLUSTER_SLO_datachk" name="Check_CLUSTER_SLO_dataset"/>
    <testcase time="0.000999999999997669" classname="CLUSTER_SLO_datachk" name="Check_CLUSTER_SLO_dataset"/>
    <testcase time="0.314" classname="CLUSTER_SLO_datachk" name="Check_CLUSTER_SLO_dataset"/>
    <testcase time="0.00100000000000477" classname="CLUSTER_SLO_datachk" name="Check_CLUSTER_SLO_dataset"/>
    <testcase time="0.000999999999997669" classname="CLUSTER_SLO_datachk" name="Check_CLUSTER_SLO_dataset"/>
    <testcase time="0.000999999999997669" classname="CLUSTER_SLO_datachk" name="Check_CLUSTER_SLO_dataset"/>
    <testcase time="0.00100000000000477" classname="CLUSTER_SLO_datachk" name="Check_CLUSTER_SLO_dataset"/>
    <testcase time="0.000999999999997669" classname="CLUSTER_SLO_datachk" name="Check_CLUSTER_SLO_dataset"/>
    <testcase time="0.000999999999997669" classname="CLUSTER_SLO_datachk" name="Check_CLUSTER_SLO_dataset"/>
    <testcase time="0.158000000000001" classname="CLUSTER_SLO_datachk" name="Check_CLUSTER_SLO_dataset"/>
    <testcase time="0.00100000000000477" classname="CLUSTER_SLO_datachk" name="Check_CLUSTER_SLO_dataset"/>
    <testcase time="0.000999999999997669" classname="CLUSTER_SLO_datachk" name="Check_CLUSTER_SLO_dataset"/>
    <testcase time="0.000999999999997669" classname="CLUSTER_SLO_datachk" name="Check_CLUSTER_SLO_dataset"/>
    <testcase time="0.00100000000000477" classname="CLUSTER_SLO_datachk" name="Check_CLUSTER_SLO_dataset"/>
    <testcase time="0.000999999999997669" classname="CLUSTER_SLO_datachk" name="Check_CLUSTER_SLO_dataset"/>
    <testcase time="0.000999999999997669" classname="CLUSTER_SLO_datachk" name="Check_CLUSTER_SLO_dataset"/>
    <testcase time="0.00100000000000477" classname="CLUSTER_SLO_datachk" name="Check_CLUSTER_SLO_dataset"/>
    <testcase time="0.000999999999997669" classname="CLUSTER_SLO_datachk" name="Check_CLUSTER_SLO_dataset"/>
  </testsuite>
  <testsuite name="CLUSTER_SLO::datachk::shutdown" timestamp="2026-08-15T01:47:28Z" hostname="runnervmzvulz" tests="3" skipped="0" failures="0" errors="0" time="0.165">
    <testcase time="0.161999999999999" classname="CLUSTER_SLO_datachk_shutdown" name="shutdown"/>
    <testcase time="0.00200000000000244" classname="CLUSTER_SLO_datachk_shutdown" name="shutdown"/>
    <testcase time="0.000999999999997669" classname="CLUSTER_SLO_datachk_shutdown" name="shutdown"/>
  </testsuite>
  <testsuite name="CLUSTER_SLO::datachk::done" timestamp="2026-08-15T01:47:28Z" hostname="runnervmzvulz" tests="0" skipped="0" failures="0" errors="0" time="0"/>
  <testsuite name="datachk-CNSIM" timestamp="2026-08-15T01:47:28Z" hostname="runnervmzvulz" tests="0" skipped="0" failures="0" errors="0" time="0"/>
  <testsuite name="CNSIM::datachk::setup" timestamp="2026-08-15T01:47:28Z" hostname="runnervmzvulz" tests="3" skipped="0" failures="0" errors="0" time="6.668">
    <testcase time="6.666" classname="CNSIM_datachk_setup" name="setup"/>
    <testcase time="0.00100000000000477" classname="CNSIM_datachk_setup" name="setup"/>
    <testcase time="0.000999999999997669" classname="CNSIM_datachk_setup" name="setup"/>
  </testsuite>
  <testsuite name="CNSIM::datachk" timestamp="2026-08-15T01:47:35Z" hostname="runnervmzvulz" tests="275" skipped="0" failures="0" errors="0" time="9.729">
    <testcase time="0.316000000000003" classname="CNSIM_datachk" name="Check_CNSIM_dataset"/>
    <testcase time="0.000999999999997669" classname="CNSIM_datachk" name="Check_CNSIM_dataset"/>
    <testcase time="0.00300000000000011" classname="CNSIM_datachk" name="Check_CNSIM_dataset"/>
    <testcase time="0.000999999999997669" classname="CNSIM_datachk" name="Check_CNSIM_dataset"/>
    <testcase time="0.00200000000000244" classname="CNSIM_datachk" name="Check_CNSIM_dataset"/>
    <testcase time="0.000999999999997669" classname="CNSIM_datachk" name="Check_CNSIM_dataset"/>
    <testcase time="0.00200000000000244" classname="CNSIM_datachk" name="Check_CNSIM_dataset"/>
    <testcase time="0.157000000000004" classname="CNSIM_datachk" name="Check_CNSIM_dataset"/>
    <testcase time="0.00199999999999534" classname="CNSIM_datachk" name="Check_CNSIM_dataset"/>
    <testcase time="0.000999999999997669" classname="CNSIM_datachk" name="Check_CNSIM_dataset"/>
    <testcase time="0.00100000000000477" classname="CNSIM_datachk" name="Check_CNSIM_dataset"/>
    <testcase time="0.000999999999997669" classname="CNSIM_datachk" name="Check_CNSIM_dataset"/>
    <testcase time="0" classname="CNSIM_datachk" name="Check_CNSIM_dataset"/>
    <testcase time="0.000999999999997669" classname="CNSIM_datachk" name="Check_CNSIM_dataset"/>
    <testcase time="0.00100000000000477" classname="CNSIM_datachk" name="Check_CNSIM_dataset"/>
    <testcase time="0.347000000000001" classname="CNSIM_datachk" name="Check_CNSIM_dataset"/>
    <testcase time="0.000999999999997669" classname="CNSIM_datachk" name="Check_CNSIM_dataset"/>
    <testcase time="0.000999999999997669" classname="CNSIM_datachk" name="Check_CNSIM_dataset"/>
    <testcase time="0.00100000000000477" classname="CNSIM_datachk" name="Check_CNSIM_dataset"/>
    <testcase time="0.000999999999997669" classname="CNSIM_datachk" name="Check_CNSIM_dataset"/>
    <testcase time="0.000999999999997669" classname="CNSIM_datachk" name="Check_CNSIM_dataset"/>
    <testcase time="0.00100000000000477" classname="CNSIM_datachk" name="Check_CNSIM_dataset"/>
    <testcase time="0.318999999999996" classname="CNSIM_datachk" name="Check_CNSIM_dataset"/>
    <testcase time="0.00100000000000477" classname="CNSIM_datachk" name="Check_CNSIM_dataset"/>
    <testcase time="0.000999999999997669" classname="CNSIM_datachk" name="Check_CNSIM_dataset"/>
    <testcase time="0.000999999999997669" classname="CNSIM_datachk" name="Check_CNSIM_dataset"/>
    <testcase time="0.00100000000000477" classname="CNSIM_datachk" name="Check_CNSIM_dataset"/>
    <testcase time="0.000999999999997669" classname="CNSIM_datachk" name="Check_CNSIM_dataset"/>
    <testcase time="0.000999999999997669" classname="CNSIM_datachk" name="Check_CNSIM_dataset"/>
    <testcase time="0.115000000000002" classname="CNSIM_datachk" name="Check_CNSIM_dataset"/>
    <testcase time="0.000999999999997669" classname="CNSIM_datachk" name="Check_CNSIM_dataset"/>
    <testcase time="0.00100000000000477" classname="CNSIM_datachk" name="Check_CNSIM_dataset"/>
    <testcase time="0.000999999999997669" classname="CNSIM_datachk" name="Check_CNSIM_dataset"/>
    <testcase time="0.000999999999997669" classname="CNSIM_datachk" name="Check_CNSIM_dataset"/>
    <testcase time="0.00100000000000477" classname="CNSIM_datachk" name="Check_CNSIM_dataset"/>
    <testcase time="0.000999999999997669" classname="CNSIM_datachk" name="Check_CNSIM_dataset"/>
    <testcase time="0.000999999999997669" classname="CNSIM_datachk" name="Check_CNSIM_dataset"/>
    <testcase time="0.00100000000000477" classname="CNSIM_datachk" name="Check_CNSIM_dataset"/>
    <testcase time="0.341999999999999" classname="CNSIM_datachk" name="Check_CNSIM_dataset"/>
    <testcase time="0.00199999999999534" classname="CNSIM_datachk" name="Check_CNSIM_dataset"/>
    <testcase time="0.00200000000000244" classname="CNSIM_datachk" name="Check_CNSIM_dataset"/>
    <testcase time="0.000999999999997669" classname="CNSIM_datachk" name="Check_CNSIM_dataset"/>
    <testcase time="0.00100000000000477" classname="CNSIM_datachk" name="Check_CNSIM_dataset"/>
    <testcase time="0.000999999999997669" classname="CNSIM_datachk" name="Check_CNSIM_dataset"/>
    <testcase time="0.000999999999997669" classname="CNSIM_datachk" name="Check_CNSIM_dataset"/>
    <testcase time="0.312000000000005" classname="CNSIM_datachk" name="Check_CNSIM_dataset"/>
    <testcase time="0.000999999999997669" classname="CNSIM_datachk" name="Check_CNSIM_dataset"/>
    <testcase time="0.000999999999997669" classname="CNSIM_datachk" name="Check_CNSIM_dataset"/>
    <testcase time="0.00100000000000477" classname="CNSIM_datachk" name="Check_CNSIM_dataset"/>
    <testcase time="0.000999999999997669" classname="CNSIM_datachk" name="Check_CNSIM_dataset"/>
    <testcase time="0.000999999999997669" classname="CNSIM_datachk" name="Check_CNSIM_dataset"/>
    <testcase time="0.00100000000000477" classname="CNSIM_datachk" name="Check_CNSIM_dataset"/>
    <testcase time="0.157999999999994" classname="CNSIM_datachk" name="Check_CNSIM_dataset"/>
    <testcase time="0.00100000000000477" classname="CNSIM_datachk" name="Check_CNSIM_dataset"/>
    <testcase time="0.000999999999997669" classname="CNSIM_datachk" name="Check_CNSIM_dataset"/>
    <testcase time="0.000999999999997669" classname="CNSIM_datachk" name="Check_CNSIM_dataset"/>
    <testcase time="0.00100000000000477" classname="CNSIM_datachk" name="Check_CNSIM_dataset"/>
    <testcase time="0.000999999999997669" classname="CNSIM_datachk" name="Check_CNSIM_dataset"/>
    <testcase time="0.000999999999997669" classname="CNSIM_datachk" name="Check_CNSIM_dataset"/>
    <testcase time="0.00100000000000477" classname="CNSIM_datachk" name="Check_CNSIM_dataset"/>
    <testcase time="0.000999999999997669" classname="CNSIM_datachk" name="Check_CNSIM_dataset"/>
    <testcase time="0.338999999999999" classname="CNSIM_datachk" name="Check_CNSIM_dataset"/>
    <testcase time="0.00100000000000477" classname="CNSIM_datachk" name="Check_CNSIM_dataset"/>
    <testcase time="0.000999999999997669" classname="CNSIM_datachk" name="Check_CNSIM_dataset"/>
    <testcase time="0.000999999999997669" classname="CNSIM_datachk" name="Check_CNSIM_dataset"/>
    <testcase time="0.00100000000000477" classname="CNSIM_datachk" name="Check_CNSIM_dataset"/>
    <testcase time="0.000999999999997669" classname="CNSIM_datachk" name="Check_CNSIM_dataset"/>
    <testcase time="0.000999999999997669" classname="CNSIM_datachk" name="Check_CNSIM_dataset"/>
    <testcase time="0.32" classname="CNSIM_datachk" name="Check_CNSIM_dataset"/>
    <testcase time="0.00100000000000477" classname="CNSIM_datachk" name="Check_CNSIM_dataset"/>
    <testcase time="0.000999999999997669" classname="CNSIM_datachk" name="Check_CNSIM_dataset"/>
    <testcase time="0.000999999999997669" classname="CNSIM_datachk" name="Check_CNSIM_dataset"/>
    <testcase time="0.00100000000000477" classname="CNSIM_datachk" name="Check_CNSIM_dataset"/>
    <testcase time="0.000999999999997669" classname="CNSIM_datachk" name="Check_CNSIM_dataset"/>
    <testcase time="0.000999999999997669" classname="CNSIM_datachk" name="Check_CNSIM_dataset"/>
    <testcase time="0.118000000000002" classname="CNSIM_datachk" name="Check_CNSIM_dataset"/>
    <testcase time="0.000999999999997669" classname="CNSIM_datachk" name="Check_CNSIM_dataset"/>
    <testcase time="0.00100000000000477" classname="CNSIM_datachk" name="Check_CNSIM_dataset"/>
    <testcase time="0.000999999999997669" classname="CNSIM_datachk" name="Check_CNSIM_dataset"/>
    <testcase time="0.000999999999997669" classname="CNSIM_datachk" name="Check_CNSIM_dataset"/>
    <testcase time="0.00100000000000477" classname="CNSIM_datachk" name="Check_CNSIM_dataset"/>
    <testcase time="0.000999999999997669" classname="CNSIM_datachk" name="Check_CNSIM_dataset"/>
    <testcase time="0.000999999999997669" classname="CNSIM_datachk" name="Check_CNSIM_dataset"/>
    <testcase time="0.00100000000000477" classname="CNSIM_datachk" name="Check_CNSIM_dataset"/>
    <testcase time="0.305" classname="CNSIM_datachk" name="Check_CNSIM_dataset"/>
    <testcase time="0.000999999999997669" classname="CNSIM_datachk" name="Check_CNSIM_dataset"/>
    <testcase time="0.000999999999997669" classname="CNSIM_datachk" name="Check_CNSIM_dataset"/>
    <testcase time="0.00100000000000477" classname="CNSIM_datachk" name="Check_CNSIM_dataset"/>
    <testcase time="0.000999999999997669" classname="CNSIM_datachk" name="Check_CNSIM_dataset"/>
    <testcase time="0.000999999999997669" classname="CNSIM_datachk" name="Check_CNSIM_dataset"/>
    <testcase time="0.00100000000000477" classname="CNSIM_datachk" name="Check_CNSIM_dataset"/>
    <testcase time="0.314" classname="CNSIM_datachk" name="Check_CNSIM_dataset"/>
    <testcase time="0.000999999999997669" classname="CNSIM_datachk" name="Check_CNSIM_dataset"/>
    <testcase time="0.000999999999997669" classname="CNSIM_datachk" name="Check_CNSIM_dataset"/>
    <testcase time="0.000999999999997669" classname="CNSIM_datachk" name="Check_CNSIM_dataset"/>
    <testcase time="0.00100000000000477" classname="CNSIM_datachk" name="Check_CNSIM_dataset"/>
    <testcase time="0.000999999999997669" classname="CNSIM_datachk" name="Check_CNSIM_dataset"/>
    <testcase time="0.000999999999997669" classname="CNSIM_datachk" name="Check_CNSIM_dataset"/>
    <testcase time="0.157000000000004" classname="CNSIM_datachk" name="Check_CNSIM_dataset"/>
    <testcase time="0.000999999999997669" classname="CNSIM_datachk" name="Check_CNSIM_dataset"/>
    <testcase time="0.00100000000000477" classname="CNSIM_datachk" name="Check_CNSIM_dataset"/>
    <testcase time="0" classname="CNSIM_datachk" name="Check_CNSIM_dataset"/>
    <testcase time="0.000999999999997669" classname="CNSIM_datachk" name="Check_CNSIM_dataset"/>
    <testcase time="0.00100000000000477" classname="CNSIM_datachk" name="Check_CNSIM_dataset"/>
    <testcase time="0.000999999999997669" classname="CNSIM_datachk" name="Check_CNSIM_dataset"/>
    <testcase time="0.000999999999997669" classname="CNSIM_datachk" name="Check_CNSIM_dataset"/>
    <testcase time="0.00100000000000477" classname="CNSIM_datachk" name="Check_CNSIM_dataset"/>
    <testcase time="0.342999999999996" classname="CNSIM_datachk" name="Check_CNSIM_dataset"/>
    <testcase time="0.000999999999997669" classname="CNSIM_datachk" name="Check_CNSIM_dataset"/>
    <testcase time="0.00100000000000477" classname="CNSIM_datachk" name="Check_CNSIM_dataset"/>
    <testcase time="0.000999999999997669" classname="CNSIM_datachk" name="Check_CNSIM_dataset"/>
    <testcase time="0.000999999999997669" classname="CNSIM_datachk" name="Check_CNSIM_dataset"/>
    <testcase time="0.00100000000000477" classname="CNSIM_datachk" name="Check_CNSIM_dataset"/>
    <testcase time="0" classname="CNSIM_datachk" name="Check_CNSIM_dataset"/>
    <testcase time="0.311" classname="CNSIM_datachk" name="Check_CNSIM_dataset"/>
    <testcase time="0.000999999999997669" classname="CNSIM_datachk" name="Check_CNSIM_dataset"/>
    <testcase time="0.00100000000000477" classname="CNSIM_datachk" name="Check_CNSIM_dataset"/>
    <testcase time="0.000999999999997669" classname="CNSIM_datachk" name="Check_CNSIM_dataset"/>
    <testcase time="0.000999999999997669" classname="CNSIM_datachk" name="Check_CNSIM_dataset"/>
    <testcase time="0.00100000000000477" classname="CNSIM_datachk" name="Check_CNSIM_dataset"/>
    <testcase time="0.000999999999997669" classname="CNSIM_datachk" name="Check_CNSIM_dataset"/>
    <testcase time="0.118000000000002" classname="CNSIM_datachk" name="Check_CNSIM_dataset"/>
    <testcase time="0.000999999999997669" classname="CNSIM_datachk" name="Check_CNSIM_dataset"/>
    <testcase time="0.000999999999997669" classname="CNSIM_datachk" name="Check_CNSIM_dataset"/>
    <testcase time="0.00100000000000477" classname="CNSIM_datachk" name="Check_CNSIM_dataset"/>
    <testcase time="0.000999999999997669" classname="CNSIM_datachk" name="Check_CNSIM_dataset"/>
    <testcase time="0.00200000000000244" classname="CNSIM_datachk" name="Check_CNSIM_dataset"/>
    <testcase time="0.000999999999997669" classname="CNSIM_datachk" name="Check_CNSIM_dataset"/>
    <testcase time="0" classname="CNSIM_datachk" name="Check_CNSIM_dataset"/>
    <testcase time="0.000999999999997669" classname="CNSIM_datachk" name="Check_CNSIM_dataset"/>
    <testcase time="0.345000000000006" classname="CNSIM_datachk" name="Check_CNSIM_dataset"/>
    <testcase time="0.000999999999997669" classname="CNSIM_datachk" name="Check_CNSIM_dataset"/>
    <testcase time="0.000999999999997669" classname="CNSIM_datachk" name="Check_CNSIM_dataset"/>
    <testcase time="0.00100000000000477" classname="CNSIM_datachk" name="Check_CNSIM_dataset"/>
    <testcase time="0.000999999999997669" classname="CNSIM_datachk" name="Check_CNSIM_dataset"/>
    <testcase time="0.000999999999997669" classname="CNSIM_datachk" name="Check_CNSIM_dataset"/>
    <testcase time="0.00100000000000477" classname="CNSIM_datachk" name="Check_CNSIM_dataset"/>
    <testcase time="0.274999999999999" classname="CNSIM_datachk" name="Check_CNSIM_dataset"/>
    <testcase time="0.000999999999997669" classname="CNSIM_datachk" name="Check_CNSIM_dataset"/>
    <testcase time="0.000999999999997669" classname="CNSIM_datachk" name="Check_CNSIM_dataset"/>
    <testcase time="0.00100000000000477" classname="CNSIM_datachk" name="Check_CNSIM_dataset"/>
    <testcase time="0.000999999999997669" classname="CNSIM_datachk" name="Check_CNSIM_dataset"/>
    <testcase time="0.000999999999997669" classname="CNSIM_datachk" name="Check_CNSIM_dataset"/>
    <testcase time="0.00100000000000477" classname="CNSIM_datachk" name="Check_CNSIM_dataset"/>
    <testcase time="0.156999999999996" classname="CNSIM_datachk" name="Check_CNSIM_dataset"/>
    <testcase time="0.00100000000000477" classname="CNSIM_datachk" name="Check_CNSIM_dataset"/>
    <testcase time="0.000999999999997669" classname="CNSIM_datachk" name="Check_CNSIM_dataset"/>
    <testcase time="0.000999999999997669" classname="CNSIM_datachk" name="Check_CNSIM_dataset"/>
    <testcase time="0.000999999999997669" classname="CNSIM_datachk" name="Check_CNSIM_dataset"/>
    <testcase time="0.00100000000000477" classname="CNSIM_datachk" name="Check_CNSIM_dataset"/>
    <testcase time="0.000999999999997669" classname="CNSIM_datachk" name="Check_CNSIM_dataset"/>
    <testcase time="0.000999999999997669" classname="CNSIM_datachk" name="Check_CNSIM_dataset"/>
    <testcase time="0.00100000000000477" classname="CNSIM_datachk" name="Check_CNSIM_dataset"/>
    <testcase time="0.347000000000001" classname="CNSIM_datachk" name="Check_CNSIM_dataset"/>
    <testcase time="0.000999999999997669" classname="CNSIM_datachk" name="Check_CNSIM_dataset"/>
    <testcase time="0.000999999999997669" classname="CNSIM_datachk" name="Check_CNSIM_dataset"/>
    <testcase time="0.00100000000000477" classname="CNSIM_datachk" name="Check_CNSIM_dataset"/>
    <testcase time="0.000999999999997669" classname="CNSIM_datachk" name="Check_CNSIM_dataset"/>
    <testcase time="0.000999999999997669" classname="CNSIM_datachk" name="Check_CNSIM_dataset"/>
    <testcase time="0.00100000000000477" classname="CNSIM_datachk" name="Check_CNSIM_dataset"/>
    <testcase time="0.312999999999995" classname="CNSIM_datachk" name="Check_CNSIM_dataset"/>
    <testcase time="0.00100000000000477" classname="CNSIM_datachk" name="Check_CNSIM_dataset"/>
    <testcase time="0.000999999999997669" classname="CNSIM_datachk" name="Check_CNSIM_dataset"/>
    <testcase time="0.000999999999997669" classname="CNSIM_datachk" name="Check_CNSIM_dataset"/>
    <testcase time="0.00100000000000477" classname="CNSIM_datachk" name="Check_CNSIM_dataset"/>
    <testcase time="0.000999999999997669" classname="CNSIM_datachk" name="Check_CNSIM_dataset"/>
[...]
    <testcase time="0.000999999999990564" classname="TESTING_datachk" name="Check_TESTING_dataset"/>
    <testcase time="0.310000000000002" classname="TESTING_datachk" name="Check_TESTING_dataset"/>
    <testcase time="0.00100000000000477" classname="TESTING_datachk" name="Check_TESTING_dataset"/>
    <testcase time="0.00100000000000477" classname="TESTING_datachk" name="Check_TESTING_dataset"/>
    <testcase time="0.000999999999990564" classname="TESTING_datachk" name="Check_TESTING_dataset"/>
    <testcase time="0.00100000000000477" classname="TESTING_datachk" name="Check_TESTING_dataset"/>
    <testcase time="0.00100000000000477" classname="TESTING_datachk" name="Check_TESTING_dataset"/>
    <testcase time="0.000999999999990564" classname="TESTING_datachk" name="Check_TESTING_dataset"/>
    <testcase time="0.155000000000001" classname="TESTING_datachk" name="Check_TESTING_dataset"/>
    <testcase time="0.00100000000000477" classname="TESTING_datachk" name="Check_TESTING_dataset"/>
    <testcase time="0.00100000000000477" classname="TESTING_datachk" name="Check_TESTING_dataset"/>
    <testcase time="0.000999999999990564" classname="TESTING_datachk" name="Check_TESTING_dataset"/>
    <testcase time="0.00100000000000477" classname="TESTING_datachk" name="Check_TESTING_dataset"/>
    <testcase time="0.00100000000000477" classname="TESTING_datachk" name="Check_TESTING_dataset"/>
    <testcase time="0.000999999999990564" classname="TESTING_datachk" name="Check_TESTING_dataset"/>
    <testcase time="0.00100000000000477" classname="TESTING_datachk" name="Check_TESTING_dataset"/>
    <testcase time="0.00100000000000477" classname="TESTING_datachk" name="Check_TESTING_dataset"/>
    <testcase time="0.238" classname="TESTING_datachk" name="Check_TESTING_dataset"/>
    <testcase time="0.000999999999990564" classname="TESTING_datachk" name="Check_TESTING_dataset"/>
    <testcase time="0.00100000000000477" classname="TESTING_datachk" name="Check_TESTING_dataset"/>
    <testcase time="0.00100000000000477" classname="TESTING_datachk" name="Check_TESTING_dataset"/>
    <testcase time="0.000999999999990564" classname="TESTING_datachk" name="Check_TESTING_dataset"/>
    <testcase time="0.00100000000000477" classname="TESTING_datachk" name="Check_TESTING_dataset"/>
    <testcase time="0.00100000000000477" classname="TESTING_datachk" name="Check_TESTING_dataset"/>
    <testcase time="0.153999999999996" classname="TESTING_datachk" name="Check_TESTING_dataset"/>
    <testcase time="0.000999999999990564" classname="TESTING_datachk" name="Check_TESTING_dataset"/>
    <testcase time="0.00100000000000477" classname="TESTING_datachk" name="Check_TESTING_dataset"/>
    <testcase time="0.00100000000000477" classname="TESTING_datachk" name="Check_TESTING_dataset"/>
    <testcase time="0.000999999999990564" classname="TESTING_datachk" name="Check_TESTING_dataset"/>
    <testcase time="0.00100000000000477" classname="TESTING_datachk" name="Check_TESTING_dataset"/>
    <testcase time="0.00100000000000477" classname="TESTING_datachk" name="Check_TESTING_dataset"/>
    <testcase time="0.000999999999990564" classname="TESTING_datachk" name="Check_TESTING_dataset"/>
    <testcase time="0.00100000000000477" classname="TESTING_datachk" name="Check_TESTING_dataset"/>
    <testcase time="0.308000000000007" classname="TESTING_datachk" name="Check_TESTING_dataset"/>
    <testcase time="0.000999999999990564" classname="TESTING_datachk" name="Check_TESTING_dataset"/>
    <testcase time="0.00100000000000477" classname="TESTING_datachk" name="Check_TESTING_dataset"/>
    <testcase time="0.00100000000000477" classname="TESTING_datachk" name="Check_TESTING_dataset"/>
    <testcase time="0.000999999999990564" classname="TESTING_datachk" name="Check_TESTING_dataset"/>
    <testcase time="0.00100000000000477" classname="TESTING_datachk" name="Check_TESTING_dataset"/>
    <testcase time="0.00100000000000477" classname="TESTING_datachk" name="Check_TESTING_dataset"/>
    <testcase time="0.155000000000001" classname="TESTING_datachk" name="Check_TESTING_dataset"/>
    <testcase time="0.000999999999990564" classname="TESTING_datachk" name="Check_TESTING_dataset"/>
    <testcase time="0.00100000000000477" classname="TESTING_datachk" name="Check_TESTING_dataset"/>
    <testcase time="0.00100000000000477" classname="TESTING_datachk" name="Check_TESTING_dataset"/>
    <testcase time="0.000999999999990564" classname="TESTING_datachk" name="Check_TESTING_dataset"/>
    <testcase time="0.00100000000000477" classname="TESTING_datachk" name="Check_TESTING_dataset"/>
    <testcase time="0.00100000000000477" classname="TESTING_datachk" name="Check_TESTING_dataset"/>
    <testcase time="0.000999999999990564" classname="TESTING_datachk" name="Check_TESTING_dataset"/>
    <testcase time="0.00100000000000477" classname="TESTING_datachk" name="Check_TESTING_dataset"/>
    <testcase time="0.271000000000001" classname="TESTING_datachk" name="Check_TESTING_dataset"/>
    <testcase time="0.000999999999990564" classname="TESTING_datachk" name="Check_TESTING_dataset"/>
    <testcase time="0.00100000000000477" classname="TESTING_datachk" name="Check_TESTING_dataset"/>
    <testcase time="0.00100000000000477" classname="TESTING_datachk" name="Check_TESTING_dataset"/>
    <testcase time="0.000999999999990564" classname="TESTING_datachk" name="Check_TESTING_dataset"/>
    <testcase time="0.00100000000000477" classname="TESTING_datachk" name="Check_TESTING_dataset"/>
    <testcase time="0.00100000000000477" classname="TESTING_datachk" name="Check_TESTING_dataset"/>
    <testcase time="0.11399999999999" classname="TESTING_datachk" name="Check_TESTING_dataset"/>
    <testcase time="0.00100000000000477" classname="TESTING_datachk" name="Check_TESTING_dataset"/>
    <testcase time="0.00100000000000477" classname="TESTING_datachk" name="Check_TESTING_dataset"/>
    <testcase time="0.000999999999990564" classname="TESTING_datachk" name="Check_TESTING_dataset"/>
    <testcase time="0.00100000000000477" classname="TESTING_datachk" name="Check_TESTING_dataset"/>
    <testcase time="0.00100000000000477" classname="TESTING_datachk" name="Check_TESTING_dataset"/>
    <testcase time="0.000999999999990564" classname="TESTING_datachk" name="Check_TESTING_dataset"/>
    <testcase time="0.00100000000000477" classname="TESTING_datachk" name="Check_TESTING_dataset"/>
    <testcase time="0.00100000000000477" classname="TESTING_datachk" name="Check_TESTING_dataset"/>
    <testcase time="0.313999999999993" classname="TESTING_datachk" name="Check_TESTING_dataset"/>
    <testcase time="0.00100000000000477" classname="TESTING_datachk" name="Check_TESTING_dataset"/>
    <testcase time="0.00100000000000477" classname="TESTING_datachk" name="Check_TESTING_dataset"/>
    <testcase time="0.000999999999990564" classname="TESTING_datachk" name="Check_TESTING_dataset"/>
    <testcase time="0.00100000000000477" classname="TESTING_datachk" name="Check_TESTING_dataset"/>
    <testcase time="0.00100000000000477" classname="TESTING_datachk" name="Check_TESTING_dataset"/>
    <testcase time="0.000999999999990564" classname="TESTING_datachk" name="Check_TESTING_dataset"/>
    <testcase time="0.159000000000006" classname="TESTING_datachk" name="Check_TESTING_dataset"/>
    <testcase time="0.00199999999999534" classname="TESTING_datachk" name="Check_TESTING_dataset"/>
    <testcase time="0.00100000000000477" classname="TESTING_datachk" name="Check_TESTING_dataset"/>
    <testcase time="0.000999999999990564" classname="TESTING_datachk" name="Check_TESTING_dataset"/>
    <testcase time="0.00100000000000477" classname="TESTING_datachk" name="Check_TESTING_dataset"/>
    <testcase time="0.00100000000000477" classname="TESTING_datachk" name="Check_TESTING_dataset"/>
    <testcase time="0.000999999999990564" classname="TESTING_datachk" name="Check_TESTING_dataset"/>
    <testcase time="0" classname="TESTING_datachk" name="Check_TESTING_dataset"/>
    <testcase time="0.00100000000000477" classname="TESTING_datachk" name="Check_TESTING_dataset"/>
    <testcase time="0.310000000000002" classname="TESTING_datachk" name="Check_TESTING_dataset"/>
    <testcase time="0.00100000000000477" classname="TESTING_datachk" name="Check_TESTING_dataset"/>
    <testcase time="0.000999999999990564" classname="TESTING_datachk" name="Check_TESTING_dataset"/>
    <testcase time="0.00100000000000477" classname="TESTING_datachk" name="Check_TESTING_dataset"/>
    <testcase time="0.00100000000000477" classname="TESTING_datachk" name="Check_TESTING_dataset"/>
    <testcase time="0.000999999999990564" classname="TESTING_datachk" name="Check_TESTING_dataset"/>
    <testcase time="0.00100000000000477" classname="TESTING_datachk" name="Check_TESTING_dataset"/>
    <testcase time="0.155000000000001" classname="TESTING_datachk" name="Check_TESTING_dataset"/>
    <testcase time="0.00100000000000477" classname="TESTING_datachk" name="Check_TESTING_dataset"/>
    <testcase time="0.000999999999990564" classname="TESTING_datachk" name="Check_TESTING_dataset"/>
    <testcase time="0.00100000000000477" classname="TESTING_datachk" name="Check_TESTING_dataset"/>
    <testcase time="0.00100000000000477" classname="TESTING_datachk" name="Check_TESTING_dataset"/>
    <testcase time="0.000999999999990564" classname="TESTING_datachk" name="Check_TESTING_dataset"/>
    <testcase time="0.00100000000000477" classname="TESTING_datachk" name="Check_TESTING_dataset"/>
    <testcase time="0.00100000000000477" classname="TESTING_datachk" name="Check_TESTING_dataset"/>
    <testcase time="0.000999999999990564" classname="TESTING_datachk" name="Check_TESTING_dataset"/>
    <testcase time="0.275999999999996" classname="TESTING_datachk" name="Check_TESTING_dataset"/>
    <testcase time="0.00100000000000477" classname="TESTING_datachk" name="Check_TESTING_dataset"/>
    <testcase time="0.00100000000000477" classname="TESTING_datachk" name="Check_TESTING_dataset"/>
    <testcase time="0.000999999999990564" classname="TESTING_datachk" name="Check_TESTING_dataset"/>
    <testcase time="0.00100000000000477" classname="TESTING_datachk" name="Check_TESTING_dataset"/>
    <testcase time="0.00100000000000477" classname="TESTING_datachk" name="Check_TESTING_dataset"/>
    <testcase time="0.000999999999990564" classname="TESTING_datachk" name="Check_TESTING_dataset"/>
    <testcase time="0.159000000000006" classname="TESTING_datachk" name="Check_TESTING_dataset"/>
    <testcase time="0.00100000000000477" classname="TESTING_datachk" name="Check_TESTING_dataset"/>
    <testcase time="0.000999999999990564" classname="TESTING_datachk" name="Check_TESTING_dataset"/>
    <testcase time="0.00100000000000477" classname="TESTING_datachk" name="Check_TESTING_dataset"/>
    <testcase time="0.00100000000000477" classname="TESTING_datachk" name="Check_TESTING_dataset"/>
    <testcase time="0.000999999999990564" classname="TESTING_datachk" name="Check_TESTING_dataset"/>
    <testcase time="0.00100000000000477" classname="TESTING_datachk" name="Check_TESTING_dataset"/>
    <testcase time="0.00100000000000477" classname="TESTING_datachk" name="Check_TESTING_dataset"/>
    <testcase time="0.000999999999990564" classname="TESTING_datachk" name="Check_TESTING_dataset"/>
    <testcase time="0.308000000000007" classname="TESTING_datachk" name="Check_TESTING_dataset"/>
    <testcase time="0.00100000000000477" classname="TESTING_datachk" name="Check_TESTING_dataset"/>
    <testcase time="0.000999999999990564" classname="TESTING_datachk" name="Check_TESTING_dataset"/>
    <testcase time="0.00100000000000477" classname="TESTING_datachk" name="Check_TESTING_dataset"/>
    <testcase time="0.00100000000000477" classname="TESTING_datachk" name="Check_TESTING_dataset"/>
    <testcase time="0.000999999999990564" classname="TESTING_datachk" name="Check_TESTING_dataset"/>
    <testcase time="0.00100000000000477" classname="TESTING_datachk" name="Check_TESTING_dataset"/>
    <testcase time="0.161000000000001" classname="TESTING_datachk" name="Check_TESTING_dataset"/>
    <testcase time="0.000999999999990564" classname="TESTING_datachk" name="Check_TESTING_dataset"/>
    <testcase time="0.00100000000000477" classname="TESTING_datachk" name="Check_TESTING_dataset"/>
    <testcase time="0.00100000000000477" classname="TESTING_datachk" name="Check_TESTING_dataset"/>
    <testcase time="0.000999999999990564" classname="TESTING_datachk" name="Check_TESTING_dataset"/>
    <testcase time="0.00100000000000477" classname="TESTING_datachk" name="Check_TESTING_dataset"/>
    <testcase time="0.00100000000000477" classname="TESTING_datachk" name="Check_TESTING_dataset"/>
    <testcase time="0.000999999999990564" classname="TESTING_datachk" name="Check_TESTING_dataset"/>
    <testcase time="0.00100000000000477" classname="TESTING_datachk" name="Check_TESTING_dataset"/>
    <testcase time="0.311999999999998" classname="TESTING_datachk" name="Check_TESTING_dataset"/>
    <testcase time="0.00100000000000477" classname="TESTING_datachk" name="Check_TESTING_dataset"/>
    <testcase time="0.00100000000000477" classname="TESTING_datachk" name="Check_TESTING_dataset"/>
    <testcase time="0.000999999999990564" classname="TESTING_datachk" name="Check_TESTING_dataset"/>
    <testcase time="0.00100000000000477" classname="TESTING_datachk" name="Check_TESTING_dataset"/>
    <testcase time="0.00100000000000477" classname="TESTING_datachk" name="Check_TESTING_dataset"/>
    <testcase time="0.000999999999990564" classname="TESTING_datachk" name="Check_TESTING_dataset"/>
    <testcase time="0.156000000000006" classname="TESTING_datachk" name="Check_TESTING_dataset"/>
    <testcase time="0.000999999999990564" classname="TESTING_datachk" name="Check_TESTING_dataset"/>
    <testcase time="0.00100000000000477" classname="TESTING_datachk" name="Check_TESTING_dataset"/>
    <testcase time="0.00100000000000477" classname="TESTING_datachk" name="Check_TESTING_dataset"/>
    <testcase time="0.000999999999990564" classname="TESTING_datachk" name="Check_TESTING_dataset"/>
    <testcase time="0.00100000000000477" classname="TESTING_datachk" name="Check_TESTING_dataset"/>
    <testcase time="0.00100000000000477" classname="TESTING_datachk" name="Check_TESTING_dataset"/>
    <testcase time="0.000999999999990564" classname="TESTING_datachk" name="Check_TESTING_dataset"/>
    <testcase time="0.00100000000000477" classname="TESTING_datachk" name="Check_TESTING_dataset"/>
    <testcase time="0.311000000000007" classname="TESTING_datachk" name="Check_TESTING_dataset"/>
    <testcase time="0.000999999999990564" classname="TESTING_datachk" name="Check_TESTING_dataset"/>
    <testcase time="0.00100000000000477" classname="TESTING_datachk" name="Check_TESTING_dataset"/>
    <testcase time="0.00100000000000477" classname="TESTING_datachk" name="Check_TESTING_dataset"/>
    <testcase time="0.000999999999990564" classname="TESTING_datachk" name="Check_TESTING_dataset"/>
    <testcase time="0.00100000000000477" classname="TESTING_datachk" name="Check_TESTING_dataset"/>
    <testcase time="0.00100000000000477" classname="TESTING_datachk" name="Check_TESTING_dataset"/>
    <testcase time="0.155999999999992" classname="TESTING_datachk" name="Check_TESTING_dataset"/>
    <testcase time="0.00100000000000477" classname="TESTING_datachk" name="Check_TESTING_dataset"/>
    <testcase time="0.00100000000000477" classname="TESTING_datachk" name="Check_TESTING_dataset"/>
    <testcase time="0.000999999999990564" classname="TESTING_datachk" name="Check_TESTING_dataset"/>
    <testcase time="0.00100000000000477" classname="TESTING_datachk" name="Check_TESTING_dataset"/>
    <testcase time="0.00100000000000477" classname="TESTING_datachk" name="Check_TESTING_dataset"/>
    <testcase time="0.000999999999990564" classname="TESTING_datachk" name="Check_TESTING_dataset"/>
    <testcase time="0.00100000000000477" classname="TESTING_datachk" name="Check_TESTING_dataset"/>
    <testcase time="0.000999999999990564" classname="TESTING_datachk" name="Check_TESTING_dataset"/>
    <testcase time="0.315000000000012" classname="TESTING_datachk" name="Check_TESTING_dataset"/>
    <testcase time="0.000999999999990564" classname="TESTING_datachk" name="Check_TESTING_dataset"/>
    <testcase time="0.00100000000000477" classname="TESTING_datachk" name="Check_TESTING_dataset"/>
    <testcase time="0.00100000000000477" classname="TESTING_datachk" name="Check_TESTING_dataset"/>
    <testcase time="0.000999999999990564" classname="TESTING_datachk" name="Check_TESTING_dataset"/>
    <testcase time="0.00100000000000477" classname="TESTING_datachk" name="Check_TESTING_dataset"/>
    <testcase time="0.00100000000000477" classname="TESTING_datachk" name="Check_TESTING_dataset"/>
    <testcase time="0.155000000000001" classname="TESTING_datachk" name="Check_TESTING_dataset"/>
    <testcase time="0.000999999999990564" classname="TESTING_datachk" name="Check_TESTING_dataset"/>
    <testcase time="0.00100000000000477" classname="TESTING_datachk" name="Check_TESTING_dataset"/>
    <testcase time="0.00100000000000477" classname="TESTING_datachk" name="Check_TESTING_dataset"/>
    <testcase time="0.000999999999990564" classname="TESTING_datachk" name="Check_TESTING_dataset"/>
    <testcase time="0.00100000000000477" classname="TESTING_datachk" name="Check_TESTING_dataset"/>
    <testcase time="0.00100000000000477" classname="TESTING_datachk" name="Check_TESTING_dataset"/>
    <testcase time="0.000999999999990564" classname="TESTING_datachk" name="Check_TESTING_dataset"/>
    <testcase time="0.00100000000000477" classname="TESTING_datachk" name="Check_TESTING_dataset"/>
    <testcase time="0.316999999999993" classname="TESTING_datachk" name="Check_TESTING_dataset"/>
    <testcase time="0.00100000000000477" classname="TESTING_datachk" name="Check_TESTING_dataset"/>
    <testcase time="0.00100000000000477" classname="TESTING_datachk" name="Check_TESTING_dataset"/>
    <testcase time="0.000999999999990564" classname="TESTING_datachk" name="Check_TESTING_dataset"/>
    <testcase time="0.00100000000000477" classname="TESTING_datachk" name="Check_TESTING_dataset"/>
    <testcase time="0.00100000000000477" classname="TESTING_datachk" name="Check_TESTING_dataset"/>
    <testcase time="0.000999999999990564" classname="TESTING_datachk" name="Check_TESTING_dataset"/>
    <testcase time="0.156000000000006" classname="TESTING_datachk" name="Check_TESTING_dataset"/>
    <testcase time="0.00100000000000477" classname="TESTING_datachk" name="Check_TESTING_dataset"/>
    <testcase time="0.000999999999990564" classname="TESTING_datachk" name="Check_TESTING_dataset"/>
    <testcase time="0.00100000000000477" classname="TESTING_datachk" name="Check_TESTING_dataset"/>
    <testcase time="0.00100000000000477" classname="TESTING_datachk" name="Check_TESTING_dataset"/>
    <testcase time="0.000999999999990564" classname="TESTING_datachk" name="Check_TESTING_dataset"/>
    <testcase time="0.00100000000000477" classname="TESTING_datachk" name="Check_TESTING_dataset"/>
    <testcase time="0.00100000000000477" classname="TESTING_datachk" name="Check_TESTING_dataset"/>
    <testcase time="0.000999999999990564" classname="TESTING_datachk" name="Check_TESTING_dataset"/>
  </testsuite>
  <testsuite name="TESTING::datachk::shutdown" timestamp="2026-08-15T01:48:48Z" hostname="runnervmzvulz" tests="3" skipped="0" failures="0" errors="0" time="0.16">
    <testcase time="0.158000000000001" classname="TESTING_datachk_shutdown" name="shutdown"/>
    <testcase time="0.00100000000000477" classname="TESTING_datachk_shutdown" name="shutdown"/>
    <testcase time="0.000999999999990564" classname="TESTING_datachk_shutdown" name="shutdown"/>
  </testsuite>
  <testsuite name="TESTING::datachk::done" timestamp="2026-08-15T01:48:48Z" hostname="runnervmzvulz" tests="0" skipped="0" failures="0" errors="0" time="0"/>
</testsuites>
