<?xml version="1.0" encoding="UTF-8"?>
<testsuites>
  <testsuite name="perf-conndisconn" timestamp="2026-05-09T00:55:25Z" hostname="runnervmeorf1" tests="3" skipped="0" failures="0" errors="1" time="130.554">
    <testcase time="130.509" classname="perf_conndisconn" name="simple_connect_disconnect_performance">
      <system-out>Unknown performance profile platform, using 'default'
Backtrace:
    x
 1. \-global perf.reference.rate("conndisconn::perf::simple0") at test-perf-conndisconn.R:39:5
 2.   \-global .load.pref()</system-out>
    </testcase>
    <testcase time="0.0349999999999966" classname="perf_conndisconn" name="simple_connect_disconnect_performance">
      <system-out>cannot open file 'perf_files/armadillo_default_perf-profile.csv': No such file or directory
Backtrace:
    x
 1. \-global perf.reference.rate("conndisconn::perf::simple0") at test-perf-conndisconn.R:39:5
 2.   \-global .load.pref()
 3.     \-utils::read.csv(perf.reference.filename, header = TRUE, sep = ",")
 4.       \-utils::read.table(...)
 5.         \-base::file(file, "rt")</system-out>
    </testcase>
    <testcase time="0.00999999999999091" classname="perf_conndisconn" name="simple_connect_disconnect_performance">
      <error type="error" message="Error in `file(file, &quot;rt&quot;)`: cannot open the connection ('test-perf-conndisconn.R:39:5')">Error in `file(file, "rt")`: cannot open the connection
Backtrace:
    x
 1. \-global perf.reference.rate("conndisconn::perf::simple0") at test-perf-conndisconn.R:39:5
 2.   \-global .load.pref()
 3.     \-utils::read.csv(perf.reference.filename, header = TRUE, sep = ",")
 4.       \-utils::read.table(...)
 5.         \-base::file(file, "rt")</error>
    </testcase>
  </testsuite>
  <testsuite name="perf-ds.abs" timestamp="2026-05-09T00:57:36Z" hostname="runnervmeorf1" tests="3" skipped="0" failures="0" errors="1" time="36.585">
    <testcase time="36.561" classname="perf_ds.abs" name="combine_performance">
      <system-out>Unknown performance profile platform, using 'default'
Backtrace:
    x
 1. \-global perf.reference.rate("ds.abs::perf::0") at test-perf-ds.abs.R:37:5
 2.   \-global .load.pref()</system-out>
    </testcase>
    <testcase time="0.0149999999999864" classname="perf_ds.abs" name="combine_performance">
      <system-out>cannot open file 'perf_files/armadillo_default_perf-profile.csv': No such file or directory
Backtrace:
    x
 1. \-global perf.reference.rate("ds.abs::perf::0") at test-perf-ds.abs.R:37:5
 2.   \-global .load.pref()
 3.     \-utils::read.csv(perf.reference.filename, header = TRUE, sep = ",")
 4.       \-utils::read.table(...)
 5.         \-base::file(file, "rt")</system-out>
    </testcase>
    <testcase time="0.00900000000001455" classname="perf_ds.abs" name="combine_performance">
      <error type="error" message="Error in `file(file, &quot;rt&quot;)`: cannot open the connection ('test-perf-ds.abs.R:37:5')">Error in `file(file, "rt")`: cannot open the connection
Backtrace:
    x
 1. \-global perf.reference.rate("ds.abs::perf::0") at test-perf-ds.abs.R:37:5
 2.   \-global .load.pref()
 3.     \-utils::read.csv(perf.reference.filename, header = TRUE, sep = ",")
 4.       \-utils::read.table(...)
 5.         \-base::file(file, "rt")</error>
    </testcase>
  </testsuite>
  <testsuite name="perf-ds.asInteger" timestamp="2026-05-09T00:58:13Z" hostname="runnervmeorf1" tests="3" skipped="0" failures="0" errors="1" time="36.228">
    <testcase time="36.209" classname="perf_ds.asInteger" name="combine_performance">
      <system-out>Unknown performance profile platform, using 'default'
Backtrace:
    x
 1. \-global perf.reference.rate("ds.asInteger::perf:0") at test-perf-ds.asInteger.R:37:5
 2.   \-global .load.pref()</system-out>
    </testcase>
    <testcase time="0.00899999999998613" classname="perf_ds.asInteger" name="combine_performance">
      <system-out>cannot open file 'perf_files/armadillo_default_perf-profile.csv': No such file or directory
Backtrace:
    x
 1. \-global perf.reference.rate("ds.asInteger::perf:0") at test-perf-ds.asInteger.R:37:5
 2.   \-global .load.pref()
 3.     \-utils::read.csv(perf.reference.filename, header = TRUE, sep = ",")
 4.       \-utils::read.table(...)
 5.         \-base::file(file, "rt")</system-out>
    </testcase>
    <testcase time="0.00999999999999091" classname="perf_ds.asInteger" name="combine_performance">
      <error type="error" message="Error in `file(file, &quot;rt&quot;)`: cannot open the connection ('test-perf-ds.asInteger.R:37:5')">Error in `file(file, "rt")`: cannot open the connection
Backtrace:
    x
 1. \-global perf.reference.rate("ds.asInteger::perf:0") at test-perf-ds.asInteger.R:37:5
 2.   \-global .load.pref()
 3.     \-utils::read.csv(perf.reference.filename, header = TRUE, sep = ",")
 4.       \-utils::read.table(...)
 5.         \-base::file(file, "rt")</error>
    </testcase>
  </testsuite>
  <testsuite name="perf-ds.asList" timestamp="2026-05-09T00:58:49Z" hostname="runnervmeorf1" tests="3" skipped="0" failures="0" errors="1" time="36.026">
    <testcase time="36.007" classname="perf_ds.asList" name="combine_performance">
      <system-out>Unknown performance profile platform, using 'default'
Backtrace:
    x
 1. \-global perf.reference.rate("ds.asList::perf:0") at test-perf-ds.asList.R:37:5
 2.   \-global .load.pref()</system-out>
    </testcase>
    <testcase time="0.00900000000001455" classname="perf_ds.asList" name="combine_performance">
      <system-out>cannot open file 'perf_files/armadillo_default_perf-profile.csv': No such file or directory
Backtrace:
    x
 1. \-global perf.reference.rate("ds.asList::perf:0") at test-perf-ds.asList.R:37:5
 2.   \-global .load.pref()
 3.     \-utils::read.csv(perf.reference.filename, header = TRUE, sep = ",")
 4.       \-utils::read.table(...)
 5.         \-base::file(file, "rt")</system-out>
    </testcase>
    <testcase time="0.00999999999999091" classname="perf_ds.asList" name="combine_performance">
      <error type="error" message="Error in `file(file, &quot;rt&quot;)`: cannot open the connection ('test-perf-ds.asList.R:37:5')">Error in `file(file, "rt")`: cannot open the connection
Backtrace:
    x
 1. \-global perf.reference.rate("ds.asList::perf:0") at test-perf-ds.asList.R:37:5
 2.   \-global .load.pref()
 3.     \-utils::read.csv(perf.reference.filename, header = TRUE, sep = ",")
 4.       \-utils::read.table(...)
 5.         \-base::file(file, "rt")</error>
    </testcase>
  </testsuite>
  <testsuite name="perf-ds.asNumeric" timestamp="2026-05-09T00:59:25Z" hostname="runnervmeorf1" tests="3" skipped="0" failures="0" errors="1" time="36.477">
    <testcase time="36.458" classname="perf_ds.asNumeric" name="combine_performance">
      <system-out>Unknown performance profile platform, using 'default'
Backtrace:
    x
 1. \-global perf.reference.rate("ds.asNumeric::perf:0") at test-perf-ds.asNumeric.R:37:5
 2.   \-global .load.pref()</system-out>
    </testcase>
    <testcase time="0.00900000000001455" classname="perf_ds.asNumeric" name="combine_performance">
      <system-out>cannot open file 'perf_files/armadillo_default_perf-profile.csv': No such file or directory
Backtrace:
    x
 1. \-global perf.reference.rate("ds.asNumeric::perf:0") at test-perf-ds.asNumeric.R:37:5
 2.   \-global .load.pref()
 3.     \-utils::read.csv(perf.reference.filename, header = TRUE, sep = ",")
 4.       \-utils::read.table(...)
 5.         \-base::file(file, "rt")</system-out>
    </testcase>
    <testcase time="0.00999999999999091" classname="perf_ds.asNumeric" name="combine_performance">
      <error type="error" message="Error in `file(file, &quot;rt&quot;)`: cannot open the connection ('test-perf-ds.asNumeric.R:37:5')">Error in `file(file, "rt")`: cannot open the connection
Backtrace:
    x
 1. \-global perf.reference.rate("ds.asNumeric::perf:0") at test-perf-ds.asNumeric.R:37:5
 2.   \-global .load.pref()
 3.     \-utils::read.csv(perf.reference.filename, header = TRUE, sep = ",")
 4.       \-utils::read.table(...)
 5.         \-base::file(file, "rt")</error>
    </testcase>
  </testsuite>
  <testsuite name="perf-ds.assign" timestamp="2026-05-09T01:00:01Z" hostname="runnervmeorf1" tests="3" skipped="0" failures="0" errors="1" time="36.248">
    <testcase time="36.229" classname="perf_ds.assign" name="performance">
      <system-out>Unknown performance profile platform, using 'default'
Backtrace:
    x
 1. \-global perf.reference.rate("ds.assign::perf::0") at test-perf-ds.assign.R:37:5
 2.   \-global .load.pref()</system-out>
    </testcase>
    <testcase time="0.00900000000001455" classname="perf_ds.assign" name="performance">
      <system-out>cannot open file 'perf_files/armadillo_default_perf-profile.csv': No such file or directory
Backtrace:
    x
 1. \-global perf.reference.rate("ds.assign::perf::0") at test-perf-ds.assign.R:37:5
 2.   \-global .load.pref()
 3.     \-utils::read.csv(perf.reference.filename, header = TRUE, sep = ",")
 4.       \-utils::read.table(...)
 5.         \-base::file(file, "rt")</system-out>
    </testcase>
    <testcase time="0.00999999999999091" classname="perf_ds.assign" name="performance">
      <error type="error" message="Error in `file(file, &quot;rt&quot;)`: cannot open the connection ('test-perf-ds.assign.R:37:5')">Error in `file(file, "rt")`: cannot open the connection
Backtrace:
    x
 1. \-global perf.reference.rate("ds.assign::perf::0") at test-perf-ds.assign.R:37:5
 2.   \-global .load.pref()
 3.     \-utils::read.csv(perf.reference.filename, header = TRUE, sep = ",")
 4.       \-utils::read.table(...)
 5.         \-base::file(file, "rt")</error>
    </testcase>
  </testsuite>
  <testsuite name="perf-ds.class" timestamp="2026-05-09T01:00:38Z" hostname="runnervmeorf1" tests="3" skipped="0" failures="0" errors="1" time="36.006">
    <testcase time="35.985" classname="perf_ds.class" name="combine_performance">
      <system-out>Unknown performance profile platform, using 'default'
Backtrace:
    x
 1. \-global perf.reference.rate("ds.class::perf::combine:0") at test-perf-ds.class.R:37:5
 2.   \-global .load.pref()</system-out>
    </testcase>
    <testcase time="0.0109999999999673" classname="perf_ds.class" name="combine_performance">
      <system-out>cannot open file 'perf_files/armadillo_default_perf-profile.csv': No such file or directory
Backtrace:
    x
 1. \-global perf.reference.rate("ds.class::perf::combine:0") at test-perf-ds.class.R:37:5
 2.   \-global .load.pref()
 3.     \-utils::read.csv(perf.reference.filename, header = TRUE, sep = ",")
 4.       \-utils::read.table(...)
 5.         \-base::file(file, "rt")</system-out>
    </testcase>
    <testcase time="0.0100000000000477" classname="perf_ds.class" name="combine_performance">
      <error type="error" message="Error in `file(file, &quot;rt&quot;)`: cannot open the connection ('test-perf-ds.class.R:37:5')">Error in `file(file, "rt")`: cannot open the connection
Backtrace:
    x
 1. \-global perf.reference.rate("ds.class::perf::combine:0") at test-perf-ds.class.R:37:5
 2.   \-global .load.pref()
 3.     \-utils::read.csv(perf.reference.filename, header = TRUE, sep = ",")
 4.       \-utils::read.table(...)
 5.         \-base::file(file, "rt")</error>
    </testcase>
  </testsuite>
  <testsuite name="perf-ds.colnames" timestamp="2026-05-09T01:01:14Z" hostname="runnervmeorf1" tests="3" skipped="0" failures="0" errors="1" time="36.003">
    <testcase time="35.983" classname="perf_ds.colnames" name="combine_performance">
      <system-out>Unknown performance profile platform, using 'default'
Backtrace:
    x
 1. \-global perf.reference.rate("ds.colnames::perf:0") at test-perf-ds.colnames.R:37:5
 2.   \-global .load.pref()</system-out>
    </testcase>
    <testcase time="0.00999999999999091" classname="perf_ds.colnames" name="combine_performance">
      <system-out>cannot open file 'perf_files/armadillo_default_perf-profile.csv': No such file or directory
Backtrace:
    x
 1. \-global perf.reference.rate("ds.colnames::perf:0") at test-perf-ds.colnames.R:37:5
 2.   \-global .load.pref()
 3.     \-utils::read.csv(perf.reference.filename, header = TRUE, sep = ",")
 4.       \-utils::read.table(...)
 5.         \-base::file(file, "rt")</system-out>
    </testcase>
    <testcase time="0.00999999999999091" classname="perf_ds.colnames" name="combine_performance">
      <error type="error" message="Error in `file(file, &quot;rt&quot;)`: cannot open the connection ('test-perf-ds.colnames.R:37:5')">Error in `file(file, "rt")`: cannot open the connection
Backtrace:
    x
 1. \-global perf.reference.rate("ds.colnames::perf:0") at test-perf-ds.colnames.R:37:5
 2.   \-global .load.pref()
 3.     \-utils::read.csv(perf.reference.filename, header = TRUE, sep = ",")
 4.       \-utils::read.table(...)
 5.         \-base::file(file, "rt")</error>
    </testcase>
  </testsuite>
  <testsuite name="perf-ds.exists" timestamp="2026-05-09T01:01:50Z" hostname="runnervmeorf1" tests="3" skipped="0" failures="0" errors="1" time="35.893">
    <testcase time="35.873" classname="perf_ds.exists" name="combine_performance">
      <system-out>Unknown performance profile platform, using 'default'
Backtrace:
    x
 1. \-global perf.reference.rate("ds.exists::perf::combine:0") at test-perf-ds.exists.R:37:5
 2.   \-global .load.pref()</system-out>
    </testcase>
    <testcase time="0.00999999999999091" classname="perf_ds.exists" name="combine_performance">
      <system-out>cannot open file 'perf_files/armadillo_default_perf-profile.csv': No such file or directory
Backtrace:
    x
 1. \-global perf.reference.rate("ds.exists::perf::combine:0") at test-perf-ds.exists.R:37:5
 2.   \-global .load.pref()
 3.     \-utils::read.csv(perf.reference.filename, header = TRUE, sep = ",")
 4.       \-utils::read.table(...)
 5.         \-base::file(file, "rt")</system-out>
    </testcase>
    <testcase time="0.00999999999999091" classname="perf_ds.exists" name="combine_performance">
      <error type="error" message="Error in `file(file, &quot;rt&quot;)`: cannot open the connection ('test-perf-ds.exists.R:37:5')">Error in `file(file, "rt")`: cannot open the connection
Backtrace:
    x
 1. \-global perf.reference.rate("ds.exists::perf::combine:0") at test-perf-ds.exists.R:37:5
 2.   \-global .load.pref()
 3.     \-utils::read.csv(perf.reference.filename, header = TRUE, sep = ",")
 4.       \-utils::read.table(...)
 5.         \-base::file(file, "rt")</error>
    </testcase>
  </testsuite>
  <testsuite name="perf-ds.length" timestamp="2026-05-09T01:02:25Z" hostname="runnervmeorf1" tests="3" skipped="0" failures="0" errors="1" time="35.87">
    <testcase time="35.851" classname="perf_ds.length" name="combine_performance">
      <system-out>Unknown performance profile platform, using 'default'
Backtrace:
    x
 1. \-global perf.reference.rate("ds.length::perf::combine:0") at test-perf-ds.length.R:37:5
 2.   \-global .load.pref()</system-out>
    </testcase>
    <testcase time="0.00900000000001455" classname="perf_ds.length" name="combine_performance">
      <system-out>cannot open file 'perf_files/armadillo_default_perf-profile.csv': No such file or directory
Backtrace:
    x
 1. \-global perf.reference.rate("ds.length::perf::combine:0") at test-perf-ds.length.R:37:5
 2.   \-global .load.pref()
 3.     \-utils::read.csv(perf.reference.filename, header = TRUE, sep = ",")
 4.       \-utils::read.table(...)
 5.         \-base::file(file, "rt")</system-out>
    </testcase>
    <testcase time="0.00999999999999091" classname="perf_ds.length" name="combine_performance">
      <error type="error" message="Error in `file(file, &quot;rt&quot;)`: cannot open the connection ('test-perf-ds.length.R:37:5')">Error in `file(file, "rt")`: cannot open the connection
Backtrace:
    x
 1. \-global perf.reference.rate("ds.length::perf::combine:0") at test-perf-ds.length.R:37:5
 2.   \-global .load.pref()
 3.     \-utils::read.csv(perf.reference.filename, header = TRUE, sep = ",")
 4.       \-utils::read.table(...)
 5.         \-base::file(file, "rt")</error>
    </testcase>
  </testsuite>
  <testsuite name="perf-ds.mean" timestamp="2026-05-09T01:03:01Z" hostname="runnervmeorf1" tests="6" skipped="0" failures="0" errors="2" time="65.84">
    <testcase time="35.749" classname="perf_ds.mean" name="combine_performance">
      <system-out>Unknown performance profile platform, using 'default'
Backtrace:
    x
 1. \-global perf.reference.rate("ds.mean::perf::combine:0") at test-perf-ds.mean.R:37:5
 2.   \-global .load.pref()</system-out>
    </testcase>
    <testcase time="0.00900000000001455" classname="perf_ds.mean" name="combine_performance">
      <system-out>cannot open file 'perf_files/armadillo_default_perf-profile.csv': No such file or directory
Backtrace:
    x
 1. \-global perf.reference.rate("ds.mean::perf::combine:0") at test-perf-ds.mean.R:37:5
 2.   \-global .load.pref()
 3.     \-utils::read.csv(perf.reference.filename, header = TRUE, sep = ",")
 4.       \-utils::read.table(...)
 5.         \-base::file(file, "rt")</system-out>
    </testcase>
    <testcase time="0.00999999999999091" classname="perf_ds.mean" name="combine_performance">
      <error type="error" message="Error in `file(file, &quot;rt&quot;)`: cannot open the connection ('test-perf-ds.mean.R:37:5')">Error in `file(file, "rt")`: cannot open the connection
Backtrace:
    x
 1. \-global perf.reference.rate("ds.mean::perf::combine:0") at test-perf-ds.mean.R:37:5
 2.   \-global .load.pref()
 3.     \-utils::read.csv(perf.reference.filename, header = TRUE, sep = ",")
 4.       \-utils::read.table(...)
 5.         \-base::file(file, "rt")</error>
    </testcase>
    <testcase time="30.053" classname="perf_ds.mean" name="split_performance">
      <system-out>Unknown performance profile platform, using 'default'
Backtrace:
    x
 1. \-global perf.reference.rate("ds.mean::perf::split:0") at test-perf-ds.mean.R:68:5
 2.   \-global .load.pref()</system-out>
    </testcase>
    <testcase time="0.00900000000001455" classname="perf_ds.mean" name="split_performance">
      <system-out>cannot open file 'perf_files/armadillo_default_perf-profile.csv': No such file or directory
Backtrace:
    x
 1. \-global perf.reference.rate("ds.mean::perf::split:0") at test-perf-ds.mean.R:68:5
 2.   \-global .load.pref()
 3.     \-utils::read.csv(perf.reference.filename, header = TRUE, sep = ",")
 4.       \-utils::read.table(...)
 5.         \-base::file(file, "rt")</system-out>
    </testcase>
    <testcase time="0.00999999999999091" classname="perf_ds.mean" name="split_performance">
      <error type="error" message="Error in `file(file, &quot;rt&quot;)`: cannot open the connection ('test-perf-ds.mean.R:68:5')">Error in `file(file, "rt")`: cannot open the connection
Backtrace:
    x
 1. \-global perf.reference.rate("ds.mean::perf::split:0") at test-perf-ds.mean.R:68:5
 2.   \-global .load.pref()
 3.     \-utils::read.csv(perf.reference.filename, header = TRUE, sep = ",")
 4.       \-utils::read.table(...)
 5.         \-base::file(file, "rt")</error>
    </testcase>
  </testsuite>
  <testsuite name="perf-void" timestamp="2026-05-09T01:04:07Z" hostname="runnervmeorf1" tests="3" skipped="0" failures="0" errors="1" time="60.326">
    <testcase time="60.307" classname="perf_void" name="simple_void_performance">
      <system-out>Unknown performance profile platform, using 'default'
Backtrace:
    x
 1. \-global perf.reference.rate("void::perf::void::0") at test-perf-void.R:34:5
 2.   \-global .load.pref()</system-out>
    </testcase>
    <testcase time="0.00900000000001455" classname="perf_void" name="simple_void_performance">
      <system-out>cannot open file 'perf_files/armadillo_default_perf-profile.csv': No such file or directory
Backtrace:
    x
 1. \-global perf.reference.rate("void::perf::void::0") at test-perf-void.R:34:5
 2.   \-global .load.pref()
 3.     \-utils::read.csv(perf.reference.filename, header = TRUE, sep = ",")
 4.       \-utils::read.table(...)
 5.         \-base::file(file, "rt")</system-out>
    </testcase>
    <testcase time="0.00999999999999091" classname="perf_void" name="simple_void_performance">
      <error type="error" message="Error in `file(file, &quot;rt&quot;)`: cannot open the connection ('test-perf-void.R:34:5')">Error in `file(file, "rt")`: cannot open the connection
Backtrace:
    x
 1. \-global perf.reference.rate("void::perf::void::0") at test-perf-void.R:34:5
 2.   \-global .load.pref()
 3.     \-utils::read.csv(perf.reference.filename, header = TRUE, sep = ",")
 4.       \-utils::read.table(...)
 5.         \-base::file(file, "rt")</error>
    </testcase>
  </testsuite>
</testsuites>
