<?xml version="1.0" encoding="UTF-8"?>
<testsuites>
  <testsuite name="datachk-ANTHRO" timestamp="2026-02-27T18:47:12Z" hostname="runnervmnay03" tests="0" skipped="0" failures="0" errors="0" time="0"/>
  <testsuite name="ANTHRO::datachk::setup" timestamp="2026-02-27T18:47:12Z" hostname="runnervmnay03" tests="3" skipped="0" failures="1" errors="0" time="14.476">
    <testcase time="14.401" classname="ANTHRO_datachk_setup" name="setup">
      <failure type="failure" message="Expected `study.current.variables$objects.found` to have the same values as `expected.variables`. ('test-datachk-ANTHRO.R:20:5')">Expected `study.current.variables$objects.found` to have the same values as `expected.variables`.
Actual: "D", "read_datashield_inst", "to_df"
Expected: "D"
Needs: "read_datashield_inst", "to_df"
Backtrace:
    x
 1. \-global ds_expect_variables(c("D")) at test-datachk-ANTHRO.R:20:5
 2.   \-testthat::expect_setequal(...)</failure>
    </testcase>
    <testcase time="0.0649999999999977" classname="ANTHRO_datachk_setup" name="setup"/>
    <testcase time="0.0100000000000016" classname="ANTHRO_datachk_setup" name="setup"/>
  </testsuite>
  <testsuite name="ANTHRO::datachk" timestamp="2026-02-27T18:47:27Z" hostname="runnervmnay03" tests="102" skipped="0" failures="0" errors="0" time="4.163">
    <testcase time="0.491" classname="ANTHRO_datachk" name="Check_ANTHRO_dataset"/>
    <testcase time="0.00199999999999889" classname="ANTHRO_datachk" name="Check_ANTHRO_dataset"/>
    <testcase time="0.00300000000000011" classname="ANTHRO_datachk" name="Check_ANTHRO_dataset"/>
    <testcase time="0.00200000000000244" classname="ANTHRO_datachk" name="Check_ANTHRO_dataset"/>
    <testcase time="0.00300000000000011" classname="ANTHRO_datachk" name="Check_ANTHRO_dataset"/>
    <testcase time="0.000999999999997669" classname="ANTHRO_datachk" name="Check_ANTHRO_dataset"/>
    <testcase time="0.00300000000000011" classname="ANTHRO_datachk" name="Check_ANTHRO_dataset"/>
    <testcase time="0.204000000000001" classname="ANTHRO_datachk" name="Check_ANTHRO_dataset"/>
    <testcase time="0.00100000000000122" classname="ANTHRO_datachk" name="Check_ANTHRO_dataset"/>
    <testcase time="0.00300000000000011" classname="ANTHRO_datachk" name="Check_ANTHRO_dataset"/>
    <testcase time="0.000999999999997669" classname="ANTHRO_datachk" name="Check_ANTHRO_dataset"/>
    <testcase time="0.00200000000000244" classname="ANTHRO_datachk" name="Check_ANTHRO_dataset"/>
    <testcase time="0.000999999999997669" classname="ANTHRO_datachk" name="Check_ANTHRO_dataset"/>
    <testcase time="0.00200000000000244" classname="ANTHRO_datachk" name="Check_ANTHRO_dataset"/>
    <testcase time="0.000999999999997669" classname="ANTHRO_datachk" name="Check_ANTHRO_dataset"/>
    <testcase time="0.469000000000001" classname="ANTHRO_datachk" name="Check_ANTHRO_dataset"/>
    <testcase time="0.00100000000000122" classname="ANTHRO_datachk" name="Check_ANTHRO_dataset"/>
    <testcase time="0.00199999999999889" classname="ANTHRO_datachk" name="Check_ANTHRO_dataset"/>
    <testcase time="0.000999999999997669" classname="ANTHRO_datachk" name="Check_ANTHRO_dataset"/>
    <testcase time="0.00200000000000244" classname="ANTHRO_datachk" name="Check_ANTHRO_dataset"/>
    <testcase time="0.000999999999997669" classname="ANTHRO_datachk" name="Check_ANTHRO_dataset"/>
    <testcase time="0.00200000000000244" classname="ANTHRO_datachk" name="Check_ANTHRO_dataset"/>
    <testcase time="0.355999999999998" classname="ANTHRO_datachk" name="Check_ANTHRO_dataset"/>
    <testcase time="0.00200000000000244" classname="ANTHRO_datachk" name="Check_ANTHRO_dataset"/>
    <testcase time="0.000999999999997669" classname="ANTHRO_datachk" name="Check_ANTHRO_dataset"/>
    <testcase time="0.00200000000000244" classname="ANTHRO_datachk" name="Check_ANTHRO_dataset"/>
    <testcase time="0.000999999999997669" classname="ANTHRO_datachk" name="Check_ANTHRO_dataset"/>
    <testcase time="0.00200000000000244" classname="ANTHRO_datachk" name="Check_ANTHRO_dataset"/>
    <testcase time="0.000999999999997669" classname="ANTHRO_datachk" name="Check_ANTHRO_dataset"/>
    <testcase time="0.201000000000001" classname="ANTHRO_datachk" name="Check_ANTHRO_dataset"/>
    <testcase time="0.00199999999999889" classname="ANTHRO_datachk" name="Check_ANTHRO_dataset"/>
    <testcase time="0.00200000000000244" classname="ANTHRO_datachk" name="Check_ANTHRO_dataset"/>
    <testcase time="0.000999999999997669" classname="ANTHRO_datachk" name="Check_ANTHRO_dataset"/>
    <testcase time="0.00200000000000244" classname="ANTHRO_datachk" name="Check_ANTHRO_dataset"/>
    <testcase time="0.000999999999997669" classname="ANTHRO_datachk" name="Check_ANTHRO_dataset"/>
    <testcase time="0.00100000000000122" classname="ANTHRO_datachk" name="Check_ANTHRO_dataset"/>
    <testcase time="0.00199999999999889" classname="ANTHRO_datachk" name="Check_ANTHRO_dataset"/>
    <testcase time="0.00100000000000122" classname="ANTHRO_datachk" name="Check_ANTHRO_dataset"/>
    <testcase time="0.391999999999999" classname="ANTHRO_datachk" name="Check_ANTHRO_dataset"/>
    <testcase time="0.000999999999997669" classname="ANTHRO_datachk" name="Check_ANTHRO_dataset"/>
    <testcase time="0.00200000000000244" classname="ANTHRO_datachk" name="Check_ANTHRO_dataset"/>
    <testcase time="0.00199999999999889" classname="ANTHRO_datachk" name="Check_ANTHRO_dataset"/>
    <testcase time="0.00100000000000122" classname="ANTHRO_datachk" name="Check_ANTHRO_dataset"/>
    <testcase time="0.00199999999999889" classname="ANTHRO_datachk" name="Check_ANTHRO_dataset"/>
    <testcase time="0.00100000000000122" classname="ANTHRO_datachk" name="Check_ANTHRO_dataset"/>
    <testcase time="0.201000000000001" classname="ANTHRO_datachk" name="Check_ANTHRO_dataset"/>
    <testcase time="0.00199999999999889" classname="ANTHRO_datachk" name="Check_ANTHRO_dataset"/>
    <testcase time="0.00199999999999889" classname="ANTHRO_datachk" name="Check_ANTHRO_dataset"/>
    <testcase time="0.00100000000000122" classname="ANTHRO_datachk" name="Check_ANTHRO_dataset"/>
    <testcase time="0.00199999999999889" classname="ANTHRO_datachk" name="Check_ANTHRO_dataset"/>
    <testcase time="0.00100000000000122" classname="ANTHRO_datachk" name="Check_ANTHRO_dataset"/>
    <testcase time="0.00199999999999889" classname="ANTHRO_datachk" name="Check_ANTHRO_dataset"/>
    <testcase time="0.00199999999999889" classname="ANTHRO_datachk" name="Check_ANTHRO_dataset"/>
    <testcase time="0.00100000000000122" classname="ANTHRO_datachk" name="Check_ANTHRO_dataset"/>
    <testcase time="0.390000000000001" classname="ANTHRO_datachk" name="Check_ANTHRO_dataset"/>
    <testcase time="0.00199999999999889" classname="ANTHRO_datachk" name="Check_ANTHRO_dataset"/>
    <testcase time="0.00200000000000244" classname="ANTHRO_datachk" name="Check_ANTHRO_dataset"/>
    <testcase time="0.000999999999997669" classname="ANTHRO_datachk" name="Check_ANTHRO_dataset"/>
    <testcase time="0.00199999999999889" classname="ANTHRO_datachk" name="Check_ANTHRO_dataset"/>
    <testcase time="0.00100000000000122" classname="ANTHRO_datachk" name="Check_ANTHRO_dataset"/>
    <testcase time="0.00199999999999889" classname="ANTHRO_datachk" name="Check_ANTHRO_dataset"/>
    <testcase time="0.193000000000001" classname="ANTHRO_datachk" name="Check_ANTHRO_dataset"/>
    <testcase time="0.00199999999999889" classname="ANTHRO_datachk" name="Check_ANTHRO_dataset"/>
    <testcase time="0.00200000000000244" classname="ANTHRO_datachk" name="Check_ANTHRO_dataset"/>
    <testcase time="0.000999999999997669" classname="ANTHRO_datachk" name="Check_ANTHRO_dataset"/>
    <testcase time="0.00200000000000244" classname="ANTHRO_datachk" name="Check_ANTHRO_dataset"/>
    <testcase time="0.00199999999999889" classname="ANTHRO_datachk" name="Check_ANTHRO_dataset"/>
    <testcase time="0.00100000000000122" classname="ANTHRO_datachk" name="Check_ANTHRO_dataset"/>
    <testcase time="0.00199999999999889" classname="ANTHRO_datachk" name="Check_ANTHRO_dataset"/>
    <testcase time="0.00100000000000122" classname="ANTHRO_datachk" name="Check_ANTHRO_dataset"/>
    <testcase time="0.381999999999998" classname="ANTHRO_datachk" name="Check_ANTHRO_dataset"/>
    <testcase time="0.00199999999999889" classname="ANTHRO_datachk" name="Check_ANTHRO_dataset"/>
    <testcase time="0.00200000000000244" classname="ANTHRO_datachk" name="Check_ANTHRO_dataset"/>
    <testcase time="0.00199999999999889" classname="ANTHRO_datachk" name="Check_ANTHRO_dataset"/>
    <testcase time="0.00199999999999889" classname="ANTHRO_datachk" name="Check_ANTHRO_dataset"/>
    <testcase time="0.00100000000000122" classname="ANTHRO_datachk" name="Check_ANTHRO_dataset"/>
    <testcase time="0.00199999999999889" classname="ANTHRO_datachk" name="Check_ANTHRO_dataset"/>
    <testcase time="0.194000000000003" classname="ANTHRO_datachk" name="Check_ANTHRO_dataset"/>
    <testcase time="0.00199999999999889" classname="ANTHRO_datachk" name="Check_ANTHRO_dataset"/>
    <testcase time="0.00199999999999889" classname="ANTHRO_datachk" name="Check_ANTHRO_dataset"/>
    <testcase time="0.00100000000000122" classname="ANTHRO_datachk" name="Check_ANTHRO_dataset"/>
    <testcase time="0.00199999999999889" classname="ANTHRO_datachk" name="Check_ANTHRO_dataset"/>
    <testcase time="0.00200000000000244" classname="ANTHRO_datachk" name="Check_ANTHRO_dataset"/>
    <testcase time="0.000999999999997669" classname="ANTHRO_datachk" name="Check_ANTHRO_dataset"/>
    <testcase time="0.00200000000000244" classname="ANTHRO_datachk" name="Check_ANTHRO_dataset"/>
    <testcase time="0.00199999999999889" classname="ANTHRO_datachk" name="Check_ANTHRO_dataset"/>
    <testcase time="0.341000000000001" classname="ANTHRO_datachk" name="Check_ANTHRO_dataset"/>
    <testcase time="0.00199999999999889" classname="ANTHRO_datachk" name="Check_ANTHRO_dataset"/>
    <testcase time="0.00199999999999889" classname="ANTHRO_datachk" name="Check_ANTHRO_dataset"/>
    <testcase time="0.00199999999999889" classname="ANTHRO_datachk" name="Check_ANTHRO_dataset"/>
    <testcase time="0.00200000000000244" classname="ANTHRO_datachk" name="Check_ANTHRO_dataset"/>
    <testcase time="0.00199999999999889" classname="ANTHRO_datachk" name="Check_ANTHRO_dataset"/>
    <testcase time="0.00100000000000122" classname="ANTHRO_datachk" name="Check_ANTHRO_dataset"/>
    <testcase time="0.198999999999998" classname="ANTHRO_datachk" name="Check_ANTHRO_dataset"/>
    <testcase time="0.00200000000000244" classname="ANTHRO_datachk" name="Check_ANTHRO_dataset"/>
    <testcase time="0.00199999999999889" classname="ANTHRO_datachk" name="Check_ANTHRO_dataset"/>
    <testcase time="0.00199999999999889" classname="ANTHRO_datachk" name="Check_ANTHRO_dataset"/>
    <testcase time="0.00100000000000122" classname="ANTHRO_datachk" name="Check_ANTHRO_dataset"/>
    <testcase time="0.00199999999999889" classname="ANTHRO_datachk" name="Check_ANTHRO_dataset"/>
    <testcase time="0.00200000000000244" classname="ANTHRO_datachk" name="Check_ANTHRO_dataset"/>
    <testcase time="0.00199999999999889" classname="ANTHRO_datachk" name="Check_ANTHRO_dataset"/>
    <testcase time="0.000999999999997669" classname="ANTHRO_datachk" name="Check_ANTHRO_dataset"/>
  </testsuite>
  <testsuite name="ANTHRO::datachk::shutdown" timestamp="2026-02-27T18:47:31Z" hostname="runnervmnay03" tests="3" skipped="0" failures="1" errors="0" time="0.227">
    <testcase time="0.208000000000002" classname="ANTHRO_datachk_shutdown" name="shutdown">
      <failure type="failure" message="Expected `study.current.variables$objects.found` to have the same values as `expected.variables`. ('test-datachk-ANTHRO.R:165:5')">Expected `study.current.variables$objects.found` to have the same values as `expected.variables`.
Actual: "D", "read_datashield_inst", "to_df"
Expected: "D"
Needs: "read_datashield_inst", "to_df"
Backtrace:
    x
 1. \-global ds_expect_variables(c("D")) at test-datachk-ANTHRO.R:165:5
 2.   \-testthat::expect_setequal(...)</failure>
    </testcase>
    <testcase time="0.0169999999999995" classname="ANTHRO_datachk_shutdown" name="shutdown"/>
    <testcase time="0.00199999999999889" classname="ANTHRO_datachk_shutdown" name="shutdown"/>
  </testsuite>
  <testsuite name="ANTHRO::datachk::done" timestamp="2026-02-27T18:47:31Z" hostname="runnervmnay03" tests="0" skipped="0" failures="0" errors="0" time="0"/>
  <testsuite name="datachk-CLUSTER_INT" timestamp="2026-02-27T18:47:31Z" hostname="runnervmnay03" tests="0" skipped="0" failures="0" errors="0" time="0"/>
  <testsuite name="CLUSTER_INT::datachk::setup" timestamp="2026-02-27T18:47:31Z" hostname="runnervmnay03" tests="3" skipped="0" failures="0" errors="0" time="8.457">
    <testcase time="8.454" classname="CLUSTER_INT_datachk_setup" name="setup"/>
    <testcase time="0.00200000000000244" classname="CLUSTER_INT_datachk_setup" name="setup"/>
    <testcase time="0.000999999999997669" classname="CLUSTER_INT_datachk_setup" name="setup"/>
  </testsuite>
  <testsuite name="CLUSTER_INT::datachk" timestamp="2026-02-27T18:47:39Z" hostname="runnervmnay03" tests="230" skipped="0" failures="0" errors="0" time="8.237">
    <testcase time="0.388000000000002" classname="CLUSTER_INT_datachk" name="Check_CLUSTER_INT_dataset"/>
    <testcase time="0.00300000000000011" classname="CLUSTER_INT_datachk" name="Check_CLUSTER_INT_dataset"/>
    <testcase time="0.00399999999999778" classname="CLUSTER_INT_datachk" name="Check_CLUSTER_INT_dataset"/>
    <testcase time="0.00100000000000122" classname="CLUSTER_INT_datachk" name="Check_CLUSTER_INT_dataset"/>
    <testcase time="0.00300000000000011" classname="CLUSTER_INT_datachk" name="Check_CLUSTER_INT_dataset"/>
    <testcase time="0.00199999999999889" classname="CLUSTER_INT_datachk" name="Check_CLUSTER_INT_dataset"/>
    <testcase time="0.00200000000000244" classname="CLUSTER_INT_datachk" name="Check_CLUSTER_INT_dataset"/>
    <testcase time="0.150000000000002" classname="CLUSTER_INT_datachk" name="Check_CLUSTER_INT_dataset"/>
    <testcase time="0.00199999999999889" classname="CLUSTER_INT_datachk" name="Check_CLUSTER_INT_dataset"/>
    <testcase time="0.00199999999999889" classname="CLUSTER_INT_datachk" name="Check_CLUSTER_INT_dataset"/>
    <testcase time="0.00100000000000122" classname="CLUSTER_INT_datachk" name="Check_CLUSTER_INT_dataset"/>
    <testcase time="0.00199999999999889" classname="CLUSTER_INT_datachk" name="Check_CLUSTER_INT_dataset"/>
    <testcase time="0.00100000000000122" classname="CLUSTER_INT_datachk" name="Check_CLUSTER_INT_dataset"/>
    <testcase time="0.00199999999999889" classname="CLUSTER_INT_datachk" name="Check_CLUSTER_INT_dataset"/>
    <testcase time="0.00100000000000122" classname="CLUSTER_INT_datachk" name="Check_CLUSTER_INT_dataset"/>
    <testcase time="0.393000000000001" classname="CLUSTER_INT_datachk" name="Check_CLUSTER_INT_dataset"/>
    <testcase time="0.00199999999999889" classname="CLUSTER_INT_datachk" name="Check_CLUSTER_INT_dataset"/>
    <testcase time="0.00300000000000011" classname="CLUSTER_INT_datachk" name="Check_CLUSTER_INT_dataset"/>
    <testcase time="0.00199999999999889" classname="CLUSTER_INT_datachk" name="Check_CLUSTER_INT_dataset"/>
    <testcase time="0.00300000000000011" classname="CLUSTER_INT_datachk" name="Check_CLUSTER_INT_dataset"/>
    <testcase time="0.00100000000000122" classname="CLUSTER_INT_datachk" name="Check_CLUSTER_INT_dataset"/>
    <testcase time="0.00300000000000011" classname="CLUSTER_INT_datachk" name="Check_CLUSTER_INT_dataset"/>
    <testcase time="0.364999999999998" classname="CLUSTER_INT_datachk" name="Check_CLUSTER_INT_dataset"/>
    <testcase time="0.00200000000000244" classname="CLUSTER_INT_datachk" name="Check_CLUSTER_INT_dataset"/>
    <testcase time="0.000999999999997669" classname="CLUSTER_INT_datachk" name="Check_CLUSTER_INT_dataset"/>
    <testcase time="0.00200000000000244" classname="CLUSTER_INT_datachk" name="Check_CLUSTER_INT_dataset"/>
    <testcase time="0.000999999999997669" classname="CLUSTER_INT_datachk" name="Check_CLUSTER_INT_dataset"/>
    <testcase time="0.00200000000000244" classname="CLUSTER_INT_datachk" name="Check_CLUSTER_INT_dataset"/>
    <testcase time="0.000999999999997669" classname="CLUSTER_INT_datachk" name="Check_CLUSTER_INT_dataset"/>
    <testcase time="0.188000000000002" classname="CLUSTER_INT_datachk" name="Check_CLUSTER_INT_dataset"/>
    <testcase time="0.00199999999999889" classname="CLUSTER_INT_datachk" name="Check_CLUSTER_INT_dataset"/>
    <testcase time="0.00199999999999889" classname="CLUSTER_INT_datachk" name="Check_CLUSTER_INT_dataset"/>
    <testcase time="0.00100000000000122" classname="CLUSTER_INT_datachk" name="Check_CLUSTER_INT_dataset"/>
    <testcase time="0.00199999999999889" classname="CLUSTER_INT_datachk" name="Check_CLUSTER_INT_dataset"/>
    <testcase time="0.00100000000000122" classname="CLUSTER_INT_datachk" name="Check_CLUSTER_INT_dataset"/>
    <testcase time="0.00199999999999889" classname="CLUSTER_INT_datachk" name="Check_CLUSTER_INT_dataset"/>
    <testcase time="0.00100000000000122" classname="CLUSTER_INT_datachk" name="Check_CLUSTER_INT_dataset"/>
    <testcase time="0.00199999999999889" classname="CLUSTER_INT_datachk" name="Check_CLUSTER_INT_dataset"/>
    <testcase time="0.366" classname="CLUSTER_INT_datachk" name="Check_CLUSTER_INT_dataset"/>
    <testcase time="0.00199999999999889" classname="CLUSTER_INT_datachk" name="Check_CLUSTER_INT_dataset"/>
    <testcase time="0.00200000000000244" classname="CLUSTER_INT_datachk" name="Check_CLUSTER_INT_dataset"/>
    <testcase time="0.000999999999997669" classname="CLUSTER_INT_datachk" name="Check_CLUSTER_INT_dataset"/>
    <testcase time="0.00200000000000244" classname="CLUSTER_INT_datachk" name="Check_CLUSTER_INT_dataset"/>
    <testcase time="0.00199999999999889" classname="CLUSTER_INT_datachk" name="Check_CLUSTER_INT_dataset"/>
    <testcase time="0.00100000000000122" classname="CLUSTER_INT_datachk" name="Check_CLUSTER_INT_dataset"/>
    <testcase time="0.146000000000001" classname="CLUSTER_INT_datachk" name="Check_CLUSTER_INT_dataset"/>
    <testcase time="0.00199999999999889" classname="CLUSTER_INT_datachk" name="Check_CLUSTER_INT_dataset"/>
    <testcase time="0.00199999999999889" classname="CLUSTER_INT_datachk" name="Check_CLUSTER_INT_dataset"/>
    <testcase time="0.00100000000000122" classname="CLUSTER_INT_datachk" name="Check_CLUSTER_INT_dataset"/>
    <testcase time="0.00199999999999889" classname="CLUSTER_INT_datachk" name="Check_CLUSTER_INT_dataset"/>
    <testcase time="0.00199999999999889" classname="CLUSTER_INT_datachk" name="Check_CLUSTER_INT_dataset"/>
    <testcase time="0.00100000000000122" classname="CLUSTER_INT_datachk" name="Check_CLUSTER_INT_dataset"/>
    <testcase time="0.00199999999999889" classname="CLUSTER_INT_datachk" name="Check_CLUSTER_INT_dataset"/>
    <testcase time="0.00100000000000122" classname="CLUSTER_INT_datachk" name="Check_CLUSTER_INT_dataset"/>
    <testcase time="0.294" classname="CLUSTER_INT_datachk" name="Check_CLUSTER_INT_dataset"/>
    <testcase time="0.00199999999999889" classname="CLUSTER_INT_datachk" name="Check_CLUSTER_INT_dataset"/>
    <testcase time="0.00200000000000244" classname="CLUSTER_INT_datachk" name="Check_CLUSTER_INT_dataset"/>
    <testcase time="0.00199999999999889" classname="CLUSTER_INT_datachk" name="Check_CLUSTER_INT_dataset"/>
    <testcase time="0.00100000000000122" classname="CLUSTER_INT_datachk" name="Check_CLUSTER_INT_dataset"/>
    <testcase time="0.00199999999999889" classname="CLUSTER_INT_datachk" name="Check_CLUSTER_INT_dataset"/>
    <testcase time="0.000999999999997669" classname="CLUSTER_INT_datachk" name="Check_CLUSTER_INT_dataset"/>
    <testcase time="0.192" classname="CLUSTER_INT_datachk" name="Check_CLUSTER_INT_dataset"/>
    <testcase time="0.00200000000000244" classname="CLUSTER_INT_datachk" name="Check_CLUSTER_INT_dataset"/>
    <testcase time="0.00200000000000244" classname="CLUSTER_INT_datachk" name="Check_CLUSTER_INT_dataset"/>
    <testcase time="0.000999999999997669" classname="CLUSTER_INT_datachk" name="Check_CLUSTER_INT_dataset"/>
    <testcase time="0.00200000000000244" classname="CLUSTER_INT_datachk" name="Check_CLUSTER_INT_dataset"/>
    <testcase time="0.000999999999997669" classname="CLUSTER_INT_datachk" name="Check_CLUSTER_INT_dataset"/>
    <testcase time="0.00199999999999534" classname="CLUSTER_INT_datachk" name="Check_CLUSTER_INT_dataset"/>
    <testcase time="0.00200000000000244" classname="CLUSTER_INT_datachk" name="Check_CLUSTER_INT_dataset"/>
    <testcase time="0.000999999999997669" classname="CLUSTER_INT_datachk" name="Check_CLUSTER_INT_dataset"/>
    <testcase time="0.357000000000006" classname="CLUSTER_INT_datachk" name="Check_CLUSTER_INT_dataset"/>
    <testcase time="0.00199999999999534" classname="CLUSTER_INT_datachk" name="Check_CLUSTER_INT_dataset"/>
    <testcase time="0.00200000000000244" classname="CLUSTER_INT_datachk" name="Check_CLUSTER_INT_dataset"/>
    <testcase time="0.000999999999997669" classname="CLUSTER_INT_datachk" name="Check_CLUSTER_INT_dataset"/>
    <testcase time="0.00200000000000244" classname="CLUSTER_INT_datachk" name="Check_CLUSTER_INT_dataset"/>
    <testcase time="0.000999999999997669" classname="CLUSTER_INT_datachk" name="Check_CLUSTER_INT_dataset"/>
    <testcase time="0.00200000000000244" classname="CLUSTER_INT_datachk" name="Check_CLUSTER_INT_dataset"/>
    <testcase time="0.18" classname="CLUSTER_INT_datachk" name="Check_CLUSTER_INT_dataset"/>
    <testcase time="0.00200000000000244" classname="CLUSTER_INT_datachk" name="Check_CLUSTER_INT_dataset"/>
    <testcase time="0.00199999999999534" classname="CLUSTER_INT_datachk" name="Check_CLUSTER_INT_dataset"/>
    <testcase time="0.00200000000000244" classname="CLUSTER_INT_datachk" name="Check_CLUSTER_INT_dataset"/>
    <testcase time="0.00200000000000244" classname="CLUSTER_INT_datachk" name="Check_CLUSTER_INT_dataset"/>
    <testcase time="0.000999999999997669" classname="CLUSTER_INT_datachk" name="Check_CLUSTER_INT_dataset"/>
    <testcase time="0.00200000000000244" classname="CLUSTER_INT_datachk" name="Check_CLUSTER_INT_dataset"/>
    <testcase time="0.00199999999999534" classname="CLUSTER_INT_datachk" name="Check_CLUSTER_INT_dataset"/>
    <testcase time="0.000999999999997669" classname="CLUSTER_INT_datachk" name="Check_CLUSTER_INT_dataset"/>
    <testcase time="0.369000000000007" classname="CLUSTER_INT_datachk" name="Check_CLUSTER_INT_dataset"/>
    <testcase time="0.00199999999999534" classname="CLUSTER_INT_datachk" name="Check_CLUSTER_INT_dataset"/>
    <testcase time="0.00200000000000244" classname="CLUSTER_INT_datachk" name="Check_CLUSTER_INT_dataset"/>
    <testcase time="0.00199999999999534" classname="CLUSTER_INT_datachk" name="Check_CLUSTER_INT_dataset"/>
    <testcase time="0.00100000000000477" classname="CLUSTER_INT_datachk" name="Check_CLUSTER_INT_dataset"/>
    <testcase time="0.00199999999999534" classname="CLUSTER_INT_datachk" name="Check_CLUSTER_INT_dataset"/>
    <testcase time="0.00200000000000244" classname="CLUSTER_INT_datachk" name="Check_CLUSTER_INT_dataset"/>
    <testcase time="0.183999999999997" classname="CLUSTER_INT_datachk" name="Check_CLUSTER_INT_dataset"/>
    <testcase time="0.00200000000000244" classname="CLUSTER_INT_datachk" name="Check_CLUSTER_INT_dataset"/>
    <testcase time="0.00200000000000244" classname="CLUSTER_INT_datachk" name="Check_CLUSTER_INT_dataset"/>
    <testcase time="0.00199999999999534" classname="CLUSTER_INT_datachk" name="Check_CLUSTER_INT_dataset"/>
    <testcase time="0.00200000000000244" classname="CLUSTER_INT_datachk" name="Check_CLUSTER_INT_dataset"/>
    <testcase time="0.000999999999997669" classname="CLUSTER_INT_datachk" name="Check_CLUSTER_INT_dataset"/>
    <testcase time="0.00200000000000244" classname="CLUSTER_INT_datachk" name="Check_CLUSTER_INT_dataset"/>
    <testcase time="0.00200000000000244" classname="CLUSTER_INT_datachk" name="Check_CLUSTER_INT_dataset"/>
    <testcase time="0.000999999999997669" classname="CLUSTER_INT_datachk" name="Check_CLUSTER_INT_dataset"/>
    <testcase time="0.366999999999997" classname="CLUSTER_INT_datachk" name="Check_CLUSTER_INT_dataset"/>
    <testcase time="0.00300000000000011" classname="CLUSTER_INT_datachk" name="Check_CLUSTER_INT_dataset"/>
    <testcase time="0.00200000000000244" classname="CLUSTER_INT_datachk" name="Check_CLUSTER_INT_dataset"/>
    <testcase time="0.000999999999997669" classname="CLUSTER_INT_datachk" name="Check_CLUSTER_INT_dataset"/>
    <testcase time="0.00200000000000244" classname="CLUSTER_INT_datachk" name="Check_CLUSTER_INT_dataset"/>
    <testcase time="0.00200000000000244" classname="CLUSTER_INT_datachk" name="Check_CLUSTER_INT_dataset"/>
    <testcase time="0.00199999999999534" classname="CLUSTER_INT_datachk" name="Check_CLUSTER_INT_dataset"/>
    <testcase time="0.196000000000005" classname="CLUSTER_INT_datachk" name="Check_CLUSTER_INT_dataset"/>
    <testcase time="0.00300000000000011" classname="CLUSTER_INT_datachk" name="Check_CLUSTER_INT_dataset"/>
    <testcase time="0.00199999999999534" classname="CLUSTER_INT_datachk" name="Check_CLUSTER_INT_dataset"/>
    <testcase time="0.00200000000000244" classname="CLUSTER_INT_datachk" name="Check_CLUSTER_INT_dataset"/>
    <testcase time="0.00200000000000244" classname="CLUSTER_INT_datachk" name="Check_CLUSTER_INT_dataset"/>
    <testcase time="0.000999999999997669" classname="CLUSTER_INT_datachk" name="Check_CLUSTER_INT_dataset"/>
    <testcase time="0.00200000000000244" classname="CLUSTER_INT_datachk" name="Check_CLUSTER_INT_dataset"/>
    <testcase time="0.00199999999999534" classname="CLUSTER_INT_datachk" name="Check_CLUSTER_INT_dataset"/>
    <testcase time="0.00200000000000244" classname="CLUSTER_INT_datachk" name="Check_CLUSTER_INT_dataset"/>
    <testcase time="0.336999999999996" classname="CLUSTER_INT_datachk" name="Check_CLUSTER_INT_dataset"/>
    <testcase time="0.00199999999999534" classname="CLUSTER_INT_datachk" name="Check_CLUSTER_INT_dataset"/>
    <testcase time="0.00200000000000244" classname="CLUSTER_INT_datachk" name="Check_CLUSTER_INT_dataset"/>
    <testcase time="0.000999999999997669" classname="CLUSTER_INT_datachk" name="Check_CLUSTER_INT_dataset"/>
    <testcase time="0.00200000000000244" classname="CLUSTER_INT_datachk" name="Check_CLUSTER_INT_dataset"/>
    <testcase time="0.00200000000000244" classname="CLUSTER_INT_datachk" name="Check_CLUSTER_INT_dataset"/>
    <testcase time="0.00199999999999534" classname="CLUSTER_INT_datachk" name="Check_CLUSTER_INT_dataset"/>
    <testcase time="0.181000000000004" classname="CLUSTER_INT_datachk" name="Check_CLUSTER_INT_dataset"/>
    <testcase time="0.00199999999999534" classname="CLUSTER_INT_datachk" name="Check_CLUSTER_INT_dataset"/>
    <testcase time="0.00200000000000244" classname="CLUSTER_INT_datachk" name="Check_CLUSTER_INT_dataset"/>
    <testcase time="0.00200000000000244" classname="CLUSTER_INT_datachk" name="Check_CLUSTER_INT_dataset"/>
    <testcase time="0.00199999999999534" classname="CLUSTER_INT_datachk" name="Check_CLUSTER_INT_dataset"/>
    <testcase time="0.00200000000000244" classname="CLUSTER_INT_datachk" name="Check_CLUSTER_INT_dataset"/>
    <testcase time="0.00200000000000244" classname="CLUSTER_INT_datachk" name="Check_CLUSTER_INT_dataset"/>
    <testcase time="0.00199999999999534" classname="CLUSTER_INT_datachk" name="Check_CLUSTER_INT_dataset"/>
    <testcase time="0.00200000000000244" classname="CLUSTER_INT_datachk" name="Check_CLUSTER_INT_dataset"/>
    <testcase time="0.363999999999997" classname="CLUSTER_INT_datachk" name="Check_CLUSTER_INT_dataset"/>
    <testcase time="0.00200000000000244" classname="CLUSTER_INT_datachk" name="Check_CLUSTER_INT_dataset"/>
    <testcase time="0.00200000000000244" classname="CLUSTER_INT_datachk" name="Check_CLUSTER_INT_dataset"/>
    <testcase time="0.00199999999999534" classname="CLUSTER_INT_datachk" name="Check_CLUSTER_INT_dataset"/>
    <testcase time="0.00200000000000244" classname="CLUSTER_INT_datachk" name="Check_CLUSTER_INT_dataset"/>
    <testcase time="0.000999999999997669" classname="CLUSTER_INT_datachk" name="Check_CLUSTER_INT_dataset"/>
    <testcase time="0.00200000000000244" classname="CLUSTER_INT_datachk" name="Check_CLUSTER_INT_dataset"/>
    <testcase time="0.18" classname="CLUSTER_INT_datachk" name="Check_CLUSTER_INT_dataset"/>
    <testcase time="0.00200000000000244" classname="CLUSTER_INT_datachk" name="Check_CLUSTER_INT_dataset"/>
    <testcase time="0.00199999999999534" classname="CLUSTER_INT_datachk" name="Check_CLUSTER_INT_dataset"/>
    <testcase time="0.00200000000000244" classname="CLUSTER_INT_datachk" name="Check_CLUSTER_INT_dataset"/>
    <testcase time="0.00200000000000244" classname="CLUSTER_INT_datachk" name="Check_CLUSTER_INT_dataset"/>
    <testcase time="0.00199999999999534" classname="CLUSTER_INT_datachk" name="Check_CLUSTER_INT_dataset"/>
    <testcase time="0.00200000000000244" classname="CLUSTER_INT_datachk" name="Check_CLUSTER_INT_dataset"/>
    <testcase time="0.00200000000000244" classname="CLUSTER_INT_datachk" name="Check_CLUSTER_INT_dataset"/>
    <testcase time="0.00199999999999534" classname="CLUSTER_INT_datachk" name="Check_CLUSTER_INT_dataset"/>
    <testcase time="0.365000000000002" classname="CLUSTER_INT_datachk" name="Check_CLUSTER_INT_dataset"/>
    <testcase time="0.00200000000000244" classname="CLUSTER_INT_datachk" name="Check_CLUSTER_INT_dataset"/>
    <testcase time="0.00199999999999534" classname="CLUSTER_INT_datachk" name="Check_CLUSTER_INT_dataset"/>
    <testcase time="0.00200000000000244" classname="CLUSTER_INT_datachk" name="Check_CLUSTER_INT_dataset"/>
    <testcase time="0.00200000000000244" classname="CLUSTER_INT_datachk" name="Check_CLUSTER_INT_dataset"/>
    <testcase time="0.00199999999999534" classname="CLUSTER_INT_datachk" name="Check_CLUSTER_INT_dataset"/>
    <testcase time="0.00200000000000244" classname="CLUSTER_INT_datachk" name="Check_CLUSTER_INT_dataset"/>
    <testcase time="0.186" classname="CLUSTER_INT_datachk" name="Check_CLUSTER_INT_dataset"/>
    <testcase time="0.00200000000000244" classname="CLUSTER_INT_datachk" name="Check_CLUSTER_INT_dataset"/>
    <testcase time="0.00199999999999534" classname="CLUSTER_INT_datachk" name="Check_CLUSTER_INT_dataset"/>
    <testcase time="0.00200000000000244" classname="CLUSTER_INT_datachk" name="Check_CLUSTER_INT_dataset"/>
    <testcase time="0.00200000000000244" classname="CLUSTER_INT_datachk" name="Check_CLUSTER_INT_dataset"/>
    <testcase time="0.00199999999999534" classname="CLUSTER_INT_datachk" name="Check_CLUSTER_INT_dataset"/>
    <testcase time="0.00200000000000244" classname="CLUSTER_INT_datachk" name="Check_CLUSTER_INT_dataset"/>
    <testcase time="0.00200000000000244" classname="CLUSTER_INT_datachk" name="Check_CLUSTER_INT_dataset"/>
    <testcase time="0.00199999999999534" classname="CLUSTER_INT_datachk" name="Check_CLUSTER_INT_dataset"/>
    <testcase time="0.364000000000004" classname="CLUSTER_INT_datachk" name="Check_CLUSTER_INT_dataset"/>
    <testcase time="0.00199999999999534" classname="CLUSTER_INT_datachk" name="Check_CLUSTER_INT_dataset"/>
    <testcase time="0.00200000000000244" classname="CLUSTER_INT_datachk" name="Check_CLUSTER_INT_dataset"/>
    <testcase time="0.00200000000000244" classname="CLUSTER_INT_datachk" name="Check_CLUSTER_INT_dataset"/>
    <testcase time="0.00199999999999534" classname="CLUSTER_INT_datachk" name="Check_CLUSTER_INT_dataset"/>
    <testcase time="0.00200000000000244" classname="CLUSTER_INT_datachk" name="Check_CLUSTER_INT_dataset"/>
    <testcase time="0.00200000000000244" classname="CLUSTER_INT_datachk" name="Check_CLUSTER_INT_dataset"/>
    <testcase time="0.139999999999993" classname="CLUSTER_INT_datachk" name="Check_CLUSTER_INT_dataset"/>
    <testcase time="0.00200000000000244" classname="CLUSTER_INT_datachk" name="Check_CLUSTER_INT_dataset"/>
    <testcase time="0.00200000000000244" classname="CLUSTER_INT_datachk" name="Check_CLUSTER_INT_dataset"/>
    <testcase time="0.00199999999999534" classname="CLUSTER_INT_datachk" name="Check_CLUSTER_INT_dataset"/>
    <testcase time="0.00200000000000244" classname="CLUSTER_INT_datachk" name="Check_CLUSTER_INT_dataset"/>
    <testcase time="0.00100000000000477" classname="CLUSTER_INT_datachk" name="Check_CLUSTER_INT_dataset"/>
    <testcase time="0.00300000000000011" classname="CLUSTER_INT_datachk" name="Check_CLUSTER_INT_dataset"/>
    <testcase time="0.000999999999997669" classname="CLUSTER_INT_datachk" name="Check_CLUSTER_INT_dataset"/>
    <testcase time="0.00200000000000244" classname="CLUSTER_INT_datachk" name="Check_CLUSTER_INT_dataset"/>
    <testcase time="0.354999999999997" classname="CLUSTER_INT_datachk" name="Check_CLUSTER_INT_dataset"/>
    <testcase time="0.00200000000000244" classname="CLUSTER_INT_datachk" name="Check_CLUSTER_INT_dataset"/>
    <testcase time="0.00300000000000011" classname="CLUSTER_INT_datachk" name="Check_CLUSTER_INT_dataset"/>
    <testcase time="0.00200000000000244" classname="CLUSTER_INT_datachk" name="Check_CLUSTER_INT_dataset"/>
    <testcase time="0.00199999999999534" classname="CLUSTER_INT_datachk" name="Check_CLUSTER_INT_dataset"/>
    <testcase time="0.00200000000000244" classname="CLUSTER_INT_datachk" name="Check_CLUSTER_INT_dataset"/>
    <testcase time="0.00200000000000244" classname="CLUSTER_INT_datachk" name="Check_CLUSTER_INT_dataset"/>
    <testcase time="0.140999999999998" classname="CLUSTER_INT_datachk" name="Check_CLUSTER_INT_dataset"/>
    <testcase time="0.00200000000000244" classname="CLUSTER_INT_datachk" name="Check_CLUSTER_INT_dataset"/>
    <testcase time="0.00199999999999534" classname="CLUSTER_INT_datachk" name="Check_CLUSTER_INT_dataset"/>
    <testcase time="0.00200000000000244" classname="CLUSTER_INT_datachk" name="Check_CLUSTER_INT_dataset"/>
    <testcase time="0.00300000000000011" classname="CLUSTER_INT_datachk" name="Check_CLUSTER_INT_dataset"/>
    <testcase time="0.00200000000000244" classname="CLUSTER_INT_datachk" name="Check_CLUSTER_INT_dataset"/>
    <testcase time="0.00199999999999534" classname="CLUSTER_INT_datachk" name="Check_CLUSTER_INT_dataset"/>
    <testcase time="0.00200000000000244" classname="CLUSTER_INT_datachk" name="Check_CLUSTER_INT_dataset"/>
    <testcase time="0.00200000000000244" classname="CLUSTER_INT_datachk" name="Check_CLUSTER_INT_dataset"/>
    <testcase time="0.367999999999995" classname="CLUSTER_INT_datachk" name="Check_CLUSTER_INT_dataset"/>
    <testcase time="0.00300000000000011" classname="CLUSTER_INT_datachk" name="Check_CLUSTER_INT_dataset"/>
    <testcase time="0.00200000000000244" classname="CLUSTER_INT_datachk" name="Check_CLUSTER_INT_dataset"/>
    <testcase time="0.00200000000000244" classname="CLUSTER_INT_datachk" name="Check_CLUSTER_INT_dataset"/>
    <testcase time="0.00300000000000011" classname="CLUSTER_INT_datachk" name="Check_CLUSTER_INT_dataset"/>
    <testcase time="0.00199999999999534" classname="CLUSTER_INT_datachk" name="Check_CLUSTER_INT_dataset"/>
    <testcase time="0.00200000000000244" classname="CLUSTER_INT_datachk" name="Check_CLUSTER_INT_dataset"/>
    <testcase time="0.185000000000002" classname="CLUSTER_INT_datachk" name="Check_CLUSTER_INT_dataset"/>
    <testcase time="0.00199999999999534" classname="CLUSTER_INT_datachk" name="Check_CLUSTER_INT_dataset"/>
    <testcase time="0.00200000000000244" classname="CLUSTER_INT_datachk" name="Check_CLUSTER_INT_dataset"/>
    <testcase time="0.00300000000000011" classname="CLUSTER_INT_datachk" name="Check_CLUSTER_INT_dataset"/>
    <testcase time="0.00200000000000244" classname="CLUSTER_INT_datachk" name="Check_CLUSTER_INT_dataset"/>
    <testcase time="0.00199999999999534" classname="CLUSTER_INT_datachk" name="Check_CLUSTER_INT_dataset"/>
    <testcase time="0.00200000000000244" classname="CLUSTER_INT_datachk" name="Check_CLUSTER_INT_dataset"/>
    <testcase time="0.00300000000000011" classname="CLUSTER_INT_datachk" name="Check_CLUSTER_INT_dataset"/>
    <testcase time="0.00199999999999534" classname="CLUSTER_INT_datachk" name="Check_CLUSTER_INT_dataset"/>
    <testcase time="0.362000000000002" classname="CLUSTER_INT_datachk" name="Check_CLUSTER_INT_dataset"/>
    <testcase time="0.00300000000000011" classname="CLUSTER_INT_datachk" name="Check_CLUSTER_INT_dataset"/>
    <testcase time="0.00200000000000244" classname="CLUSTER_INT_datachk" name="Check_CLUSTER_INT_dataset"/>
    <testcase time="0.00199999999999534" classname="CLUSTER_INT_datachk" name="Check_CLUSTER_INT_dataset"/>
    <testcase time="0.00300000000000011" classname="CLUSTER_INT_datachk" name="Check_CLUSTER_INT_dataset"/>
    <testcase time="0.00200000000000244" classname="CLUSTER_INT_datachk" name="Check_CLUSTER_INT_dataset"/>
    <testcase time="0.00200000000000244" classname="CLUSTER_INT_datachk" name="Check_CLUSTER_INT_dataset"/>
    <testcase time="0.186" classname="CLUSTER_INT_datachk" name="Check_CLUSTER_INT_dataset"/>
    <testcase time="0.00199999999999534" classname="CLUSTER_INT_datachk" name="Check_CLUSTER_INT_dataset"/>
    <testcase time="0.00300000000000011" classname="CLUSTER_INT_datachk" name="Check_CLUSTER_INT_dataset"/>
    <testcase time="0.00200000000000244" classname="CLUSTER_INT_datachk" name="Check_CLUSTER_INT_dataset"/>
    <testcase time="0.00200000000000244" classname="CLUSTER_INT_datachk" name="Check_CLUSTER_INT_dataset"/>
    <testcase time="0.00199999999999534" classname="CLUSTER_INT_datachk" name="Check_CLUSTER_INT_dataset"/>
    <testcase time="0.00300000000000011" classname="CLUSTER_INT_datachk" name="Check_CLUSTER_INT_dataset"/>
    <testcase time="0.00200000000000244" classname="CLUSTER_INT_datachk" name="Check_CLUSTER_INT_dataset"/>
    <testcase time="0.00200000000000244" classname="CLUSTER_INT_datachk" name="Check_CLUSTER_INT_dataset"/>
  </testsuite>
  <testsuite name="CLUSTER_INT::datachk::shutdown" timestamp="2026-02-27T18:47:48Z" hostname="runnervmnay03" tests="3" skipped="0" failures="0" errors="0" time="0.187">
    <testcase time="0.183999999999997" classname="CLUSTER_INT_datachk_shutdown" name="shutdown"/>
    <testcase time="0.00200000000000244" classname="CLUSTER_INT_datachk_shutdown" name="shutdown"/>
    <testcase time="0.000999999999997669" classname="CLUSTER_INT_datachk_shutdown" name="shutdown"/>
  </testsuite>
  <testsuite name="CLUSTER_INT::datachk::done" timestamp="2026-02-27T18:47:48Z" hostname="runnervmnay03" tests="0" skipped="0" failures="0" errors="0" time="0"/>
  <testsuite name="datachk-CLUSTER_SLO" timestamp="2026-02-27T18:47:48Z" hostname="runnervmnay03" tests="0" skipped="0" failures="0" errors="0" time="0"/>
  <testsuite name="CLUSTER_SLO::datachk::setup" timestamp="2026-02-27T18:47:48Z" hostname="runnervmnay03" tests="3" skipped="0" failures="0" errors="0" time="8.355">
    <testcase time="8.352" classname="CLUSTER_SLO_datachk_setup" name="setup"/>
    <testcase time="0.000999999999997669" classname="CLUSTER_SLO_datachk_setup" name="setup"/>
    <testcase time="0.00199999999999534" classname="CLUSTER_SLO_datachk_setup" name="setup"/>
  </testsuite>
  <testsuite name="CLUSTER_SLO::datachk" timestamp="2026-02-27T18:47:56Z" hostname="runnervmnay03" tests="230" skipped="0" failures="0" errors="0" time="8.098">
    <testcase time="0.356000000000002" classname="CLUSTER_SLO_datachk" name="Check_CLUSTER_SLO_dataset"/>
    <testcase time="0.00100000000000477" classname="CLUSTER_SLO_datachk" name="Check_CLUSTER_SLO_dataset"/>
    <testcase time="0.00300000000000011" classname="CLUSTER_SLO_datachk" name="Check_CLUSTER_SLO_dataset"/>
    <testcase time="0.00199999999999534" classname="CLUSTER_SLO_datachk" name="Check_CLUSTER_SLO_dataset"/>
    <testcase time="0.00200000000000244" classname="CLUSTER_SLO_datachk" name="Check_CLUSTER_SLO_dataset"/>
    <testcase time="0.00200000000000244" classname="CLUSTER_SLO_datachk" name="Check_CLUSTER_SLO_dataset"/>
    <testcase time="0.00300000000000011" classname="CLUSTER_SLO_datachk" name="Check_CLUSTER_SLO_dataset"/>
    <testcase time="0.181999999999995" classname="CLUSTER_SLO_datachk" name="Check_CLUSTER_SLO_dataset"/>
    <testcase time="0.00200000000000244" classname="CLUSTER_SLO_datachk" name="Check_CLUSTER_SLO_dataset"/>
    <testcase time="0.000999999999997669" classname="CLUSTER_SLO_datachk" name="Check_CLUSTER_SLO_dataset"/>
    <testcase time="0.00200000000000244" classname="CLUSTER_SLO_datachk" name="Check_CLUSTER_SLO_dataset"/>
    <testcase time="0.000999999999997669" classname="CLUSTER_SLO_datachk" name="Check_CLUSTER_SLO_dataset"/>
    <testcase time="0.00200000000000244" classname="CLUSTER_SLO_datachk" name="Check_CLUSTER_SLO_dataset"/>
    <testcase time="0.000999999999997669" classname="CLUSTER_SLO_datachk" name="Check_CLUSTER_SLO_dataset"/>
    <testcase time="0.00200000000000244" classname="CLUSTER_SLO_datachk" name="Check_CLUSTER_SLO_dataset"/>
    <testcase time="0.406999999999996" classname="CLUSTER_SLO_datachk" name="Check_CLUSTER_SLO_dataset"/>
    <testcase time="0.00100000000000477" classname="CLUSTER_SLO_datachk" name="Check_CLUSTER_SLO_dataset"/>
    <testcase time="0.00199999999999534" classname="CLUSTER_SLO_datachk" name="Check_CLUSTER_SLO_dataset"/>
    <testcase time="0.00100000000000477" classname="CLUSTER_SLO_datachk" name="Check_CLUSTER_SLO_dataset"/>
    <testcase time="0.00199999999999534" classname="CLUSTER_SLO_datachk" name="Check_CLUSTER_SLO_dataset"/>
    <testcase time="0.00100000000000477" classname="CLUSTER_SLO_datachk" name="Check_CLUSTER_SLO_dataset"/>
    <testcase time="0.00199999999999534" classname="CLUSTER_SLO_datachk" name="Check_CLUSTER_SLO_dataset"/>
    <testcase time="0.356999999999999" classname="CLUSTER_SLO_datachk" name="Check_CLUSTER_SLO_dataset"/>
    <testcase time="0.00100000000000477" classname="CLUSTER_SLO_datachk" name="Check_CLUSTER_SLO_dataset"/>
    <testcase time="0.00199999999999534" classname="CLUSTER_SLO_datachk" name="Check_CLUSTER_SLO_dataset"/>
    <testcase time="0.00100000000000477" classname="CLUSTER_SLO_datachk" name="Check_CLUSTER_SLO_dataset"/>
    <testcase time="0.00199999999999534" classname="CLUSTER_SLO_datachk" name="Check_CLUSTER_SLO_dataset"/>
    <testcase time="0.00100000000000477" classname="CLUSTER_SLO_datachk" name="Check_CLUSTER_SLO_dataset"/>
    <testcase time="0.00199999999999534" classname="CLUSTER_SLO_datachk" name="Check_CLUSTER_SLO_dataset"/>
    <testcase time="0.182000000000002" classname="CLUSTER_SLO_datachk" name="Check_CLUSTER_SLO_dataset"/>
    <testcase time="0.00200000000000244" classname="CLUSTER_SLO_datachk" name="Check_CLUSTER_SLO_dataset"/>
    <testcase time="0.000999999999997669" classname="CLUSTER_SLO_datachk" name="Check_CLUSTER_SLO_dataset"/>
    <testcase time="0.00200000000000244" classname="CLUSTER_SLO_datachk" name="Check_CLUSTER_SLO_dataset"/>
    <testcase time="0.000999999999997669" classname="CLUSTER_SLO_datachk" name="Check_CLUSTER_SLO_dataset"/>
    <testcase time="0.00200000000000244" classname="CLUSTER_SLO_datachk" name="Check_CLUSTER_SLO_dataset"/>
    <testcase time="0.000999999999997669" classname="CLUSTER_SLO_datachk" name="Check_CLUSTER_SLO_dataset"/>
    <testcase time="0.00200000000000244" classname="CLUSTER_SLO_datachk" name="Check_CLUSTER_SLO_dataset"/>
    <testcase time="0.000999999999997669" classname="CLUSTER_SLO_datachk" name="Check_CLUSTER_SLO_dataset"/>
    <testcase time="0.359999999999999" classname="CLUSTER_SLO_datachk" name="Check_CLUSTER_SLO_dataset"/>
    <testcase time="0.000999999999997669" classname="CLUSTER_SLO_datachk" name="Check_CLUSTER_SLO_dataset"/>
    <testcase time="0.00200000000000244" classname="CLUSTER_SLO_datachk" name="Check_CLUSTER_SLO_dataset"/>
    <testcase time="0.00200000000000244" classname="CLUSTER_SLO_datachk" name="Check_CLUSTER_SLO_dataset"/>
    <testcase time="0.000999999999997669" classname="CLUSTER_SLO_datachk" name="Check_CLUSTER_SLO_dataset"/>
    <testcase time="0.00200000000000244" classname="CLUSTER_SLO_datachk" name="Check_CLUSTER_SLO_dataset"/>
    <testcase time="0.000999999999997669" classname="CLUSTER_SLO_datachk" name="Check_CLUSTER_SLO_dataset"/>
    <testcase time="0.177999999999997" classname="CLUSTER_SLO_datachk" name="Check_CLUSTER_SLO_dataset"/>
    <testcase time="0.00200000000000244" classname="CLUSTER_SLO_datachk" name="Check_CLUSTER_SLO_dataset"/>
    <testcase time="0.00200000000000244" classname="CLUSTER_SLO_datachk" name="Check_CLUSTER_SLO_dataset"/>
    <testcase time="0.000999999999997669" classname="CLUSTER_SLO_datachk" name="Check_CLUSTER_SLO_dataset"/>
    <testcase time="0.00200000000000244" classname="CLUSTER_SLO_datachk" name="Check_CLUSTER_SLO_dataset"/>
    <testcase time="0.000999999999997669" classname="CLUSTER_SLO_datachk" name="Check_CLUSTER_SLO_dataset"/>
    <testcase time="0.00200000000000244" classname="CLUSTER_SLO_datachk" name="Check_CLUSTER_SLO_dataset"/>
    <testcase time="0.000999999999997669" classname="CLUSTER_SLO_datachk" name="Check_CLUSTER_SLO_dataset"/>
    <testcase time="0.00100000000000477" classname="CLUSTER_SLO_datachk" name="Check_CLUSTER_SLO_dataset"/>
    <testcase time="0.351999999999997" classname="CLUSTER_SLO_datachk" name="Check_CLUSTER_SLO_dataset"/>
    <testcase time="0.00200000000000244" classname="CLUSTER_SLO_datachk" name="Check_CLUSTER_SLO_dataset"/>
    <testcase time="0.00199999999999534" classname="CLUSTER_SLO_datachk" name="Check_CLUSTER_SLO_dataset"/>
    <testcase time="0.00200000000000244" classname="CLUSTER_SLO_datachk" name="Check_CLUSTER_SLO_dataset"/>
    <testcase time="0.00200000000000244" classname="CLUSTER_SLO_datachk" name="Check_CLUSTER_SLO_dataset"/>
    <testcase time="0.000999999999997669" classname="CLUSTER_SLO_datachk" name="Check_CLUSTER_SLO_dataset"/>
    <testcase time="0.00200000000000244" classname="CLUSTER_SLO_datachk" name="Check_CLUSTER_SLO_dataset"/>
    <testcase time="0.187999999999995" classname="CLUSTER_SLO_datachk" name="Check_CLUSTER_SLO_dataset"/>
    <testcase time="0.00200000000000244" classname="CLUSTER_SLO_datachk" name="Check_CLUSTER_SLO_dataset"/>
    <testcase time="0.00200000000000244" classname="CLUSTER_SLO_datachk" name="Check_CLUSTER_SLO_dataset"/>
    <testcase time="0.000999999999997669" classname="CLUSTER_SLO_datachk" name="Check_CLUSTER_SLO_dataset"/>
    <testcase time="0.00200000000000244" classname="CLUSTER_SLO_datachk" name="Check_CLUSTER_SLO_dataset"/>
    <testcase time="0.00199999999999534" classname="CLUSTER_SLO_datachk" name="Check_CLUSTER_SLO_dataset"/>
    <testcase time="0.00100000000000477" classname="CLUSTER_SLO_datachk" name="Check_CLUSTER_SLO_dataset"/>
    <testcase time="0.00199999999999534" classname="CLUSTER_SLO_datachk" name="Check_CLUSTER_SLO_dataset"/>
    <testcase time="0.00200000000000244" classname="CLUSTER_SLO_datachk" name="Check_CLUSTER_SLO_dataset"/>
    <testcase time="0.320999999999998" classname="CLUSTER_SLO_datachk" name="Check_CLUSTER_SLO_dataset"/>
    <testcase time="0.00200000000000244" classname="CLUSTER_SLO_datachk" name="Check_CLUSTER_SLO_dataset"/>
    <testcase time="0.00200000000000244" classname="CLUSTER_SLO_datachk" name="Check_CLUSTER_SLO_dataset"/>
    <testcase time="0.00199999999999534" classname="CLUSTER_SLO_datachk" name="Check_CLUSTER_SLO_dataset"/>
    <testcase time="0.00100000000000477" classname="CLUSTER_SLO_datachk" name="Check_CLUSTER_SLO_dataset"/>
    <testcase time="0.00199999999999534" classname="CLUSTER_SLO_datachk" name="Check_CLUSTER_SLO_dataset"/>
    <testcase time="0.00100000000000477" classname="CLUSTER_SLO_datachk" name="Check_CLUSTER_SLO_dataset"/>
    <testcase time="0.135999999999996" classname="CLUSTER_SLO_datachk" name="Check_CLUSTER_SLO_dataset"/>
    <testcase time="0.00200000000000244" classname="CLUSTER_SLO_datachk" name="Check_CLUSTER_SLO_dataset"/>
    <testcase time="0.00200000000000244" classname="CLUSTER_SLO_datachk" name="Check_CLUSTER_SLO_dataset"/>
    <testcase time="0.00199999999999534" classname="CLUSTER_SLO_datachk" name="Check_CLUSTER_SLO_dataset"/>
    <testcase time="0.00100000000000477" classname="CLUSTER_SLO_datachk" name="Check_CLUSTER_SLO_dataset"/>
    <testcase time="0.00199999999999534" classname="CLUSTER_SLO_datachk" name="Check_CLUSTER_SLO_dataset"/>
    <testcase time="0.00200000000000244" classname="CLUSTER_SLO_datachk" name="Check_CLUSTER_SLO_dataset"/>
    <testcase time="0.000999999999997669" classname="CLUSTER_SLO_datachk" name="Check_CLUSTER_SLO_dataset"/>
    <testcase time="0.00200000000000244" classname="CLUSTER_SLO_datachk" name="Check_CLUSTER_SLO_dataset"/>
    <testcase time="0.350000000000001" classname="CLUSTER_SLO_datachk" name="Check_CLUSTER_SLO_dataset"/>
    <testcase time="0.00200000000000244" classname="CLUSTER_SLO_datachk" name="Check_CLUSTER_SLO_dataset"/>
    <testcase time="0.000999999999997669" classname="CLUSTER_SLO_datachk" name="Check_CLUSTER_SLO_dataset"/>
    <testcase time="0.00200000000000244" classname="CLUSTER_SLO_datachk" name="Check_CLUSTER_SLO_dataset"/>
    <testcase time="0.00199999999999534" classname="CLUSTER_SLO_datachk" name="Check_CLUSTER_SLO_dataset"/>
    <testcase time="0.00200000000000244" classname="CLUSTER_SLO_datachk" name="Check_CLUSTER_SLO_dataset"/>
    <testcase time="0.000999999999997669" classname="CLUSTER_SLO_datachk" name="Check_CLUSTER_SLO_dataset"/>
    <testcase time="0.175000000000004" classname="CLUSTER_SLO_datachk" name="Check_CLUSTER_SLO_dataset"/>
    <testcase time="0.00199999999999534" classname="CLUSTER_SLO_datachk" name="Check_CLUSTER_SLO_dataset"/>
    <testcase time="0.00200000000000244" classname="CLUSTER_SLO_datachk" name="Check_CLUSTER_SLO_dataset"/>
    <testcase time="0.00200000000000244" classname="CLUSTER_SLO_datachk" name="Check_CLUSTER_SLO_dataset"/>
    <testcase time="0.00199999999999534" classname="CLUSTER_SLO_datachk" name="Check_CLUSTER_SLO_dataset"/>
    <testcase time="0.000999999999997669" classname="CLUSTER_SLO_datachk" name="Check_CLUSTER_SLO_dataset"/>
    <testcase time="0.00200000000000244" classname="CLUSTER_SLO_datachk" name="Check_CLUSTER_SLO_dataset"/>
    <testcase time="0.00200000000000244" classname="CLUSTER_SLO_datachk" name="Check_CLUSTER_SLO_dataset"/>
    <testcase time="0.000999999999997669" classname="CLUSTER_SLO_datachk" name="Check_CLUSTER_SLO_dataset"/>
    <testcase time="0.350999999999999" classname="CLUSTER_SLO_datachk" name="Check_CLUSTER_SLO_dataset"/>
    <testcase time="0.00200000000000244" classname="CLUSTER_SLO_datachk" name="Check_CLUSTER_SLO_dataset"/>
    <testcase time="0.00200000000000244" classname="CLUSTER_SLO_datachk" name="Check_CLUSTER_SLO_dataset"/>
    <testcase time="0.00199999999999534" classname="CLUSTER_SLO_datachk" name="Check_CLUSTER_SLO_dataset"/>
    <testcase time="0.00200000000000244" classname="CLUSTER_SLO_datachk" name="Check_CLUSTER_SLO_dataset"/>
    <testcase time="0.0069999999999979" classname="CLUSTER_SLO_datachk" name="Check_CLUSTER_SLO_dataset"/>
    <testcase time="0.00200000000000244" classname="CLUSTER_SLO_datachk" name="Check_CLUSTER_SLO_dataset"/>
    <testcase time="0.18" classname="CLUSTER_SLO_datachk" name="Check_CLUSTER_SLO_dataset"/>
    <testcase time="0.00200000000000244" classname="CLUSTER_SLO_datachk" name="Check_CLUSTER_SLO_dataset"/>
    <testcase time="0.00300000000000011" classname="CLUSTER_SLO_datachk" name="Check_CLUSTER_SLO_dataset"/>
    <testcase time="0.000999999999997669" classname="CLUSTER_SLO_datachk" name="Check_CLUSTER_SLO_dataset"/>
    <testcase time="0.00200000000000244" classname="CLUSTER_SLO_datachk" name="Check_CLUSTER_SLO_dataset"/>
    <testcase time="0.00199999999999534" classname="CLUSTER_SLO_datachk" name="Check_CLUSTER_SLO_dataset"/>
    <testcase time="0.00200000000000244" classname="CLUSTER_SLO_datachk" name="Check_CLUSTER_SLO_dataset"/>
    <testcase time="0.00199999999999534" classname="CLUSTER_SLO_datachk" name="Check_CLUSTER_SLO_dataset"/>
    <testcase time="0.00200000000000244" classname="CLUSTER_SLO_datachk" name="Check_CLUSTER_SLO_dataset"/>
    <testcase time="0.356000000000002" classname="CLUSTER_SLO_datachk" name="Check_CLUSTER_SLO_dataset"/>
    <testcase time="0.00200000000000244" classname="CLUSTER_SLO_datachk" name="Check_CLUSTER_SLO_dataset"/>
    <testcase time="0.00199999999999534" classname="CLUSTER_SLO_datachk" name="Check_CLUSTER_SLO_dataset"/>
    <testcase time="0.00200000000000244" classname="CLUSTER_SLO_datachk" name="Check_CLUSTER_SLO_dataset"/>
    <testcase time="0.00200000000000244" classname="CLUSTER_SLO_datachk" name="Check_CLUSTER_SLO_dataset"/>
    <testcase time="0.00199999999999534" classname="CLUSTER_SLO_datachk" name="Check_CLUSTER_SLO_dataset"/>
    <testcase time="0.00100000000000477" classname="CLUSTER_SLO_datachk" name="Check_CLUSTER_SLO_dataset"/>
    <testcase time="0.177999999999997" classname="CLUSTER_SLO_datachk" name="Check_CLUSTER_SLO_dataset"/>
    <testcase time="0.00200000000000244" classname="CLUSTER_SLO_datachk" name="Check_CLUSTER_SLO_dataset"/>
    <testcase time="0.00199999999999534" classname="CLUSTER_SLO_datachk" name="Check_CLUSTER_SLO_dataset"/>
    <testcase time="0.00200000000000244" classname="CLUSTER_SLO_datachk" name="Check_CLUSTER_SLO_dataset"/>
    <testcase time="0.00200000000000244" classname="CLUSTER_SLO_datachk" name="Check_CLUSTER_SLO_dataset"/>
    <testcase time="0.00199999999999534" classname="CLUSTER_SLO_datachk" name="Check_CLUSTER_SLO_dataset"/>
    <testcase time="0.00200000000000244" classname="CLUSTER_SLO_datachk" name="Check_CLUSTER_SLO_dataset"/>
    <testcase time="0.00199999999999534" classname="CLUSTER_SLO_datachk" name="Check_CLUSTER_SLO_dataset"/>
    <testcase time="0.00200000000000244" classname="CLUSTER_SLO_datachk" name="Check_CLUSTER_SLO_dataset"/>
    <testcase time="0.306000000000004" classname="CLUSTER_SLO_datachk" name="Check_CLUSTER_SLO_dataset"/>
    <testcase time="0.00199999999999534" classname="CLUSTER_SLO_datachk" name="Check_CLUSTER_SLO_dataset"/>
    <testcase time="0.00200000000000244" classname="CLUSTER_SLO_datachk" name="Check_CLUSTER_SLO_dataset"/>
    <testcase time="0.00199999999999534" classname="CLUSTER_SLO_datachk" name="Check_CLUSTER_SLO_dataset"/>
    <testcase time="0.00200000000000244" classname="CLUSTER_SLO_datachk" name="Check_CLUSTER_SLO_dataset"/>
    <testcase time="0.00200000000000244" classname="CLUSTER_SLO_datachk" name="Check_CLUSTER_SLO_dataset"/>
    <testcase time="0.00199999999999534" classname="CLUSTER_SLO_datachk" name="Check_CLUSTER_SLO_dataset"/>
    <testcase time="0.173000000000002" classname="CLUSTER_SLO_datachk" name="Check_CLUSTER_SLO_dataset"/>
    <testcase time="0.00200000000000244" classname="CLUSTER_SLO_datachk" name="Check_CLUSTER_SLO_dataset"/>
    <testcase time="0.00200000000000244" classname="CLUSTER_SLO_datachk" name="Check_CLUSTER_SLO_dataset"/>
    <testcase time="0.000999999999997669" classname="CLUSTER_SLO_datachk" name="Check_CLUSTER_SLO_dataset"/>
    <testcase time="0.00200000000000244" classname="CLUSTER_SLO_datachk" name="Check_CLUSTER_SLO_dataset"/>
    <testcase time="0.00199999999999534" classname="CLUSTER_SLO_datachk" name="Check_CLUSTER_SLO_dataset"/>
    <testcase time="0.00200000000000244" classname="CLUSTER_SLO_datachk" name="Check_CLUSTER_SLO_dataset"/>
    <testcase time="0.00200000000000244" classname="CLUSTER_SLO_datachk" name="Check_CLUSTER_SLO_dataset"/>
    <testcase time="0.00199999999999534" classname="CLUSTER_SLO_datachk" name="Check_CLUSTER_SLO_dataset"/>
    <testcase time="0.365000000000002" classname="CLUSTER_SLO_datachk" name="Check_CLUSTER_SLO_dataset"/>
    <testcase time="0.00300000000000011" classname="CLUSTER_SLO_datachk" name="Check_CLUSTER_SLO_dataset"/>
    <testcase time="0.00200000000000244" classname="CLUSTER_SLO_datachk" name="Check_CLUSTER_SLO_dataset"/>
    <testcase time="0.00199999999999534" classname="CLUSTER_SLO_datachk" name="Check_CLUSTER_SLO_dataset"/>
    <testcase time="0.00200000000000244" classname="CLUSTER_SLO_datachk" name="Check_CLUSTER_SLO_dataset"/>
    <testcase time="0.00200000000000244" classname="CLUSTER_SLO_datachk" name="Check_CLUSTER_SLO_dataset"/>
    <testcase time="0.00199999999999534" classname="CLUSTER_SLO_datachk" name="Check_CLUSTER_SLO_dataset"/>
    <testcase time="0.175000000000004" classname="CLUSTER_SLO_datachk" name="Check_CLUSTER_SLO_dataset"/>
    <testcase time="0.00300000000000011" classname="CLUSTER_SLO_datachk" name="Check_CLUSTER_SLO_dataset"/>
    <testcase time="0.00199999999999534" classname="CLUSTER_SLO_datachk" name="Check_CLUSTER_SLO_dataset"/>
    <testcase time="0.00200000000000244" classname="CLUSTER_SLO_datachk" name="Check_CLUSTER_SLO_dataset"/>
    <testcase time="0.00200000000000244" classname="CLUSTER_SLO_datachk" name="Check_CLUSTER_SLO_dataset"/>
    <testcase time="0.00199999999999534" classname="CLUSTER_SLO_datachk" name="Check_CLUSTER_SLO_dataset"/>
    <testcase time="0.00200000000000244" classname="CLUSTER_SLO_datachk" name="Check_CLUSTER_SLO_dataset"/>
    <testcase time="0.00200000000000244" classname="CLUSTER_SLO_datachk" name="Check_CLUSTER_SLO_dataset"/>
    <testcase time="0.00199999999999534" classname="CLUSTER_SLO_datachk" name="Check_CLUSTER_SLO_dataset"/>
    <testcase time="0.353000000000002" classname="CLUSTER_SLO_datachk" name="Check_CLUSTER_SLO_dataset"/>
    <testcase time="0.00300000000000011" classname="CLUSTER_SLO_datachk" name="Check_CLUSTER_SLO_dataset"/>
    <testcase time="0.00200000000000244" classname="CLUSTER_SLO_datachk" name="Check_CLUSTER_SLO_dataset"/>
    <testcase time="0.00199999999999534" classname="CLUSTER_SLO_datachk" name="Check_CLUSTER_SLO_dataset"/>
    <testcase time="0.00200000000000244" classname="CLUSTER_SLO_datachk" name="Check_CLUSTER_SLO_dataset"/>
    <testcase time="0.00200000000000244" classname="CLUSTER_SLO_datachk" name="Check_CLUSTER_SLO_dataset"/>
    <testcase time="0.00199999999999534" classname="CLUSTER_SLO_datachk" name="Check_CLUSTER_SLO_dataset"/>
    <testcase time="0.18" classname="CLUSTER_SLO_datachk" name="Check_CLUSTER_SLO_dataset"/>
    <testcase time="0.00200000000000244" classname="CLUSTER_SLO_datachk" name="Check_CLUSTER_SLO_dataset"/>
    <testcase time="0.00300000000000011" classname="CLUSTER_SLO_datachk" name="Check_CLUSTER_SLO_dataset"/>
    <testcase time="0.00200000000000244" classname="CLUSTER_SLO_datachk" name="Check_CLUSTER_SLO_dataset"/>
    <testcase time="0.00199999999999534" classname="CLUSTER_SLO_datachk" name="Check_CLUSTER_SLO_dataset"/>
    <testcase time="0.00200000000000244" classname="CLUSTER_SLO_datachk" name="Check_CLUSTER_SLO_dataset"/>
    <testcase time="0.00200000000000244" classname="CLUSTER_SLO_datachk" name="Check_CLUSTER_SLO_dataset"/>
    <testcase time="0.00199999999999534" classname="CLUSTER_SLO_datachk" name="Check_CLUSTER_SLO_dataset"/>
    <testcase time="0.00200000000000244" classname="CLUSTER_SLO_datachk" name="Check_CLUSTER_SLO_dataset"/>
    <testcase time="0.350999999999999" classname="CLUSTER_SLO_datachk" name="Check_CLUSTER_SLO_dataset"/>
    <testcase time="0.00200000000000244" classname="CLUSTER_SLO_datachk" name="Check_CLUSTER_SLO_dataset"/>
    <testcase time="0.00200000000000244" classname="CLUSTER_SLO_datachk" name="Check_CLUSTER_SLO_dataset"/>
    <testcase time="0.00299999999999301" classname="CLUSTER_SLO_datachk" name="Check_CLUSTER_SLO_dataset"/>
    <testcase time="0.00200000000000244" classname="CLUSTER_SLO_datachk" name="Check_CLUSTER_SLO_dataset"/>
    <testcase time="0.00200000000000244" classname="CLUSTER_SLO_datachk" name="Check_CLUSTER_SLO_dataset"/>
    <testcase time="0.00199999999999534" classname="CLUSTER_SLO_datachk" name="Check_CLUSTER_SLO_dataset"/>
    <testcase time="0.180000000000007" classname="CLUSTER_SLO_datachk" name="Check_CLUSTER_SLO_dataset"/>
    <testcase time="0.00199999999999534" classname="CLUSTER_SLO_datachk" name="Check_CLUSTER_SLO_dataset"/>
    <testcase time="0.00800000000000267" classname="CLUSTER_SLO_datachk" name="Check_CLUSTER_SLO_dataset"/>
    <testcase time="0.00300000000000011" classname="CLUSTER_SLO_datachk" name="Check_CLUSTER_SLO_dataset"/>
    <testcase time="0.00199999999999534" classname="CLUSTER_SLO_datachk" name="Check_CLUSTER_SLO_dataset"/>
    <testcase time="0.00200000000000244" classname="CLUSTER_SLO_datachk" name="Check_CLUSTER_SLO_dataset"/>
    <testcase time="0.00200000000000244" classname="CLUSTER_SLO_datachk" name="Check_CLUSTER_SLO_dataset"/>
    <testcase time="0.00199999999999534" classname="CLUSTER_SLO_datachk" name="Check_CLUSTER_SLO_dataset"/>
    <testcase time="0.00300000000000011" classname="CLUSTER_SLO_datachk" name="Check_CLUSTER_SLO_dataset"/>
    <testcase time="0.306000000000004" classname="CLUSTER_SLO_datachk" name="Check_CLUSTER_SLO_dataset"/>
    <testcase time="0.00399999999999778" classname="CLUSTER_SLO_datachk" name="Check_CLUSTER_SLO_dataset"/>
    <testcase time="0.00399999999999778" classname="CLUSTER_SLO_datachk" name="Check_CLUSTER_SLO_dataset"/>
    <testcase time="0.00300000000000011" classname="CLUSTER_SLO_datachk" name="Check_CLUSTER_SLO_dataset"/>
    <testcase time="0.00300000000000011" classname="CLUSTER_SLO_datachk" name="Check_CLUSTER_SLO_dataset"/>
    <testcase time="0.00300000000000011" classname="CLUSTER_SLO_datachk" name="Check_CLUSTER_SLO_dataset"/>
    <testcase time="0.00200000000000244" classname="CLUSTER_SLO_datachk" name="Check_CLUSTER_SLO_dataset"/>
    <testcase time="0.174999999999997" classname="CLUSTER_SLO_datachk" name="Check_CLUSTER_SLO_dataset"/>
    <testcase time="0.00200000000000244" classname="CLUSTER_SLO_datachk" name="Check_CLUSTER_SLO_dataset"/>
    <testcase time="0.00200000000000244" classname="CLUSTER_SLO_datachk" name="Check_CLUSTER_SLO_dataset"/>
    <testcase time="0.00199999999999534" classname="CLUSTER_SLO_datachk" name="Check_CLUSTER_SLO_dataset"/>
    <testcase time="0.00200000000000244" classname="CLUSTER_SLO_datachk" name="Check_CLUSTER_SLO_dataset"/>
    <testcase time="0.00200000000000244" classname="CLUSTER_SLO_datachk" name="Check_CLUSTER_SLO_dataset"/>
    <testcase time="0.00200000000000244" classname="CLUSTER_SLO_datachk" name="Check_CLUSTER_SLO_dataset"/>
    <testcase time="0.00199999999999534" classname="CLUSTER_SLO_datachk" name="Check_CLUSTER_SLO_dataset"/>
    <testcase time="0.00200000000000244" classname="CLUSTER_SLO_datachk" name="Check_CLUSTER_SLO_dataset"/>
    <testcase time="0.350999999999999" classname="CLUSTER_SLO_datachk" name="Check_CLUSTER_SLO_dataset"/>
    <testcase time="0.00300000000000011" classname="CLUSTER_SLO_datachk" name="Check_CLUSTER_SLO_dataset"/>
    <testcase time="0.00200000000000244" classname="CLUSTER_SLO_datachk" name="Check_CLUSTER_SLO_dataset"/>
    <testcase time="0.00199999999999534" classname="CLUSTER_SLO_datachk" name="Check_CLUSTER_SLO_dataset"/>
    <testcase time="0.00300000000000011" classname="CLUSTER_SLO_datachk" name="Check_CLUSTER_SLO_dataset"/>
    <testcase time="0.00200000000000244" classname="CLUSTER_SLO_datachk" name="Check_CLUSTER_SLO_dataset"/>
    <testcase time="0.00200000000000244" classname="CLUSTER_SLO_datachk" name="Check_CLUSTER_SLO_dataset"/>
    <testcase time="0.174999999999997" classname="CLUSTER_SLO_datachk" name="Check_CLUSTER_SLO_dataset"/>
    <testcase time="0.00200000000000244" classname="CLUSTER_SLO_datachk" name="Check_CLUSTER_SLO_dataset"/>
    <testcase time="0.00300000000000011" classname="CLUSTER_SLO_datachk" name="Check_CLUSTER_SLO_dataset"/>
    <testcase time="0.00199999999999534" classname="CLUSTER_SLO_datachk" name="Check_CLUSTER_SLO_dataset"/>
    <testcase time="0.00200000000000244" classname="CLUSTER_SLO_datachk" name="Check_CLUSTER_SLO_dataset"/>
    <testcase time="0.00200000000000244" classname="CLUSTER_SLO_datachk" name="Check_CLUSTER_SLO_dataset"/>
    <testcase time="0.00200000000000244" classname="CLUSTER_SLO_datachk" name="Check_CLUSTER_SLO_dataset"/>
    <testcase time="0.00199999999999534" classname="CLUSTER_SLO_datachk" name="Check_CLUSTER_SLO_dataset"/>
    <testcase time="0.00300000000000011" classname="CLUSTER_SLO_datachk" name="Check_CLUSTER_SLO_dataset"/>
  </testsuite>
  <testsuite name="CLUSTER_SLO::datachk::shutdown" timestamp="2026-02-27T18:48:04Z" hostname="runnervmnay03" tests="3" skipped="0" failures="0" errors="0" time="0.183">
    <testcase time="0.18" classname="CLUSTER_SLO_datachk_shutdown" name="shutdown"/>
    <testcase time="0.00200000000000244" classname="CLUSTER_SLO_datachk_shutdown" name="shutdown"/>
    <testcase time="0.000999999999997669" classname="CLUSTER_SLO_datachk_shutdown" name="shutdown"/>
  </testsuite>
  <testsuite name="CLUSTER_SLO::datachk::done" timestamp="2026-02-27T18:48:05Z" hostname="runnervmnay03" tests="0" skipped="0" failures="0" errors="0" time="0"/>
  <testsuite name="datachk-CNSIM" timestamp="2026-02-27T18:48:05Z" hostname="runnervmnay03" tests="0" skipped="0" failures="0" errors="0" time="0"/>
  <testsuite name="CNSIM::datachk::setup" timestamp="2026-02-27T18:48:05Z" hostname="runnervmnay03" tests="3" skipped="0" failures="0" errors="0" time="8.146">
    <testcase time="8.143" classname="CNSIM_datachk_setup" name="setup"/>
    <testcase time="0.00200000000000244" classname="CNSIM_datachk_setup" name="setup"/>
    <testcase time="0.000999999999997669" classname="CNSIM_datachk_setup" name="setup"/>
  </testsuite>
  <testsuite name="CNSIM::datachk" timestamp="2026-02-27T18:48:13Z" hostname="runnervmnay03" tests="275" skipped="0" failures="0" errors="0" time="11.52">
    <testcase time="0.357999999999997" classname="CNSIM_datachk" name="Check_CNSIM_dataset"/>
    <testcase time="0.00200000000000244" classname="CNSIM_datachk" name="Check_CNSIM_dataset"/>
    <testcase time="0.00300000000000011" classname="CNSIM_datachk" name="Check_CNSIM_dataset"/>
    <testcase time="0.00199999999999534" classname="CNSIM_datachk" name="Check_CNSIM_dataset"/>
    <testcase time="0.00300000000000011" classname="CNSIM_datachk" name="Check_CNSIM_dataset"/>
    <testcase time="0.00100000000000477" classname="CNSIM_datachk" name="Check_CNSIM_dataset"/>
    <testcase time="0.00300000000000011" classname="CNSIM_datachk" name="Check_CNSIM_dataset"/>
    <testcase time="0.173999999999999" classname="CNSIM_datachk" name="Check_CNSIM_dataset"/>
    <testcase time="0.00199999999999534" classname="CNSIM_datachk" name="Check_CNSIM_dataset"/>
    <testcase time="0.00200000000000244" classname="CNSIM_datachk" name="Check_CNSIM_dataset"/>
    <testcase time="0.000999999999997669" classname="CNSIM_datachk" name="Check_CNSIM_dataset"/>
    <testcase time="0.00200000000000244" classname="CNSIM_datachk" name="Check_CNSIM_dataset"/>
    <testcase time="0.000999999999997669" classname="CNSIM_datachk" name="Check_CNSIM_dataset"/>
    <testcase time="0.00100000000000477" classname="CNSIM_datachk" name="Check_CNSIM_dataset"/>
    <testcase time="0.00199999999999534" classname="CNSIM_datachk" name="Check_CNSIM_dataset"/>
    <testcase time="0.388000000000005" classname="CNSIM_datachk" name="Check_CNSIM_dataset"/>
    <testcase time="0.00199999999999534" classname="CNSIM_datachk" name="Check_CNSIM_dataset"/>
    <testcase time="0.00100000000000477" classname="CNSIM_datachk" name="Check_CNSIM_dataset"/>
    <testcase time="0.00199999999999534" classname="CNSIM_datachk" name="Check_CNSIM_dataset"/>
    <testcase time="0.0069999999999979" classname="CNSIM_datachk" name="Check_CNSIM_dataset"/>
    <testcase time="0.00200000000000244" classname="CNSIM_datachk" name="Check_CNSIM_dataset"/>
    <testcase time="0.000999999999997669" classname="CNSIM_datachk" name="Check_CNSIM_dataset"/>
    <testcase time="0.351999999999997" classname="CNSIM_datachk" name="Check_CNSIM_dataset"/>
    <testcase time="0.00100000000000477" classname="CNSIM_datachk" name="Check_CNSIM_dataset"/>
    <testcase time="0.00199999999999534" classname="CNSIM_datachk" name="Check_CNSIM_dataset"/>
    <testcase time="0.00100000000000477" classname="CNSIM_datachk" name="Check_CNSIM_dataset"/>
    <testcase time="0.00199999999999534" classname="CNSIM_datachk" name="Check_CNSIM_dataset"/>
    <testcase time="0.00100000000000477" classname="CNSIM_datachk" name="Check_CNSIM_dataset"/>
    <testcase time="0.00199999999999534" classname="CNSIM_datachk" name="Check_CNSIM_dataset"/>
    <testcase time="0.171000000000006" classname="CNSIM_datachk" name="Check_CNSIM_dataset"/>
    <testcase time="0.00100000000000477" classname="CNSIM_datachk" name="Check_CNSIM_dataset"/>
    <testcase time="0.00199999999999534" classname="CNSIM_datachk" name="Check_CNSIM_dataset"/>
    <testcase time="0.00100000000000477" classname="CNSIM_datachk" name="Check_CNSIM_dataset"/>
    <testcase time="0.00100000000000477" classname="CNSIM_datachk" name="Check_CNSIM_dataset"/>
    <testcase time="0.00100000000000477" classname="CNSIM_datachk" name="Check_CNSIM_dataset"/>
    <testcase time="0.00199999999999534" classname="CNSIM_datachk" name="Check_CNSIM_dataset"/>
    <testcase time="0.00100000000000477" classname="CNSIM_datachk" name="Check_CNSIM_dataset"/>
    <testcase time="0.00199999999999534" classname="CNSIM_datachk" name="Check_CNSIM_dataset"/>
    <testcase time="0.385000000000005" classname="CNSIM_datachk" name="Check_CNSIM_dataset"/>
    <testcase time="0.00199999999999534" classname="CNSIM_datachk" name="Check_CNSIM_dataset"/>
    <testcase time="0.00199999999999534" classname="CNSIM_datachk" name="Check_CNSIM_dataset"/>
    <testcase time="0.00100000000000477" classname="CNSIM_datachk" name="Check_CNSIM_dataset"/>
    <testcase time="0.00199999999999534" classname="CNSIM_datachk" name="Check_CNSIM_dataset"/>
    <testcase time="0.00100000000000477" classname="CNSIM_datachk" name="Check_CNSIM_dataset"/>
    <testcase time="0.00199999999999534" classname="CNSIM_datachk" name="Check_CNSIM_dataset"/>
    <testcase time="0.341000000000008" classname="CNSIM_datachk" name="Check_CNSIM_dataset"/>
    <testcase time="0.00199999999999534" classname="CNSIM_datachk" name="Check_CNSIM_dataset"/>
    <testcase time="0.00100000000000477" classname="CNSIM_datachk" name="Check_CNSIM_dataset"/>
    <testcase time="0.00199999999999534" classname="CNSIM_datachk" name="Check_CNSIM_dataset"/>
    <testcase time="0.00100000000000477" classname="CNSIM_datachk" name="Check_CNSIM_dataset"/>
    <testcase time="0.00199999999999534" classname="CNSIM_datachk" name="Check_CNSIM_dataset"/>
    <testcase time="0.00100000000000477" classname="CNSIM_datachk" name="Check_CNSIM_dataset"/>
    <testcase time="0.170000000000002" classname="CNSIM_datachk" name="Check_CNSIM_dataset"/>
    <testcase time="0.00199999999999534" classname="CNSIM_datachk" name="Check_CNSIM_dataset"/>
    <testcase time="0.000999999999990564" classname="CNSIM_datachk" name="Check_CNSIM_dataset"/>
    <testcase time="0.00200000000000955" classname="CNSIM_datachk" name="Check_CNSIM_dataset"/>
    <testcase time="0.00199999999999534" classname="CNSIM_datachk" name="Check_CNSIM_dataset"/>
    <testcase time="0.00100000000000477" classname="CNSIM_datachk" name="Check_CNSIM_dataset"/>
    <testcase time="0.00199999999999534" classname="CNSIM_datachk" name="Check_CNSIM_dataset"/>
    <testcase time="0.00100000000000477" classname="CNSIM_datachk" name="Check_CNSIM_dataset"/>
    <testcase time="0.00199999999999534" classname="CNSIM_datachk" name="Check_CNSIM_dataset"/>
    <testcase time="0.403000000000006" classname="CNSIM_datachk" name="Check_CNSIM_dataset"/>
    <testcase time="0.00199999999999534" classname="CNSIM_datachk" name="Check_CNSIM_dataset"/>
    <testcase time="0.00199999999999534" classname="CNSIM_datachk" name="Check_CNSIM_dataset"/>
    <testcase time="0.00100000000000477" classname="CNSIM_datachk" name="Check_CNSIM_dataset"/>
    <testcase time="0.00199999999999534" classname="CNSIM_datachk" name="Check_CNSIM_dataset"/>
    <testcase time="0.00200000000000955" classname="CNSIM_datachk" name="Check_CNSIM_dataset"/>
    <testcase time="0.00199999999999534" classname="CNSIM_datachk" name="Check_CNSIM_dataset"/>
    <testcase time="0.352999999999994" classname="CNSIM_datachk" name="Check_CNSIM_dataset"/>
    <testcase time="0.00200000000000955" classname="CNSIM_datachk" name="Check_CNSIM_dataset"/>
    <testcase time="0.00199999999999534" classname="CNSIM_datachk" name="Check_CNSIM_dataset"/>
    <testcase time="0.00199999999999534" classname="CNSIM_datachk" name="Check_CNSIM_dataset"/>
    <testcase time="0.00200000000000955" classname="CNSIM_datachk" name="Check_CNSIM_dataset"/>
    <testcase time="0.000999999999990564" classname="CNSIM_datachk" name="Check_CNSIM_dataset"/>
    <testcase time="0.00200000000000955" classname="CNSIM_datachk" name="Check_CNSIM_dataset"/>
    <testcase time="0.176999999999992" classname="CNSIM_datachk" name="Check_CNSIM_dataset"/>
    <testcase time="0.00200000000000955" classname="CNSIM_datachk" name="Check_CNSIM_dataset"/>
    <testcase time="0.00199999999999534" classname="CNSIM_datachk" name="Check_CNSIM_dataset"/>
    <testcase time="0.00100000000000477" classname="CNSIM_datachk" name="Check_CNSIM_dataset"/>
    <testcase time="0.00199999999999534" classname="CNSIM_datachk" name="Check_CNSIM_dataset"/>
    <testcase time="0.00199999999999534" classname="CNSIM_datachk" name="Check_CNSIM_dataset"/>
    <testcase time="0.00100000000000477" classname="CNSIM_datachk" name="Check_CNSIM_dataset"/>
    <testcase time="0.00199999999999534" classname="CNSIM_datachk" name="Check_CNSIM_dataset"/>
    <testcase time="0.00200000000000955" classname="CNSIM_datachk" name="Check_CNSIM_dataset"/>
    <testcase time="0.391999999999996" classname="CNSIM_datachk" name="Check_CNSIM_dataset"/>
    <testcase time="0.00199999999999534" classname="CNSIM_datachk" name="Check_CNSIM_dataset"/>
    <testcase time="0.00199999999999534" classname="CNSIM_datachk" name="Check_CNSIM_dataset"/>
    <testcase time="0.00200000000000955" classname="CNSIM_datachk" name="Check_CNSIM_dataset"/>
    <testcase time="0.00199999999999534" classname="CNSIM_datachk" name="Check_CNSIM_dataset"/>
    <testcase time="0.00100000000000477" classname="CNSIM_datachk" name="Check_CNSIM_dataset"/>
    <testcase time="0.00199999999999534" classname="CNSIM_datachk" name="Check_CNSIM_dataset"/>
    <testcase time="0.310000000000002" classname="CNSIM_datachk" name="Check_CNSIM_dataset"/>
    <testcase time="0.00199999999999534" classname="CNSIM_datachk" name="Check_CNSIM_dataset"/>
    <testcase time="0.00200000000000955" classname="CNSIM_datachk" name="Check_CNSIM_dataset"/>
    <testcase time="0.000999999999990564" classname="CNSIM_datachk" name="Check_CNSIM_dataset"/>
    <testcase time="0.00200000000000955" classname="CNSIM_datachk" name="Check_CNSIM_dataset"/>
    <testcase time="0.00199999999999534" classname="CNSIM_datachk" name="Check_CNSIM_dataset"/>
    <testcase time="0.00199999999999534" classname="CNSIM_datachk" name="Check_CNSIM_dataset"/>
    <testcase time="0.183000000000007" classname="CNSIM_datachk" name="Check_CNSIM_dataset"/>
    <testcase time="0.00199999999999534" classname="CNSIM_datachk" name="Check_CNSIM_dataset"/>
    <testcase time="0.00199999999999534" classname="CNSIM_datachk" name="Check_CNSIM_dataset"/>
    <testcase time="0.00200000000000955" classname="CNSIM_datachk" name="Check_CNSIM_dataset"/>
    <testcase time="0.00199999999999534" classname="CNSIM_datachk" name="Check_CNSIM_dataset"/>
    <testcase time="0.00100000000000477" classname="CNSIM_datachk" name="Check_CNSIM_dataset"/>
    <testcase time="0.00199999999999534" classname="CNSIM_datachk" name="Check_CNSIM_dataset"/>
    <testcase time="0.00199999999999534" classname="CNSIM_datachk" name="Check_CNSIM_dataset"/>
    <testcase time="0.00100000000000477" classname="CNSIM_datachk" name="Check_CNSIM_dataset"/>
    <testcase time="0.378" classname="CNSIM_datachk" name="Check_CNSIM_dataset"/>
    <testcase time="0.00199999999999534" classname="CNSIM_datachk" name="Check_CNSIM_dataset"/>
    <testcase time="0.00200000000000955" classname="CNSIM_datachk" name="Check_CNSIM_dataset"/>
    <testcase time="0.00100000000000477" classname="CNSIM_datachk" name="Check_CNSIM_dataset"/>
    <testcase time="0.00199999999999534" classname="CNSIM_datachk" name="Check_CNSIM_dataset"/>
    <testcase time="0.00200000000000955" classname="CNSIM_datachk" name="Check_CNSIM_dataset"/>
    <testcase time="0.00199999999999534" classname="CNSIM_datachk" name="Check_CNSIM_dataset"/>
    <testcase time="0.338999999999999" classname="CNSIM_datachk" name="Check_CNSIM_dataset"/>
    <testcase time="0.00199999999999534" classname="CNSIM_datachk" name="Check_CNSIM_dataset"/>
    <testcase time="0.00200000000000955" classname="CNSIM_datachk" name="Check_CNSIM_dataset"/>
    <testcase time="0.00199999999999534" classname="CNSIM_datachk" name="Check_CNSIM_dataset"/>
    <testcase time="0.00100000000000477" classname="CNSIM_datachk" name="Check_CNSIM_dataset"/>
    <testcase time="0.00199999999999534" classname="CNSIM_datachk" name="Check_CNSIM_dataset"/>
    <testcase time="0.00199999999999534" classname="CNSIM_datachk" name="Check_CNSIM_dataset"/>
    <testcase time="0.170000000000002" classname="CNSIM_datachk" name="Check_CNSIM_dataset"/>
    <testcase time="0.00200000000000955" classname="CNSIM_datachk" name="Check_CNSIM_dataset"/>
    <testcase time="0.00199999999999534" classname="CNSIM_datachk" name="Check_CNSIM_dataset"/>
    <testcase time="0.00199999999999534" classname="CNSIM_datachk" name="Check_CNSIM_dataset"/>
    <testcase time="0.00200000000000955" classname="CNSIM_datachk" name="Check_CNSIM_dataset"/>
    <testcase time="0.00199999999999534" classname="CNSIM_datachk" name="Check_CNSIM_dataset"/>
    <testcase time="0.00199999999999534" classname="CNSIM_datachk" name="Check_CNSIM_dataset"/>
    <testcase time="0.00100000000000477" classname="CNSIM_datachk" name="Check_CNSIM_dataset"/>
    <testcase time="0.00199999999999534" classname="CNSIM_datachk" name="Check_CNSIM_dataset"/>
    <testcase time="0.390000000000001" classname="CNSIM_datachk" name="Check_CNSIM_dataset"/>
    <testcase time="0.007000000000005" classname="CNSIM_datachk" name="Check_CNSIM_dataset"/>
    <testcase time="0.00300000000000011" classname="CNSIM_datachk" name="Check_CNSIM_dataset"/>
    <testcase time="0.00199999999999534" classname="CNSIM_datachk" name="Check_CNSIM_dataset"/>
    <testcase time="0.00200000000000955" classname="CNSIM_datachk" name="Check_CNSIM_dataset"/>
    <testcase time="0.000999999999990564" classname="CNSIM_datachk" name="Check_CNSIM_dataset"/>
    <testcase time="0.00200000000000955" classname="CNSIM_datachk" name="Check_CNSIM_dataset"/>
    <testcase time="0.347999999999999" classname="CNSIM_datachk" name="Check_CNSIM_dataset"/>
    <testcase time="0.00199999999999534" classname="CNSIM_datachk" name="Check_CNSIM_dataset"/>
    <testcase time="0.00199999999999534" classname="CNSIM_datachk" name="Check_CNSIM_dataset"/>
    <testcase time="0.00200000000000955" classname="CNSIM_datachk" name="Check_CNSIM_dataset"/>
    <testcase time="0.00199999999999534" classname="CNSIM_datachk" name="Check_CNSIM_dataset"/>
    <testcase time="0.00199999999999534" classname="CNSIM_datachk" name="Check_CNSIM_dataset"/>
    <testcase time="0.00200000000000955" classname="CNSIM_datachk" name="Check_CNSIM_dataset"/>
    <testcase time="0.177999999999997" classname="CNSIM_datachk" name="Check_CNSIM_dataset"/>
    <testcase time="0.00199999999999534" classname="CNSIM_datachk" name="Check_CNSIM_dataset"/>
    <testcase time="0.00199999999999534" classname="CNSIM_datachk" name="Check_CNSIM_dataset"/>
    <testcase time="0.00200000000000955" classname="CNSIM_datachk" name="Check_CNSIM_dataset"/>
    <testcase time="0.00199999999999534" classname="CNSIM_datachk" name="Check_CNSIM_dataset"/>
    <testcase time="0.00199999999999534" classname="CNSIM_datachk" name="Check_CNSIM_dataset"/>
    <testcase time="0.00200000000000955" classname="CNSIM_datachk" name="Check_CNSIM_dataset"/>
[...]
    <testcase time="0.00199999999998113" classname="TESTING_datachk" name="Check_TESTING_dataset"/>
    <testcase time="0.00200000000000955" classname="TESTING_datachk" name="Check_TESTING_dataset"/>
    <testcase time="0.35499999999999" classname="TESTING_datachk" name="Check_TESTING_dataset"/>
    <testcase time="0.00200000000000955" classname="TESTING_datachk" name="Check_TESTING_dataset"/>
    <testcase time="0.00200000000000955" classname="TESTING_datachk" name="Check_TESTING_dataset"/>
    <testcase time="0.00199999999998113" classname="TESTING_datachk" name="Check_TESTING_dataset"/>
    <testcase time="0.00200000000000955" classname="TESTING_datachk" name="Check_TESTING_dataset"/>
    <testcase time="0.00100000000000477" classname="TESTING_datachk" name="Check_TESTING_dataset"/>
    <testcase time="0.00199999999998113" classname="TESTING_datachk" name="Check_TESTING_dataset"/>
    <testcase time="0.176000000000016" classname="TESTING_datachk" name="Check_TESTING_dataset"/>
    <testcase time="0.00200000000000955" classname="TESTING_datachk" name="Check_TESTING_dataset"/>
    <testcase time="0.00199999999998113" classname="TESTING_datachk" name="Check_TESTING_dataset"/>
    <testcase time="0.00200000000000955" classname="TESTING_datachk" name="Check_TESTING_dataset"/>
    <testcase time="0.00200000000000955" classname="TESTING_datachk" name="Check_TESTING_dataset"/>
    <testcase time="0.000999999999976353" classname="TESTING_datachk" name="Check_TESTING_dataset"/>
    <testcase time="0.00200000000000955" classname="TESTING_datachk" name="Check_TESTING_dataset"/>
    <testcase time="0.00200000000000955" classname="TESTING_datachk" name="Check_TESTING_dataset"/>
    <testcase time="0.00199999999998113" classname="TESTING_datachk" name="Check_TESTING_dataset"/>
    <testcase time="0.335000000000008" classname="TESTING_datachk" name="Check_TESTING_dataset"/>
    <testcase time="0.00200000000000955" classname="TESTING_datachk" name="Check_TESTING_dataset"/>
    <testcase time="0.00199999999998113" classname="TESTING_datachk" name="Check_TESTING_dataset"/>
    <testcase time="0.00200000000000955" classname="TESTING_datachk" name="Check_TESTING_dataset"/>
    <testcase time="0.00200000000000955" classname="TESTING_datachk" name="Check_TESTING_dataset"/>
    <testcase time="0.00199999999998113" classname="TESTING_datachk" name="Check_TESTING_dataset"/>
    <testcase time="0.00200000000000955" classname="TESTING_datachk" name="Check_TESTING_dataset"/>
    <testcase time="0.174000000000007" classname="TESTING_datachk" name="Check_TESTING_dataset"/>
    <testcase time="0.0029999999999859" classname="TESTING_datachk" name="Check_TESTING_dataset"/>
    <testcase time="0.00200000000000955" classname="TESTING_datachk" name="Check_TESTING_dataset"/>
    <testcase time="0.00200000000000955" classname="TESTING_datachk" name="Check_TESTING_dataset"/>
    <testcase time="0.00199999999998113" classname="TESTING_datachk" name="Check_TESTING_dataset"/>
    <testcase time="0.00200000000000955" classname="TESTING_datachk" name="Check_TESTING_dataset"/>
    <testcase time="0.00200000000000955" classname="TESTING_datachk" name="Check_TESTING_dataset"/>
    <testcase time="0.00199999999998113" classname="TESTING_datachk" name="Check_TESTING_dataset"/>
    <testcase time="0.00200000000000955" classname="TESTING_datachk" name="Check_TESTING_dataset"/>
    <testcase time="0.336999999999989" classname="TESTING_datachk" name="Check_TESTING_dataset"/>
    <testcase time="0.00200000000000955" classname="TESTING_datachk" name="Check_TESTING_dataset"/>
    <testcase time="0.00200000000000955" classname="TESTING_datachk" name="Check_TESTING_dataset"/>
    <testcase time="0.00199999999998113" classname="TESTING_datachk" name="Check_TESTING_dataset"/>
    <testcase time="0.00200000000000955" classname="TESTING_datachk" name="Check_TESTING_dataset"/>
    <testcase time="0.00200000000000955" classname="TESTING_datachk" name="Check_TESTING_dataset"/>
    <testcase time="0.179000000000002" classname="TESTING_datachk" name="Check_TESTING_dataset"/>
    <testcase time="0.174999999999983" classname="TESTING_datachk" name="Check_TESTING_dataset"/>
    <testcase time="0.00300000000001432" classname="TESTING_datachk" name="Check_TESTING_dataset"/>
    <testcase time="0.00199999999998113" classname="TESTING_datachk" name="Check_TESTING_dataset"/>
    <testcase time="0.00200000000000955" classname="TESTING_datachk" name="Check_TESTING_dataset"/>
    <testcase time="0.00300000000001432" classname="TESTING_datachk" name="Check_TESTING_dataset"/>
    <testcase time="0.00199999999998113" classname="TESTING_datachk" name="Check_TESTING_dataset"/>
    <testcase time="0.00200000000000955" classname="TESTING_datachk" name="Check_TESTING_dataset"/>
    <testcase time="0.00200000000000955" classname="TESTING_datachk" name="Check_TESTING_dataset"/>
    <testcase time="0.00199999999998113" classname="TESTING_datachk" name="Check_TESTING_dataset"/>
    <testcase time="0.349999999999994" classname="TESTING_datachk" name="Check_TESTING_dataset"/>
    <testcase time="0.00300000000001432" classname="TESTING_datachk" name="Check_TESTING_dataset"/>
    <testcase time="0.00200000000000955" classname="TESTING_datachk" name="Check_TESTING_dataset"/>
    <testcase time="0.00199999999998113" classname="TESTING_datachk" name="Check_TESTING_dataset"/>
    <testcase time="0.00200000000000955" classname="TESTING_datachk" name="Check_TESTING_dataset"/>
    <testcase time="0.00200000000000955" classname="TESTING_datachk" name="Check_TESTING_dataset"/>
    <testcase time="0.00199999999998113" classname="TESTING_datachk" name="Check_TESTING_dataset"/>
    <testcase time="0.170999999999992" classname="TESTING_datachk" name="Check_TESTING_dataset"/>
    <testcase time="0.00200000000000955" classname="TESTING_datachk" name="Check_TESTING_dataset"/>
    <testcase time="0.00200000000000955" classname="TESTING_datachk" name="Check_TESTING_dataset"/>
    <testcase time="0.00199999999998113" classname="TESTING_datachk" name="Check_TESTING_dataset"/>
    <testcase time="0.00200000000000955" classname="TESTING_datachk" name="Check_TESTING_dataset"/>
    <testcase time="0.00200000000000955" classname="TESTING_datachk" name="Check_TESTING_dataset"/>
    <testcase time="0.00199999999998113" classname="TESTING_datachk" name="Check_TESTING_dataset"/>
    <testcase time="0.00200000000000955" classname="TESTING_datachk" name="Check_TESTING_dataset"/>
    <testcase time="0.00200000000000955" classname="TESTING_datachk" name="Check_TESTING_dataset"/>
    <testcase time="0.344999999999999" classname="TESTING_datachk" name="Check_TESTING_dataset"/>
    <testcase time="0.00199999999998113" classname="TESTING_datachk" name="Check_TESTING_dataset"/>
    <testcase time="0.00200000000000955" classname="TESTING_datachk" name="Check_TESTING_dataset"/>
    <testcase time="0.00200000000000955" classname="TESTING_datachk" name="Check_TESTING_dataset"/>
    <testcase time="0.00199999999998113" classname="TESTING_datachk" name="Check_TESTING_dataset"/>
    <testcase time="0.00200000000000955" classname="TESTING_datachk" name="Check_TESTING_dataset"/>
    <testcase time="0.00200000000000955" classname="TESTING_datachk" name="Check_TESTING_dataset"/>
    <testcase time="0.170999999999992" classname="TESTING_datachk" name="Check_TESTING_dataset"/>
    <testcase time="0.00300000000001432" classname="TESTING_datachk" name="Check_TESTING_dataset"/>
    <testcase time="0.00199999999998113" classname="TESTING_datachk" name="Check_TESTING_dataset"/>
    <testcase time="0.00200000000000955" classname="TESTING_datachk" name="Check_TESTING_dataset"/>
    <testcase time="0.00200000000000955" classname="TESTING_datachk" name="Check_TESTING_dataset"/>
    <testcase time="0.00199999999998113" classname="TESTING_datachk" name="Check_TESTING_dataset"/>
    <testcase time="0.00300000000001432" classname="TESTING_datachk" name="Check_TESTING_dataset"/>
    <testcase time="0.00199999999998113" classname="TESTING_datachk" name="Check_TESTING_dataset"/>
    <testcase time="0.00200000000000955" classname="TESTING_datachk" name="Check_TESTING_dataset"/>
    <testcase time="0.312000000000012" classname="TESTING_datachk" name="Check_TESTING_dataset"/>
    <testcase time="0.00199999999998113" classname="TESTING_datachk" name="Check_TESTING_dataset"/>
    <testcase time="0.00200000000000955" classname="TESTING_datachk" name="Check_TESTING_dataset"/>
    <testcase time="0.00200000000000955" classname="TESTING_datachk" name="Check_TESTING_dataset"/>
    <testcase time="0.0029999999999859" classname="TESTING_datachk" name="Check_TESTING_dataset"/>
    <testcase time="0.00200000000000955" classname="TESTING_datachk" name="Check_TESTING_dataset"/>
    <testcase time="0.00199999999998113" classname="TESTING_datachk" name="Check_TESTING_dataset"/>
    <testcase time="0.169000000000011" classname="TESTING_datachk" name="Check_TESTING_dataset"/>
    <testcase time="0.00300000000001432" classname="TESTING_datachk" name="Check_TESTING_dataset"/>
    <testcase time="0.00199999999998113" classname="TESTING_datachk" name="Check_TESTING_dataset"/>
    <testcase time="0.00200000000000955" classname="TESTING_datachk" name="Check_TESTING_dataset"/>
    <testcase time="0.00200000000000955" classname="TESTING_datachk" name="Check_TESTING_dataset"/>
    <testcase time="0.0029999999999859" classname="TESTING_datachk" name="Check_TESTING_dataset"/>
    <testcase time="0.00200000000000955" classname="TESTING_datachk" name="Check_TESTING_dataset"/>
    <testcase time="0.00199999999998113" classname="TESTING_datachk" name="Check_TESTING_dataset"/>
    <testcase time="0.00200000000000955" classname="TESTING_datachk" name="Check_TESTING_dataset"/>
    <testcase time="0.334000000000003" classname="TESTING_datachk" name="Check_TESTING_dataset"/>
    <testcase time="0.00200000000000955" classname="TESTING_datachk" name="Check_TESTING_dataset"/>
    <testcase time="0.0029999999999859" classname="TESTING_datachk" name="Check_TESTING_dataset"/>
    <testcase time="0.00200000000000955" classname="TESTING_datachk" name="Check_TESTING_dataset"/>
    <testcase time="0.00199999999998113" classname="TESTING_datachk" name="Check_TESTING_dataset"/>
    <testcase time="0.00200000000000955" classname="TESTING_datachk" name="Check_TESTING_dataset"/>
    <testcase time="0.00200000000000955" classname="TESTING_datachk" name="Check_TESTING_dataset"/>
    <testcase time="0.171999999999997" classname="TESTING_datachk" name="Check_TESTING_dataset"/>
    <testcase time="0.0029999999999859" classname="TESTING_datachk" name="Check_TESTING_dataset"/>
    <testcase time="0.00200000000000955" classname="TESTING_datachk" name="Check_TESTING_dataset"/>
    <testcase time="0.00200000000000955" classname="TESTING_datachk" name="Check_TESTING_dataset"/>
    <testcase time="0.0029999999999859" classname="TESTING_datachk" name="Check_TESTING_dataset"/>
    <testcase time="0.00200000000000955" classname="TESTING_datachk" name="Check_TESTING_dataset"/>
    <testcase time="0.00199999999998113" classname="TESTING_datachk" name="Check_TESTING_dataset"/>
    <testcase time="0.00300000000001432" classname="TESTING_datachk" name="Check_TESTING_dataset"/>
    <testcase time="0.00200000000000955" classname="TESTING_datachk" name="Check_TESTING_dataset"/>
    <testcase time="0.34099999999998" classname="TESTING_datachk" name="Check_TESTING_dataset"/>
    <testcase time="0.00200000000000955" classname="TESTING_datachk" name="Check_TESTING_dataset"/>
    <testcase time="0.00200000000000955" classname="TESTING_datachk" name="Check_TESTING_dataset"/>
    <testcase time="0.0029999999999859" classname="TESTING_datachk" name="Check_TESTING_dataset"/>
    <testcase time="0.00200000000000955" classname="TESTING_datachk" name="Check_TESTING_dataset"/>
    <testcase time="0.00200000000000955" classname="TESTING_datachk" name="Check_TESTING_dataset"/>
    <testcase time="0.00199999999998113" classname="TESTING_datachk" name="Check_TESTING_dataset"/>
    <testcase time="0.176000000000016" classname="TESTING_datachk" name="Check_TESTING_dataset"/>
    <testcase time="0.0029999999999859" classname="TESTING_datachk" name="Check_TESTING_dataset"/>
    <testcase time="0.00200000000000955" classname="TESTING_datachk" name="Check_TESTING_dataset"/>
    <testcase time="0.0029999999999859" classname="TESTING_datachk" name="Check_TESTING_dataset"/>
    <testcase time="0.00200000000000955" classname="TESTING_datachk" name="Check_TESTING_dataset"/>
    <testcase time="0.00200000000000955" classname="TESTING_datachk" name="Check_TESTING_dataset"/>
    <testcase time="0.00199999999998113" classname="TESTING_datachk" name="Check_TESTING_dataset"/>
    <testcase time="0.00300000000001432" classname="TESTING_datachk" name="Check_TESTING_dataset"/>
    <testcase time="0.00199999999998113" classname="TESTING_datachk" name="Check_TESTING_dataset"/>
    <testcase time="0.338000000000022" classname="TESTING_datachk" name="Check_TESTING_dataset"/>
    <testcase time="0.0029999999999859" classname="TESTING_datachk" name="Check_TESTING_dataset"/>
    <testcase time="0.00200000000000955" classname="TESTING_datachk" name="Check_TESTING_dataset"/>
    <testcase time="0.0029999999999859" classname="TESTING_datachk" name="Check_TESTING_dataset"/>
    <testcase time="0.00200000000000955" classname="TESTING_datachk" name="Check_TESTING_dataset"/>
    <testcase time="0.00200000000000955" classname="TESTING_datachk" name="Check_TESTING_dataset"/>
    <testcase time="0.00199999999998113" classname="TESTING_datachk" name="Check_TESTING_dataset"/>
    <testcase time="0.171000000000021" classname="TESTING_datachk" name="Check_TESTING_dataset"/>
    <testcase time="0.0029999999999859" classname="TESTING_datachk" name="Check_TESTING_dataset"/>
    <testcase time="0.00200000000000955" classname="TESTING_datachk" name="Check_TESTING_dataset"/>
    <testcase time="0.00199999999998113" classname="TESTING_datachk" name="Check_TESTING_dataset"/>
    <testcase time="0.00300000000001432" classname="TESTING_datachk" name="Check_TESTING_dataset"/>
    <testcase time="0.00200000000000955" classname="TESTING_datachk" name="Check_TESTING_dataset"/>
    <testcase time="0.00199999999998113" classname="TESTING_datachk" name="Check_TESTING_dataset"/>
    <testcase time="0.00300000000001432" classname="TESTING_datachk" name="Check_TESTING_dataset"/>
    <testcase time="0.00199999999998113" classname="TESTING_datachk" name="Check_TESTING_dataset"/>
    <testcase time="0.296999999999997" classname="TESTING_datachk" name="Check_TESTING_dataset"/>
    <testcase time="0.00300000000001432" classname="TESTING_datachk" name="Check_TESTING_dataset"/>
    <testcase time="0.0029999999999859" classname="TESTING_datachk" name="Check_TESTING_dataset"/>
    <testcase time="0.00200000000000955" classname="TESTING_datachk" name="Check_TESTING_dataset"/>
    <testcase time="0.00200000000000955" classname="TESTING_datachk" name="Check_TESTING_dataset"/>
    <testcase time="0.0029999999999859" classname="TESTING_datachk" name="Check_TESTING_dataset"/>
    <testcase time="0.00200000000000955" classname="TESTING_datachk" name="Check_TESTING_dataset"/>
    <testcase time="0.170999999999992" classname="TESTING_datachk" name="Check_TESTING_dataset"/>
    <testcase time="0.00300000000001432" classname="TESTING_datachk" name="Check_TESTING_dataset"/>
    <testcase time="0.0029999999999859" classname="TESTING_datachk" name="Check_TESTING_dataset"/>
    <testcase time="0.00200000000000955" classname="TESTING_datachk" name="Check_TESTING_dataset"/>
    <testcase time="0.0029999999999859" classname="TESTING_datachk" name="Check_TESTING_dataset"/>
    <testcase time="0.00200000000000955" classname="TESTING_datachk" name="Check_TESTING_dataset"/>
    <testcase time="0.00300000000001432" classname="TESTING_datachk" name="Check_TESTING_dataset"/>
    <testcase time="0.00199999999998113" classname="TESTING_datachk" name="Check_TESTING_dataset"/>
    <testcase time="0.00300000000001432" classname="TESTING_datachk" name="Check_TESTING_dataset"/>
    <testcase time="0.34899999999999" classname="TESTING_datachk" name="Check_TESTING_dataset"/>
    <testcase time="0.00300000000001432" classname="TESTING_datachk" name="Check_TESTING_dataset"/>
    <testcase time="0.0029999999999859" classname="TESTING_datachk" name="Check_TESTING_dataset"/>
    <testcase time="0.00200000000000955" classname="TESTING_datachk" name="Check_TESTING_dataset"/>
    <testcase time="0.0029999999999859" classname="TESTING_datachk" name="Check_TESTING_dataset"/>
    <testcase time="0.00200000000000955" classname="TESTING_datachk" name="Check_TESTING_dataset"/>
    <testcase time="0.0029999999999859" classname="TESTING_datachk" name="Check_TESTING_dataset"/>
    <testcase time="0.171999999999997" classname="TESTING_datachk" name="Check_TESTING_dataset"/>
    <testcase time="0.00200000000000955" classname="TESTING_datachk" name="Check_TESTING_dataset"/>
    <testcase time="0.00300000000001432" classname="TESTING_datachk" name="Check_TESTING_dataset"/>
    <testcase time="0.0029999999999859" classname="TESTING_datachk" name="Check_TESTING_dataset"/>
    <testcase time="0.00200000000000955" classname="TESTING_datachk" name="Check_TESTING_dataset"/>
    <testcase time="0.0029999999999859" classname="TESTING_datachk" name="Check_TESTING_dataset"/>
    <testcase time="0.00200000000000955" classname="TESTING_datachk" name="Check_TESTING_dataset"/>
    <testcase time="0.0029999999999859" classname="TESTING_datachk" name="Check_TESTING_dataset"/>
    <testcase time="0.00200000000000955" classname="TESTING_datachk" name="Check_TESTING_dataset"/>
    <testcase time="0.34899999999999" classname="TESTING_datachk" name="Check_TESTING_dataset"/>
    <testcase time="0.00300000000001432" classname="TESTING_datachk" name="Check_TESTING_dataset"/>
    <testcase time="0.0029999999999859" classname="TESTING_datachk" name="Check_TESTING_dataset"/>
    <testcase time="0.00200000000000955" classname="TESTING_datachk" name="Check_TESTING_dataset"/>
    <testcase time="0.00300000000001432" classname="TESTING_datachk" name="Check_TESTING_dataset"/>
    <testcase time="0.00199999999998113" classname="TESTING_datachk" name="Check_TESTING_dataset"/>
    <testcase time="0.00300000000001432" classname="TESTING_datachk" name="Check_TESTING_dataset"/>
    <testcase time="0.168999999999983" classname="TESTING_datachk" name="Check_TESTING_dataset"/>
    <testcase time="0.00300000000001432" classname="TESTING_datachk" name="Check_TESTING_dataset"/>
    <testcase time="0.0029999999999859" classname="TESTING_datachk" name="Check_TESTING_dataset"/>
    <testcase time="0.00200000000000955" classname="TESTING_datachk" name="Check_TESTING_dataset"/>
    <testcase time="0.00300000000001432" classname="TESTING_datachk" name="Check_TESTING_dataset"/>
    <testcase time="0.00199999999998113" classname="TESTING_datachk" name="Check_TESTING_dataset"/>
    <testcase time="0.00300000000001432" classname="TESTING_datachk" name="Check_TESTING_dataset"/>
    <testcase time="0.00199999999998113" classname="TESTING_datachk" name="Check_TESTING_dataset"/>
    <testcase time="0.00300000000001432" classname="TESTING_datachk" name="Check_TESTING_dataset"/>
  </testsuite>
  <testsuite name="TESTING::datachk::shutdown" timestamp="2026-02-27T18:49:39Z" hostname="runnervmnay03" tests="3" skipped="0" failures="0" errors="0" time="0.176">
    <testcase time="0.171999999999997" classname="TESTING_datachk_shutdown" name="shutdown"/>
    <testcase time="0.00200000000000955" classname="TESTING_datachk_shutdown" name="shutdown"/>
    <testcase time="0.00199999999998113" classname="TESTING_datachk_shutdown" name="shutdown"/>
  </testsuite>
  <testsuite name="TESTING::datachk::done" timestamp="2026-02-27T18:49:39Z" hostname="runnervmnay03" tests="0" skipped="0" failures="0" errors="0" time="0"/>
</testsuites>
