<?xml version="1.0" encoding="UTF-8"?>
<!DOCTYPE coverage SYSTEM "https://raw.githubusercontent.com/cobertura/cobertura/master/cobertura/src/site/htdocs/xml/coverage-04.dtd">
<coverage line-rate="1" branch-rate="0" lines-covered="221" lines-valid="221" branches-covered="0" branches-valid="0" complexity="0" version="3.6.5" timestamp="2026-02-24 13:43:49.39362">
  <sources>
    <source>/home/runner/work/dsTestsDashboard/dsTestsDashboard/dsBaseClient</source>
  </sources>
  <packages>
    <package name="dsBaseClient" line-rate="1" branch-rate="0" complexity="0">
      <classes>
        <class name="checkClass.R" filename="R/checkClass.R" line-rate="1" branch-rate="0" complexity="0">
          <methods>
            <method name="checkClass" signature="" line-rate="1" branch-rate="0" complexity="0">
              <lines>
                <line number="15" hits="191" branch="false"/>
                <line number="16" hits="191" branch="false"/>
                <line number="17" hits="191" branch="false"/>
                <line number="18" hits="191" branch="false"/>
                <line number="19" hits="573" branch="false"/>
                <line number="25" hits="191" branch="false"/>
              </lines>
            </method>
          </methods>
          <lines>
            <line number="15" hits="191" branch="false"/>
            <line number="16" hits="191" branch="false"/>
            <line number="17" hits="191" branch="false"/>
            <line number="18" hits="191" branch="false"/>
            <line number="19" hits="573" branch="false"/>
            <line number="25" hits="191" branch="false"/>
          </lines>
        </class>
        <class name="ds.abs.R" filename="R/ds.abs.R" line-rate="1" branch-rate="0" complexity="0">
          <methods>
            <method name="ds.abs" signature="" line-rate="1" branch-rate="0" complexity="0">
              <lines>
                <line number="76" hits="191" branch="false"/>
                <line number="77" hits="191" branch="false"/>
                <line number="81" hits="191" branch="false"/>
                <line number="85" hits="191" branch="false"/>
                <line number="90" hits="191" branch="false"/>
                <line number="93" hits="191" branch="false"/>
                <line number="96" hits="191" branch="false"/>
                <line number="101" hits="191" branch="false"/>
                <line number="106" hits="191" branch="false"/>
                <line number="107" hits="191" branch="false"/>
                <line number="110" hits="191" branch="false"/>
              </lines>
            </method>
          </methods>
          <lines>
            <line number="76" hits="191" branch="false"/>
            <line number="77" hits="191" branch="false"/>
            <line number="81" hits="191" branch="false"/>
            <line number="85" hits="191" branch="false"/>
            <line number="90" hits="191" branch="false"/>
            <line number="93" hits="191" branch="false"/>
            <line number="96" hits="191" branch="false"/>
            <line number="101" hits="191" branch="false"/>
            <line number="106" hits="191" branch="false"/>
            <line number="107" hits="191" branch="false"/>
            <line number="110" hits="191" branch="false"/>
          </lines>
        </class>
        <class name="ds.asInteger.R" filename="R/ds.asInteger.R" line-rate="1" branch-rate="0" complexity="0">
          <methods>
            <method name="ds.asInteger" signature="" line-rate="1" branch-rate="0" complexity="0">
              <lines>
                <line number="75" hits="175" branch="false"/>
                <line number="76" hits="175" branch="false"/>
                <line number="80" hits="175" branch="false"/>
                <line number="84" hits="175" branch="false"/>
                <line number="89" hits="175" branch="false"/>
                <line number="92" hits="175" branch="false"/>
                <line number="97" hits="175" branch="false"/>
                <line number="98" hits="175" branch="false"/>
                <line number="104" hits="175" branch="false"/>
                <line number="107" hits="175" branch="false"/>
                <line number="109" hits="175" branch="false"/>
                <line number="113" hits="175" branch="false"/>
                <line number="116" hits="175" branch="false"/>
                <line number="117" hits="175" branch="false"/>
                <line number="119" hits="175" branch="false"/>
                <line number="120" hits="175" branch="false"/>
                <line number="121" hits="175" branch="false"/>
                <line number="122" hits="175" branch="false"/>
                <line number="123" hits="175" branch="false"/>
                <line number="124" hits="175" branch="false"/>
                <line number="125" hits="175" branch="false"/>
                <line number="126" hits="175" branch="false"/>
                <line number="128" hits="175" branch="false"/>
                <line number="130" hits="175" branch="false"/>
                <line number="131" hits="175" branch="false"/>
                <line number="134" hits="175" branch="false"/>
                <line number="136" hits="175" branch="false"/>
                <line number="137" hits="175" branch="false"/>
                <line number="139" hits="175" branch="false"/>
                <line number="140" hits="175" branch="false"/>
                <line number="142" hits="175" branch="false"/>
                <line number="143" hits="175" branch="false"/>
                <line number="146" hits="175" branch="false"/>
                <line number="148" hits="175" branch="false"/>
                <line number="150" hits="175" branch="false"/>
                <line number="151" hits="175" branch="false"/>
                <line number="153" hits="175" branch="false"/>
                <line number="154" hits="175" branch="false"/>
                <line number="155" hits="175" branch="false"/>
                <line number="156" hits="175" branch="false"/>
                <line number="157" hits="175" branch="false"/>
                <line number="158" hits="175" branch="false"/>
                <line number="161" hits="175" branch="false"/>
                <line number="162" hits="175" branch="false"/>
                <line number="163" hits="175" branch="false"/>
                <line number="164" hits="175" branch="false"/>
              </lines>
            </method>
          </methods>
          <lines>
            <line number="75" hits="175" branch="false"/>
            <line number="76" hits="175" branch="false"/>
            <line number="80" hits="175" branch="false"/>
            <line number="84" hits="175" branch="false"/>
            <line number="89" hits="175" branch="false"/>
            <line number="92" hits="175" branch="false"/>
            <line number="97" hits="175" branch="false"/>
            <line number="98" hits="175" branch="false"/>
            <line number="104" hits="175" branch="false"/>
            <line number="107" hits="175" branch="false"/>
            <line number="109" hits="175" branch="false"/>
            <line number="113" hits="175" branch="false"/>
            <line number="116" hits="175" branch="false"/>
            <line number="117" hits="175" branch="false"/>
            <line number="119" hits="175" branch="false"/>
            <line number="120" hits="175" branch="false"/>
            <line number="121" hits="175" branch="false"/>
            <line number="122" hits="175" branch="false"/>
            <line number="123" hits="175" branch="false"/>
            <line number="124" hits="175" branch="false"/>
            <line number="125" hits="175" branch="false"/>
            <line number="126" hits="175" branch="false"/>
            <line number="128" hits="175" branch="false"/>
            <line number="130" hits="175" branch="false"/>
            <line number="131" hits="175" branch="false"/>
            <line number="134" hits="175" branch="false"/>
            <line number="136" hits="175" branch="false"/>
            <line number="137" hits="175" branch="false"/>
            <line number="139" hits="175" branch="false"/>
            <line number="140" hits="175" branch="false"/>
            <line number="142" hits="175" branch="false"/>
            <line number="143" hits="175" branch="false"/>
            <line number="146" hits="175" branch="false"/>
            <line number="148" hits="175" branch="false"/>
            <line number="150" hits="175" branch="false"/>
            <line number="151" hits="175" branch="false"/>
            <line number="153" hits="175" branch="false"/>
            <line number="154" hits="175" branch="false"/>
            <line number="155" hits="175" branch="false"/>
            <line number="156" hits="175" branch="false"/>
            <line number="157" hits="175" branch="false"/>
            <line number="158" hits="175" branch="false"/>
            <line number="161" hits="175" branch="false"/>
            <line number="162" hits="175" branch="false"/>
            <line number="163" hits="175" branch="false"/>
            <line number="164" hits="175" branch="false"/>
          </lines>
        </class>
        <class name="ds.asList.R" filename="R/ds.asList.R" line-rate="1" branch-rate="0" complexity="0">
          <methods>
            <method name="ds.asList" signature="" line-rate="1" branch-rate="0" complexity="0">
              <lines>
                <line number="62" hits="380" branch="false"/>
                <line number="63" hits="380" branch="false"/>
                <line number="67" hits="380" branch="false"/>
                <line number="71" hits="380" branch="false"/>
                <line number="76" hits="380" branch="false"/>
                <line number="79" hits="380" branch="false"/>
                <line number="85" hits="380" branch="false"/>
                <line number="87" hits="380" branch="false"/>
              </lines>
            </method>
          </methods>
          <lines>
            <line number="62" hits="380" branch="false"/>
            <line number="63" hits="380" branch="false"/>
            <line number="67" hits="380" branch="false"/>
            <line number="71" hits="380" branch="false"/>
            <line number="76" hits="380" branch="false"/>
            <line number="79" hits="380" branch="false"/>
            <line number="85" hits="380" branch="false"/>
            <line number="87" hits="380" branch="false"/>
          </lines>
        </class>
        <class name="ds.asNumeric.R" filename="R/ds.asNumeric.R" line-rate="1" branch-rate="0" complexity="0">
          <methods>
            <method name="ds.asNumeric" signature="" line-rate="1" branch-rate="0" complexity="0">
              <lines>
                <line number="76" hits="172" branch="false"/>
                <line number="77" hits="172" branch="false"/>
                <line number="81" hits="172" branch="false"/>
                <line number="85" hits="172" branch="false"/>
                <line number="90" hits="172" branch="false"/>
                <line number="93" hits="172" branch="false"/>
                <line number="98" hits="172" branch="false"/>
                <line number="99" hits="172" branch="false"/>
                <line number="106" hits="172" branch="false"/>
                <line number="110" hits="172" branch="false"/>
                <line number="112" hits="172" branch="false"/>
                <line number="116" hits="172" branch="false"/>
                <line number="119" hits="172" branch="false"/>
                <line number="120" hits="172" branch="false"/>
                <line number="122" hits="172" branch="false"/>
                <line number="123" hits="172" branch="false"/>
                <line number="124" hits="172" branch="false"/>
                <line number="125" hits="172" branch="false"/>
                <line number="126" hits="172" branch="false"/>
                <line number="127" hits="172" branch="false"/>
                <line number="128" hits="172" branch="false"/>
                <line number="129" hits="172" branch="false"/>
                <line number="131" hits="172" branch="false"/>
                <line number="133" hits="172" branch="false"/>
                <line number="134" hits="172" branch="false"/>
                <line number="137" hits="172" branch="false"/>
                <line number="139" hits="172" branch="false"/>
                <line number="140" hits="172" branch="false"/>
                <line number="142" hits="172" branch="false"/>
                <line number="143" hits="172" branch="false"/>
                <line number="145" hits="172" branch="false"/>
                <line number="146" hits="172" branch="false"/>
                <line number="149" hits="172" branch="false"/>
                <line number="151" hits="172" branch="false"/>
                <line number="153" hits="172" branch="false"/>
                <line number="154" hits="172" branch="false"/>
                <line number="156" hits="172" branch="false"/>
                <line number="157" hits="172" branch="false"/>
                <line number="158" hits="172" branch="false"/>
                <line number="159" hits="172" branch="false"/>
                <line number="160" hits="172" branch="false"/>
                <line number="161" hits="172" branch="false"/>
                <line number="164" hits="172" branch="false"/>
                <line number="165" hits="172" branch="false"/>
                <line number="166" hits="172" branch="false"/>
                <line number="167" hits="172" branch="false"/>
              </lines>
            </method>
          </methods>
          <lines>
            <line number="76" hits="172" branch="false"/>
            <line number="77" hits="172" branch="false"/>
            <line number="81" hits="172" branch="false"/>
            <line number="85" hits="172" branch="false"/>
            <line number="90" hits="172" branch="false"/>
            <line number="93" hits="172" branch="false"/>
            <line number="98" hits="172" branch="false"/>
            <line number="99" hits="172" branch="false"/>
            <line number="106" hits="172" branch="false"/>
            <line number="110" hits="172" branch="false"/>
            <line number="112" hits="172" branch="false"/>
            <line number="116" hits="172" branch="false"/>
            <line number="119" hits="172" branch="false"/>
            <line number="120" hits="172" branch="false"/>
            <line number="122" hits="172" branch="false"/>
            <line number="123" hits="172" branch="false"/>
            <line number="124" hits="172" branch="false"/>
            <line number="125" hits="172" branch="false"/>
            <line number="126" hits="172" branch="false"/>
            <line number="127" hits="172" branch="false"/>
            <line number="128" hits="172" branch="false"/>
            <line number="129" hits="172" branch="false"/>
            <line number="131" hits="172" branch="false"/>
            <line number="133" hits="172" branch="false"/>
            <line number="134" hits="172" branch="false"/>
            <line number="137" hits="172" branch="false"/>
            <line number="139" hits="172" branch="false"/>
            <line number="140" hits="172" branch="false"/>
            <line number="142" hits="172" branch="false"/>
            <line number="143" hits="172" branch="false"/>
            <line number="145" hits="172" branch="false"/>
            <line number="146" hits="172" branch="false"/>
            <line number="149" hits="172" branch="false"/>
            <line number="151" hits="172" branch="false"/>
            <line number="153" hits="172" branch="false"/>
            <line number="154" hits="172" branch="false"/>
            <line number="156" hits="172" branch="false"/>
            <line number="157" hits="172" branch="false"/>
            <line number="158" hits="172" branch="false"/>
            <line number="159" hits="172" branch="false"/>
            <line number="160" hits="172" branch="false"/>
            <line number="161" hits="172" branch="false"/>
            <line number="164" hits="172" branch="false"/>
            <line number="165" hits="172" branch="false"/>
            <line number="166" hits="172" branch="false"/>
            <line number="167" hits="172" branch="false"/>
          </lines>
        </class>
        <class name="ds.assign.R" filename="R/ds.assign.R" line-rate="1" branch-rate="0" complexity="0">
          <methods>
            <method name="ds.assign" signature="" line-rate="1" branch-rate="0" complexity="0">
              <lines>
                <line number="60" hits="311" branch="false"/>
                <line number="61" hits="311" branch="false"/>
                <line number="65" hits="311" branch="false"/>
                <line number="69" hits="311" branch="false"/>
                <line number="74" hits="311" branch="false"/>
                <line number="79" hits="311" branch="false"/>
                <line number="82" hits="311" branch="false"/>
              </lines>
            </method>
          </methods>
          <lines>
            <line number="60" hits="311" branch="false"/>
            <line number="61" hits="311" branch="false"/>
            <line number="65" hits="311" branch="false"/>
            <line number="69" hits="311" branch="false"/>
            <line number="74" hits="311" branch="false"/>
            <line number="79" hits="311" branch="false"/>
            <line number="82" hits="311" branch="false"/>
          </lines>
        </class>
        <class name="ds.class.R" filename="R/ds.class.R" line-rate="1" branch-rate="0" complexity="0">
          <methods>
            <method name="ds.class" signature="" line-rate="1" branch-rate="0" complexity="0">
              <lines>
                <line number="58" hits="339" branch="false"/>
                <line number="59" hits="339" branch="false"/>
                <line number="63" hits="339" branch="false"/>
                <line number="67" hits="339" branch="false"/>
                <line number="72" hits="339" branch="false"/>
                <line number="74" hits="339" branch="false"/>
                <line number="75" hits="339" branch="false"/>
                <line number="77" hits="339" branch="false"/>
              </lines>
            </method>
          </methods>
          <lines>
            <line number="58" hits="339" branch="false"/>
            <line number="59" hits="339" branch="false"/>
            <line number="63" hits="339" branch="false"/>
            <line number="67" hits="339" branch="false"/>
            <line number="72" hits="339" branch="false"/>
            <line number="74" hits="339" branch="false"/>
            <line number="75" hits="339" branch="false"/>
            <line number="77" hits="339" branch="false"/>
          </lines>
        </class>
        <class name="ds.colnames.R" filename="R/ds.colnames.R" line-rate="1" branch-rate="0" complexity="0">
          <methods>
            <method name="ds.colnames" signature="" line-rate="1" branch-rate="0" complexity="0">
              <lines>
                <line number="55" hits="710" branch="false"/>
                <line number="56" hits="710" branch="false"/>
                <line number="60" hits="710" branch="false"/>
                <line number="64" hits="710" branch="false"/>
                <line number="68" hits="710" branch="false"/>
                <line number="69" hits="710" branch="false"/>
                <line number="71" hits="710" branch="false"/>
              </lines>
            </method>
          </methods>
          <lines>
            <line number="55" hits="710" branch="false"/>
            <line number="56" hits="710" branch="false"/>
            <line number="60" hits="710" branch="false"/>
            <line number="64" hits="710" branch="false"/>
            <line number="68" hits="710" branch="false"/>
            <line number="69" hits="710" branch="false"/>
            <line number="71" hits="710" branch="false"/>
          </lines>
        </class>
        <class name="ds.exists.R" filename="R/ds.exists.R" line-rate="1" branch-rate="0" complexity="0">
          <methods>
            <method name="ds.exists" signature="" line-rate="1" branch-rate="0" complexity="0">
              <lines>
                <line number="65" hits="701" branch="false"/>
                <line number="66" hits="701" branch="false"/>
                <line number="70" hits="701" branch="false"/>
                <line number="74" hits="701" branch="false"/>
                <line number="79" hits="701" branch="false"/>
                <line number="80" hits="701" branch="false"/>
                <line number="82" hits="701" branch="false"/>
              </lines>
            </method>
          </methods>
          <lines>
            <line number="65" hits="701" branch="false"/>
            <line number="66" hits="701" branch="false"/>
            <line number="70" hits="701" branch="false"/>
            <line number="74" hits="701" branch="false"/>
            <line number="79" hits="701" branch="false"/>
            <line number="80" hits="701" branch="false"/>
            <line number="82" hits="701" branch="false"/>
          </lines>
        </class>
        <class name="ds.length.R" filename="R/ds.length.R" line-rate="1" branch-rate="0" complexity="0">
          <methods>
            <method name="ds.length" signature="" line-rate="1" branch-rate="0" complexity="0">
              <lines>
                <line number="80" hits="693" branch="false"/>
                <line number="81" hits="693" branch="false"/>
                <line number="85" hits="693" branch="false"/>
                <line number="89" hits="693" branch="false"/>
                <line number="94" hits="693" branch="false"/>
                <line number="111" hits="693" branch="false"/>
                <line number="112" hits="693" branch="false"/>
                <line number="113" hits="693" branch="false"/>
                <line number="114" hits="693" branch="false"/>
                <line number="119" hits="693" branch="false"/>
                <line number="120" hits="693" branch="false"/>
                <line number="123" hits="693" branch="false"/>
                <line number="124" hits="693" branch="false"/>
                <line number="125" hits="693" branch="false"/>
                <line number="126" hits="2079" branch="false"/>
                <line number="130" hits="693" branch="false"/>
                <line number="132" hits="693" branch="false"/>
                <line number="136" hits="693" branch="false"/>
                <line number="140" hits="693" branch="false"/>
                <line number="141" hits="693" branch="false"/>
                <line number="142" hits="693" branch="false"/>
                <line number="149" hits="693" branch="false"/>
              </lines>
            </method>
          </methods>
          <lines>
            <line number="80" hits="693" branch="false"/>
            <line number="81" hits="693" branch="false"/>
            <line number="85" hits="693" branch="false"/>
            <line number="89" hits="693" branch="false"/>
            <line number="94" hits="693" branch="false"/>
            <line number="111" hits="693" branch="false"/>
            <line number="112" hits="693" branch="false"/>
            <line number="113" hits="693" branch="false"/>
            <line number="114" hits="693" branch="false"/>
            <line number="119" hits="693" branch="false"/>
            <line number="120" hits="693" branch="false"/>
            <line number="123" hits="693" branch="false"/>
            <line number="124" hits="693" branch="false"/>
            <line number="125" hits="693" branch="false"/>
            <line number="126" hits="2079" branch="false"/>
            <line number="130" hits="693" branch="false"/>
            <line number="132" hits="693" branch="false"/>
            <line number="136" hits="693" branch="false"/>
            <line number="140" hits="693" branch="false"/>
            <line number="141" hits="693" branch="false"/>
            <line number="142" hits="693" branch="false"/>
            <line number="149" hits="693" branch="false"/>
          </lines>
        </class>
        <class name="ds.mean.R" filename="R/ds.mean.R" line-rate="1" branch-rate="0" complexity="0">
          <methods>
            <method name="ds.mean" signature="" line-rate="1" branch-rate="0" complexity="0">
              <lines>
                <line number="106" hits="1374" branch="false"/>
                <line number="107" hits="1374" branch="false"/>
                <line number="111" hits="1374" branch="false"/>
                <line number="115" hits="1374" branch="false"/>
                <line number="120" hits="1374" branch="false"/>
                <line number="136" hits="694" branch="false"/>
                <line number="137" hits="680" branch="false"/>
                <line number="138" hits="1374" branch="false"/>
                <line number="139" hits="1374" branch="false"/>
                <line number="143" hits="1374" branch="false"/>
                <line number="144" hits="1374" branch="false"/>
                <line number="146" hits="1374" branch="false"/>
                <line number="147" hits="1374" branch="false"/>
                <line number="148" hits="1374" branch="false"/>
                <line number="150" hits="1374" branch="false"/>
                <line number="151" hits="1374" branch="false"/>
                <line number="153" hits="1374" branch="false"/>
                <line number="155" hits="1374" branch="false"/>
                <line number="156" hits="1374" branch="false"/>
                <line number="157" hits="1374" branch="false"/>
                <line number="158" hits="1374" branch="false"/>
                <line number="160" hits="1374" branch="false"/>
                <line number="163" hits="1374" branch="false"/>
                <line number="200" hits="1374" branch="false"/>
                <line number="201" hits="680" branch="false"/>
                <line number="204" hits="694" branch="false"/>
                <line number="205" hits="694" branch="false"/>
              </lines>
            </method>
          </methods>
          <lines>
            <line number="106" hits="1374" branch="false"/>
            <line number="107" hits="1374" branch="false"/>
            <line number="111" hits="1374" branch="false"/>
            <line number="115" hits="1374" branch="false"/>
            <line number="120" hits="1374" branch="false"/>
            <line number="136" hits="694" branch="false"/>
            <line number="137" hits="680" branch="false"/>
            <line number="138" hits="1374" branch="false"/>
            <line number="139" hits="1374" branch="false"/>
            <line number="143" hits="1374" branch="false"/>
            <line number="144" hits="1374" branch="false"/>
            <line number="146" hits="1374" branch="false"/>
            <line number="147" hits="1374" branch="false"/>
            <line number="148" hits="1374" branch="false"/>
            <line number="150" hits="1374" branch="false"/>
            <line number="151" hits="1374" branch="false"/>
            <line number="153" hits="1374" branch="false"/>
            <line number="155" hits="1374" branch="false"/>
            <line number="156" hits="1374" branch="false"/>
            <line number="157" hits="1374" branch="false"/>
            <line number="158" hits="1374" branch="false"/>
            <line number="160" hits="1374" branch="false"/>
            <line number="163" hits="1374" branch="false"/>
            <line number="200" hits="1374" branch="false"/>
            <line number="201" hits="680" branch="false"/>
            <line number="204" hits="694" branch="false"/>
            <line number="205" hits="694" branch="false"/>
          </lines>
        </class>
        <class name="extract.R" filename="R/extract.R" line-rate="1" branch-rate="0" complexity="0">
          <methods>
            <method name="extract" signature="" line-rate="1" branch-rate="0" complexity="0">
              <lines>
                <line number="10" hits="1257" branch="false"/>
                <line number="11" hits="1257" branch="false"/>
                <line number="12" hits="1257" branch="false"/>
                <line number="13" hits="1257" branch="false"/>
                <line number="14" hits="1257" branch="false"/>
                <line number="15" hits="1257" branch="false"/>
                <line number="16" hits="1257" branch="false"/>
                <line number="17" hits="1257" branch="false"/>
                <line number="22" hits="1257" branch="false"/>
                <line number="23" hits="1257" branch="false"/>
                <line number="25" hits="1257" branch="false"/>
                <line number="26" hits="1257" branch="false"/>
              </lines>
            </method>
          </methods>
          <lines>
            <line number="10" hits="1257" branch="false"/>
            <line number="11" hits="1257" branch="false"/>
            <line number="12" hits="1257" branch="false"/>
            <line number="13" hits="1257" branch="false"/>
            <line number="14" hits="1257" branch="false"/>
            <line number="15" hits="1257" branch="false"/>
            <line number="16" hits="1257" branch="false"/>
            <line number="17" hits="1257" branch="false"/>
            <line number="22" hits="1257" branch="false"/>
            <line number="23" hits="1257" branch="false"/>
            <line number="25" hits="1257" branch="false"/>
            <line number="26" hits="1257" branch="false"/>
          </lines>
        </class>
        <class name="isAssigned.R" filename="R/isAssigned.R" line-rate="1" branch-rate="0" complexity="0">
          <methods>
            <method name="isAssigned" signature="" line-rate="1" branch-rate="0" complexity="0">
              <lines>
                <line number="15" hits="502" branch="false"/>
                <line number="16" hits="502" branch="false"/>
                <line number="17" hits="502" branch="false"/>
                <line number="18" hits="502" branch="false"/>
                <line number="21" hits="502" branch="false"/>
              </lines>
            </method>
          </methods>
          <lines>
            <line number="15" hits="502" branch="false"/>
            <line number="16" hits="502" branch="false"/>
            <line number="17" hits="502" branch="false"/>
            <line number="18" hits="502" branch="false"/>
            <line number="21" hits="502" branch="false"/>
          </lines>
        </class>
        <class name="isDefined.R" filename="R/isDefined.R" line-rate="1" branch-rate="0" complexity="0">
          <methods>
            <method name="isDefined" signature="" line-rate="1" branch-rate="0" complexity="0">
              <lines>
                <line number="21" hits="1257" branch="false"/>
                <line number="23" hits="1257" branch="false"/>
                <line number="25" hits="1257" branch="false"/>
                <line number="27" hits="1257" branch="false"/>
                <line number="31" hits="1257" branch="false"/>
                <line number="32" hits="1257" branch="false"/>
                <line number="33" hits="1257" branch="false"/>
                <line number="36" hits="1257" branch="false"/>
                <line number="39" hits="1257" branch="false"/>
              </lines>
            </method>
          </methods>
          <lines>
            <line number="21" hits="1257" branch="false"/>
            <line number="23" hits="1257" branch="false"/>
            <line number="25" hits="1257" branch="false"/>
            <line number="27" hits="1257" branch="false"/>
            <line number="31" hits="1257" branch="false"/>
            <line number="32" hits="1257" branch="false"/>
            <line number="33" hits="1257" branch="false"/>
            <line number="36" hits="1257" branch="false"/>
            <line number="39" hits="1257" branch="false"/>
          </lines>
        </class>
      </classes>
    </package>
  </packages>
</coverage>
