<?xml version="1.0" encoding="UTF-8"?>
<testsuites>
  <testsuite name="math-ds.mean" timestamp="2026-02-27T18:35:13Z" hostname="runnervmnay03" tests="96" skipped="0" failures="0" errors="0" time="81.379">
    <testcase time="11.915" classname="math_ds.mean" name="residual_deviation_tends_to_0"/>
    <testcase time="0.513999999999999" classname="math_ds.mean" name="residual_deviation_tends_to_0"/>
    <testcase time="0.452999999999999" classname="math_ds.mean" name="residual_deviation_tends_to_0"/>
    <testcase time="0.483000000000001" classname="math_ds.mean" name="residual_deviation_tends_to_0"/>
    <testcase time="0.481999999999999" classname="math_ds.mean" name="residual_deviation_tends_to_0"/>
    <testcase time="0.452000000000002" classname="math_ds.mean" name="residual_deviation_tends_to_0"/>
    <testcase time="0.454999999999998" classname="math_ds.mean" name="residual_deviation_tends_to_0"/>
    <testcase time="0.442" classname="math_ds.mean" name="residual_deviation_tends_to_0"/>
    <testcase time="0.443000000000001" classname="math_ds.mean" name="residual_deviation_tends_to_0"/>
    <testcase time="0.00199999999999889" classname="math_ds.mean" name="residual_deviation_tends_to_0"/>
    <testcase time="0.00100000000000122" classname="math_ds.mean" name="residual_deviation_tends_to_0"/>
    <testcase time="0.443999999999999" classname="math_ds.mean" name="residual_deviation_tends_to_0"/>
    <testcase time="0.00199999999999889" classname="math_ds.mean" name="residual_deviation_tends_to_0"/>
    <testcase time="0.00100000000000122" classname="math_ds.mean" name="residual_deviation_tends_to_0"/>
    <testcase time="0.434999999999999" classname="math_ds.mean" name="residual_deviation_tends_to_0"/>
    <testcase time="0.00200000000000244" classname="math_ds.mean" name="residual_deviation_tends_to_0"/>
    <testcase time="0.00199999999999889" classname="math_ds.mean" name="residual_deviation_tends_to_0"/>
    <testcase time="0.393000000000001" classname="math_ds.mean" name="residual_deviation_tends_to_0"/>
    <testcase time="0.00199999999999889" classname="math_ds.mean" name="residual_deviation_tends_to_0"/>
    <testcase time="0.00100000000000122" classname="math_ds.mean" name="residual_deviation_tends_to_0"/>
    <testcase time="0.43" classname="math_ds.mean" name="residual_deviation_tends_to_0"/>
    <testcase time="0.00199999999999889" classname="math_ds.mean" name="residual_deviation_tends_to_0"/>
    <testcase time="0.00100000000000122" classname="math_ds.mean" name="residual_deviation_tends_to_0"/>
    <testcase time="0.437999999999999" classname="math_ds.mean" name="residual_deviation_tends_to_0"/>
    <testcase time="0.00199999999999889" classname="math_ds.mean" name="residual_deviation_tends_to_0"/>
    <testcase time="0.00200000000000244" classname="math_ds.mean" name="residual_deviation_tends_to_0"/>
    <testcase time="0.422999999999998" classname="math_ds.mean" name="residual_deviation_tends_to_0"/>
    <testcase time="0.00200000000000244" classname="math_ds.mean" name="residual_deviation_tends_to_0"/>
    <testcase time="0.00199999999999889" classname="math_ds.mean" name="residual_deviation_tends_to_0"/>
    <testcase time="0.43" classname="math_ds.mean" name="residual_deviation_tends_to_0"/>
    <testcase time="0.00199999999999889" classname="math_ds.mean" name="residual_deviation_tends_to_0"/>
    <testcase time="0.00100000000000122" classname="math_ds.mean" name="residual_deviation_tends_to_0"/>
    <testcase time="7.119" classname="math_ds.mean" name="residual_deviation_tends_to_0"/>
    <testcase time="0.364999999999998" classname="math_ds.mean" name="residual_deviation_tends_to_0"/>
    <testcase time="0.416" classname="math_ds.mean" name="residual_deviation_tends_to_0"/>
    <testcase time="0.421000000000003" classname="math_ds.mean" name="residual_deviation_tends_to_0"/>
    <testcase time="0.41" classname="math_ds.mean" name="residual_deviation_tends_to_0"/>
    <testcase time="0.406999999999996" classname="math_ds.mean" name="residual_deviation_tends_to_0"/>
    <testcase time="0.411000000000001" classname="math_ds.mean" name="residual_deviation_tends_to_0"/>
    <testcase time="0.375" classname="math_ds.mean" name="residual_deviation_tends_to_0"/>
    <testcase time="0.407" classname="math_ds.mean" name="residual_deviation_tends_to_0"/>
    <testcase time="0.00199999999999889" classname="math_ds.mean" name="residual_deviation_tends_to_0"/>
    <testcase time="0.00200000000000244" classname="math_ds.mean" name="residual_deviation_tends_to_0"/>
    <testcase time="0.405999999999999" classname="math_ds.mean" name="residual_deviation_tends_to_0"/>
    <testcase time="0.00199999999999889" classname="math_ds.mean" name="residual_deviation_tends_to_0"/>
    <testcase time="0.00200000000000244" classname="math_ds.mean" name="residual_deviation_tends_to_0"/>
    <testcase time="0.361999999999998" classname="math_ds.mean" name="residual_deviation_tends_to_0"/>
    <testcase time="0.00200000000000244" classname="math_ds.mean" name="residual_deviation_tends_to_0"/>
    <testcase time="0.000999999999997669" classname="math_ds.mean" name="residual_deviation_tends_to_0"/>
    <testcase time="0.412000000000006" classname="math_ds.mean" name="residual_deviation_tends_to_0"/>
    <testcase time="0.00199999999999534" classname="math_ds.mean" name="residual_deviation_tends_to_0"/>
    <testcase time="0.00200000000000244" classname="math_ds.mean" name="residual_deviation_tends_to_0"/>
    <testcase time="0.409999999999997" classname="math_ds.mean" name="residual_deviation_tends_to_0"/>
    <testcase time="0.00200000000000244" classname="math_ds.mean" name="residual_deviation_tends_to_0"/>
    <testcase time="0.00100000000000477" classname="math_ds.mean" name="residual_deviation_tends_to_0"/>
    <testcase time="0.409999999999997" classname="math_ds.mean" name="residual_deviation_tends_to_0"/>
    <testcase time="0.00200000000000244" classname="math_ds.mean" name="residual_deviation_tends_to_0"/>
    <testcase time="0.00199999999999534" classname="math_ds.mean" name="residual_deviation_tends_to_0"/>
    <testcase time="0.298000000000002" classname="math_ds.mean" name="residual_deviation_tends_to_0"/>
    <testcase time="0.00200000000000244" classname="math_ds.mean" name="residual_deviation_tends_to_0"/>
    <testcase time="0.000999999999997669" classname="math_ds.mean" name="residual_deviation_tends_to_0"/>
    <testcase time="0.404000000000003" classname="math_ds.mean" name="residual_deviation_tends_to_0"/>
    <testcase time="0.00199999999999534" classname="math_ds.mean" name="residual_deviation_tends_to_0"/>
    <testcase time="0.00200000000000244" classname="math_ds.mean" name="residual_deviation_tends_to_0"/>
    <testcase time="3.288" classname="math_ds.mean" name="mean_X_a_mean_X_a"/>
    <testcase time="0.497" classname="math_ds.mean" name="mean_X_a_mean_X_a"/>
    <testcase time="0.460999999999999" classname="math_ds.mean" name="mean_X_a_mean_X_a"/>
    <testcase time="0.505000000000003" classname="math_ds.mean" name="mean_X_a_mean_X_a"/>
    <testcase time="0.466999999999999" classname="math_ds.mean" name="mean_X_a_mean_X_a"/>
    <testcase time="0.499000000000002" classname="math_ds.mean" name="mean_X_a_mean_X_a"/>
    <testcase time="0.489999999999995" classname="math_ds.mean" name="mean_X_a_mean_X_a"/>
    <testcase time="0.518000000000001" classname="math_ds.mean" name="mean_X_a_mean_X_a"/>
    <testcase time="8.049" classname="math_ds.mean" name="mean_X_a_mean_X_a"/>
    <testcase time="1.445" classname="math_ds.mean" name="mean_X_a_mean_X_a"/>
    <testcase time="1.467" classname="math_ds.mean" name="mean_X_a_mean_X_a"/>
    <testcase time="1.399" classname="math_ds.mean" name="mean_X_a_mean_X_a"/>
    <testcase time="1.475" classname="math_ds.mean" name="mean_X_a_mean_X_a"/>
    <testcase time="1.445" classname="math_ds.mean" name="mean_X_a_mean_X_a"/>
    <testcase time="1.431" classname="math_ds.mean" name="mean_X_a_mean_X_a"/>
    <testcase time="1.443" classname="math_ds.mean" name="mean_X_a_mean_X_a"/>
    <testcase time="8.068" classname="math_ds.mean" name="mean_X_a_mean_X_a"/>
    <testcase time="1.443" classname="math_ds.mean" name="mean_X_a_mean_X_a"/>
    <testcase time="1.423" classname="math_ds.mean" name="mean_X_a_mean_X_a"/>
    <testcase time="1.45699999999999" classname="math_ds.mean" name="mean_X_a_mean_X_a"/>
    <testcase time="1.425" classname="math_ds.mean" name="mean_X_a_mean_X_a"/>
    <testcase time="1.47500000000001" classname="math_ds.mean" name="mean_X_a_mean_X_a"/>
    <testcase time="1.43799999999999" classname="math_ds.mean" name="mean_X_a_mean_X_a"/>
    <testcase time="1.482" classname="math_ds.mean" name="mean_X_a_mean_X_a"/>
    <testcase time="3.24100000000001" classname="math_ds.mean" name="mean_X_a_mean_X_a"/>
    <testcase time="0.409999999999997" classname="math_ds.mean" name="mean_X_a_mean_X_a"/>
    <testcase time="0.495999999999995" classname="math_ds.mean" name="mean_X_a_mean_X_a"/>
    <testcase time="0.424000000000007" classname="math_ds.mean" name="mean_X_a_mean_X_a"/>
    <testcase time="0.49499999999999" classname="math_ds.mean" name="mean_X_a_mean_X_a"/>
    <testcase time="0.494" classname="math_ds.mean" name="mean_X_a_mean_X_a"/>
    <testcase time="0.493000000000009" classname="math_ds.mean" name="mean_X_a_mean_X_a"/>
    <testcase time="0.515000000000001" classname="math_ds.mean" name="mean_X_a_mean_X_a"/>
  </testsuite>
  <testsuite name="math-ds.var" timestamp="2026-02-27T18:36:34Z" hostname="runnervmnay03" tests="136" skipped="0" failures="0" errors="0" time="95.38">
    <testcase time="7.25999999999999" classname="math_ds.var" name="variance_0"/>
    <testcase time="0.579000000000008" classname="math_ds.var" name="variance_0"/>
    <testcase time="0.581000000000003" classname="math_ds.var" name="variance_0"/>
    <testcase time="0.567999999999998" classname="math_ds.var" name="variance_0"/>
    <testcase time="0.569999999999993" classname="math_ds.var" name="variance_0"/>
    <testcase time="0.567999999999998" classname="math_ds.var" name="variance_0"/>
    <testcase time="0.528000000000006" classname="math_ds.var" name="variance_0"/>
    <testcase time="0.528000000000006" classname="math_ds.var" name="variance_0"/>
    <testcase time="0.576999999999998" classname="math_ds.var" name="variance_0"/>
    <testcase time="0.00300000000000011" classname="math_ds.var" name="variance_0"/>
    <testcase time="0.00399999999999068" classname="math_ds.var" name="variance_0"/>
    <testcase time="0.579000000000008" classname="math_ds.var" name="variance_0"/>
    <testcase time="0.00300000000000011" classname="math_ds.var" name="variance_0"/>
    <testcase time="0.00300000000000011" classname="math_ds.var" name="variance_0"/>
    <testcase time="0.531999999999996" classname="math_ds.var" name="variance_0"/>
    <testcase time="0.00300000000000011" classname="math_ds.var" name="variance_0"/>
    <testcase time="0.00300000000000011" classname="math_ds.var" name="variance_0"/>
    <testcase time="0.551000000000002" classname="math_ds.var" name="variance_0"/>
    <testcase time="0.00399999999999068" classname="math_ds.var" name="variance_0"/>
    <testcase time="0.00900000000000034" classname="math_ds.var" name="variance_0"/>
    <testcase time="0.590000000000003" classname="math_ds.var" name="variance_0"/>
    <testcase time="0.00300000000000011" classname="math_ds.var" name="variance_0"/>
    <testcase time="0.00400000000000489" classname="math_ds.var" name="variance_0"/>
    <testcase time="0.559999999999988" classname="math_ds.var" name="variance_0"/>
    <testcase time="0.00300000000000011" classname="math_ds.var" name="variance_0"/>
    <testcase time="0.00400000000000489" classname="math_ds.var" name="variance_0"/>
    <testcase time="0.585999999999999" classname="math_ds.var" name="variance_0"/>
    <testcase time="0.00300000000000011" classname="math_ds.var" name="variance_0"/>
    <testcase time="0.00300000000000011" classname="math_ds.var" name="variance_0"/>
    <testcase time="0.576000000000008" classname="math_ds.var" name="variance_0"/>
    <testcase time="0.00300000000000011" classname="math_ds.var" name="variance_0"/>
    <testcase time="0.00300000000000011" classname="math_ds.var" name="variance_0"/>
    <testcase time="3.00699999999999" classname="math_ds.var" name="variance_0"/>
    <testcase time="0.198999999999998" classname="math_ds.var" name="variance_0"/>
    <testcase time="0.201000000000008" classname="math_ds.var" name="variance_0"/>
    <testcase time="0.203000000000003" classname="math_ds.var" name="variance_0"/>
    <testcase time="0.197999999999993" classname="math_ds.var" name="variance_0"/>
    <testcase time="0.203000000000003" classname="math_ds.var" name="variance_0"/>
    <testcase time="0.203999999999994" classname="math_ds.var" name="variance_0"/>
    <testcase time="0.207000000000008" classname="math_ds.var" name="variance_0"/>
    <testcase time="0.194000000000003" classname="math_ds.var" name="variance_0"/>
    <testcase time="0.00300000000000011" classname="math_ds.var" name="variance_0"/>
    <testcase time="0.00300000000000011" classname="math_ds.var" name="variance_0"/>
    <testcase time="0.197000000000003" classname="math_ds.var" name="variance_0"/>
    <testcase time="0.00499999999999545" classname="math_ds.var" name="variance_0"/>
    <testcase time="0.00400000000000489" classname="math_ds.var" name="variance_0"/>
    <testcase time="0.197000000000003" classname="math_ds.var" name="variance_0"/>
    <testcase time="0.00399999999999068" classname="math_ds.var" name="variance_0"/>
    <testcase time="0.00300000000000011" classname="math_ds.var" name="variance_0"/>
    <testcase time="0.156000000000006" classname="math_ds.var" name="variance_0"/>
    <testcase time="0.00400000000000489" classname="math_ds.var" name="variance_0"/>
    <testcase time="0.00300000000000011" classname="math_ds.var" name="variance_0"/>
    <testcase time="0.191000000000003" classname="math_ds.var" name="variance_0"/>
    <testcase time="0.00300000000000011" classname="math_ds.var" name="variance_0"/>
    <testcase time="0.00399999999999068" classname="math_ds.var" name="variance_0"/>
    <testcase time="0.195999999999998" classname="math_ds.var" name="variance_0"/>
    <testcase time="0.00400000000000489" classname="math_ds.var" name="variance_0"/>
    <testcase time="0.00400000000000489" classname="math_ds.var" name="variance_0"/>
    <testcase time="0.198999999999998" classname="math_ds.var" name="variance_0"/>
    <testcase time="0.00399999999999068" classname="math_ds.var" name="variance_0"/>
    <testcase time="0.00300000000000011" classname="math_ds.var" name="variance_0"/>
    <testcase time="0.204000000000008" classname="math_ds.var" name="variance_0"/>
    <testcase time="0.00399999999999068" classname="math_ds.var" name="variance_0"/>
    <testcase time="0.00300000000000011" classname="math_ds.var" name="variance_0"/>
    <testcase time="3.054" classname="math_ds.var" name="variance_is_to_the_power_of_2_of_the_standard_deviation"/>
    <testcase time="0.129000000000005" classname="math_ds.var" name="variance_is_to_the_power_of_2_of_the_standard_deviation"/>
    <testcase time="0.123999999999995" classname="math_ds.var" name="variance_is_to_the_power_of_2_of_the_standard_deviation"/>
    <testcase time="0.125" classname="math_ds.var" name="variance_is_to_the_power_of_2_of_the_standard_deviation"/>
    <testcase time="0.183999999999997" classname="math_ds.var" name="variance_is_to_the_power_of_2_of_the_standard_deviation"/>
    <testcase time="0.132000000000005" classname="math_ds.var" name="variance_is_to_the_power_of_2_of_the_standard_deviation"/>
    <testcase time="0.123999999999995" classname="math_ds.var" name="variance_is_to_the_power_of_2_of_the_standard_deviation"/>
    <testcase time="0.125" classname="math_ds.var" name="variance_is_to_the_power_of_2_of_the_standard_deviation"/>
    <testcase time="7.166" classname="math_ds.var" name="variance_is_to_the_power_of_2_of_the_standard_deviation"/>
    <testcase time="0.376000000000005" classname="math_ds.var" name="variance_is_to_the_power_of_2_of_the_standard_deviation"/>
    <testcase time="0.363" classname="math_ds.var" name="variance_is_to_the_power_of_2_of_the_standard_deviation"/>
    <testcase time="0.363" classname="math_ds.var" name="variance_is_to_the_power_of_2_of_the_standard_deviation"/>
    <testcase time="0.365000000000009" classname="math_ds.var" name="variance_is_to_the_power_of_2_of_the_standard_deviation"/>
    <testcase time="0.319999999999993" classname="math_ds.var" name="variance_is_to_the_power_of_2_of_the_standard_deviation"/>
    <testcase time="0.358000000000004" classname="math_ds.var" name="variance_is_to_the_power_of_2_of_the_standard_deviation"/>
    <testcase time="0.36099999999999" classname="math_ds.var" name="variance_is_to_the_power_of_2_of_the_standard_deviation"/>
    <testcase time="0.369" classname="math_ds.var" name="variance_is_to_the_power_of_2_of_the_standard_deviation"/>
    <testcase time="0.00200000000000955" classname="math_ds.var" name="variance_is_to_the_power_of_2_of_the_standard_deviation"/>
    <testcase time="0.00199999999999534" classname="math_ds.var" name="variance_is_to_the_power_of_2_of_the_standard_deviation"/>
    <testcase time="0.355999999999995" classname="math_ds.var" name="variance_is_to_the_power_of_2_of_the_standard_deviation"/>
    <testcase time="0.00200000000000955" classname="math_ds.var" name="variance_is_to_the_power_of_2_of_the_standard_deviation"/>
    <testcase time="0.00199999999999534" classname="math_ds.var" name="variance_is_to_the_power_of_2_of_the_standard_deviation"/>
    <testcase time="0.344999999999999" classname="math_ds.var" name="variance_is_to_the_power_of_2_of_the_standard_deviation"/>
    <testcase time="0.00200000000000955" classname="math_ds.var" name="variance_is_to_the_power_of_2_of_the_standard_deviation"/>
    <testcase time="0.000999999999990564" classname="math_ds.var" name="variance_is_to_the_power_of_2_of_the_standard_deviation"/>
    <testcase time="0.322000000000003" classname="math_ds.var" name="variance_is_to_the_power_of_2_of_the_standard_deviation"/>
    <testcase time="0.00199999999999534" classname="math_ds.var" name="variance_is_to_the_power_of_2_of_the_standard_deviation"/>
    <testcase time="0.00200000000000955" classname="math_ds.var" name="variance_is_to_the_power_of_2_of_the_standard_deviation"/>
    <testcase time="0.382999999999996" classname="math_ds.var" name="variance_is_to_the_power_of_2_of_the_standard_deviation"/>
    <testcase time="0.00199999999999534" classname="math_ds.var" name="variance_is_to_the_power_of_2_of_the_standard_deviation"/>
    <testcase time="0.00200000000000955" classname="math_ds.var" name="variance_is_to_the_power_of_2_of_the_standard_deviation"/>
    <testcase time="0.358999999999995" classname="math_ds.var" name="variance_is_to_the_power_of_2_of_the_standard_deviation"/>
    <testcase time="0.00199999999999534" classname="math_ds.var" name="variance_is_to_the_power_of_2_of_the_standard_deviation"/>
    <testcase time="0.00200000000000955" classname="math_ds.var" name="variance_is_to_the_power_of_2_of_the_standard_deviation"/>
    <testcase time="0.327999999999989" classname="math_ds.var" name="variance_is_to_the_power_of_2_of_the_standard_deviation"/>
    <testcase time="0.00200000000000955" classname="math_ds.var" name="variance_is_to_the_power_of_2_of_the_standard_deviation"/>
    <testcase time="0.00199999999999534" classname="math_ds.var" name="variance_is_to_the_power_of_2_of_the_standard_deviation"/>
    <testcase time="0.376000000000005" classname="math_ds.var" name="variance_is_to_the_power_of_2_of_the_standard_deviation"/>
    <testcase time="0.00300000000000011" classname="math_ds.var" name="variance_is_to_the_power_of_2_of_the_standard_deviation"/>
    <testcase time="0.00199999999999534" classname="math_ds.var" name="variance_is_to_the_power_of_2_of_the_standard_deviation"/>
    <testcase time="3.524" classname="math_ds.var" name="var_X_a_Var_X_"/>
    <testcase time="0.626999999999995" classname="math_ds.var" name="var_X_a_Var_X_"/>
    <testcase time="0.629000000000005" classname="math_ds.var" name="var_X_a_Var_X_"/>
    <testcase time="0.608000000000004" classname="math_ds.var" name="var_X_a_Var_X_"/>
    <testcase time="0.566000000000003" classname="math_ds.var" name="var_X_a_Var_X_"/>
    <testcase time="0.61999999999999" classname="math_ds.var" name="var_X_a_Var_X_"/>
    <testcase time="0.652000000000015" classname="math_ds.var" name="var_X_a_Var_X_"/>
    <testcase time="0.615999999999985" classname="math_ds.var" name="var_X_a_Var_X_"/>
    <testcase time="8.541" classname="math_ds.var" name="var_X_a_Var_X_"/>
    <testcase time="1.77600000000001" classname="math_ds.var" name="var_X_a_Var_X_"/>
    <testcase time="1.72800000000001" classname="math_ds.var" name="var_X_a_Var_X_"/>
    <testcase time="1.79899999999998" classname="math_ds.var" name="var_X_a_Var_X_"/>
    <testcase time="1.767" classname="math_ds.var" name="var_X_a_Var_X_"/>
    <testcase time="1.79000000000002" classname="math_ds.var" name="var_X_a_Var_X_"/>
    <testcase time="1.749" classname="math_ds.var" name="var_X_a_Var_X_"/>
    <testcase time="1.768" classname="math_ds.var" name="var_X_a_Var_X_"/>
    <testcase time="3.39699999999999" classname="math_ds.var" name="var_aX_a_2Var_X_"/>
    <testcase time="0.61099999999999" classname="math_ds.var" name="var_aX_a_2Var_X_"/>
    <testcase time="0.79000000000002" classname="math_ds.var" name="var_aX_a_2Var_X_"/>
    <testcase time="0.569999999999993" classname="math_ds.var" name="var_aX_a_2Var_X_"/>
    <testcase time="0.62299999999999" classname="math_ds.var" name="var_aX_a_2Var_X_"/>
    <testcase time="0.613" classname="math_ds.var" name="var_aX_a_2Var_X_"/>
    <testcase time="0.584000000000003" classname="math_ds.var" name="var_aX_a_2Var_X_"/>
    <testcase time="0.61699999999999" classname="math_ds.var" name="var_aX_a_2Var_X_"/>
    <testcase time="8.33500000000001" classname="math_ds.var" name="var_aX_a_2Var_X_"/>
    <testcase time="1.785" classname="math_ds.var" name="var_aX_a_2Var_X_"/>
    <testcase time="1.78200000000001" classname="math_ds.var" name="var_aX_a_2Var_X_"/>
    <testcase time="1.70099999999999" classname="math_ds.var" name="var_aX_a_2Var_X_"/>
    <testcase time="1.71600000000001" classname="math_ds.var" name="var_aX_a_2Var_X_"/>
    <testcase time="1.68799999999999" classname="math_ds.var" name="var_aX_a_2Var_X_"/>
    <testcase time="1.75300000000001" classname="math_ds.var" name="var_aX_a_2Var_X_"/>
    <testcase time="1.71099999999998" classname="math_ds.var" name="var_aX_a_2Var_X_"/>
  </testsuite>
</testsuites>
