<?xml version="1.0" encoding="UTF-8"?>
<testsuites>
  <testsuite name="math_bug-ds.asFactor" timestamp="2026-08-29T05:41:46Z" hostname="runnervmgx7h7" tests="2" skipped="0" failures="0" errors="2" time="14.543">
    <testcase time="11.602" classname="math_bug_ds.asFactor" name="every_factor_should_be_unique">
      <error type="error" message="Error: There are some DataSHIELD errors, list them with datashield.errors() ('test-math_bug-ds.asFactor.R:20:3')">Error: There are some DataSHIELD errors, list them with datashield.errors()
Backtrace:
    x
 1. \-global .test.uniqueness("D$INTEGER", "INT.f") at test-math_bug-ds.asFactor.R:20:3
 2.   \-dsBaseClient::ds.asFactor(variable.name, variable.recoded)
 3.     \-DSI::datashield.aggregate(datasources, calltext1)
 4.       \-DSI:::.handle_errors(errors.print)
 5.         \-DSI:::.checkLastErrors()
 6.           \-cli::cli_abort(...)
 7.             \-rlang::abort(...)</error>
    </testcase>
    <testcase time="2.941" classname="math_bug_ds.asFactor" name="every_factor_should_be_unique">
      <error type="error" message="Error: There are some DataSHIELD errors, list them with datashield.errors() ('test-math_bug-ds.asFactor.R:35:4')">Error: There are some DataSHIELD errors, list them with datashield.errors()
Backtrace:
    x
 1. \-global .test.uniqueness("D$INTEGER", "INT.f") at test-math_bug-ds.asFactor.R:35:4
 2.   \-dsBaseClient::ds.asFactor(variable.name, variable.recoded)
 3.     \-DSI::datashield.aggregate(datasources, calltext1)
 4.       \-DSI:::.handle_errors(errors.print)
 5.         \-DSI:::.checkLastErrors()
 6.           \-cli::cli_abort(...)
 7.             \-rlang::abort(...)</error>
    </testcase>
  </testsuite>
  <testsuite name="math_bug-ds.make" timestamp="2026-08-29T05:42:00Z" hostname="runnervmgx7h7" tests="64" skipped="0" failures="0" errors="0" time="72.904">
    <testcase time="8.533" classname="math_bug_ds.make" name="transformation"/>
    <testcase time="0.00300000000000011" classname="math_bug_ds.make" name="transformation"/>
    <testcase time="2.108" classname="math_bug_ds.make" name="transformation"/>
    <testcase time="0.00299999999999656" classname="math_bug_ds.make" name="transformation"/>
    <testcase time="2.101" classname="math_bug_ds.make" name="transformation"/>
    <testcase time="0.00300000000000011" classname="math_bug_ds.make" name="transformation"/>
    <testcase time="2.148" classname="math_bug_ds.make" name="transformation"/>
    <testcase time="0.00300000000000011" classname="math_bug_ds.make" name="transformation"/>
    <testcase time="2.12" classname="math_bug_ds.make" name="transformation"/>
    <testcase time="0.00400000000000489" classname="math_bug_ds.make" name="transformation"/>
    <testcase time="1.983" classname="math_bug_ds.make" name="transformation"/>
    <testcase time="0.00300000000000011" classname="math_bug_ds.make" name="transformation"/>
    <testcase time="2.038" classname="math_bug_ds.make" name="transformation"/>
    <testcase time="0.00400000000000489" classname="math_bug_ds.make" name="transformation"/>
    <testcase time="2.095" classname="math_bug_ds.make" name="transformation"/>
    <testcase time="0.00300000000000011" classname="math_bug_ds.make" name="transformation"/>
    <testcase time="2.054" classname="math_bug_ds.make" name="transformation"/>
    <testcase time="0.00300000000000011" classname="math_bug_ds.make" name="transformation"/>
    <testcase time="2.043" classname="math_bug_ds.make" name="transformation"/>
    <testcase time="0.00300000000000011" classname="math_bug_ds.make" name="transformation"/>
    <testcase time="2.077" classname="math_bug_ds.make" name="transformation"/>
    <testcase time="0.00399999999999778" classname="math_bug_ds.make" name="transformation"/>
    <testcase time="2.076" classname="math_bug_ds.make" name="transformation"/>
    <testcase time="0.00300000000000011" classname="math_bug_ds.make" name="transformation"/>
    <testcase time="2.117" classname="math_bug_ds.make" name="transformation"/>
    <testcase time="0.00399999999999778" classname="math_bug_ds.make" name="transformation"/>
    <testcase time="2.085" classname="math_bug_ds.make" name="transformation"/>
    <testcase time="0.00300000000000011" classname="math_bug_ds.make" name="transformation"/>
    <testcase time="2.097" classname="math_bug_ds.make" name="transformation"/>
    <testcase time="0.00300000000000011" classname="math_bug_ds.make" name="transformation"/>
    <testcase time="2.086" classname="math_bug_ds.make" name="transformation"/>
    <testcase time="0.00300000000000011" classname="math_bug_ds.make" name="transformation"/>
    <testcase time="2.062" classname="math_bug_ds.make" name="transformation"/>
    <testcase time="0.00300000000000011" classname="math_bug_ds.make" name="transformation"/>
    <testcase time="2.093" classname="math_bug_ds.make" name="transformation"/>
    <testcase time="0.00300000000000011" classname="math_bug_ds.make" name="transformation"/>
    <testcase time="1.98099999999999" classname="math_bug_ds.make" name="transformation"/>
    <testcase time="0.00300000000000011" classname="math_bug_ds.make" name="transformation"/>
    <testcase time="2.085" classname="math_bug_ds.make" name="transformation"/>
    <testcase time="0.00300000000000011" classname="math_bug_ds.make" name="transformation"/>
    <testcase time="2.045" classname="math_bug_ds.make" name="transformation"/>
    <testcase time="0.00400000000000489" classname="math_bug_ds.make" name="transformation"/>
    <testcase time="2.077" classname="math_bug_ds.make" name="transformation"/>
    <testcase time="0.00300000000000011" classname="math_bug_ds.make" name="transformation"/>
    <testcase time="2.10499999999999" classname="math_bug_ds.make" name="transformation"/>
    <testcase time="0.00400000000000489" classname="math_bug_ds.make" name="transformation"/>
    <testcase time="2.04600000000001" classname="math_bug_ds.make" name="transformation"/>
    <testcase time="0.00300000000000011" classname="math_bug_ds.make" name="transformation"/>
    <testcase time="2.09599999999999" classname="math_bug_ds.make" name="transformation"/>
    <testcase time="0.00300000000000011" classname="math_bug_ds.make" name="transformation"/>
    <testcase time="2.12700000000001" classname="math_bug_ds.make" name="transformation"/>
    <testcase time="0.00300000000000011" classname="math_bug_ds.make" name="transformation"/>
    <testcase time="2.05" classname="math_bug_ds.make" name="transformation"/>
    <testcase time="0.00300000000000011" classname="math_bug_ds.make" name="transformation"/>
    <testcase time="2.08199999999999" classname="math_bug_ds.make" name="transformation"/>
    <testcase time="0.00300000000000011" classname="math_bug_ds.make" name="transformation"/>
    <testcase time="1.998" classname="math_bug_ds.make" name="transformation"/>
    <testcase time="0.00300000000000011" classname="math_bug_ds.make" name="transformation"/>
    <testcase time="2.09099999999999" classname="math_bug_ds.make" name="transformation"/>
    <testcase time="0.00300000000000011" classname="math_bug_ds.make" name="transformation"/>
    <testcase time="2.07100000000001" classname="math_bug_ds.make" name="transformation"/>
    <testcase time="0.00300000000000011" classname="math_bug_ds.make" name="transformation"/>
    <testcase time="2.032" classname="math_bug_ds.make" name="transformation"/>
    <testcase time="0.00300000000000011" classname="math_bug_ds.make" name="transformation"/>
  </testsuite>
  <testsuite name="math_bug-ds.recodeValues" timestamp="2026-08-29T05:43:13Z" hostname="runnervmgx7h7" tests="15" skipped="0" failures="0" errors="2" time="14.199">
    <testcase time="2.71599999999999" classname="math_bug_ds.recodeValues" name="difference"/>
    <testcase time="0.00500000000000966" classname="math_bug_ds.recodeValues" name="difference"/>
    <testcase time="0.00499999999999545" classname="math_bug_ds.recodeValues" name="difference"/>
    <testcase time="0.00499999999999545" classname="math_bug_ds.recodeValues" name="difference"/>
    <testcase time="0.00500000000000966" classname="math_bug_ds.recodeValues" name="difference"/>
    <testcase time="0.00499999999999545" classname="math_bug_ds.recodeValues" name="difference"/>
    <testcase time="0.00499999999999545" classname="math_bug_ds.recodeValues" name="difference"/>
    <testcase time="0.00400000000000489" classname="math_bug_ds.recodeValues" name="difference"/>
    <testcase time="0.00499999999999545" classname="math_bug_ds.recodeValues" name="difference"/>
    <testcase time="3.447" classname="math_bug_ds.recodeValues" name="difference"/>
    <testcase time="0.531999999999996" classname="math_bug_ds.recodeValues" name="difference"/>
    <testcase time="0.0739999999999981" classname="math_bug_ds.recodeValues" name="difference">
      <error type="error" message="Error: The input object must be an integer or a numeric vector. ('test-math_bug-ds.recodeValues.R:35:3')">Error: The input object must be an integer or a numeric vector.
Backtrace:
    x
 1. \-global .test.differences.in.sets(...) at test-math_bug-ds.recodeValues.R:35:3
 2.   \-global .calc.distribution.server(variable.name)
 3.     \-dsBaseClient::ds.mean(...)</error>
    </testcase>
    <testcase time="6.461" classname="math_bug_ds.recodeValues" name="difference">
      <system-out>NAs introduced by coercion
Backtrace:
    x
 1. \-global .test.differences.in.sets(...) at test-math_bug-ds.recodeValues.R:83:13
 2.   \-global .identify.values.unique(some.values[, column], length(values.to.replace))</system-out>
    </testcase>
    <testcase time="0.00900000000000034" classname="math_bug_ds.recodeValues" name="difference">
      <system-out>NAs introduced by coercion
Backtrace:
    x
 1. \-global .test.differences.in.sets(...) at test-math_bug-ds.recodeValues.R:83:13
 2.   \-global .identify.values.unique(some.values[, column], length(values.to.replace))</system-out>
    </testcase>
    <testcase time="0.921000000000006" classname="math_bug_ds.recodeValues" name="difference">
      <error type="error" message="Error: To recode NAs you need to use the 'missing' argument ('test-math_bug-ds.recodeValues.R:83:13')">Error: To recode NAs you need to use the 'missing' argument
Backtrace:
    x
 1. \-global .test.differences.in.sets(...) at test-math_bug-ds.recodeValues.R:83:13
 2.   \-global .apply.changes.server(...)
 3.     \-dsBaseClient::ds.recodeValues(...)</error>
    </testcase>
  </testsuite>
  <testsuite name="math_bug-ds.rPois" timestamp="2026-08-29T05:43:28Z" hostname="runnervmgx7h7" tests="28" skipped="0" failures="16" errors="0" time="42.937">
    <testcase time="3.276" classname="math_bug_ds.rPois" name="lamdba_mean_and_lambda_var"/>
    <testcase time="0.00100000000000477" classname="math_bug_ds.rPois" name="lamdba_mean_and_lambda_var"/>
    <testcase time="0.525999999999996" classname="math_bug_ds.rPois" name="lamdba_mean_and_lambda_var"/>
    <testcase time="0.00100000000000477" classname="math_bug_ds.rPois" name="lamdba_mean_and_lambda_var"/>
    <testcase time="0.527000000000001" classname="math_bug_ds.rPois" name="lamdba_mean_and_lambda_var"/>
    <testcase time="0.00199999999999534" classname="math_bug_ds.rPois" name="lamdba_mean_and_lambda_var"/>
    <testcase time="7.991" classname="math_bug_ds.rPois" name="lamdba_mean_and_lambda_var"/>
    <testcase time="0.00100000000000477" classname="math_bug_ds.rPois" name="lamdba_mean_and_lambda_var"/>
    <testcase time="1.53200000000001" classname="math_bug_ds.rPois" name="lamdba_mean_and_lambda_var"/>
    <testcase time="0.00199999999999534" classname="math_bug_ds.rPois" name="lamdba_mean_and_lambda_var"/>
    <testcase time="1.5" classname="math_bug_ds.rPois" name="lamdba_mean_and_lambda_var"/>
    <testcase time="0.00199999999999534" classname="math_bug_ds.rPois" name="lamdba_mean_and_lambda_var"/>
    <testcase time="9.53000000000002" classname="math_bug_ds.rPois" name="changes_in_distribution">
      <failure type="failure" message="Expected `errors[ds.test_env$MEAN]` to equal 0. ('test-math_bug-ds.rPois.R:44:3')">Expected `errors[ds.test_env$MEAN]` to equal 0.
Differences:
Lengths differ: 0 is not 1
Backtrace:
    x
 1. \-global .test.dispersions.stats.same.distribution(seed, c(6), seed, c(6)) at test-math_bug-ds.rPois.R:44:3
 2.   \-testthat::expect_equal(errors[ds.test_env$MEAN], 0, tolerance = ds.test_env$tolerance)</failure>
    </testcase>
    <testcase time="0.0199999999999818" classname="math_bug_ds.rPois" name="changes_in_distribution">
      <failure type="failure" message="Expected `errors[ds.test_env$VARIANCE]` to equal 0. ('test-math_bug-ds.rPois.R:44:3')">Expected `errors[ds.test_env$VARIANCE]` to equal 0.
Differences:
Lengths differ: 0 is not 1
Backtrace:
    x
 1. \-global .test.dispersions.stats.same.distribution(seed, c(6), seed, c(6)) at test-math_bug-ds.rPois.R:44:3
 2.   \-testthat::expect_equal(errors[ds.test_env$VARIANCE], 0, tolerance = ds.test_env$tolerance)</failure>
    </testcase>
    <testcase time="3.03400000000002" classname="math_bug_ds.rPois" name="changes_in_distribution">
      <failure type="failure" message="Expected `errors[ds.test_env$MEAN]` to equal `lambda.first.dist - lambda.second.dist`. ('test-math_bug-ds.rPois.R:45:3')">Expected `errors[ds.test_env$MEAN]` to equal `lambda.first.dist - lambda.second.dist`.
Differences:
Lengths differ: 0 is not 1
Backtrace:
    x
 1. \-global .test.dispersions.stats.diff.distribution(...) at test-math_bug-ds.rPois.R:45:3
 2.   \-testthat::expect_equal(...)</failure>
    </testcase>
    <testcase time="0.0199999999999818" classname="math_bug_ds.rPois" name="changes_in_distribution">
      <failure type="failure" message="Expected `errors[ds.test_env$VARIANCE]` to equal `lambda.first.dist - lambda.second.dist`. ('test-math_bug-ds.rPois.R:45:3')">Expected `errors[ds.test_env$VARIANCE]` to equal `lambda.first.dist - lambda.second.dist`.
Differences:
Lengths differ: 0 is not 1
Backtrace:
    x
 1. \-global .test.dispersions.stats.diff.distribution(...) at test-math_bug-ds.rPois.R:45:3
 2.   \-testthat::expect_equal(...)</failure>
    </testcase>
    <testcase time="3.05500000000001" classname="math_bug_ds.rPois" name="changes_in_distribution">
      <failure type="failure" message="Expected `errors[ds.test_env$MEAN]` to equal `lambda.first.dist - lambda.second.dist`. ('test-math_bug-ds.rPois.R:46:3')">Expected `errors[ds.test_env$MEAN]` to equal `lambda.first.dist - lambda.second.dist`.
Differences:
Lengths differ: 0 is not 1
Backtrace:
    x
 1. \-global .test.dispersions.stats.diff.distribution(...) at test-math_bug-ds.rPois.R:46:3
 2.   \-testthat::expect_equal(...)</failure>
    </testcase>
    <testcase time="0.0200000000000102" classname="math_bug_ds.rPois" name="changes_in_distribution">
      <failure type="failure" message="Expected `errors[ds.test_env$VARIANCE]` to equal `lambda.first.dist - lambda.second.dist`. ('test-math_bug-ds.rPois.R:46:3')">Expected `errors[ds.test_env$VARIANCE]` to equal `lambda.first.dist - lambda.second.dist`.
Differences:
Lengths differ: 0 is not 1
Backtrace:
    x
 1. \-global .test.dispersions.stats.diff.distribution(...) at test-math_bug-ds.rPois.R:46:3
 2.   \-testthat::expect_equal(...)</failure>
    </testcase>
    <testcase time="3.03399999999999" classname="math_bug_ds.rPois" name="changes_in_distribution">
      <failure type="failure" message="Expected `errors[ds.test_env$MEAN]` to equal `lambda.first.dist - lambda.second.dist`. ('test-math_bug-ds.rPois.R:47:3')">Expected `errors[ds.test_env$MEAN]` to equal `lambda.first.dist - lambda.second.dist`.
Differences:
Lengths differ: 0 is not 1
Backtrace:
    x
 1. \-global .test.dispersions.stats.diff.distribution(...) at test-math_bug-ds.rPois.R:47:3
 2.   \-testthat::expect_equal(...)</failure>
    </testcase>
    <testcase time="0.0190000000000055" classname="math_bug_ds.rPois" name="changes_in_distribution">
      <failure type="failure" message="Expected `errors[ds.test_env$VARIANCE]` to equal `lambda.first.dist - lambda.second.dist`. ('test-math_bug-ds.rPois.R:47:3')">Expected `errors[ds.test_env$VARIANCE]` to equal `lambda.first.dist - lambda.second.dist`.
Differences:
Lengths differ: 0 is not 1
Backtrace:
    x
 1. \-global .test.dispersions.stats.diff.distribution(...) at test-math_bug-ds.rPois.R:47:3
 2.   \-testthat::expect_equal(...)</failure>
    </testcase>
    <testcase time="3.054" classname="math_bug_ds.rPois" name="changes_in_distribution">
      <failure type="failure" message="Expected `errors[ds.test_env$MEAN]` to equal `lambda.first.dist - lambda.second.dist`. ('test-math_bug-ds.rPois.R:48:3')">Expected `errors[ds.test_env$MEAN]` to equal `lambda.first.dist - lambda.second.dist`.
Differences:
Lengths differ: 0 is not 1
Backtrace:
    x
 1. \-global .test.dispersions.stats.diff.distribution(...) at test-math_bug-ds.rPois.R:48:3
 2.   \-testthat::expect_equal(...)</failure>
    </testcase>
    <testcase time="0.018999999999977" classname="math_bug_ds.rPois" name="changes_in_distribution">
      <failure type="failure" message="Expected `errors[ds.test_env$VARIANCE]` to equal `lambda.first.dist - lambda.second.dist`. ('test-math_bug-ds.rPois.R:48:3')">Expected `errors[ds.test_env$VARIANCE]` to equal `lambda.first.dist - lambda.second.dist`.
Differences:
Lengths differ: 0 is not 1
Backtrace:
    x
 1. \-global .test.dispersions.stats.diff.distribution(...) at test-math_bug-ds.rPois.R:48:3
 2.   \-testthat::expect_equal(...)</failure>
    </testcase>
    <testcase time="3.679" classname="math_bug_ds.rPois" name="changes_in_distribution">
      <failure type="failure" message="Expected `errors[ds.test_env$MEAN]` to equal 0. ('test-math_bug-ds.rPois.R:56:3')">Expected `errors[ds.test_env$MEAN]` to equal 0.
Differences:
Lengths differ: 0 is not 1
Backtrace:
    x
 1. \-global .test.dispersions.stats.same.distribution(seed, c(6), seed, c(6)) at test-math_bug-ds.rPois.R:56:3
 2.   \-testthat::expect_equal(errors[ds.test_env$MEAN], 0, tolerance = ds.test_env$tolerance)</failure>
    </testcase>
    <testcase time="0.0200000000000102" classname="math_bug_ds.rPois" name="changes_in_distribution">
      <failure type="failure" message="Expected `errors[ds.test_env$VARIANCE]` to equal 0. ('test-math_bug-ds.rPois.R:56:3')">Expected `errors[ds.test_env$VARIANCE]` to equal 0.
Differences:
Lengths differ: 0 is not 1
Backtrace:
    x
 1. \-global .test.dispersions.stats.same.distribution(seed, c(6), seed, c(6)) at test-math_bug-ds.rPois.R:56:3
 2.   \-testthat::expect_equal(errors[ds.test_env$VARIANCE], 0, tolerance = ds.test_env$tolerance)</failure>
    </testcase>
    <testcase time="0.978000000000009" classname="math_bug_ds.rPois" name="changes_in_distribution">
      <failure type="failure" message="Expected `errors[ds.test_env$MEAN]` to equal `lambda.first.dist - lambda.second.dist`. ('test-math_bug-ds.rPois.R:57:3')">Expected `errors[ds.test_env$MEAN]` to equal `lambda.first.dist - lambda.second.dist`.
Differences:
Lengths differ: 0 is not 1
Backtrace:
    x
 1. \-global .test.dispersions.stats.diff.distribution(...) at test-math_bug-ds.rPois.R:57:3
 2.   \-testthat::expect_equal(...)</failure>
    </testcase>
    <testcase time="0.0199999999999818" classname="math_bug_ds.rPois" name="changes_in_distribution">
      <failure type="failure" message="Expected `errors[ds.test_env$VARIANCE]` to equal `lambda.first.dist - lambda.second.dist`. ('test-math_bug-ds.rPois.R:57:3')">Expected `errors[ds.test_env$VARIANCE]` to equal `lambda.first.dist - lambda.second.dist`.
Differences:
Lengths differ: 0 is not 1
Backtrace:
    x
 1. \-global .test.dispersions.stats.diff.distribution(...) at test-math_bug-ds.rPois.R:57:3
 2.   \-testthat::expect_equal(...)</failure>
    </testcase>
    <testcase time="1.05000000000001" classname="math_bug_ds.rPois" name="changes_in_distribution">
      <failure type="failure" message="Expected `errors[ds.test_env$MEAN]` to equal `lambda.first.dist - lambda.second.dist`. ('test-math_bug-ds.rPois.R:58:3')">Expected `errors[ds.test_env$MEAN]` to equal `lambda.first.dist - lambda.second.dist`.
Differences:
Lengths differ: 0 is not 1
Backtrace:
    x
 1. \-global .test.dispersions.stats.diff.distribution(...) at test-math_bug-ds.rPois.R:58:3
 2.   \-testthat::expect_equal(...)</failure>
    </testcase>
    <testcase time="0.0240000000000009" classname="math_bug_ds.rPois" name="changes_in_distribution">
      <failure type="failure" message="Expected `errors[ds.test_env$VARIANCE]` to equal `lambda.first.dist - lambda.second.dist`. ('test-math_bug-ds.rPois.R:58:3')">Expected `errors[ds.test_env$VARIANCE]` to equal `lambda.first.dist - lambda.second.dist`.
Differences:
Lengths differ: 0 is not 1
Backtrace:
    x
 1. \-global .test.dispersions.stats.diff.distribution(...) at test-math_bug-ds.rPois.R:58:3
 2.   \-testthat::expect_equal(...)</failure>
    </testcase>
  </testsuite>
  <testsuite name="math_bug-ds.rUnif" timestamp="2026-08-29T05:44:11Z" hostname="runnervmgx7h7" tests="36" skipped="0" failures="6" errors="0" time="37.842">
    <testcase time="3.40799999999999" classname="math_bug_ds.rUnif" name="mean_variance">
      <failure type="failure" message="Expected `dist.stats[5]` to equal `max.value`. ('test-math_bug-ds.rUnif.R:22:3')">Expected `dist.stats[5]` to equal `max.value`.
Differences:
1/1 mismatches
[1] NA - 2 == NA
Backtrace:
    x
 1. \-global .test.range.values(1, 2, "uniform_1", seed) at test-math_bug-ds.rUnif.R:22:3
 2.   \-testthat::expect_equal(dist.stats[5], max.value, tolerance = 10^2)</failure>
    </testcase>
    <testcase time="0.0200000000000102" classname="math_bug_ds.rUnif" name="mean_variance">
      <failure type="failure" message="Expected `dist.stats[4]` to equal `min.value`. ('test-math_bug-ds.rUnif.R:22:3')">Expected `dist.stats[4]` to equal `min.value`.
Differences:
1/1 mismatches
[1] NA - 1 == NA
Backtrace:
    x
 1. \-global .test.range.values(1, 2, "uniform_1", seed) at test-math_bug-ds.rUnif.R:22:3
 2.   \-testthat::expect_equal(dist.stats[4], min.value, tolerance = 10^2)</failure>
    </testcase>
    <testcase time="0.0159999999999911" classname="math_bug_ds.rUnif" name="mean_variance"/>
    <testcase time="0.00200000000000955" classname="math_bug_ds.rUnif" name="mean_variance"/>
    <testcase time="0.532000000000011" classname="math_bug_ds.rUnif" name="mean_variance">
      <failure type="failure" message="Expected `dist.stats[5]` to equal `max.value`. ('test-math_bug-ds.rUnif.R:23:3')">Expected `dist.stats[5]` to equal `max.value`.
Differences:
1/1 mismatches
[1] NA - 2 == NA
Backtrace:
    x
 1. \-global .test.range.values(-1, 2, "uniform_2", seed) at test-math_bug-ds.rUnif.R:23:3
 2.   \-testthat::expect_equal(dist.stats[5], max.value, tolerance = 10^2)</failure>
    </testcase>
    <testcase time="0.0199999999999818" classname="math_bug_ds.rUnif" name="mean_variance">
      <failure type="failure" message="Expected `dist.stats[4]` to equal `min.value`. ('test-math_bug-ds.rUnif.R:23:3')">Expected `dist.stats[4]` to equal `min.value`.
Differences:
1/1 mismatches
[1] NA - -1 == NA
Backtrace:
    x
 1. \-global .test.range.values(-1, 2, "uniform_2", seed) at test-math_bug-ds.rUnif.R:23:3
 2.   \-testthat::expect_equal(dist.stats[4], min.value, tolerance = 10^2)</failure>
    </testcase>
    <testcase time="0.021000000000015" classname="math_bug_ds.rUnif" name="mean_variance"/>
    <testcase time="0.00100000000000477" classname="math_bug_ds.rUnif" name="mean_variance"/>
    <testcase time="0.520999999999987" classname="math_bug_ds.rUnif" name="mean_variance">
      <failure type="failure" message="Expected `dist.stats[5]` to equal `max.value`. ('test-math_bug-ds.rUnif.R:24:3')">Expected `dist.stats[5]` to equal `max.value`.
Differences:
1/1 mismatches
[1] NA - -100 == NA
Backtrace:
    x
 1. \-global .test.range.values(-200, -100, "uniform_3", seed) at test-math_bug-ds.rUnif.R:24:3
 2.   \-testthat::expect_equal(dist.stats[5], max.value, tolerance = 10^2)</failure>
    </testcase>
    <testcase time="0.0200000000000102" classname="math_bug_ds.rUnif" name="mean_variance">
      <failure type="failure" message="Expected `dist.stats[4]` to equal `min.value`. ('test-math_bug-ds.rUnif.R:24:3')">Expected `dist.stats[4]` to equal `min.value`.
Differences:
1/1 mismatches
[1] NA - -200 == NA
Backtrace:
    x
 1. \-global .test.range.values(-200, -100, "uniform_3", seed) at test-math_bug-ds.rUnif.R:24:3
 2.   \-testthat::expect_equal(dist.stats[4], min.value, tolerance = 10^2)</failure>
    </testcase>
    <testcase time="0.0169999999999959" classname="math_bug_ds.rUnif" name="mean_variance"/>
    <testcase time="0.00100000000000477" classname="math_bug_ds.rUnif" name="mean_variance"/>
    <testcase time="3.66199999999998" classname="math_bug_ds.rUnif" name="changes_in_distribution"/>
    <testcase time="0.00200000000000955" classname="math_bug_ds.rUnif" name="changes_in_distribution"/>
    <testcase time="1.02799999999999" classname="math_bug_ds.rUnif" name="changes_in_distribution"/>
    <testcase time="0.00200000000000955" classname="math_bug_ds.rUnif" name="changes_in_distribution"/>
    <testcase time="0.99199999999999" classname="math_bug_ds.rUnif" name="changes_in_distribution"/>
    <testcase time="0.00200000000000955" classname="math_bug_ds.rUnif" name="changes_in_distribution"/>
    <testcase time="1.011" classname="math_bug_ds.rUnif" name="changes_in_distribution"/>
    <testcase time="0.00200000000000955" classname="math_bug_ds.rUnif" name="changes_in_distribution"/>
    <testcase time="1.072" classname="math_bug_ds.rUnif" name="changes_in_distribution"/>
    <testcase time="0.00100000000000477" classname="math_bug_ds.rUnif" name="changes_in_distribution"/>
    <testcase time="0.984999999999985" classname="math_bug_ds.rUnif" name="changes_in_distribution"/>
    <testcase time="0.00100000000000477" classname="math_bug_ds.rUnif" name="changes_in_distribution"/>
    <testcase time="9.548" classname="math_bug_ds.rUnif" name="changes_in_distribution"/>
    <testcase time="0.00200000000000955" classname="math_bug_ds.rUnif" name="changes_in_distribution"/>
    <testcase time="3.059" classname="math_bug_ds.rUnif" name="changes_in_distribution"/>
    <testcase time="0.00199999999998113" classname="math_bug_ds.rUnif" name="changes_in_distribution"/>
    <testcase time="2.941" classname="math_bug_ds.rUnif" name="changes_in_distribution"/>
    <testcase time="0.00100000000000477" classname="math_bug_ds.rUnif" name="changes_in_distribution"/>
    <testcase time="3.017" classname="math_bug_ds.rUnif" name="changes_in_distribution"/>
    <testcase time="0.00100000000000477" classname="math_bug_ds.rUnif" name="changes_in_distribution"/>
    <testcase time="2.935" classname="math_bug_ds.rUnif" name="changes_in_distribution"/>
    <testcase time="0.00100000000000477" classname="math_bug_ds.rUnif" name="changes_in_distribution"/>
    <testcase time="2.995" classname="math_bug_ds.rUnif" name="changes_in_distribution"/>
    <testcase time="0.00100000000000477" classname="math_bug_ds.rUnif" name="changes_in_distribution"/>
  </testsuite>
  <testsuite name="math_bug-ds.table" timestamp="2026-08-29T05:44:48Z" hostname="runnervmgx7h7" tests="1" skipped="0" failures="0" errors="1" time="0.102">
    <testcase time="0.101999999999975" classname="math_bug_ds.table" name="row_and_col_proportions_sum_to_1">
      <error type="error" message="Error in `connect.testing.group.dataset.1()`: could not find function &quot;connect.testing.group.dataset.1&quot; ('test-math_bug-ds.table.R:17:13')">Error in `connect.testing.group.dataset.1()`: could not find function "connect.testing.group.dataset.1"</error>
    </testcase>
  </testsuite>
</testsuites>
