<?xml version="1.0" encoding="UTF-8"?>
<!DOCTYPE coverage SYSTEM "https://raw.githubusercontent.com/cobertura/cobertura/master/cobertura/src/site/htdocs/xml/coverage-04.dtd">
<coverage line-rate="1" branch-rate="0" lines-covered="1822" lines-valid="1822" branches-covered="0" branches-valid="0" complexity="0" version="3.6.5" timestamp="2026-03-21 00:42:39.279042">
  <sources>
    <source>/home/runner/work/dsTestsDashboard/dsTestsDashboard/dsBaseClient</source>
  </sources>
  <packages>
    <package name="dsBaseClient" line-rate="1" branch-rate="0" complexity="0">
      <classes>
        <class name="checkClass.R" filename="R/checkClass.R" line-rate="1" branch-rate="0" complexity="0">
          <methods>
            <method name="checkClass" signature="" line-rate="1" branch-rate="0" complexity="0">
              <lines>
                <line number="15" hits="25" branch="false"/>
                <line number="16" hits="25" branch="false"/>
                <line number="17" hits="25" branch="false"/>
                <line number="18" hits="25" branch="false"/>
                <line number="19" hits="75" branch="false"/>
                <line number="25" hits="25" branch="false"/>
              </lines>
            </method>
          </methods>
          <lines>
            <line number="15" hits="25" branch="false"/>
            <line number="16" hits="25" branch="false"/>
            <line number="17" hits="25" branch="false"/>
            <line number="18" hits="25" branch="false"/>
            <line number="19" hits="75" branch="false"/>
            <line number="25" hits="25" branch="false"/>
          </lines>
        </class>
        <class name="ds.asCharacter.R" filename="R/ds.asCharacter.R" line-rate="1" branch-rate="0" complexity="0">
          <methods>
            <method name="ds.asCharacter" signature="" line-rate="1" branch-rate="0" complexity="0">
              <lines>
                <line number="61" hits="6" branch="false"/>
                <line number="62" hits="6" branch="false"/>
                <line number="66" hits="6" branch="false"/>
                <line number="70" hits="6" branch="false"/>
                <line number="71" hits="1" branch="false"/>
                <line number="75" hits="5" branch="false"/>
                <line number="78" hits="5" branch="false"/>
                <line number="84" hits="5" branch="false"/>
                <line number="86" hits="5" branch="false"/>
                <line number="93" hits="5" branch="false"/>
                <line number="97" hits="5" branch="false"/>
                <line number="99" hits="5" branch="false"/>
                <line number="103" hits="5" branch="false"/>
                <line number="106" hits="5" branch="false"/>
                <line number="107" hits="5" branch="false"/>
                <line number="109" hits="5" branch="false"/>
                <line number="110" hits="5" branch="false"/>
                <line number="111" hits="5" branch="false"/>
                <line number="112" hits="5" branch="false"/>
                <line number="113" hits="5" branch="false"/>
                <line number="114" hits="5" branch="false"/>
                <line number="115" hits="5" branch="false"/>
                <line number="116" hits="5" branch="false"/>
                <line number="118" hits="5" branch="false"/>
                <line number="120" hits="5" branch="false"/>
                <line number="121" hits="5" branch="false"/>
                <line number="124" hits="5" branch="false"/>
                <line number="126" hits="5" branch="false"/>
                <line number="127" hits="5" branch="false"/>
                <line number="129" hits="5" branch="false"/>
                <line number="130" hits="5" branch="false"/>
                <line number="132" hits="5" branch="false"/>
                <line number="133" hits="5" branch="false"/>
                <line number="136" hits="5" branch="false"/>
                <line number="138" hits="5" branch="false"/>
                <line number="140" hits="5" branch="false"/>
                <line number="141" hits="5" branch="false"/>
                <line number="143" hits="5" branch="false"/>
                <line number="144" hits="5" branch="false"/>
                <line number="145" hits="5" branch="false"/>
                <line number="146" hits="5" branch="false"/>
                <line number="147" hits="5" branch="false"/>
                <line number="148" hits="5" branch="false"/>
                <line number="151" hits="5" branch="false"/>
                <line number="152" hits="5" branch="false"/>
                <line number="153" hits="5" branch="false"/>
                <line number="154" hits="5" branch="false"/>
              </lines>
            </method>
          </methods>
          <lines>
            <line number="61" hits="6" branch="false"/>
            <line number="62" hits="6" branch="false"/>
            <line number="66" hits="6" branch="false"/>
            <line number="70" hits="6" branch="false"/>
            <line number="71" hits="1" branch="false"/>
            <line number="75" hits="5" branch="false"/>
            <line number="78" hits="5" branch="false"/>
            <line number="84" hits="5" branch="false"/>
            <line number="86" hits="5" branch="false"/>
            <line number="93" hits="5" branch="false"/>
            <line number="97" hits="5" branch="false"/>
            <line number="99" hits="5" branch="false"/>
            <line number="103" hits="5" branch="false"/>
            <line number="106" hits="5" branch="false"/>
            <line number="107" hits="5" branch="false"/>
            <line number="109" hits="5" branch="false"/>
            <line number="110" hits="5" branch="false"/>
            <line number="111" hits="5" branch="false"/>
            <line number="112" hits="5" branch="false"/>
            <line number="113" hits="5" branch="false"/>
            <line number="114" hits="5" branch="false"/>
            <line number="115" hits="5" branch="false"/>
            <line number="116" hits="5" branch="false"/>
            <line number="118" hits="5" branch="false"/>
            <line number="120" hits="5" branch="false"/>
            <line number="121" hits="5" branch="false"/>
            <line number="124" hits="5" branch="false"/>
            <line number="126" hits="5" branch="false"/>
            <line number="127" hits="5" branch="false"/>
            <line number="129" hits="5" branch="false"/>
            <line number="130" hits="5" branch="false"/>
            <line number="132" hits="5" branch="false"/>
            <line number="133" hits="5" branch="false"/>
            <line number="136" hits="5" branch="false"/>
            <line number="138" hits="5" branch="false"/>
            <line number="140" hits="5" branch="false"/>
            <line number="141" hits="5" branch="false"/>
            <line number="143" hits="5" branch="false"/>
            <line number="144" hits="5" branch="false"/>
            <line number="145" hits="5" branch="false"/>
            <line number="146" hits="5" branch="false"/>
            <line number="147" hits="5" branch="false"/>
            <line number="148" hits="5" branch="false"/>
            <line number="151" hits="5" branch="false"/>
            <line number="152" hits="5" branch="false"/>
            <line number="153" hits="5" branch="false"/>
            <line number="154" hits="5" branch="false"/>
          </lines>
        </class>
        <class name="ds.asDataMatrix.R" filename="R/ds.asDataMatrix.R" line-rate="1" branch-rate="0" complexity="0">
          <methods>
            <method name="ds.asDataMatrix" signature="" line-rate="1" branch-rate="0" complexity="0">
              <lines>
                <line number="62" hits="1" branch="false"/>
                <line number="63" hits="1" branch="false"/>
                <line number="67" hits="1" branch="false"/>
                <line number="71" hits="1" branch="false"/>
                <line number="72" hits="1" branch="false"/>
              </lines>
            </method>
          </methods>
          <lines>
            <line number="62" hits="1" branch="false"/>
            <line number="63" hits="1" branch="false"/>
            <line number="67" hits="1" branch="false"/>
            <line number="71" hits="1" branch="false"/>
            <line number="72" hits="1" branch="false"/>
          </lines>
        </class>
        <class name="ds.asFactor.R" filename="R/ds.asFactor.R" line-rate="1" branch-rate="0" complexity="0">
          <methods>
            <method name="ds.asFactor" signature="" line-rate="1" branch-rate="0" complexity="0">
              <lines>
                <line number="193" hits="3" branch="false"/>
                <line number="194" hits="3" branch="false"/>
                <line number="198" hits="3" branch="false"/>
                <line number="203" hits="3" branch="false"/>
                <line number="204" hits="1" branch="false"/>
                <line number="208" hits="2" branch="false"/>
                <line number="209" hits="2" branch="false"/>
              </lines>
            </method>
          </methods>
          <lines>
            <line number="193" hits="3" branch="false"/>
            <line number="194" hits="3" branch="false"/>
            <line number="198" hits="3" branch="false"/>
            <line number="203" hits="3" branch="false"/>
            <line number="204" hits="1" branch="false"/>
            <line number="208" hits="2" branch="false"/>
            <line number="209" hits="2" branch="false"/>
          </lines>
        </class>
        <class name="ds.asInteger.R" filename="R/ds.asInteger.R" line-rate="1" branch-rate="0" complexity="0">
          <methods>
            <method name="ds.asInteger" signature="" line-rate="1" branch-rate="0" complexity="0">
              <lines>
                <line number="75" hits="1" branch="false"/>
                <line number="76" hits="1" branch="false"/>
                <line number="80" hits="1" branch="false"/>
                <line number="84" hits="1" branch="false"/>
                <line number="85" hits="1" branch="false"/>
              </lines>
            </method>
          </methods>
          <lines>
            <line number="75" hits="1" branch="false"/>
            <line number="76" hits="1" branch="false"/>
            <line number="80" hits="1" branch="false"/>
            <line number="84" hits="1" branch="false"/>
            <line number="85" hits="1" branch="false"/>
          </lines>
        </class>
        <class name="ds.asList.R" filename="R/ds.asList.R" line-rate="1" branch-rate="0" complexity="0">
          <methods>
            <method name="ds.asList" signature="" line-rate="1" branch-rate="0" complexity="0">
              <lines>
                <line number="62" hits="3" branch="false"/>
                <line number="63" hits="3" branch="false"/>
                <line number="67" hits="3" branch="false"/>
                <line number="71" hits="3" branch="false"/>
                <line number="72" hits="1" branch="false"/>
                <line number="76" hits="2" branch="false"/>
                <line number="79" hits="2" branch="false"/>
                <line number="85" hits="2" branch="false"/>
                <line number="87" hits="2" branch="false"/>
              </lines>
            </method>
          </methods>
          <lines>
            <line number="62" hits="3" branch="false"/>
            <line number="63" hits="3" branch="false"/>
            <line number="67" hits="3" branch="false"/>
            <line number="71" hits="3" branch="false"/>
            <line number="72" hits="1" branch="false"/>
            <line number="76" hits="2" branch="false"/>
            <line number="79" hits="2" branch="false"/>
            <line number="85" hits="2" branch="false"/>
            <line number="87" hits="2" branch="false"/>
          </lines>
        </class>
        <class name="ds.asLogical.R" filename="R/ds.asLogical.R" line-rate="1" branch-rate="0" complexity="0">
          <methods>
            <method name="ds.asLogical" signature="" line-rate="1" branch-rate="0" complexity="0">
              <lines>
                <line number="62" hits="1" branch="false"/>
                <line number="63" hits="1" branch="false"/>
                <line number="67" hits="1" branch="false"/>
                <line number="71" hits="1" branch="false"/>
                <line number="72" hits="1" branch="false"/>
              </lines>
            </method>
          </methods>
          <lines>
            <line number="62" hits="1" branch="false"/>
            <line number="63" hits="1" branch="false"/>
            <line number="67" hits="1" branch="false"/>
            <line number="71" hits="1" branch="false"/>
            <line number="72" hits="1" branch="false"/>
          </lines>
        </class>
        <class name="ds.asMatrix.R" filename="R/ds.asMatrix.R" line-rate="1" branch-rate="0" complexity="0">
          <methods>
            <method name="ds.asMatrix" signature="" line-rate="1" branch-rate="0" complexity="0">
              <lines>
                <line number="63" hits="2" branch="false"/>
                <line number="64" hits="2" branch="false"/>
                <line number="68" hits="2" branch="false"/>
                <line number="72" hits="2" branch="false"/>
                <line number="73" hits="1" branch="false"/>
                <line number="77" hits="1" branch="false"/>
                <line number="80" hits="1" branch="false"/>
                <line number="85" hits="1" branch="false"/>
                <line number="86" hits="1" branch="false"/>
                <line number="93" hits="1" branch="false"/>
                <line number="97" hits="1" branch="false"/>
                <line number="99" hits="1" branch="false"/>
                <line number="103" hits="1" branch="false"/>
                <line number="106" hits="1" branch="false"/>
                <line number="107" hits="1" branch="false"/>
                <line number="109" hits="1" branch="false"/>
                <line number="110" hits="1" branch="false"/>
                <line number="111" hits="1" branch="false"/>
                <line number="112" hits="1" branch="false"/>
                <line number="113" hits="1" branch="false"/>
                <line number="114" hits="1" branch="false"/>
                <line number="115" hits="1" branch="false"/>
                <line number="116" hits="1" branch="false"/>
                <line number="118" hits="1" branch="false"/>
                <line number="120" hits="1" branch="false"/>
                <line number="121" hits="1" branch="false"/>
                <line number="124" hits="1" branch="false"/>
                <line number="126" hits="1" branch="false"/>
                <line number="127" hits="1" branch="false"/>
                <line number="129" hits="1" branch="false"/>
                <line number="130" hits="1" branch="false"/>
                <line number="132" hits="1" branch="false"/>
                <line number="133" hits="1" branch="false"/>
                <line number="136" hits="1" branch="false"/>
                <line number="138" hits="1" branch="false"/>
                <line number="140" hits="1" branch="false"/>
                <line number="141" hits="1" branch="false"/>
                <line number="143" hits="1" branch="false"/>
                <line number="144" hits="1" branch="false"/>
                <line number="145" hits="1" branch="false"/>
                <line number="146" hits="1" branch="false"/>
                <line number="147" hits="1" branch="false"/>
                <line number="148" hits="1" branch="false"/>
                <line number="151" hits="1" branch="false"/>
                <line number="152" hits="1" branch="false"/>
                <line number="153" hits="1" branch="false"/>
                <line number="154" hits="1" branch="false"/>
              </lines>
            </method>
          </methods>
          <lines>
            <line number="63" hits="2" branch="false"/>
            <line number="64" hits="2" branch="false"/>
            <line number="68" hits="2" branch="false"/>
            <line number="72" hits="2" branch="false"/>
            <line number="73" hits="1" branch="false"/>
            <line number="77" hits="1" branch="false"/>
            <line number="80" hits="1" branch="false"/>
            <line number="85" hits="1" branch="false"/>
            <line number="86" hits="1" branch="false"/>
            <line number="93" hits="1" branch="false"/>
            <line number="97" hits="1" branch="false"/>
            <line number="99" hits="1" branch="false"/>
            <line number="103" hits="1" branch="false"/>
            <line number="106" hits="1" branch="false"/>
            <line number="107" hits="1" branch="false"/>
            <line number="109" hits="1" branch="false"/>
            <line number="110" hits="1" branch="false"/>
            <line number="111" hits="1" branch="false"/>
            <line number="112" hits="1" branch="false"/>
            <line number="113" hits="1" branch="false"/>
            <line number="114" hits="1" branch="false"/>
            <line number="115" hits="1" branch="false"/>
            <line number="116" hits="1" branch="false"/>
            <line number="118" hits="1" branch="false"/>
            <line number="120" hits="1" branch="false"/>
            <line number="121" hits="1" branch="false"/>
            <line number="124" hits="1" branch="false"/>
            <line number="126" hits="1" branch="false"/>
            <line number="127" hits="1" branch="false"/>
            <line number="129" hits="1" branch="false"/>
            <line number="130" hits="1" branch="false"/>
            <line number="132" hits="1" branch="false"/>
            <line number="133" hits="1" branch="false"/>
            <line number="136" hits="1" branch="false"/>
            <line number="138" hits="1" branch="false"/>
            <line number="140" hits="1" branch="false"/>
            <line number="141" hits="1" branch="false"/>
            <line number="143" hits="1" branch="false"/>
            <line number="144" hits="1" branch="false"/>
            <line number="145" hits="1" branch="false"/>
            <line number="146" hits="1" branch="false"/>
            <line number="147" hits="1" branch="false"/>
            <line number="148" hits="1" branch="false"/>
            <line number="151" hits="1" branch="false"/>
            <line number="152" hits="1" branch="false"/>
            <line number="153" hits="1" branch="false"/>
            <line number="154" hits="1" branch="false"/>
          </lines>
        </class>
        <class name="ds.asNumeric.R" filename="R/ds.asNumeric.R" line-rate="1" branch-rate="0" complexity="0">
          <methods>
            <method name="ds.asNumeric" signature="" line-rate="1" branch-rate="0" complexity="0">
              <lines>
                <line number="76" hits="1" branch="false"/>
                <line number="77" hits="1" branch="false"/>
                <line number="81" hits="1" branch="false"/>
                <line number="85" hits="1" branch="false"/>
                <line number="86" hits="1" branch="false"/>
              </lines>
            </method>
          </methods>
          <lines>
            <line number="76" hits="1" branch="false"/>
            <line number="77" hits="1" branch="false"/>
            <line number="81" hits="1" branch="false"/>
            <line number="85" hits="1" branch="false"/>
            <line number="86" hits="1" branch="false"/>
          </lines>
        </class>
        <class name="ds.assign.R" filename="R/ds.assign.R" line-rate="1" branch-rate="0" complexity="0">
          <methods>
            <method name="ds.assign" signature="" line-rate="1" branch-rate="0" complexity="0">
              <lines>
                <line number="60" hits="3" branch="false"/>
                <line number="61" hits="3" branch="false"/>
                <line number="65" hits="3" branch="false"/>
                <line number="69" hits="3" branch="false"/>
                <line number="70" hits="1" branch="false"/>
                <line number="74" hits="2" branch="false"/>
                <line number="79" hits="2" branch="false"/>
                <line number="82" hits="2" branch="false"/>
              </lines>
            </method>
          </methods>
          <lines>
            <line number="60" hits="3" branch="false"/>
            <line number="61" hits="3" branch="false"/>
            <line number="65" hits="3" branch="false"/>
            <line number="69" hits="3" branch="false"/>
            <line number="70" hits="1" branch="false"/>
            <line number="74" hits="2" branch="false"/>
            <line number="79" hits="2" branch="false"/>
            <line number="82" hits="2" branch="false"/>
          </lines>
        </class>
        <class name="ds.auc.R" filename="R/ds.auc.R" line-rate="1" branch-rate="0" complexity="0">
          <methods>
            <method name="ds.auc" signature="" line-rate="1" branch-rate="0" complexity="0">
              <lines>
                <line number="19" hits="2" branch="false"/>
                <line number="20" hits="2" branch="false"/>
                <line number="24" hits="2" branch="false"/>
                <line number="29" hits="2" branch="false"/>
                <line number="30" hits="1" branch="false"/>
                <line number="34" hits="1" branch="false"/>
                <line number="35" hits="1" branch="false"/>
              </lines>
            </method>
          </methods>
          <lines>
            <line number="19" hits="2" branch="false"/>
            <line number="20" hits="2" branch="false"/>
            <line number="24" hits="2" branch="false"/>
            <line number="29" hits="2" branch="false"/>
            <line number="30" hits="1" branch="false"/>
            <line number="34" hits="1" branch="false"/>
            <line number="35" hits="1" branch="false"/>
          </lines>
        </class>
        <class name="ds.Boole.R" filename="R/ds.Boole.R" line-rate="1" branch-rate="0" complexity="0">
          <methods>
            <method name="ds.Boole" signature="" line-rate="1" branch-rate="0" complexity="0">
              <lines>
                <line number="110" hits="5" branch="false"/>
                <line number="111" hits="5" branch="false"/>
                <line number="115" hits="5" branch="false"/>
                <line number="120" hits="5" branch="false"/>
                <line number="121" hits="1" branch="false"/>
                <line number="125" hits="4" branch="false"/>
                <line number="126" hits="1" branch="false"/>
                <line number="130" hits="3" branch="false"/>
                <line number="131" hits="1" branch="false"/>
                <line number="135" hits="2" branch="false"/>
                <line number="136" hits="1" branch="false"/>
                <line number="140" hits="1" branch="false"/>
                <line number="141" hits="1" branch="false"/>
                <line number="146" hits="1" branch="false"/>
                <line number="147" hits="1" branch="false"/>
                <line number="151" hits="1" branch="false"/>
                <line number="155" hits="1" branch="false"/>
                <line number="159" hits="1" branch="false"/>
                <line number="163" hits="1" branch="false"/>
                <line number="167" hits="1" branch="false"/>
                <line number="171" hits="1" branch="false"/>
                <line number="172" hits="1" branch="false"/>
              </lines>
            </method>
          </methods>
          <lines>
            <line number="110" hits="5" branch="false"/>
            <line number="111" hits="5" branch="false"/>
            <line number="115" hits="5" branch="false"/>
            <line number="120" hits="5" branch="false"/>
            <line number="121" hits="1" branch="false"/>
            <line number="125" hits="4" branch="false"/>
            <line number="126" hits="1" branch="false"/>
            <line number="130" hits="3" branch="false"/>
            <line number="131" hits="1" branch="false"/>
            <line number="135" hits="2" branch="false"/>
            <line number="136" hits="1" branch="false"/>
            <line number="140" hits="1" branch="false"/>
            <line number="141" hits="1" branch="false"/>
            <line number="146" hits="1" branch="false"/>
            <line number="147" hits="1" branch="false"/>
            <line number="151" hits="1" branch="false"/>
            <line number="155" hits="1" branch="false"/>
            <line number="159" hits="1" branch="false"/>
            <line number="163" hits="1" branch="false"/>
            <line number="167" hits="1" branch="false"/>
            <line number="171" hits="1" branch="false"/>
            <line number="172" hits="1" branch="false"/>
          </lines>
        </class>
        <class name="ds.c.R" filename="R/ds.c.R" line-rate="1" branch-rate="0" complexity="0">
          <methods>
            <method name="ds.c" signature="" line-rate="1" branch-rate="0" complexity="0">
              <lines>
                <line number="61" hits="1" branch="false"/>
                <line number="62" hits="1" branch="false"/>
                <line number="66" hits="1" branch="false"/>
                <line number="70" hits="1" branch="false"/>
                <line number="71" hits="1" branch="false"/>
              </lines>
            </method>
          </methods>
          <lines>
            <line number="61" hits="1" branch="false"/>
            <line number="62" hits="1" branch="false"/>
            <line number="66" hits="1" branch="false"/>
            <line number="70" hits="1" branch="false"/>
            <line number="71" hits="1" branch="false"/>
          </lines>
        </class>
        <class name="ds.cbind.R" filename="R/ds.cbind.R" line-rate="1" branch-rate="0" complexity="0">
          <methods>
            <method name="ds.cbind" signature="" line-rate="1" branch-rate="0" complexity="0">
              <lines>
                <line number="121" hits="2" branch="false"/>
                <line number="122" hits="2" branch="false"/>
                <line number="126" hits="2" branch="false"/>
                <line number="130" hits="2" branch="false"/>
                <line number="131" hits="1" branch="false"/>
                <line number="134" hits="1" branch="false"/>
                <line number="137" hits="1" branch="false"/>
                <line number="140" hits="1" branch="false"/>
                <line number="141" hits="1" branch="false"/>
                <line number="142" hits="1" branch="false"/>
                <line number="143" hits="1" branch="false"/>
              </lines>
            </method>
          </methods>
          <lines>
            <line number="121" hits="2" branch="false"/>
            <line number="122" hits="2" branch="false"/>
            <line number="126" hits="2" branch="false"/>
            <line number="130" hits="2" branch="false"/>
            <line number="131" hits="1" branch="false"/>
            <line number="134" hits="1" branch="false"/>
            <line number="137" hits="1" branch="false"/>
            <line number="140" hits="1" branch="false"/>
            <line number="141" hits="1" branch="false"/>
            <line number="142" hits="1" branch="false"/>
            <line number="143" hits="1" branch="false"/>
          </lines>
        </class>
        <class name="ds.changeRefGroup.R" filename="R/ds.changeRefGroup.R" line-rate="1" branch-rate="0" complexity="0">
          <methods>
            <method name="ds.changeRefGroup" signature="" line-rate="1" branch-rate="0" complexity="0">
              <lines>
                <line number="113" hits="3" branch="false"/>
                <line number="114" hits="3" branch="false"/>
                <line number="118" hits="3" branch="false"/>
                <line number="122" hits="3" branch="false"/>
                <line number="123" hits="1" branch="false"/>
                <line number="126" hits="2" branch="false"/>
                <line number="127" hits="1" branch="false"/>
                <line number="131" hits="1" branch="false"/>
                <line number="132" hits="1" branch="false"/>
                <line number="136" hits="1" branch="false"/>
                <line number="139" hits="1" branch="false"/>
                <line number="142" hits="1" branch="false"/>
                <line number="143" hits="1" branch="false"/>
              </lines>
            </method>
          </methods>
          <lines>
            <line number="113" hits="3" branch="false"/>
            <line number="114" hits="3" branch="false"/>
            <line number="118" hits="3" branch="false"/>
            <line number="122" hits="3" branch="false"/>
            <line number="123" hits="1" branch="false"/>
            <line number="126" hits="2" branch="false"/>
            <line number="127" hits="1" branch="false"/>
            <line number="131" hits="1" branch="false"/>
            <line number="132" hits="1" branch="false"/>
            <line number="136" hits="1" branch="false"/>
            <line number="139" hits="1" branch="false"/>
            <line number="142" hits="1" branch="false"/>
            <line number="143" hits="1" branch="false"/>
          </lines>
        </class>
        <class name="ds.class.R" filename="R/ds.class.R" line-rate="1" branch-rate="0" complexity="0">
          <methods>
            <method name="ds.class" signature="" line-rate="1" branch-rate="0" complexity="0">
              <lines>
                <line number="58" hits="2" branch="false"/>
                <line number="59" hits="2" branch="false"/>
                <line number="63" hits="2" branch="false"/>
                <line number="67" hits="2" branch="false"/>
                <line number="68" hits="1" branch="false"/>
                <line number="72" hits="1" branch="false"/>
                <line number="74" hits="1" branch="false"/>
                <line number="75" hits="1" branch="false"/>
                <line number="77" hits="1" branch="false"/>
              </lines>
            </method>
          </methods>
          <lines>
            <line number="58" hits="2" branch="false"/>
            <line number="59" hits="2" branch="false"/>
            <line number="63" hits="2" branch="false"/>
            <line number="67" hits="2" branch="false"/>
            <line number="68" hits="1" branch="false"/>
            <line number="72" hits="1" branch="false"/>
            <line number="74" hits="1" branch="false"/>
            <line number="75" hits="1" branch="false"/>
            <line number="77" hits="1" branch="false"/>
          </lines>
        </class>
        <class name="ds.colnames.R" filename="R/ds.colnames.R" line-rate="1" branch-rate="0" complexity="0">
          <methods>
            <method name="ds.colnames" signature="" line-rate="1" branch-rate="0" complexity="0">
              <lines>
                <line number="55" hits="1" branch="false"/>
                <line number="56" hits="1" branch="false"/>
                <line number="60" hits="1" branch="false"/>
                <line number="64" hits="1" branch="false"/>
                <line number="65" hits="1" branch="false"/>
              </lines>
            </method>
          </methods>
          <lines>
            <line number="55" hits="1" branch="false"/>
            <line number="56" hits="1" branch="false"/>
            <line number="60" hits="1" branch="false"/>
            <line number="64" hits="1" branch="false"/>
            <line number="65" hits="1" branch="false"/>
          </lines>
        </class>
        <class name="ds.completeCases.R" filename="R/ds.completeCases.R" line-rate="1" branch-rate="0" complexity="0">
          <methods>
            <method name="ds.completeCases" signature="" line-rate="1" branch-rate="0" complexity="0">
              <lines>
                <line number="76" hits="1" branch="false"/>
                <line number="77" hits="1" branch="false"/>
                <line number="81" hits="1" branch="false"/>
                <line number="86" hits="1" branch="false"/>
                <line number="87" hits="1" branch="false"/>
              </lines>
            </method>
          </methods>
          <lines>
            <line number="76" hits="1" branch="false"/>
            <line number="77" hits="1" branch="false"/>
            <line number="81" hits="1" branch="false"/>
            <line number="86" hits="1" branch="false"/>
            <line number="87" hits="1" branch="false"/>
          </lines>
        </class>
        <class name="ds.cor.R" filename="R/ds.cor.R" line-rate="1" branch-rate="0" complexity="0">
          <methods>
            <method name="ds.cor" signature="" line-rate="1" branch-rate="0" complexity="0">
              <lines>
                <line number="85" hits="3" branch="false"/>
                <line number="86" hits="3" branch="false"/>
                <line number="90" hits="3" branch="false"/>
                <line number="94" hits="3" branch="false"/>
                <line number="95" hits="1" branch="false"/>
                <line number="97" hits="2" branch="false"/>
                <line number="101" hits="2" branch="false"/>
                <line number="103" hits="2" branch="false"/>
                <line number="104" hits="2" branch="false"/>
                <line number="105" hits="1" branch="false"/>
                <line number="107" hits="1" branch="false"/>
                <line number="108" hits="1" branch="false"/>
                <line number="112" hits="1" branch="false"/>
                <line number="118" hits="1" branch="false"/>
                <line number="121" hits="1" branch="false"/>
                <line number="124" hits="1" branch="false"/>
                <line number="125" hits="1" branch="false"/>
                <line number="130" hits="1" branch="false"/>
                <line number="132" hits="1" branch="false"/>
                <line number="158" hits="1" branch="false"/>
                <line number="192" hits="1" branch="false"/>
              </lines>
            </method>
          </methods>
          <lines>
            <line number="85" hits="3" branch="false"/>
            <line number="86" hits="3" branch="false"/>
            <line number="90" hits="3" branch="false"/>
            <line number="94" hits="3" branch="false"/>
            <line number="95" hits="1" branch="false"/>
            <line number="97" hits="2" branch="false"/>
            <line number="101" hits="2" branch="false"/>
            <line number="103" hits="2" branch="false"/>
            <line number="104" hits="2" branch="false"/>
            <line number="105" hits="1" branch="false"/>
            <line number="107" hits="1" branch="false"/>
            <line number="108" hits="1" branch="false"/>
            <line number="112" hits="1" branch="false"/>
            <line number="118" hits="1" branch="false"/>
            <line number="121" hits="1" branch="false"/>
            <line number="124" hits="1" branch="false"/>
            <line number="125" hits="1" branch="false"/>
            <line number="130" hits="1" branch="false"/>
            <line number="132" hits="1" branch="false"/>
            <line number="158" hits="1" branch="false"/>
            <line number="192" hits="1" branch="false"/>
          </lines>
        </class>
        <class name="ds.corTest.R" filename="R/ds.corTest.R" line-rate="1" branch-rate="0" complexity="0">
          <methods>
            <method name="ds.corTest" signature="" line-rate="1" branch-rate="0" complexity="0">
              <lines>
                <line number="69" hits="2" branch="false"/>
                <line number="70" hits="2" branch="false"/>
                <line number="74" hits="2" branch="false"/>
                <line number="78" hits="2" branch="false"/>
                <line number="79" hits="1" branch="false"/>
                <line number="81" hits="1" branch="false"/>
                <line number="82" hits="1" branch="false"/>
              </lines>
            </method>
          </methods>
          <lines>
            <line number="69" hits="2" branch="false"/>
            <line number="70" hits="2" branch="false"/>
            <line number="74" hits="2" branch="false"/>
            <line number="78" hits="2" branch="false"/>
            <line number="79" hits="1" branch="false"/>
            <line number="81" hits="1" branch="false"/>
            <line number="82" hits="1" branch="false"/>
          </lines>
        </class>
        <class name="ds.cov.R" filename="R/ds.cov.R" line-rate="1" branch-rate="0" complexity="0">
          <methods>
            <method name="ds.cov" signature="" line-rate="1" branch-rate="0" complexity="0">
              <lines>
                <line number="102" hits="3" branch="false"/>
                <line number="103" hits="3" branch="false"/>
                <line number="107" hits="3" branch="false"/>
                <line number="111" hits="3" branch="false"/>
                <line number="112" hits="1" branch="false"/>
                <line number="114" hits="2" branch="false"/>
                <line number="118" hits="2" branch="false"/>
                <line number="120" hits="2" branch="false"/>
                <line number="121" hits="2" branch="false"/>
                <line number="122" hits="1" branch="false"/>
                <line number="124" hits="1" branch="false"/>
                <line number="125" hits="1" branch="false"/>
                <line number="129" hits="1" branch="false"/>
                <line number="135" hits="1" branch="false"/>
                <line number="138" hits="1" branch="false"/>
                <line number="141" hits="1" branch="false"/>
                <line number="142" hits="1" branch="false"/>
                <line number="147" hits="1" branch="false"/>
                <line number="149" hits="1" branch="false"/>
                <line number="180" hits="1" branch="false"/>
                <line number="223" hits="1" branch="false"/>
              </lines>
            </method>
          </methods>
          <lines>
            <line number="102" hits="3" branch="false"/>
            <line number="103" hits="3" branch="false"/>
            <line number="107" hits="3" branch="false"/>
            <line number="111" hits="3" branch="false"/>
            <line number="112" hits="1" branch="false"/>
            <line number="114" hits="2" branch="false"/>
            <line number="118" hits="2" branch="false"/>
            <line number="120" hits="2" branch="false"/>
            <line number="121" hits="2" branch="false"/>
            <line number="122" hits="1" branch="false"/>
            <line number="124" hits="1" branch="false"/>
            <line number="125" hits="1" branch="false"/>
            <line number="129" hits="1" branch="false"/>
            <line number="135" hits="1" branch="false"/>
            <line number="138" hits="1" branch="false"/>
            <line number="141" hits="1" branch="false"/>
            <line number="142" hits="1" branch="false"/>
            <line number="147" hits="1" branch="false"/>
            <line number="149" hits="1" branch="false"/>
            <line number="180" hits="1" branch="false"/>
            <line number="223" hits="1" branch="false"/>
          </lines>
        </class>
        <class name="ds.dataFrame.R" filename="R/ds.dataFrame.R" line-rate="1" branch-rate="0" complexity="0">
          <methods>
            <method name="ds.dataFrame" signature="" line-rate="1" branch-rate="0" complexity="0">
              <lines>
                <line number="96" hits="3" branch="false"/>
                <line number="97" hits="3" branch="false"/>
                <line number="101" hits="3" branch="false"/>
                <line number="105" hits="3" branch="false"/>
                <line number="106" hits="1" branch="false"/>
                <line number="110" hits="2" branch="false"/>
                <line number="111" hits="1" branch="false"/>
                <line number="114" hits="2" branch="false"/>
                <line number="117" hits="1" branch="false"/>
                <line number="120" hits="1" branch="false"/>
                <line number="121" hits="1" branch="false"/>
                <line number="122" hits="1" branch="false"/>
                <line number="123" hits="1" branch="false"/>
                <line number="166" hits="1" branch="false"/>
                <line number="171" hits="1" branch="false"/>
                <line number="172" hits="1" branch="false"/>
                <line number="173" hits="3" branch="false"/>
                <line number="174" hits="3" branch="false"/>
                <line number="175" hits="3" branch="false"/>
                <line number="176" hits="6" branch="false"/>
                <line number="177" hits="6" branch="false"/>
                <line number="178" hits="6" branch="false"/>
                <line number="179" hits="6" branch="false"/>
                <line number="180" hits="6" branch="false"/>
                <line number="184" hits="3" branch="false"/>
                <line number="185" hits="6" branch="false"/>
                <line number="186" hits="6" branch="false"/>
                <line number="187" hits="6" branch="false"/>
                <line number="188" hits="6" branch="false"/>
                <line number="200" hits="3" branch="false"/>
                <line number="203" hits="1" branch="false"/>
                <line number="208" hits="1" branch="false"/>
                <line number="209" hits="1" branch="false"/>
                <line number="210" hits="1" branch="false"/>
                <line number="211" hits="3" branch="false"/>
                <line number="214" hits="1" branch="false"/>
                <line number="221" hits="1" branch="false"/>
                <line number="222" hits="3" branch="false"/>
                <line number="223" hits="3" branch="false"/>
                <line number="224" hits="3" branch="false"/>
                <line number="229" hits="3" branch="false"/>
                <line number="236" hits="1" branch="false"/>
                <line number="244" hits="1" branch="false"/>
                <line number="246" hits="1" branch="false"/>
                <line number="250" hits="1" branch="false"/>
                <line number="253" hits="1" branch="false"/>
                <line number="254" hits="1" branch="false"/>
                <line number="256" hits="1" branch="false"/>
                <line number="257" hits="1" branch="false"/>
                <line number="258" hits="1" branch="false"/>
                <line number="259" hits="1" branch="false"/>
                <line number="260" hits="1" branch="false"/>
                <line number="261" hits="1" branch="false"/>
                <line number="262" hits="1" branch="false"/>
                <line number="263" hits="1" branch="false"/>
                <line number="265" hits="1" branch="false"/>
                <line number="267" hits="1" branch="false"/>
                <line number="268" hits="1" branch="false"/>
                <line number="271" hits="1" branch="false"/>
                <line number="273" hits="1" branch="false"/>
                <line number="274" hits="1" branch="false"/>
                <line number="276" hits="1" branch="false"/>
                <line number="277" hits="1" branch="false"/>
                <line number="279" hits="1" branch="false"/>
                <line number="280" hits="1" branch="false"/>
                <line number="283" hits="1" branch="false"/>
                <line number="285" hits="1" branch="false"/>
                <line number="287" hits="1" branch="false"/>
                <line number="288" hits="1" branch="false"/>
                <line number="290" hits="1" branch="false"/>
                <line number="291" hits="1" branch="false"/>
                <line number="292" hits="1" branch="false"/>
                <line number="293" hits="1" branch="false"/>
                <line number="294" hits="1" branch="false"/>
                <line number="295" hits="1" branch="false"/>
                <line number="298" hits="1" branch="false"/>
                <line number="299" hits="1" branch="false"/>
                <line number="300" hits="1" branch="false"/>
                <line number="301" hits="1" branch="false"/>
              </lines>
            </method>
          </methods>
          <lines>
            <line number="96" hits="3" branch="false"/>
            <line number="97" hits="3" branch="false"/>
            <line number="101" hits="3" branch="false"/>
            <line number="105" hits="3" branch="false"/>
            <line number="106" hits="1" branch="false"/>
            <line number="110" hits="2" branch="false"/>
            <line number="111" hits="1" branch="false"/>
            <line number="114" hits="2" branch="false"/>
            <line number="117" hits="1" branch="false"/>
            <line number="120" hits="1" branch="false"/>
            <line number="121" hits="1" branch="false"/>
            <line number="122" hits="1" branch="false"/>
            <line number="123" hits="1" branch="false"/>
            <line number="166" hits="1" branch="false"/>
            <line number="171" hits="1" branch="false"/>
            <line number="172" hits="1" branch="false"/>
            <line number="173" hits="3" branch="false"/>
            <line number="174" hits="3" branch="false"/>
            <line number="175" hits="3" branch="false"/>
            <line number="176" hits="6" branch="false"/>
            <line number="177" hits="6" branch="false"/>
            <line number="178" hits="6" branch="false"/>
            <line number="179" hits="6" branch="false"/>
            <line number="180" hits="6" branch="false"/>
            <line number="184" hits="3" branch="false"/>
            <line number="185" hits="6" branch="false"/>
            <line number="186" hits="6" branch="false"/>
            <line number="187" hits="6" branch="false"/>
            <line number="188" hits="6" branch="false"/>
            <line number="200" hits="3" branch="false"/>
            <line number="203" hits="1" branch="false"/>
            <line number="208" hits="1" branch="false"/>
            <line number="209" hits="1" branch="false"/>
            <line number="210" hits="1" branch="false"/>
            <line number="211" hits="3" branch="false"/>
            <line number="214" hits="1" branch="false"/>
            <line number="221" hits="1" branch="false"/>
            <line number="222" hits="3" branch="false"/>
            <line number="223" hits="3" branch="false"/>
            <line number="224" hits="3" branch="false"/>
            <line number="229" hits="3" branch="false"/>
            <line number="236" hits="1" branch="false"/>
            <line number="244" hits="1" branch="false"/>
            <line number="246" hits="1" branch="false"/>
            <line number="250" hits="1" branch="false"/>
            <line number="253" hits="1" branch="false"/>
            <line number="254" hits="1" branch="false"/>
            <line number="256" hits="1" branch="false"/>
            <line number="257" hits="1" branch="false"/>
            <line number="258" hits="1" branch="false"/>
            <line number="259" hits="1" branch="false"/>
            <line number="260" hits="1" branch="false"/>
            <line number="261" hits="1" branch="false"/>
            <line number="262" hits="1" branch="false"/>
            <line number="263" hits="1" branch="false"/>
            <line number="265" hits="1" branch="false"/>
            <line number="267" hits="1" branch="false"/>
            <line number="268" hits="1" branch="false"/>
            <line number="271" hits="1" branch="false"/>
            <line number="273" hits="1" branch="false"/>
            <line number="274" hits="1" branch="false"/>
            <line number="276" hits="1" branch="false"/>
            <line number="277" hits="1" branch="false"/>
            <line number="279" hits="1" branch="false"/>
            <line number="280" hits="1" branch="false"/>
            <line number="283" hits="1" branch="false"/>
            <line number="285" hits="1" branch="false"/>
            <line number="287" hits="1" branch="false"/>
            <line number="288" hits="1" branch="false"/>
            <line number="290" hits="1" branch="false"/>
            <line number="291" hits="1" branch="false"/>
            <line number="292" hits="1" branch="false"/>
            <line number="293" hits="1" branch="false"/>
            <line number="294" hits="1" branch="false"/>
            <line number="295" hits="1" branch="false"/>
            <line number="298" hits="1" branch="false"/>
            <line number="299" hits="1" branch="false"/>
            <line number="300" hits="1" branch="false"/>
            <line number="301" hits="1" branch="false"/>
          </lines>
        </class>
        <class name="ds.dataFrameFill.R" filename="R/ds.dataFrameFill.R" line-rate="1" branch-rate="0" complexity="0">
          <methods>
            <method name="ds.dataFrameFill" signature="" line-rate="1" branch-rate="0" complexity="0">
              <lines>
                <line number="80" hits="3" branch="false"/>
                <line number="81" hits="3" branch="false"/>
                <line number="85" hits="3" branch="false"/>
                <line number="90" hits="3" branch="false"/>
                <line number="91" hits="1" branch="false"/>
                <line number="95" hits="2" branch="false"/>
                <line number="96" hits="2" branch="false"/>
                <line number="100" hits="2" branch="false"/>
                <line number="103" hits="1" branch="false"/>
                <line number="106" hits="1" branch="false"/>
                <line number="107" hits="1" branch="false"/>
              </lines>
            </method>
          </methods>
          <lines>
            <line number="80" hits="3" branch="false"/>
            <line number="81" hits="3" branch="false"/>
            <line number="85" hits="3" branch="false"/>
            <line number="90" hits="3" branch="false"/>
            <line number="91" hits="1" branch="false"/>
            <line number="95" hits="2" branch="false"/>
            <line number="96" hits="2" branch="false"/>
            <line number="100" hits="2" branch="false"/>
            <line number="103" hits="1" branch="false"/>
            <line number="106" hits="1" branch="false"/>
            <line number="107" hits="1" branch="false"/>
          </lines>
        </class>
        <class name="ds.dataFrameSort.R" filename="R/ds.dataFrameSort.R" line-rate="1" branch-rate="0" complexity="0">
          <methods>
            <method name="ds.dataFrameSort" signature="" line-rate="1" branch-rate="0" complexity="0">
              <lines>
                <line number="90" hits="2" branch="false"/>
                <line number="91" hits="2" branch="false"/>
                <line number="95" hits="2" branch="false"/>
                <line number="99" hits="2" branch="false"/>
                <line number="103" hits="2" branch="false"/>
                <line number="104" hits="2" branch="false"/>
                <line number="107" hits="2" branch="false"/>
                <line number="111" hits="2" branch="false"/>
                <line number="115" hits="2" branch="false"/>
                <line number="119" hits="2" branch="false"/>
                <line number="120" hits="1" branch="false"/>
                <line number="124" hits="2" branch="false"/>
                <line number="125" hits="2" branch="false"/>
              </lines>
            </method>
          </methods>
          <lines>
            <line number="90" hits="2" branch="false"/>
            <line number="91" hits="2" branch="false"/>
            <line number="95" hits="2" branch="false"/>
            <line number="99" hits="2" branch="false"/>
            <line number="103" hits="2" branch="false"/>
            <line number="104" hits="2" branch="false"/>
            <line number="107" hits="2" branch="false"/>
            <line number="111" hits="2" branch="false"/>
            <line number="115" hits="2" branch="false"/>
            <line number="119" hits="2" branch="false"/>
            <line number="120" hits="1" branch="false"/>
            <line number="124" hits="2" branch="false"/>
            <line number="125" hits="2" branch="false"/>
          </lines>
        </class>
        <class name="ds.dataFrameSubset.R" filename="R/ds.dataFrameSubset.R" line-rate="1" branch-rate="0" complexity="0">
          <methods>
            <method name="ds.dataFrameSubset" signature="" line-rate="1" branch-rate="0" complexity="0">
              <lines>
                <line number="113" hits="8" branch="false"/>
                <line number="114" hits="8" branch="false"/>
                <line number="118" hits="8" branch="false"/>
                <line number="123" hits="8" branch="false"/>
                <line number="124" hits="1" branch="false"/>
                <line number="133" hits="7" branch="false"/>
                <line number="135" hits="1" branch="false"/>
                <line number="138" hits="6" branch="false"/>
                <line number="149" hits="6" branch="false"/>
                <line number="151" hits="1" branch="false"/>
                <line number="154" hits="5" branch="false"/>
                <line number="159" hits="5" branch="false"/>
                <line number="161" hits="1" branch="false"/>
                <line number="162" hits="1" branch="false"/>
                <line number="163" hits="1" branch="false"/>
                <line number="164" hits="1" branch="false"/>
                <line number="165" hits="1" branch="false"/>
                <line number="166" hits="1" branch="false"/>
                <line number="168" hits="1" branch="false"/>
                <line number="169" hits="1" branch="false"/>
                <line number="172" hits="4" branch="false"/>
                <line number="178" hits="4" branch="false"/>
                <line number="179" hits="4" branch="false"/>
                <line number="184" hits="4" branch="false"/>
                <line number="185" hits="4" branch="false"/>
                <line number="189" hits="4" branch="false"/>
                <line number="193" hits="4" branch="false"/>
                <line number="197" hits="4" branch="false"/>
                <line number="201" hits="4" branch="false"/>
                <line number="205" hits="4" branch="false"/>
                <line number="210" hits="4" branch="false"/>
                <line number="211" hits="4" branch="false"/>
                <line number="214" hits="4" branch="false"/>
                <line number="218" hits="4" branch="false"/>
                <line number="222" hits="4" branch="false"/>
                <line number="223" hits="4" branch="false"/>
              </lines>
            </method>
          </methods>
          <lines>
            <line number="113" hits="8" branch="false"/>
            <line number="114" hits="8" branch="false"/>
            <line number="118" hits="8" branch="false"/>
            <line number="123" hits="8" branch="false"/>
            <line number="124" hits="1" branch="false"/>
            <line number="133" hits="7" branch="false"/>
            <line number="135" hits="1" branch="false"/>
            <line number="138" hits="6" branch="false"/>
            <line number="149" hits="6" branch="false"/>
            <line number="151" hits="1" branch="false"/>
            <line number="154" hits="5" branch="false"/>
            <line number="159" hits="5" branch="false"/>
            <line number="161" hits="1" branch="false"/>
            <line number="162" hits="1" branch="false"/>
            <line number="163" hits="1" branch="false"/>
            <line number="164" hits="1" branch="false"/>
            <line number="165" hits="1" branch="false"/>
            <line number="166" hits="1" branch="false"/>
            <line number="168" hits="1" branch="false"/>
            <line number="169" hits="1" branch="false"/>
            <line number="172" hits="4" branch="false"/>
            <line number="178" hits="4" branch="false"/>
            <line number="179" hits="4" branch="false"/>
            <line number="184" hits="4" branch="false"/>
            <line number="185" hits="4" branch="false"/>
            <line number="189" hits="4" branch="false"/>
            <line number="193" hits="4" branch="false"/>
            <line number="197" hits="4" branch="false"/>
            <line number="201" hits="4" branch="false"/>
            <line number="205" hits="4" branch="false"/>
            <line number="210" hits="4" branch="false"/>
            <line number="211" hits="4" branch="false"/>
            <line number="214" hits="4" branch="false"/>
            <line number="218" hits="4" branch="false"/>
            <line number="222" hits="4" branch="false"/>
            <line number="223" hits="4" branch="false"/>
          </lines>
        </class>
        <class name="ds.dim.R" filename="R/ds.dim.R" line-rate="1" branch-rate="0" complexity="0">
          <methods>
            <method name="ds.dim" signature="" line-rate="1" branch-rate="0" complexity="0">
              <lines>
                <line number="90" hits="3" branch="false"/>
                <line number="91" hits="3" branch="false"/>
                <line number="95" hits="3" branch="false"/>
                <line number="99" hits="3" branch="false"/>
                <line number="100" hits="1" branch="false"/>
                <line number="107" hits="2" branch="false"/>
                <line number="108" hits="1" branch="false"/>
                <line number="110" hits="1" branch="false"/>
                <line number="112" hits="1" branch="false"/>
                <line number="114" hits="1" branch="false"/>
                <line number="115" hits="1" branch="false"/>
                <line number="123" hits="1" branch="false"/>
                <line number="124" hits="1" branch="false"/>
                <line number="125" hits="1" branch="false"/>
                <line number="130" hits="1" branch="false"/>
                <line number="131" hits="1" branch="false"/>
                <line number="134" hits="1" branch="false"/>
                <line number="135" hits="1" branch="false"/>
                <line number="136" hits="1" branch="false"/>
                <line number="137" hits="3" branch="false"/>
                <line number="141" hits="1" branch="false"/>
                <line number="142" hits="1" branch="false"/>
                <line number="143" hits="1" branch="false"/>
                <line number="144" hits="3" branch="false"/>
                <line number="146" hits="1" branch="false"/>
                <line number="148" hits="1" branch="false"/>
                <line number="152" hits="1" branch="false"/>
                <line number="156" hits="1" branch="false"/>
                <line number="157" hits="1" branch="false"/>
                <line number="158" hits="1" branch="false"/>
                <line number="159" hits="1" branch="false"/>
                <line number="160" hits="1" branch="false"/>
                <line number="161" hits="1" branch="false"/>
              </lines>
            </method>
          </methods>
          <lines>
            <line number="90" hits="3" branch="false"/>
            <line number="91" hits="3" branch="false"/>
            <line number="95" hits="3" branch="false"/>
            <line number="99" hits="3" branch="false"/>
            <line number="100" hits="1" branch="false"/>
            <line number="107" hits="2" branch="false"/>
            <line number="108" hits="1" branch="false"/>
            <line number="110" hits="1" branch="false"/>
            <line number="112" hits="1" branch="false"/>
            <line number="114" hits="1" branch="false"/>
            <line number="115" hits="1" branch="false"/>
            <line number="123" hits="1" branch="false"/>
            <line number="124" hits="1" branch="false"/>
            <line number="125" hits="1" branch="false"/>
            <line number="130" hits="1" branch="false"/>
            <line number="131" hits="1" branch="false"/>
            <line number="134" hits="1" branch="false"/>
            <line number="135" hits="1" branch="false"/>
            <line number="136" hits="1" branch="false"/>
            <line number="137" hits="3" branch="false"/>
            <line number="141" hits="1" branch="false"/>
            <line number="142" hits="1" branch="false"/>
            <line number="143" hits="1" branch="false"/>
            <line number="144" hits="3" branch="false"/>
            <line number="146" hits="1" branch="false"/>
            <line number="148" hits="1" branch="false"/>
            <line number="152" hits="1" branch="false"/>
            <line number="156" hits="1" branch="false"/>
            <line number="157" hits="1" branch="false"/>
            <line number="158" hits="1" branch="false"/>
            <line number="159" hits="1" branch="false"/>
            <line number="160" hits="1" branch="false"/>
            <line number="161" hits="1" branch="false"/>
          </lines>
        </class>
        <class name="ds.dmtC2S.R" filename="R/ds.dmtC2S.R" line-rate="1" branch-rate="0" complexity="0">
          <methods>
            <method name="ds.dmtC2S" signature="" line-rate="1" branch-rate="0" complexity="0">
              <lines>
                <line number="49" hits="15" branch="false"/>
                <line number="50" hits="7" branch="false"/>
                <line number="54" hits="15" branch="false"/>
                <line number="59" hits="15" branch="false"/>
                <line number="64" hits="15" branch="false"/>
                <line number="70" hits="15" branch="false"/>
                <line number="71" hits="15" branch="false"/>
                <line number="72" hits="15" branch="false"/>
                <line number="73" hits="15" branch="false"/>
                <line number="78" hits="15" branch="false"/>
                <line number="79" hits="15" branch="false"/>
                <line number="80" hits="15" branch="false"/>
                <line number="81" hits="15" branch="false"/>
                <line number="83" hits="15" branch="false"/>
                <line number="88" hits="15" branch="false"/>
                <line number="94" hits="15" branch="false"/>
                <line number="95" hits="15" branch="false"/>
                <line number="96" hits="15" branch="false"/>
                <line number="97" hits="15" branch="false"/>
                <line number="98" hits="15" branch="false"/>
                <line number="100" hits="15" branch="false"/>
                <line number="103" hits="15" branch="false"/>
                <line number="108" hits="15" branch="false"/>
                <line number="109" hits="15" branch="false"/>
                <line number="111" hits="15" branch="false"/>
                <line number="112" hits="15" branch="false"/>
                <line number="116" hits="15" branch="false"/>
                <line number="118" hits="15" branch="false"/>
                <line number="119" hits="15" branch="false"/>
                <line number="120" hits="15" branch="false"/>
                <line number="121" hits="15" branch="false"/>
                <line number="123" hits="15" branch="false"/>
                <line number="124" hits="15" branch="false"/>
                <line number="125" hits="15" branch="false"/>
                <line number="126" hits="15" branch="false"/>
                <line number="127" hits="15" branch="false"/>
                <line number="129" hits="15" branch="false"/>
                <line number="130" hits="15" branch="false"/>
                <line number="131" hits="15" branch="false"/>
                <line number="132" hits="15" branch="false"/>
                <line number="134" hits="15" branch="false"/>
                <line number="135" hits="15" branch="false"/>
                <line number="136" hits="15" branch="false"/>
                <line number="137" hits="15" branch="false"/>
                <line number="138" hits="15" branch="false"/>
                <line number="142" hits="15" branch="false"/>
                <line number="146" hits="15" branch="false"/>
                <line number="147" hits="15" branch="false"/>
                <line number="152" hits="15" branch="false"/>
                <line number="155" hits="15" branch="false"/>
                <line number="156" hits="15" branch="false"/>
                <line number="158" hits="15" branch="false"/>
                <line number="161" hits="15" branch="false"/>
                <line number="170" hits="15" branch="false"/>
                <line number="171" hits="15" branch="false"/>
                <line number="173" hits="15" branch="false"/>
                <line number="175" hits="15" branch="false"/>
                <line number="177" hits="15" branch="false"/>
                <line number="179" hits="28545" branch="false"/>
                <line number="185" hits="28545" branch="false"/>
                <line number="186" hits="28545" branch="false"/>
                <line number="192" hits="15" branch="false"/>
                <line number="195" hits="15" branch="false"/>
                <line number="200" hits="15" branch="false"/>
                <line number="201" hits="15" branch="false"/>
                <line number="204" hits="15" branch="false"/>
              </lines>
            </method>
          </methods>
          <lines>
            <line number="49" hits="15" branch="false"/>
            <line number="50" hits="7" branch="false"/>
            <line number="54" hits="15" branch="false"/>
            <line number="59" hits="15" branch="false"/>
            <line number="64" hits="15" branch="false"/>
            <line number="70" hits="15" branch="false"/>
            <line number="71" hits="15" branch="false"/>
            <line number="72" hits="15" branch="false"/>
            <line number="73" hits="15" branch="false"/>
            <line number="78" hits="15" branch="false"/>
            <line number="79" hits="15" branch="false"/>
            <line number="80" hits="15" branch="false"/>
            <line number="81" hits="15" branch="false"/>
            <line number="83" hits="15" branch="false"/>
            <line number="88" hits="15" branch="false"/>
            <line number="94" hits="15" branch="false"/>
            <line number="95" hits="15" branch="false"/>
            <line number="96" hits="15" branch="false"/>
            <line number="97" hits="15" branch="false"/>
            <line number="98" hits="15" branch="false"/>
            <line number="100" hits="15" branch="false"/>
            <line number="103" hits="15" branch="false"/>
            <line number="108" hits="15" branch="false"/>
            <line number="109" hits="15" branch="false"/>
            <line number="111" hits="15" branch="false"/>
            <line number="112" hits="15" branch="false"/>
            <line number="116" hits="15" branch="false"/>
            <line number="118" hits="15" branch="false"/>
            <line number="119" hits="15" branch="false"/>
            <line number="120" hits="15" branch="false"/>
            <line number="121" hits="15" branch="false"/>
            <line number="123" hits="15" branch="false"/>
            <line number="124" hits="15" branch="false"/>
            <line number="125" hits="15" branch="false"/>
            <line number="126" hits="15" branch="false"/>
            <line number="127" hits="15" branch="false"/>
            <line number="129" hits="15" branch="false"/>
            <line number="130" hits="15" branch="false"/>
            <line number="131" hits="15" branch="false"/>
            <line number="132" hits="15" branch="false"/>
            <line number="134" hits="15" branch="false"/>
            <line number="135" hits="15" branch="false"/>
            <line number="136" hits="15" branch="false"/>
            <line number="137" hits="15" branch="false"/>
            <line number="138" hits="15" branch="false"/>
            <line number="142" hits="15" branch="false"/>
            <line number="146" hits="15" branch="false"/>
            <line number="147" hits="15" branch="false"/>
            <line number="152" hits="15" branch="false"/>
            <line number="155" hits="15" branch="false"/>
            <line number="156" hits="15" branch="false"/>
            <line number="158" hits="15" branch="false"/>
            <line number="161" hits="15" branch="false"/>
            <line number="170" hits="15" branch="false"/>
            <line number="171" hits="15" branch="false"/>
            <line number="173" hits="15" branch="false"/>
            <line number="175" hits="15" branch="false"/>
            <line number="177" hits="15" branch="false"/>
            <line number="179" hits="28545" branch="false"/>
            <line number="185" hits="28545" branch="false"/>
            <line number="186" hits="28545" branch="false"/>
            <line number="192" hits="15" branch="false"/>
            <line number="195" hits="15" branch="false"/>
            <line number="200" hits="15" branch="false"/>
            <line number="201" hits="15" branch="false"/>
            <line number="204" hits="15" branch="false"/>
          </lines>
        </class>
        <class name="ds.exists.R" filename="R/ds.exists.R" line-rate="1" branch-rate="0" complexity="0">
          <methods>
            <method name="ds.exists" signature="" line-rate="1" branch-rate="0" complexity="0">
              <lines>
                <line number="65" hits="1" branch="false"/>
                <line number="66" hits="1" branch="false"/>
                <line number="70" hits="1" branch="false"/>
                <line number="74" hits="1" branch="false"/>
                <line number="75" hits="1" branch="false"/>
              </lines>
            </method>
          </methods>
          <lines>
            <line number="65" hits="1" branch="false"/>
            <line number="66" hits="1" branch="false"/>
            <line number="70" hits="1" branch="false"/>
            <line number="74" hits="1" branch="false"/>
            <line number="75" hits="1" branch="false"/>
          </lines>
        </class>
        <class name="ds.exp.R" filename="R/ds.exp.R" line-rate="1" branch-rate="0" complexity="0">
          <methods>
            <method name="ds.exp" signature="" line-rate="1" branch-rate="0" complexity="0">
              <lines>
                <line number="61" hits="1" branch="false"/>
                <line number="62" hits="1" branch="false"/>
                <line number="66" hits="1" branch="false"/>
                <line number="70" hits="1" branch="false"/>
                <line number="71" hits="1" branch="false"/>
              </lines>
            </method>
          </methods>
          <lines>
            <line number="61" hits="1" branch="false"/>
            <line number="62" hits="1" branch="false"/>
            <line number="66" hits="1" branch="false"/>
            <line number="70" hits="1" branch="false"/>
            <line number="71" hits="1" branch="false"/>
          </lines>
        </class>
        <class name="ds.extractQuantiles.R" filename="R/ds.extractQuantiles.R" line-rate="1" branch-rate="0" complexity="0">
          <methods>
            <method name="ds.extractQuantiles" signature="" line-rate="1" branch-rate="0" complexity="0">
              <lines>
                <line number="90" hits="1" branch="false"/>
                <line number="91" hits="1" branch="false"/>
                <line number="94" hits="1" branch="false"/>
                <line number="97" hits="1" branch="false"/>
                <line number="101" hits="1" branch="false"/>
                <line number="114" hits="1" branch="false"/>
                <line number="115" hits="1" branch="false"/>
                <line number="116" hits="1" branch="false"/>
                <line number="121" hits="1" branch="false"/>
                <line number="122" hits="1" branch="false"/>
                <line number="124" hits="1" branch="false"/>
                <line number="126" hits="3" branch="false"/>
                <line number="127" hits="3" branch="false"/>
                <line number="130" hits="1" branch="false"/>
                <line number="132" hits="1" branch="false"/>
                <line number="133" hits="1" branch="false"/>
                <line number="135" hits="1" branch="false"/>
                <line number="136" hits="15" branch="false"/>
                <line number="137" hits="15" branch="false"/>
                <line number="140" hits="1" branch="false"/>
                <line number="143" hits="1" branch="false"/>
                <line number="145" hits="1" branch="false"/>
                <line number="147" hits="1" branch="false"/>
                <line number="150" hits="1" branch="false"/>
                <line number="152" hits="1" branch="false"/>
                <line number="153" hits="1" branch="false"/>
                <line number="156" hits="1" branch="false"/>
                <line number="158" hits="1" branch="false"/>
                <line number="159" hits="1" branch="false"/>
                <line number="160" hits="1" branch="false"/>
                <line number="161" hits="1" branch="false"/>
                <line number="162" hits="3" branch="false"/>
                <line number="163" hits="3" branch="false"/>
                <line number="165" hits="1" branch="false"/>
                <line number="166" hits="1" branch="false"/>
                <line number="167" hits="1" branch="false"/>
                <line number="168" hits="1" branch="false"/>
              </lines>
            </method>
          </methods>
          <lines>
            <line number="90" hits="1" branch="false"/>
            <line number="91" hits="1" branch="false"/>
            <line number="94" hits="1" branch="false"/>
            <line number="97" hits="1" branch="false"/>
            <line number="101" hits="1" branch="false"/>
            <line number="114" hits="1" branch="false"/>
            <line number="115" hits="1" branch="false"/>
            <line number="116" hits="1" branch="false"/>
            <line number="121" hits="1" branch="false"/>
            <line number="122" hits="1" branch="false"/>
            <line number="124" hits="1" branch="false"/>
            <line number="126" hits="3" branch="false"/>
            <line number="127" hits="3" branch="false"/>
            <line number="130" hits="1" branch="false"/>
            <line number="132" hits="1" branch="false"/>
            <line number="133" hits="1" branch="false"/>
            <line number="135" hits="1" branch="false"/>
            <line number="136" hits="15" branch="false"/>
            <line number="137" hits="15" branch="false"/>
            <line number="140" hits="1" branch="false"/>
            <line number="143" hits="1" branch="false"/>
            <line number="145" hits="1" branch="false"/>
            <line number="147" hits="1" branch="false"/>
            <line number="150" hits="1" branch="false"/>
            <line number="152" hits="1" branch="false"/>
            <line number="153" hits="1" branch="false"/>
            <line number="156" hits="1" branch="false"/>
            <line number="158" hits="1" branch="false"/>
            <line number="159" hits="1" branch="false"/>
            <line number="160" hits="1" branch="false"/>
            <line number="161" hits="1" branch="false"/>
            <line number="162" hits="3" branch="false"/>
            <line number="163" hits="3" branch="false"/>
            <line number="165" hits="1" branch="false"/>
            <line number="166" hits="1" branch="false"/>
            <line number="167" hits="1" branch="false"/>
            <line number="168" hits="1" branch="false"/>
          </lines>
        </class>
        <class name="ds.gamlss.R" filename="R/ds.gamlss.R" line-rate="1" branch-rate="0" complexity="0">
          <methods>
            <method name="ds.gamlss" signature="" line-rate="1" branch-rate="0" complexity="0">
              <lines>
                <line number="85" hits="3" branch="false"/>
                <line number="86" hits="3" branch="false"/>
                <line number="90" hits="3" branch="false"/>
                <line number="95" hits="3" branch="false"/>
                <line number="96" hits="1" branch="false"/>
                <line number="99" hits="2" branch="false"/>
                <line number="100" hits="2" branch="false"/>
                <line number="101" hits="2" branch="false"/>
                <line number="102" hits="2" branch="false"/>
                <line number="103" hits="2" branch="false"/>
                <line number="104" hits="2" branch="false"/>
                <line number="106" hits="2" branch="false"/>
                <line number="107" hits="2" branch="false"/>
                <line number="108" hits="2" branch="false"/>
                <line number="109" hits="2" branch="false"/>
                <line number="110" hits="2" branch="false"/>
                <line number="111" hits="2" branch="false"/>
                <line number="113" hits="2" branch="false"/>
                <line number="114" hits="2" branch="false"/>
                <line number="115" hits="2" branch="false"/>
                <line number="116" hits="2" branch="false"/>
                <line number="117" hits="2" branch="false"/>
                <line number="118" hits="2" branch="false"/>
                <line number="120" hits="2" branch="false"/>
                <line number="121" hits="2" branch="false"/>
                <line number="122" hits="2" branch="false"/>
                <line number="123" hits="2" branch="false"/>
                <line number="124" hits="2" branch="false"/>
                <line number="125" hits="2" branch="false"/>
                <line number="127" hits="2" branch="false"/>
                <line number="128" hits="2" branch="false"/>
                <line number="129" hits="2" branch="false"/>
                <line number="130" hits="2" branch="false"/>
                <line number="131" hits="2" branch="false"/>
                <line number="134" hits="2" branch="false"/>
                <line number="135" hits="1" branch="false"/>
                <line number="138" hits="1" branch="false"/>
                <line number="140" hits="1" branch="false"/>
                <line number="164" hits="1" branch="false"/>
                <line number="165" hits="1" branch="false"/>
              </lines>
            </method>
          </methods>
          <lines>
            <line number="85" hits="3" branch="false"/>
            <line number="86" hits="3" branch="false"/>
            <line number="90" hits="3" branch="false"/>
            <line number="95" hits="3" branch="false"/>
[...]
                <line number="124" hits="1" branch="false"/>
                <line number="125" hits="3" branch="false"/>
                <line number="127" hits="1" branch="false"/>
                <line number="132" hits="1" branch="false"/>
                <line number="133" hits="1" branch="false"/>
                <line number="134" hits="3" branch="false"/>
                <line number="135" hits="3" branch="false"/>
                <line number="136" hits="3" branch="false"/>
                <line number="137" hits="3" branch="false"/>
                <line number="139" hits="1" branch="false"/>
                <line number="142" hits="1" branch="false"/>
                <line number="146" hits="1" branch="false"/>
                <line number="150" hits="1" branch="false"/>
                <line number="161" hits="1" branch="false"/>
                <line number="172" hits="1" branch="false"/>
              </lines>
            </method>
          </methods>
          <lines>
            <line number="66" hits="2" branch="false"/>
            <line number="69" hits="2" branch="false"/>
            <line number="70" hits="2" branch="false"/>
            <line number="74" hits="2" branch="false"/>
            <line number="78" hits="2" branch="false"/>
            <line number="79" hits="1" branch="false"/>
            <line number="85" hits="1" branch="false"/>
            <line number="86" hits="1" branch="false"/>
            <line number="87" hits="1" branch="false"/>
            <line number="88" hits="1" branch="false"/>
            <line number="91" hits="1" branch="false"/>
            <line number="94" hits="1" branch="false"/>
            <line number="98" hits="1" branch="false"/>
            <line number="101" hits="1" branch="false"/>
            <line number="104" hits="1" branch="false"/>
            <line number="105" hits="1" branch="false"/>
            <line number="108" hits="1" branch="false"/>
            <line number="109" hits="1" branch="false"/>
            <line number="110" hits="1" branch="false"/>
            <line number="111" hits="3" branch="false"/>
            <line number="112" hits="3" branch="false"/>
            <line number="113" hits="3" branch="false"/>
            <line number="115" hits="1" branch="false"/>
            <line number="116" hits="1" branch="false"/>
            <line number="119" hits="1" branch="false"/>
            <line number="122" hits="1" branch="false"/>
            <line number="123" hits="1" branch="false"/>
            <line number="124" hits="1" branch="false"/>
            <line number="125" hits="3" branch="false"/>
            <line number="127" hits="1" branch="false"/>
            <line number="132" hits="1" branch="false"/>
            <line number="133" hits="1" branch="false"/>
            <line number="134" hits="3" branch="false"/>
            <line number="135" hits="3" branch="false"/>
            <line number="136" hits="3" branch="false"/>
            <line number="137" hits="3" branch="false"/>
            <line number="139" hits="1" branch="false"/>
            <line number="142" hits="1" branch="false"/>
            <line number="146" hits="1" branch="false"/>
            <line number="150" hits="1" branch="false"/>
            <line number="161" hits="1" branch="false"/>
            <line number="172" hits="1" branch="false"/>
          </lines>
        </class>
        <class name="ds.table2D.R" filename="R/ds.table2D.R" line-rate="1" branch-rate="0" complexity="0">
          <methods>
            <method name="ds.table2D" signature="" line-rate="1" branch-rate="0" complexity="0">
              <lines>
                <line number="91" hits="1" branch="false"/>
                <line number="94" hits="1" branch="false"/>
                <line number="95" hits="1" branch="false"/>
                <line number="99" hits="1" branch="false"/>
                <line number="103" hits="1" branch="false"/>
                <line number="104" hits="1" branch="false"/>
              </lines>
            </method>
          </methods>
          <lines>
            <line number="91" hits="1" branch="false"/>
            <line number="94" hits="1" branch="false"/>
            <line number="95" hits="1" branch="false"/>
            <line number="99" hits="1" branch="false"/>
            <line number="103" hits="1" branch="false"/>
            <line number="104" hits="1" branch="false"/>
          </lines>
        </class>
        <class name="ds.tapply.assign.R" filename="R/ds.tapply.assign.R" line-rate="1" branch-rate="0" complexity="0">
          <methods>
            <method name="ds.tapply.assign" signature="" line-rate="1" branch-rate="0" complexity="0">
              <lines>
                <line number="133" hits="3" branch="false"/>
                <line number="134" hits="3" branch="false"/>
                <line number="138" hits="3" branch="false"/>
                <line number="144" hits="3" branch="false"/>
                <line number="145" hits="1" branch="false"/>
                <line number="149" hits="2" branch="false"/>
                <line number="153" hits="2" branch="false"/>
                <line number="154" hits="1" branch="false"/>
                <line number="155" hits="1" branch="false"/>
                <line number="156" hits="1" branch="false"/>
                <line number="157" hits="1" branch="false"/>
                <line number="161" hits="1" branch="false"/>
                <line number="166" hits="1" branch="false"/>
                <line number="167" hits="1" branch="false"/>
                <line number="171" hits="1" branch="false"/>
                <line number="172" hits="1" branch="false"/>
                <line number="179" hits="1" branch="false"/>
                <line number="180" hits="1" branch="false"/>
              </lines>
            </method>
          </methods>
          <lines>
            <line number="133" hits="3" branch="false"/>
            <line number="134" hits="3" branch="false"/>
            <line number="138" hits="3" branch="false"/>
            <line number="144" hits="3" branch="false"/>
            <line number="145" hits="1" branch="false"/>
            <line number="149" hits="2" branch="false"/>
            <line number="153" hits="2" branch="false"/>
            <line number="154" hits="1" branch="false"/>
            <line number="155" hits="1" branch="false"/>
            <line number="156" hits="1" branch="false"/>
            <line number="157" hits="1" branch="false"/>
            <line number="161" hits="1" branch="false"/>
            <line number="166" hits="1" branch="false"/>
            <line number="167" hits="1" branch="false"/>
            <line number="171" hits="1" branch="false"/>
            <line number="172" hits="1" branch="false"/>
            <line number="179" hits="1" branch="false"/>
            <line number="180" hits="1" branch="false"/>
          </lines>
        </class>
        <class name="ds.tapply.R" filename="R/ds.tapply.R" line-rate="1" branch-rate="0" complexity="0">
          <methods>
            <method name="ds.tapply" signature="" line-rate="1" branch-rate="0" complexity="0">
              <lines>
                <line number="128" hits="3" branch="false"/>
                <line number="129" hits="3" branch="false"/>
                <line number="133" hits="3" branch="false"/>
                <line number="139" hits="3" branch="false"/>
                <line number="140" hits="1" branch="false"/>
                <line number="144" hits="2" branch="false"/>
                <line number="148" hits="2" branch="false"/>
                <line number="149" hits="1" branch="false"/>
                <line number="150" hits="1" branch="false"/>
                <line number="151" hits="1" branch="false"/>
                <line number="152" hits="1" branch="false"/>
                <line number="156" hits="1" branch="false"/>
                <line number="161" hits="1" branch="false"/>
                <line number="162" hits="1" branch="false"/>
                <line number="166" hits="1" branch="false"/>
                <line number="167" hits="1" branch="false"/>
                <line number="174" hits="1" branch="false"/>
                <line number="175" hits="1" branch="false"/>
              </lines>
            </method>
          </methods>
          <lines>
            <line number="128" hits="3" branch="false"/>
            <line number="129" hits="3" branch="false"/>
            <line number="133" hits="3" branch="false"/>
            <line number="139" hits="3" branch="false"/>
            <line number="140" hits="1" branch="false"/>
            <line number="144" hits="2" branch="false"/>
            <line number="148" hits="2" branch="false"/>
            <line number="149" hits="1" branch="false"/>
            <line number="150" hits="1" branch="false"/>
            <line number="151" hits="1" branch="false"/>
            <line number="152" hits="1" branch="false"/>
            <line number="156" hits="1" branch="false"/>
            <line number="161" hits="1" branch="false"/>
            <line number="162" hits="1" branch="false"/>
            <line number="166" hits="1" branch="false"/>
            <line number="167" hits="1" branch="false"/>
            <line number="174" hits="1" branch="false"/>
            <line number="175" hits="1" branch="false"/>
          </lines>
        </class>
        <class name="ds.testObjExists.R" filename="R/ds.testObjExists.R" line-rate="1" branch-rate="0" complexity="0">
          <methods>
            <method name="ds.testObjExists" signature="" line-rate="1" branch-rate="0" complexity="0">
              <lines>
                <line number="61" hits="1" branch="false"/>
                <line number="62" hits="1" branch="false"/>
                <line number="66" hits="1" branch="false"/>
                <line number="71" hits="1" branch="false"/>
                <line number="72" hits="1" branch="false"/>
                <line number="73" hits="1" branch="false"/>
              </lines>
            </method>
          </methods>
          <lines>
            <line number="61" hits="1" branch="false"/>
            <line number="62" hits="1" branch="false"/>
            <line number="66" hits="1" branch="false"/>
            <line number="71" hits="1" branch="false"/>
            <line number="72" hits="1" branch="false"/>
            <line number="73" hits="1" branch="false"/>
          </lines>
        </class>
        <class name="ds.unique.R" filename="R/ds.unique.R" line-rate="1" branch-rate="0" complexity="0">
          <methods>
            <method name="ds.unique" signature="" line-rate="1" branch-rate="0" complexity="0">
              <lines>
                <line number="50" hits="2" branch="false"/>
                <line number="51" hits="2" branch="false"/>
                <line number="55" hits="2" branch="false"/>
                <line number="59" hits="2" branch="false"/>
                <line number="60" hits="2" branch="false"/>
              </lines>
            </method>
          </methods>
          <lines>
            <line number="50" hits="2" branch="false"/>
            <line number="51" hits="2" branch="false"/>
            <line number="55" hits="2" branch="false"/>
            <line number="59" hits="2" branch="false"/>
            <line number="60" hits="2" branch="false"/>
          </lines>
        </class>
        <class name="ds.unList.R" filename="R/ds.unList.R" line-rate="1" branch-rate="0" complexity="0">
          <methods>
            <method name="ds.unList" signature="" line-rate="1" branch-rate="0" complexity="0">
              <lines>
                <line number="76" hits="1" branch="false"/>
                <line number="77" hits="1" branch="false"/>
                <line number="81" hits="1" branch="false"/>
                <line number="85" hits="1" branch="false"/>
                <line number="86" hits="1" branch="false"/>
              </lines>
            </method>
          </methods>
          <lines>
            <line number="76" hits="1" branch="false"/>
            <line number="77" hits="1" branch="false"/>
            <line number="81" hits="1" branch="false"/>
            <line number="85" hits="1" branch="false"/>
            <line number="86" hits="1" branch="false"/>
          </lines>
        </class>
        <class name="ds.var.R" filename="R/ds.var.R" line-rate="1" branch-rate="0" complexity="0">
          <methods>
            <method name="ds.var" signature="" line-rate="1" branch-rate="0" complexity="0">
              <lines>
                <line number="85" hits="2" branch="false"/>
                <line number="86" hits="2" branch="false"/>
                <line number="90" hits="2" branch="false"/>
                <line number="95" hits="2" branch="false"/>
                <line number="96" hits="1" branch="false"/>
                <line number="100" hits="1" branch="false"/>
                <line number="103" hits="1" branch="false"/>
                <line number="106" hits="1" branch="false"/>
                <line number="109" hits="1" branch="false"/>
                <line number="111" hits="1" branch="false"/>
                <line number="112" hits="1" branch="false"/>
              </lines>
            </method>
          </methods>
          <lines>
            <line number="85" hits="2" branch="false"/>
            <line number="86" hits="2" branch="false"/>
            <line number="90" hits="2" branch="false"/>
            <line number="95" hits="2" branch="false"/>
            <line number="96" hits="1" branch="false"/>
            <line number="100" hits="1" branch="false"/>
            <line number="103" hits="1" branch="false"/>
            <line number="106" hits="1" branch="false"/>
            <line number="109" hits="1" branch="false"/>
            <line number="111" hits="1" branch="false"/>
            <line number="112" hits="1" branch="false"/>
          </lines>
        </class>
        <class name="ds.vectorCalc.R" filename="R/ds.vectorCalc.R" line-rate="1" branch-rate="0" complexity="0">
          <methods>
            <method name="ds.vectorCalc" signature="" line-rate="1" branch-rate="0" complexity="0">
              <lines>
                <line number="41" hits="1" branch="false"/>
                <line number="44" hits="1" branch="false"/>
                <line number="45" hits="1" branch="false"/>
                <line number="49" hits="1" branch="false"/>
                <line number="53" hits="1" branch="false"/>
                <line number="54" hits="1" branch="false"/>
              </lines>
            </method>
          </methods>
          <lines>
            <line number="41" hits="1" branch="false"/>
            <line number="44" hits="1" branch="false"/>
            <line number="45" hits="1" branch="false"/>
            <line number="49" hits="1" branch="false"/>
            <line number="53" hits="1" branch="false"/>
            <line number="54" hits="1" branch="false"/>
          </lines>
        </class>
        <class name="extract.R" filename="R/extract.R" line-rate="1" branch-rate="0" complexity="0">
          <methods>
            <method name="extract" signature="" line-rate="1" branch-rate="0" complexity="0">
              <lines>
                <line number="10" hits="87" branch="false"/>
                <line number="11" hits="87" branch="false"/>
                <line number="12" hits="87" branch="false"/>
                <line number="13" hits="87" branch="false"/>
                <line number="14" hits="87" branch="false"/>
                <line number="15" hits="87" branch="false"/>
                <line number="16" hits="54" branch="false"/>
                <line number="17" hits="54" branch="false"/>
                <line number="19" hits="33" branch="false"/>
                <line number="20" hits="33" branch="false"/>
                <line number="22" hits="87" branch="false"/>
                <line number="23" hits="87" branch="false"/>
                <line number="25" hits="87" branch="false"/>
                <line number="26" hits="87" branch="false"/>
              </lines>
            </method>
          </methods>
          <lines>
            <line number="10" hits="87" branch="false"/>
            <line number="11" hits="87" branch="false"/>
            <line number="12" hits="87" branch="false"/>
            <line number="13" hits="87" branch="false"/>
            <line number="14" hits="87" branch="false"/>
            <line number="15" hits="87" branch="false"/>
            <line number="16" hits="54" branch="false"/>
            <line number="17" hits="54" branch="false"/>
            <line number="19" hits="33" branch="false"/>
            <line number="20" hits="33" branch="false"/>
            <line number="22" hits="87" branch="false"/>
            <line number="23" hits="87" branch="false"/>
            <line number="25" hits="87" branch="false"/>
            <line number="26" hits="87" branch="false"/>
          </lines>
        </class>
        <class name="isAssigned.R" filename="R/isAssigned.R" line-rate="1" branch-rate="0" complexity="0">
          <methods>
            <method name="isAssigned" signature="" line-rate="1" branch-rate="0" complexity="0">
              <lines>
                <line number="15" hits="2" branch="false"/>
                <line number="16" hits="2" branch="false"/>
                <line number="17" hits="2" branch="false"/>
                <line number="18" hits="2" branch="false"/>
                <line number="21" hits="2" branch="false"/>
              </lines>
            </method>
          </methods>
          <lines>
            <line number="15" hits="2" branch="false"/>
            <line number="16" hits="2" branch="false"/>
            <line number="17" hits="2" branch="false"/>
            <line number="18" hits="2" branch="false"/>
            <line number="21" hits="2" branch="false"/>
          </lines>
        </class>
        <class name="isDefined.R" filename="R/isDefined.R" line-rate="1" branch-rate="0" complexity="0">
          <methods>
            <method name="isDefined" signature="" line-rate="1" branch-rate="0" complexity="0">
              <lines>
                <line number="21" hits="86" branch="false"/>
                <line number="23" hits="86" branch="false"/>
                <line number="25" hits="86" branch="false"/>
                <line number="27" hits="86" branch="false"/>
                <line number="28" hits="33" branch="false"/>
                <line number="29" hits="33" branch="false"/>
                <line number="31" hits="53" branch="false"/>
                <line number="32" hits="53" branch="false"/>
                <line number="33" hits="53" branch="false"/>
                <line number="36" hits="86" branch="false"/>
                <line number="37" hits="10" branch="false"/>
                <line number="39" hits="76" branch="false"/>
              </lines>
            </method>
          </methods>
          <lines>
            <line number="21" hits="86" branch="false"/>
            <line number="23" hits="86" branch="false"/>
            <line number="25" hits="86" branch="false"/>
            <line number="27" hits="86" branch="false"/>
            <line number="28" hits="33" branch="false"/>
            <line number="29" hits="33" branch="false"/>
            <line number="31" hits="53" branch="false"/>
            <line number="32" hits="53" branch="false"/>
            <line number="33" hits="53" branch="false"/>
            <line number="36" hits="86" branch="false"/>
            <line number="37" hits="10" branch="false"/>
            <line number="39" hits="76" branch="false"/>
          </lines>
        </class>
      </classes>
    </package>
  </packages>
</coverage>
