<?xml version="1.0" encoding="UTF-8"?>
<testsuites>
  <testsuite name="disc-ds.cor" timestamp="2026-02-21T16:24:04Z" hostname="runnervmwffz4" tests="0" skipped="0" failures="0" errors="0" time="0"/>
  <testsuite name="ds.cor::disc::setup" timestamp="2026-02-21T16:24:04Z" hostname="runnervmwffz4" tests="3" skipped="0" failures="1" errors="0" time="14.016">
    <testcase time="13.941" classname="ds.cor_disc_setup" name="setup">
      <failure type="failure" message="Expected `study.current.variables$objects.found` to have the same values as `expected.variables`. ('test-disc-ds.cor.R:20:5')">Expected `study.current.variables$objects.found` to have the same values as `expected.variables`.
Actual: "D", "read_datashield_inst", "to_df"
Expected: "D"
Needs: "read_datashield_inst", "to_df"
Backtrace:
    x
 1. \-global ds_expect_variables(c("D")) at test-disc-ds.cor.R:20:5
 2.   \-testthat::expect_setequal(...)</failure>
    </testcase>
    <testcase time="0.0649999999999977" classname="ds.cor_disc_setup" name="setup"/>
    <testcase time="0.0100000000000016" classname="ds.cor_disc_setup" name="setup"/>
  </testsuite>
  <testsuite name="ds.cor::disc" timestamp="2026-02-21T16:24:18Z" hostname="runnervmwffz4" tests="21" skipped="2" failures="0" errors="0" time="2.834">
    <testcase time="2.309" classname="ds.cor_disc" name="simple_D3_setup"/>
    <testcase time="0.00300000000000011" classname="ds.cor_disc" name="simple_D3_setup"/>
    <testcase time="0.00300000000000011" classname="ds.cor_disc" name="simple_D3_setup"/>
    <testcase time="0.000999999999997669" classname="ds.cor_disc" name="simple_D3_setup"/>
    <testcase time="0.00200000000000244" classname="ds.cor_disc" name="simple_D3_setup"/>
    <testcase time="0.000999999999997669" classname="ds.cor_disc" name="simple_D3_setup"/>
    <testcase time="0.00100000000000122" classname="ds.cor_disc" name="simple_D3_setup"/>
    <testcase time="0.00199999999999889" classname="ds.cor_disc" name="simple_D3_setup"/>
    <testcase time="0.00100000000000122" classname="ds.cor_disc" name="simple_D3_setup"/>
    <testcase time="0.00199999999999889" classname="ds.cor_disc" name="simple_D3_setup"/>
    <testcase time="0.00100000000000122" classname="ds.cor_disc" name="simple_D3_setup"/>
    <testcase time="0.000999999999997669" classname="ds.cor_disc" name="simple_D3_setup"/>
    <testcase time="0.00200000000000244" classname="ds.cor_disc" name="simple_D3_setup"/>
    <testcase time="0.268000000000001" classname="ds.cor_disc" name="simple_disc_test_type_split_"/>
    <testcase time="0.0129999999999981" classname="ds.cor_disc" name="simple_disc_test_type_split_"/>
    <testcase time="0.00199999999999889" classname="ds.cor_disc" name="simple_disc_test_type_split_"/>
    <testcase time="0.00300000000000011" classname="ds.cor_disc" name="simple_disc_test_naAction_pairwise.complete_type_split_">
      <skipped message="Reason: empty test ('test-disc-ds.cor.R:59:1')"/>
    </testcase>
    <testcase time="0.212" classname="ds.cor_disc" name="simple_disc_test_type_combine_"/>
    <testcase time="0.00200000000000244" classname="ds.cor_disc" name="simple_disc_test_type_combine_"/>
    <testcase time="0.000999999999997669" classname="ds.cor_disc" name="simple_disc_test_type_combine_"/>
    <testcase time="0.00400000000000134" classname="ds.cor_disc" name="simple_disc_test_naAction_pairwise.complete_type_combine_">
      <skipped message="Reason: empty test ('test-disc-ds.cor.R:93:1')"/>
    </testcase>
  </testsuite>
  <testsuite name="ds.cor::disc::shutdown" timestamp="2026-02-21T16:24:21Z" hostname="runnervmwffz4" tests="3" skipped="0" failures="1" errors="0" time="0.115">
    <testcase time="0.0919999999999987" classname="ds.cor_disc_shutdown" name="shutdown">
      <failure type="failure" message="Expected `study.current.variables$objects.found` to have the same values as `expected.variables`. ('test-disc-ds.cor.R:113:5')">Expected `study.current.variables$objects.found` to have the same values as `expected.variables`.
Actual: "D", "D1", "D2", "D3", "read_datashield_inst", "to_df"
Expected: "D", "D1", "D2", "D3"
Needs: "read_datashield_inst", "to_df"
Backtrace:
    x
 1. \-global ds_expect_variables(c("D", "D1", "D2", "D3")) at test-disc-ds.cor.R:113:5
 2.   \-testthat::expect_setequal(...)</failure>
    </testcase>
    <testcase time="0.022000000000002" classname="ds.cor_disc_shutdown" name="shutdown"/>
    <testcase time="0.000999999999997669" classname="ds.cor_disc_shutdown" name="shutdown"/>
  </testsuite>
  <testsuite name="ds.cor::disc::done" timestamp="2026-02-21T16:24:21Z" hostname="runnervmwffz4" tests="0" skipped="0" failures="0" errors="0" time="0"/>
  <testsuite name="disc-ds.cov" timestamp="2026-02-21T16:24:21Z" hostname="runnervmwffz4" tests="0" skipped="0" failures="0" errors="0" time="0"/>
  <testsuite name="ds.cov::disc::setup" timestamp="2026-02-21T16:24:21Z" hostname="runnervmwffz4" tests="3" skipped="0" failures="0" errors="0" time="7.838">
    <testcase time="7.836" classname="ds.cov_disc_setup" name="setup"/>
    <testcase time="0.00100000000000122" classname="ds.cov_disc_setup" name="setup"/>
    <testcase time="0.00100000000000122" classname="ds.cov_disc_setup" name="setup"/>
  </testsuite>
  <testsuite name="ds.cov::disc" timestamp="2026-02-21T16:24:29Z" hostname="runnervmwffz4" tests="33" skipped="2" failures="0" errors="0" time="2.378">
    <testcase time="2.012" classname="ds.cov_disc" name="simple_D3_setup"/>
    <testcase time="0.000999999999997669" classname="ds.cov_disc" name="simple_D3_setup"/>
    <testcase time="0.00200000000000244" classname="ds.cov_disc" name="simple_D3_setup"/>
    <testcase time="0.000999999999997669" classname="ds.cov_disc" name="simple_D3_setup"/>
    <testcase time="0.00100000000000122" classname="ds.cov_disc" name="simple_D3_setup"/>
    <testcase time="0.00199999999999889" classname="ds.cov_disc" name="simple_D3_setup"/>
    <testcase time="0.00100000000000122" classname="ds.cov_disc" name="simple_D3_setup"/>
    <testcase time="0.00100000000000122" classname="ds.cov_disc" name="simple_D3_setup"/>
    <testcase time="0.00199999999999889" classname="ds.cov_disc" name="simple_D3_setup"/>
    <testcase time="0.00100000000000122" classname="ds.cov_disc" name="simple_D3_setup"/>
    <testcase time="0.000999999999997669" classname="ds.cov_disc" name="simple_D3_setup"/>
    <testcase time="0.00200000000000244" classname="ds.cov_disc" name="simple_D3_setup"/>
    <testcase time="0.000999999999997669" classname="ds.cov_disc" name="simple_D3_setup"/>
    <testcase time="0.151" classname="ds.cov_disc" name="simple_disc_test_naAction_casewise.complete_type_split_"/>
    <testcase time="0.00100000000000122" classname="ds.cov_disc" name="simple_disc_test_naAction_casewise.complete_type_split_"/>
    <testcase time="0.00199999999999889" classname="ds.cov_disc" name="simple_disc_test_naAction_casewise.complete_type_split_"/>
    <testcase time="0.00300000000000011" classname="ds.cov_disc" name="simple_disc_test_naAction_casewise.complete_type_split_"/>
    <testcase time="0.00100000000000122" classname="ds.cov_disc" name="simple_disc_test_naAction_casewise.complete_type_split_"/>
    <testcase time="0.00100000000000122" classname="ds.cov_disc" name="simple_disc_test_naAction_casewise.complete_type_split_"/>
    <testcase time="0.00199999999999889" classname="ds.cov_disc" name="simple_disc_test_naAction_casewise.complete_type_split_"/>
    <testcase time="0.00100000000000122" classname="ds.cov_disc" name="simple_disc_test_naAction_casewise.complete_type_split_"/>
    <testcase time="0.00199999999999889" classname="ds.cov_disc" name="simple_disc_test_naAction_casewise.complete_type_split_"/>
    <testcase time="0.00199999999999889" classname="ds.cov_disc" name="simple_disc_test_naAction_casewise.complete_type_split_"/>
    <testcase time="0.00400000000000134" classname="ds.cov_disc" name="simple_disc_test_naAction_pairwise.complete_type_split_">
      <skipped message="Reason: empty test ('test-disc-ds.cov.R:64:1')"/>
    </testcase>
    <testcase time="0.163999999999998" classname="ds.cov_disc" name="simple_disc_test_naAction_casewise.complete_type_combine_"/>
    <testcase time="0.00100000000000122" classname="ds.cov_disc" name="simple_disc_test_naAction_casewise.complete_type_combine_"/>
    <testcase time="0.00199999999999889" classname="ds.cov_disc" name="simple_disc_test_naAction_casewise.complete_type_combine_"/>
    <testcase time="0.00300000000000011" classname="ds.cov_disc" name="simple_disc_test_naAction_casewise.complete_type_combine_"/>
    <testcase time="0.00100000000000122" classname="ds.cov_disc" name="simple_disc_test_naAction_casewise.complete_type_combine_"/>
    <testcase time="0.00199999999999889" classname="ds.cov_disc" name="simple_disc_test_naAction_casewise.complete_type_combine_"/>
    <testcase time="0.00100000000000122" classname="ds.cov_disc" name="simple_disc_test_naAction_casewise.complete_type_combine_"/>
    <testcase time="0.00300000000000011" classname="ds.cov_disc" name="simple_disc_test_naAction_casewise.complete_type_combine_"/>
    <testcase time="0.00300000000000011" classname="ds.cov_disc" name="simple_disc_test_naAction_pairwise.complete_type_combine_">
      <skipped message="Reason: empty test ('test-disc-ds.cov.R:92:1')"/>
    </testcase>
  </testsuite>
  <testsuite name="ds.cov::disc::shutdown" timestamp="2026-02-21T16:24:31Z" hostname="runnervmwffz4" tests="3" skipped="0" failures="0" errors="0" time="0.075">
    <testcase time="0.0719999999999992" classname="ds.cov_disc_shutdown" name="shutdown"/>
    <testcase time="0.00199999999999889" classname="ds.cov_disc_shutdown" name="shutdown"/>
    <testcase time="0.00100000000000122" classname="ds.cov_disc_shutdown" name="shutdown"/>
  </testsuite>
  <testsuite name="ds.cov::disc::done" timestamp="2026-02-21T16:24:31Z" hostname="runnervmwffz4" tests="0" skipped="0" failures="0" errors="0" time="0"/>
  <testsuite name="disc-ds.levels" timestamp="2026-02-21T16:24:31Z" hostname="runnervmwffz4" tests="0" skipped="0" failures="0" errors="0" time="0"/>
  <testsuite name="ds.levels::disc::setup" timestamp="2026-02-21T16:24:31Z" hostname="runnervmwffz4" tests="3" skipped="0" failures="0" errors="0" time="7.639">
    <testcase time="7.636" classname="ds.levels_disc_setup" name="setup"/>
    <testcase time="0.000999999999997669" classname="ds.levels_disc_setup" name="setup"/>
    <testcase time="0.00200000000000244" classname="ds.levels_disc_setup" name="setup"/>
  </testsuite>
  <testsuite name="ds.levels::disc" timestamp="2026-02-21T16:24:39Z" hostname="runnervmwffz4" tests="1" skipped="1" failures="0" errors="0" time="0.004">
    <testcase time="0.00399999999999778" classname="ds.levels_disc" name="simple_levels">
      <skipped message="Reason: empty test ('test-disc-ds.levels.R:27:1')"/>
    </testcase>
  </testsuite>
  <testsuite name="ds.levels::disc::shutdown" timestamp="2026-02-21T16:24:39Z" hostname="runnervmwffz4" tests="3" skipped="0" failures="0" errors="0" time="0.082">
    <testcase time="0.0799999999999983" classname="ds.levels_disc_shutdown" name="shutdown"/>
    <testcase time="0.00100000000000477" classname="ds.levels_disc_shutdown" name="shutdown"/>
    <testcase time="0.000999999999997669" classname="ds.levels_disc_shutdown" name="shutdown"/>
  </testsuite>
  <testsuite name="ds.levels::disc::done" timestamp="2026-02-21T16:24:39Z" hostname="runnervmwffz4" tests="0" skipped="0" failures="0" errors="0" time="0"/>
  <testsuite name="disc-ds.mean" timestamp="2026-02-21T16:24:39Z" hostname="runnervmwffz4" tests="0" skipped="0" failures="0" errors="0" time="0"/>
  <testsuite name="ds.mean::disc::type=both" timestamp="2026-02-21T16:24:46Z" hostname="runnervmwffz4" tests="1" skipped="1" failures="0" errors="0" time="7.486">
    <testcase time="7.486" classname="ds.mean_disc_type_both" name="mean_values_both_">
      <skipped message="Reason: empty test ('test-disc-ds.mean.R:22:1')"/>
    </testcase>
  </testsuite>
  <testsuite name="disc-ds.meanByClass" timestamp="2026-02-21T16:24:47Z" hostname="runnervmwffz4" tests="0" skipped="0" failures="0" errors="0" time="0"/>
  <testsuite name="ds.meanByClass::disc::setup" timestamp="2026-02-21T16:24:47Z" hostname="runnervmwffz4" tests="0" skipped="0" failures="0" errors="0" time="0"/>
  <testsuite name="ds.meanByClass::disc::test errors" timestamp="2026-02-21T16:24:54Z" hostname="runnervmwffz4" tests="1" skipped="1" failures="0" errors="0" time="7.487">
    <testcase time="7.487" classname="ds.meanByClass_disc_test_errors" name="meanByClass_erros">
      <skipped message="Reason: empty test ('test-disc-ds.meanByClass.R:24:1')"/>
    </testcase>
  </testsuite>
  <testsuite name="ds.meanByClass::disc::teardown" timestamp="2026-02-21T16:24:54Z" hostname="runnervmwffz4" tests="0" skipped="0" failures="0" errors="0" time="0"/>
  <testsuite name="ds.meanByClass::disc::done" timestamp="2026-02-21T16:24:54Z" hostname="runnervmwffz4" tests="0" skipped="0" failures="0" errors="0" time="0"/>
  <testsuite name="disc-ds.sample" timestamp="2026-02-21T16:24:54Z" hostname="runnervmwffz4" tests="0" skipped="0" failures="0" errors="0" time="0"/>
  <testsuite name="ds.sample::disc::setup" timestamp="2026-02-21T16:24:54Z" hostname="runnervmwffz4" tests="0" skipped="0" failures="0" errors="0" time="0"/>
  <testsuite name="ds.sample::disc::test disclosure" timestamp="2026-02-21T16:25:01Z" hostname="runnervmwffz4" tests="22" skipped="0" failures="0" errors="0" time="8.404">
    <testcase time="7.585" classname="ds.sample_disc_test_disclosure" name="cov_erros"/>
    <testcase time="0.000999999999997669" classname="ds.sample_disc_test_disclosure" name="cov_erros"/>
    <testcase time="0.00200000000000244" classname="ds.sample_disc_test_disclosure" name="cov_erros"/>
    <testcase time="0.000999999999997669" classname="ds.sample_disc_test_disclosure" name="cov_erros"/>
    <testcase time="0.00200000000000244" classname="ds.sample_disc_test_disclosure" name="cov_erros"/>
    <testcase time="0.140999999999998" classname="ds.sample_disc_test_disclosure" name="cov_erros"/>
    <testcase time="0.00200000000000244" classname="ds.sample_disc_test_disclosure" name="cov_erros"/>
    <testcase time="0.000999999999997669" classname="ds.sample_disc_test_disclosure" name="cov_erros"/>
    <testcase time="0.00200000000000244" classname="ds.sample_disc_test_disclosure" name="cov_erros"/>
    <testcase time="0.000999999999997669" classname="ds.sample_disc_test_disclosure" name="cov_erros"/>
    <testcase time="0.143000000000001" classname="ds.sample_disc_test_disclosure" name="cov_erros"/>
    <testcase time="0.00200000000000244" classname="ds.sample_disc_test_disclosure" name="cov_erros"/>
    <testcase time="0.000999999999997669" classname="ds.sample_disc_test_disclosure" name="cov_erros"/>
    <testcase time="0.00200000000000244" classname="ds.sample_disc_test_disclosure" name="cov_erros"/>
    <testcase time="0.000999999999997669" classname="ds.sample_disc_test_disclosure" name="cov_erros"/>
    <testcase time="0.228999999999999" classname="ds.sample_disc_test_disclosure" name="cov_erros"/>
    <testcase time="0.000999999999997669" classname="ds.sample_disc_test_disclosure" name="cov_erros"/>
    <testcase time="0.00200000000000244" classname="ds.sample_disc_test_disclosure" name="cov_erros"/>
    <testcase time="0.280999999999999" classname="ds.sample_disc_test_disclosure" name="cov_erros"/>
    <testcase time="0.00100000000000477" classname="ds.sample_disc_test_disclosure" name="cov_erros"/>
    <testcase time="0.00199999999999534" classname="ds.sample_disc_test_disclosure" name="cov_erros"/>
    <testcase time="0.00100000000000477" classname="ds.sample_disc_test_disclosure" name="cov_erros"/>
  </testsuite>
  <testsuite name="ds.sample::disc::shutdown" timestamp="2026-02-21T16:25:02Z" hostname="runnervmwffz4" tests="0" skipped="0" failures="0" errors="0" time="0"/>
  <testsuite name="ds.sample::disc::done" timestamp="2026-02-21T16:25:03Z" hostname="runnervmwffz4" tests="0" skipped="0" failures="0" errors="0" time="0"/>
  <testsuite name="disc-ds.table" timestamp="2026-02-21T16:25:03Z" hostname="runnervmwffz4" tests="0" skipped="0" failures="0" errors="0" time="0"/>
  <testsuite name="ds.table::disc::setup::phase 1" timestamp="2026-02-21T16:25:03Z" hostname="runnervmwffz4" tests="3" skipped="0" failures="0" errors="0" time="7.866">
    <testcase time="7.86199999999999" classname="ds.table_disc_setup_phase_1" name="setup"/>
    <testcase time="0.00200000000000955" classname="ds.table_disc_setup_phase_1" name="setup"/>
    <testcase time="0.00199999999999534" classname="ds.table_disc_setup_phase_1" name="setup"/>
  </testsuite>
  <testsuite name="ds.table::disc::tests::phase 1::table.assign=FALSE" timestamp="2026-02-21T16:25:10Z" hostname="runnervmwffz4" tests="7" skipped="0" failures="0" errors="0" time="0.936">
    <testcase time="0.927999999999997" classname="ds.table_disc_tests_phase_1_table.assign_FALSE" name="table_disclosure_table.assign_FALSE"/>
    <testcase time="0.00100000000000477" classname="ds.table_disc_tests_phase_1_table.assign_FALSE" name="table_disclosure_table.assign_FALSE"/>
    <testcase time="0.00199999999999534" classname="ds.table_disc_tests_phase_1_table.assign_FALSE" name="table_disclosure_table.assign_FALSE"/>
    <testcase time="0.00100000000000477" classname="ds.table_disc_tests_phase_1_table.assign_FALSE" name="table_disclosure_table.assign_FALSE"/>
    <testcase time="0.000999999999990564" classname="ds.table_disc_tests_phase_1_table.assign_FALSE" name="table_disclosure_table.assign_FALSE"/>
    <testcase time="0.00200000000000955" classname="ds.table_disc_tests_phase_1_table.assign_FALSE" name="table_disclosure_table.assign_FALSE"/>
    <testcase time="0.000999999999990564" classname="ds.table_disc_tests_phase_1_table.assign_FALSE" name="table_disclosure_table.assign_FALSE"/>
  </testsuite>
  <testsuite name="ds.table::disc::tests::phase 1::table.assign=TRUE" timestamp="2026-02-21T16:25:11Z" hostname="runnervmwffz4" tests="1" skipped="0" failures="0" errors="0" time="0.952">
    <testcase time="0.951999999999998" classname="ds.table_disc_tests_phase_1_table.assign_TRUE" name="table_disclosure_table.assign_TRUE"/>
  </testsuite>
  <testsuite name="ds.table::disc::test rvar is big numeric" timestamp="2026-02-21T16:25:12Z" hostname="runnervmwffz4" tests="5" skipped="0" failures="0" errors="0" time="0.161">
    <testcase time="0.155000000000001" classname="ds.table_disc_test_rvar_is_big_numeric" name="table_rvar_is_big_numeric"/>
    <testcase time="0.00200000000000955" classname="ds.table_disc_test_rvar_is_big_numeric" name="table_rvar_is_big_numeric"/>
    <testcase time="0.000999999999990564" classname="ds.table_disc_test_rvar_is_big_numeric" name="table_rvar_is_big_numeric"/>
    <testcase time="0.00200000000000955" classname="ds.table_disc_test_rvar_is_big_numeric" name="table_rvar_is_big_numeric"/>
    <testcase time="0.000999999999990564" classname="ds.table_disc_test_rvar_is_big_numeric" name="table_rvar_is_big_numeric"/>
  </testsuite>
  <testsuite name="ds.table::disc::shutdown::phase 1" timestamp="2026-02-21T16:25:12Z" hostname="runnervmwffz4" tests="3" skipped="0" failures="0" errors="0" time="0.058">
    <testcase time="0.0550000000000068" classname="ds.table_disc_shutdown_phase_1" name="setup"/>
    <testcase time="0.00100000000000477" classname="ds.table_disc_shutdown_phase_1" name="setup"/>
    <testcase time="0.00199999999999534" classname="ds.table_disc_shutdown_phase_1" name="setup"/>
  </testsuite>
  <testsuite name="ds.table::disc::setup::phase 2" timestamp="2026-02-21T16:25:13Z" hostname="runnervmwffz4" tests="3" skipped="0" failures="0" errors="0" time="7.583">
    <testcase time="7.57899999999999" classname="ds.table_disc_setup_phase_2" name="setup"/>
    <testcase time="0.00200000000000955" classname="ds.table_disc_setup_phase_2" name="setup"/>
    <testcase time="0.00199999999999534" classname="ds.table_disc_setup_phase_2" name="setup"/>
  </testsuite>
  <testsuite name="ds.table::disc::tests::phase 2::table.assign=FALSE" timestamp="2026-02-21T16:25:20Z" hostname="runnervmwffz4" tests="7" skipped="0" failures="0" errors="0" time="0.257">
    <testcase time="0.248999999999995" classname="ds.table_disc_tests_phase_2_table.assign_FALSE" name="table_disclosure_table.assign_FALSE"/>
    <testcase time="0.00100000000000477" classname="ds.table_disc_tests_phase_2_table.assign_FALSE" name="table_disclosure_table.assign_FALSE"/>
    <testcase time="0.00199999999999534" classname="ds.table_disc_tests_phase_2_table.assign_FALSE" name="table_disclosure_table.assign_FALSE"/>
    <testcase time="0.00100000000000477" classname="ds.table_disc_tests_phase_2_table.assign_FALSE" name="table_disclosure_table.assign_FALSE"/>
    <testcase time="0.00199999999999534" classname="ds.table_disc_tests_phase_2_table.assign_FALSE" name="table_disclosure_table.assign_FALSE"/>
    <testcase time="0.00100000000000477" classname="ds.table_disc_tests_phase_2_table.assign_FALSE" name="table_disclosure_table.assign_FALSE"/>
    <testcase time="0.00100000000000477" classname="ds.table_disc_tests_phase_2_table.assign_FALSE" name="table_disclosure_table.assign_FALSE"/>
  </testsuite>
  <testsuite name="ds.table::disc::tests::phase 2::table.assign=TRUE" timestamp="2026-02-21T16:25:20Z" hostname="runnervmwffz4" tests="1" skipped="0" failures="0" errors="0" time="0.327">
    <testcase time="0.326999999999998" classname="ds.table_disc_tests_phase_2_table.assign_TRUE" name="table_disclosure_table.assign_TRUE"/>
  </testsuite>
  <testsuite name="ds.table::disc::shutdown::phase 2" timestamp="2026-02-21T16:25:20Z" hostname="runnervmwffz4" tests="3" skipped="0" failures="0" errors="0" time="0.053">
    <testcase time="0.0499999999999972" classname="ds.table_disc_shutdown_phase_2" name="setup"/>
    <testcase time="0.00199999999999534" classname="ds.table_disc_shutdown_phase_2" name="setup"/>
    <testcase time="0.00100000000000477" classname="ds.table_disc_shutdown_phase_2" name="setup"/>
  </testsuite>
  <testsuite name="ds.table::disc::done" timestamp="2026-02-21T16:25:21Z" hostname="runnervmwffz4" tests="0" skipped="0" failures="0" errors="0" time="0"/>
  <testsuite name="disc-ds.var" timestamp="2026-02-21T16:25:21Z" hostname="runnervmwffz4" tests="0" skipped="0" failures="0" errors="0" time="0"/>
  <testsuite name="ds.var::disc::type=both" timestamp="2026-02-21T16:25:28Z" hostname="runnervmwffz4" tests="1" skipped="1" failures="0" errors="0" time="7.618">
    <testcase time="7.61799999999999" classname="ds.var_disc_type_both" name="var_values_both_">
      <skipped message="Reason: empty test ('test-disc-ds.var.R:22:1')"/>
    </testcase>
  </testsuite>
</testsuites>
